2025-08-04 12:09:23 [INFO]: Deleted old log file: 25072025-api.log
2025-08-04 12:09:23 [INFO]: Deleted old log file: 28072025-api.log
2025-08-04 12:09:40 [INFO]: [User:  | ID: ] GET /show-users - ::1
2025-08-04 12:09:40 [INFO]: [User:  | ID: ] GET /show-ticket - ::1
2025-08-04 12:31:35 [INFO]: [User:  | ID: ] GET /show-product - ::1
2025-08-04 12:31:35 [INFO]: [User:  | ID: ] GET /show-product - ::1
2025-08-04 12:35:04 [INFO]: [User:  | ID: ] GET /show-users - ::1
2025-08-04 12:35:04 [INFO]: [User:  | ID: ] GET /show-users - ::1
2025-08-04 12:35:04 [INFO]: [User:  | ID: ] GET /show-ticket - ::1
2025-08-04 12:35:04 [INFO]: [User:  | ID: ] GET /show-ticket - ::1
2025-08-04 12:35:06 [INFO]: [User:  | ID: ] GET /show-users - ::1
2025-08-04 12:35:08 [INFO]: [User:  | ID: ] GET /show-product - ::1
2025-08-04 12:35:08 [INFO]: [User:  | ID: ] GET /show-product - ::1
2025-08-04 12:35:11 [INFO]: [User:  | ID: ] GET /cart-details/213 - ::1
2025-08-04 12:35:11 [INFO]: [User:  | ID: ] GET /cart-details/213 - ::1
2025-08-04 12:35:13 [INFO]: [User:  | ID: ] GET /cart-details/213 - ::1
2025-08-04 12:35:13 [INFO]: [User:  | ID: ] GET /cart-details/213 - ::1
2025-08-04 12:35:17 [INFO]: [User:  | ID: ] GET /show-ticket - ::1
2025-08-04 12:35:17 [INFO]: [User:  | ID: ] GET /show-ticket - ::1
2025-08-04 12:36:05 [INFO]: [User:  | ID: ] POST /create-ticket - ::1
2025-08-04 12:36:05 [INFO]: [User:  | ID: ] GET /show-ticket - ::1
2025-08-04 12:36:13 [INFO]: [User:  | ID: ] POST /update-ticket - ::1
2025-08-04 12:36:13 [INFO]: [User:  | ID: ] GET /show-ticket - ::1
2025-08-04 12:36:35 [INFO]: [User:  | ID: ] GET /cart-details/213 - ::1
2025-08-04 12:36:35 [INFO]: [User:  | ID: ] GET /cart-details/213 - ::1
2025-08-04 12:36:41 [INFO]: [User:  | ID: ] GET /show-product - ::1
2025-08-04 12:36:41 [INFO]: [User:  | ID: ] GET /show-product - ::1
2025-08-04 12:36:44 [INFO]: [User:  | ID: ] GET /show-users - ::1
2025-08-04 12:36:48 [INFO]: [User:  | ID: ] POST /login - ::1
2025-08-04 12:36:50 [INFO]: [User:  | ID: ] POST /login - ::1
2025-08-04 12:36:51 [INFO]: [User:  | ID: ] POST /login - ::1
2025-08-04 12:36:58 [INFO]: [User:  | ID: ] POST /login - ::1
2025-08-04 12:37:01 [INFO]: [User:  | ID: ] POST /login - ::1
2025-08-04 12:37:09 [INFO]: [User:  | ID: ] POST /login - ::1
2025-08-04 12:37:12 [INFO]: [User:  | ID: ] POST /login - ::1
2025-08-04 12:37:35 [INFO]: [User:  | ID: ] POST /login - ::1
2025-08-04 12:37:36 [INFO]: [User:  | ID: ] POST /login - ::1
2025-08-04 12:37:37 [INFO]: [User:  | ID: ] GET /show-users - ::1
2025-08-04 12:37:47 [INFO]: [User:  | ID: ] POST /login - ::1
2025-08-04 12:37:52 [INFO]: [User:  | ID: ] POST /login - ::1
2025-08-04 12:39:31 [INFO]: [User:  | ID: ] POST /login - ::1
2025-08-04 12:39:34 [INFO]: [User:  | ID: ] POST /login - ::1
2025-08-04 12:39:51 [INFO]: [User:  | ID: ] POST /login - ::ffff:127.0.0.1
2025-08-04 12:40:40 [INFO]: [User:  | ID: ] POST /login - ::1
2025-08-04 12:41:19 [INFO]: [User:  | ID: ] POST /login - ::1
2025-08-04 12:42:15 [INFO]: [User:  | ID: ] POST /login - ::1
2025-08-04 12:50:00 [INFO]: [User:  | ID: ] POST /login - ::1
2025-08-04 12:50:11 [INFO]: [User:  | ID: ] POST /login - ::1
2025-08-04 12:50:32 [INFO]: [User:  | ID: ] POST /login - ::1
2025-08-04 12:50:35 [INFO]: [User:  | ID: ] POST /login - ::1
2025-08-04 12:50:35 [INFO]: [User:  | ID: ] GET /show-users - ::1
2025-08-04 12:50:35 [INFO]: [User:  | ID: ] GET /show-users - ::1
2025-08-04 12:50:35 [INFO]: [User:  | ID: ] GET /show-ticket - ::1
2025-08-04 12:50:35 [INFO]: [User:  | ID: ] GET /show-ticket - ::1
2025-08-04 12:53:17 [INFO]: [User:  | ID: ] GET /show-ticket - ::1
2025-08-04 12:53:17 [INFO]: [User:  | ID: ] GET /show-ticket - ::1
2025-08-04 12:54:01 [INFO]: [User:  | ID: ] GET /show-ticket - ::1
2025-08-04 14:31:18 [INFO]: [User:  | ID: ] POST /login - ::1
2025-08-04 14:31:18 [INFO]: [User:  | ID: ] GET /show-users - ::1
2025-08-04 14:31:18 [INFO]: [User:  | ID: ] GET /show-users - ::1
2025-08-04 14:31:18 [INFO]: [User:  | ID: ] GET /show-ticket - ::1
2025-08-04 14:31:18 [INFO]: [User:  | ID: ] GET /show-ticket - ::1
2025-08-04 14:33:36 [INFO]: [User:  | ID: ] POST /login - ::1
2025-08-04 14:33:37 [INFO]: [User:  | ID: ] GET /show-users - ::1
2025-08-04 14:33:37 [INFO]: [User:  | ID: ] GET /show-users - ::1
2025-08-04 14:33:37 [INFO]: [User:  | ID: ] GET /show-ticket - ::1
2025-08-04 14:33:37 [INFO]: [User:  | ID: ] GET /show-ticket - ::1
2025-08-04 14:36:01 [INFO]: [User:  | ID: ] GET /show-users - ::1
2025-08-04 14:36:02 [INFO]: [User:  | ID: ] GET /show-users - ::1
2025-08-04 14:36:02 [INFO]: [User:  | ID: ] GET /show-ticket - ::1
2025-08-04 14:36:02 [INFO]: [User:  | ID: ] GET /show-ticket - ::1
2025-08-04 14:36:16 [INFO]: [User:  | ID: ] POST /login - ::1
2025-08-04 14:36:16 [INFO]: [User:  | ID: ] GET /show-users - ::1
2025-08-04 14:36:16 [INFO]: [User:  | ID: ] GET /show-users - ::1
2025-08-04 14:36:16 [INFO]: [User:  | ID: ] GET /show-ticket - ::1
2025-08-04 14:36:16 [INFO]: [User:  | ID: ] GET /show-ticket - ::1
2025-08-04 14:36:34 [INFO]: [User:  | ID: ] GET /show-ticket - ::1
2025-08-04 14:36:34 [INFO]: [User:  | ID: ] GET /show-ticket - ::1
2025-08-04 14:36:50 [INFO]: [User:  | ID: ] POST /update-ticket - ::1
2025-08-04 14:36:50 [INFO]: [User:  | ID: ] GET /show-ticket - ::1
2025-08-04 14:36:58 [INFO]: [User:  | ID: ] POST /update-ticket - ::1
2025-08-04 14:36:58 [INFO]: [User:  | ID: ] GET /show-ticket - ::1
2025-08-04 14:37:57 [INFO]: [User:  | ID: ] GET /cart-details/213 - ::1
2025-08-04 14:37:57 [INFO]: [User:  | ID: ] GET /cart-details/213 - ::1
2025-08-04 14:38:07 [INFO]: [User:  | ID: ] POST /update-cart/ - ::1
2025-08-04 14:38:09 [INFO]: [User:  | ID: ] GET /cart-details/213 - ::1
2025-08-04 14:38:31 [INFO]: [User:  | ID: ] GET /show-ticket - ::1
2025-08-04 14:38:31 [INFO]: [User:  | ID: ] GET /show-ticket - ::1
2025-08-04 14:40:11 [INFO]: [User:  | ID: ] POST /create-ticket - ::1
2025-08-04 14:40:11 [INFO]: [User:  | ID: ] GET /show-ticket - ::1
2025-08-04 14:41:12 [INFO]: [User:  | ID: ] GET /show-users - ::1
2025-08-04 14:41:12 [INFO]: [User:  | ID: ] GET /show-users - ::1
2025-08-04 14:41:12 [INFO]: [User:  | ID: ] GET /show-ticket - ::1
2025-08-04 14:41:12 [INFO]: [User:  | ID: ] GET /show-ticket - ::1
2025-08-04 14:41:44 [INFO]: [User:  | ID: ] GET /show-ticket - ::1
2025-08-04 14:41:44 [INFO]: [User:  | ID: ] GET /show-ticket - ::1
2025-08-04 14:41:53 [INFO]: [User:  | ID: ] POST /update-ticket - ::1
2025-08-04 14:41:53 [INFO]: [User:  | ID: ] GET /show-ticket - ::1
2025-08-04 17:09:51 [INFO]: [User:  | ID: ] GET /cart-details/213 - ::1
2025-08-04 17:09:51 [INFO]: [User:  | ID: ] GET /cart-details/213 - ::1
2025-08-04 17:09:53 [INFO]: [User:  | ID: ] GET /show-ticket - ::1
2025-08-04 17:09:53 [INFO]: [User:  | ID: ] GET /show-ticket - ::1
2025-08-04 17:09:54 [INFO]: [User:  | ID: ] GET /cart-details/213 - ::1
2025-08-04 17:09:54 [INFO]: [User:  | ID: ] GET /cart-details/213 - ::1
2025-08-04 17:09:55 [INFO]: [User:  | ID: ] GET /show-ticket - ::1
2025-08-04 17:09:55 [INFO]: [User:  | ID: ] GET /show-ticket - ::1
2025-08-04 17:10:36 [INFO]: [User:  | ID: ] POST /create-ticket - ::1
2025-08-04 17:10:36 [INFO]: [User:  | ID: ] GET /show-ticket - ::1
2025-08-04 17:10:55 [INFO]: [User:  | ID: ] POST /create-ticket - ::1
2025-08-04 17:10:55 [INFO]: [User:  | ID: ] GET /show-ticket - ::1
2025-08-04 17:13:29 [INFO]: [User:  | ID: ] GET /cart-details/213 - ::1
2025-08-04 17:13:29 [INFO]: [User:  | ID: ] GET /cart-details/213 - ::1
2025-08-04 17:13:39 [INFO]: [User:  | ID: ] POST /update-cart/ - ::1
2025-08-04 17:13:47 [INFO]: [User:  | ID: ] GET /cart-details/213 - ::1
2025-08-04 17:16:14 [INFO]: [User:  | ID: ] GET /cart-details/213 - ::1
2025-08-04 17:16:14 [INFO]: [User:  | ID: ] GET /cart-details/213 - ::1
2025-08-04 17:19:18 [INFO]: [User:  | ID: ] GET /cart-details/213 - ::1
2025-08-04 17:19:18 [INFO]: [User:  | ID: ] GET /cart-details/213 - ::1
2025-08-04 17:19:20 [INFO]: [User:  | ID: ] POST /update-cart/ - ::1
2025-08-04 17:19:22 [INFO]: [User:  | ID: ] GET /cart-details/213 - ::1
2025-08-04 17:22:36 [INFO]: [User:  | ID: ] GET /cart-details/213 - ::1
2025-08-04 17:23:21 [INFO]: [User:  | ID: ] GET /cart-details/213 - ::1
2025-08-04 17:23:38 [INFO]: [User:  | ID: ] GET /cart-details/213 - ::1
2025-08-04 17:23:38 [INFO]: [User:  | ID: ] GET /cart-details/213 - ::1
2025-08-04 17:24:33 [INFO]: [User:  | ID: ] GET /cart-details/213 - ::1
2025-08-04 17:24:33 [INFO]: [User:  | ID: ] GET /cart-details/213 - ::1
2025-08-04 17:25:09 [INFO]: [User:  | ID: ] GET /cart-details/213 - ::1
2025-08-04 17:25:09 [INFO]: [User:  | ID: ] GET /cart-details/213 - ::1
2025-08-04 17:25:31 [INFO]: [User:  | ID: ] GET /cart-details/213 - ::1
2025-08-04 17:25:31 [INFO]: [User:  | ID: ] GET /cart-details/213 - ::1
2025-08-04 17:30:12 [INFO]: [User:  | ID: ] GET /cart-details/213 - ::1
2025-08-04 17:30:12 [INFO]: [User:  | ID: ] GET /cart-details/213 - ::1
2025-08-04 17:32:27 [INFO]: [User:  | ID: ] GET /cart-details/213 - ::1
2025-08-04 17:34:26 [INFO]: [User:  | ID: ] GET /cart-details/213 - ::1
2025-08-04 17:45:59 [INFO]: [User:  | ID: ] GET /cart-details/213 - ::1
2025-08-04 17:45:59 [INFO]: [User:  | ID: ] GET /cart-details/213 - ::1
2025-08-04 17:46:27 [INFO]: [User:  | ID: ] GET /show-users - ::1
2025-08-04 17:46:30 [INFO]: [User:  | ID: ] GET /cart-details/213 - ::1
2025-08-04 17:46:30 [INFO]: [User:  | ID: ] GET /cart-details/213 - ::1
2025-08-04 17:46:32 [INFO]: [User:  | ID: ] GET /show-ticket - ::1
2025-08-04 17:46:32 [INFO]: [User:  | ID: ] GET /show-ticket - ::1
2025-08-04 17:46:40 [INFO]: [User:  | ID: ] POST /update-ticket - ::1
2025-08-04 17:46:40 [INFO]: [User:  | ID: ] GET /show-ticket - ::1
2025-08-04 17:46:50 [INFO]: [User:  | ID: ] POST /update-ticket - ::1
2025-08-04 17:46:50 [INFO]: [User:  | ID: ] GET /show-ticket - ::1
2025-08-04 17:46:56 [INFO]: [User:  | ID: ] POST /update-ticket - ::1
2025-08-04 17:46:56 [INFO]: [User:  | ID: ] GET /show-ticket - ::1
2025-08-04 17:47:01 [INFO]: [User:  | ID: ] POST /update-ticket - ::1
2025-08-04 17:47:01 [INFO]: [User:  | ID: ] GET /show-ticket - ::1
2025-08-04 17:47:10 [INFO]: [User:  | ID: ] POST /update-ticket - ::1
2025-08-04 17:47:10 [INFO]: [User:  | ID: ] GET /show-ticket - ::1
2025-08-04 17:48:20 [INFO]: [User:  | ID: ] POST /create-ticket - ::1
2025-08-04 17:48:20 [INFO]: [User:  | ID: ] GET /show-ticket - ::1
2025-08-04 17:48:37 [INFO]: [User:  | ID: ] POST /create-ticket - ::1
2025-08-04 17:48:37 [INFO]: [User:  | ID: ] GET /show-ticket - ::1
2025-08-04 18:02:19 [INFO]: [User:  | ID: ] GET /cart-details/213 - ::1
2025-08-04 18:02:19 [INFO]: [User:  | ID: ] GET /cart-details/213 - ::1
2025-08-04 18:08:27 [INFO]: [User:  | ID: ] GET / - ::1
2025-08-04 18:08:27 [INFO]: [User:  | ID: ] GET /favicon.ico - ::1
2025-08-04 18:08:32 [INFO]: [User:  | ID: ] GET /invoice_items - ::1
2025-08-04 18:08:47 [INFO]: [User:  | ID: ] GET /invoice_items-table - ::1
2025-08-04 18:08:55 [INFO]: [User:  | ID: ] GET /show-invoice_items - ::1
2025-08-04 18:08:58 [INFO]: [User:  | ID: ] GET /show-invoice - ::1
