2025-08-05 10:52:39 [INFO]: [User:  | ID: ] GET /show-ticket - ::1
2025-08-05 10:52:39 [INFO]: [User:  | ID: ] GET /show-ticket - ::1
2025-08-05 10:53:18 [INFO]: [User:  | ID: ] POST /create-ticket - ::1
2025-08-05 10:53:18 [INFO]: [User:  | ID: ] GET /show-ticket - ::1
2025-08-05 10:53:55 [INFO]: [User:  | ID: ] POST /create-ticket - ::1
2025-08-05 10:53:55 [INFO]: [User:  | ID: ] GET /show-ticket - ::1
2025-08-05 10:55:11 [INFO]: [User:  | ID: ] GET /show-ticket - ::1
2025-08-05 10:55:11 [INFO]: [User:  | ID: ] GET /show-ticket - ::1
2025-08-05 10:55:38 [INFO]: [User:  | ID: ] GET /show-product - ::1
2025-08-05 10:55:38 [INFO]: [User:  | ID: ] GET /show-product - ::1
2025-08-05 10:55:42 [INFO]: [User:  | ID: ] GET /show-ticket - ::1
2025-08-05 10:55:42 [INFO]: [User:  | ID: ] GET /show-ticket - ::1
2025-08-05 10:55:56 [INFO]: [User:  | ID: ] POST /login - ::1
2025-08-05 10:55:58 [INFO]: [User:  | ID: ] POST /login - ::1
2025-08-05 10:56:28 [INFO]: [User:  | ID: ] POST /login - ::1
2025-08-05 10:56:29 [INFO]: [User:  | ID: ] POST /login - ::1
2025-08-05 10:56:32 [INFO]: [User:  | ID: ] GET /show-users - ::1
2025-08-05 10:56:32 [INFO]: [User:  | ID: ] GET /show-users - ::1
2025-08-05 10:56:32 [INFO]: [User:  | ID: ] GET /show-ticket - ::1
2025-08-05 10:56:32 [INFO]: [User:  | ID: ] GET /show-ticket - ::1
2025-08-05 10:56:51 [INFO]: [User:  | ID: ] GET /cart-details/213 - ::1
2025-08-05 10:56:51 [INFO]: [User:  | ID: ] GET /cart-details/213 - ::1
2025-08-05 10:56:52 [INFO]: [User:  | ID: ] GET /cart-details/213 - ::1
2025-08-05 10:56:52 [INFO]: [User:  | ID: ] GET /cart-details/213 - ::1
2025-08-05 10:58:03 [INFO]: [User:  | ID: ] GET /cart-details/213 - ::1
2025-08-05 10:58:07 [INFO]: [User:  | ID: ] GET /cart-details/213 - ::1
2025-08-05 10:58:46 [INFO]: [User:  | ID: ] GET /cart-details/213 - ::1
2025-08-05 11:00:33 [INFO]: [User:  | ID: ] GET /cart-details/213 - ::1
2025-08-05 11:02:28 [INFO]: [User:  | ID: ] GET /cart-details/213 - ::1
2025-08-05 11:03:19 [INFO]: [User:  | ID: ] GET /cart-details/213 - ::1
2025-08-05 11:04:25 [INFO]: [User:  | ID: ] POST /login - ::1
2025-08-05 11:04:28 [INFO]: [User:  | ID: ] GET /show-users - ::1
2025-08-05 11:04:28 [INFO]: [User:  | ID: ] GET /show-users - ::1
2025-08-05 11:04:28 [INFO]: [User:  | ID: ] GET /show-ticket - ::1
2025-08-05 11:04:28 [INFO]: [User:  | ID: ] GET /show-ticket - ::1
2025-08-05 11:04:39 [INFO]: [User:  | ID: ] GET /show-users - ::1
2025-08-05 11:04:39 [INFO]: [User:  | ID: ] GET /show-ticket - ::1
2025-08-05 11:05:28 [INFO]: [User:  | ID: ] GET /show-users - ::1
2025-08-05 11:05:29 [INFO]: [User:  | ID: ] GET /show-ticket - ::1
2025-08-05 11:05:41 [INFO]: [User:  | ID: ] POST /login - ::1
2025-08-05 11:05:42 [INFO]: [User:  | ID: ] GET /show-users - ::1
2025-08-05 11:05:42 [INFO]: [User:  | ID: ] GET /show-users - ::1
2025-08-05 11:05:42 [INFO]: [User:  | ID: ] GET /show-ticket - ::1
2025-08-05 11:05:42 [INFO]: [User:  | ID: ] GET /show-ticket - ::1
2025-08-05 11:05:49 [INFO]: [User:  | ID: ] GET /show-users - ::1
2025-08-05 11:05:53 [INFO]: [User:  | ID: ] GET /show-users - ::1
2025-08-05 11:05:53 [INFO]: [User:  | ID: ] GET /show-users - ::1
2025-08-05 11:05:54 [INFO]: [User:  | ID: ] GET /show-ticket - ::1
2025-08-05 11:05:54 [INFO]: [User:  | ID: ] GET /show-ticket - ::1
2025-08-05 11:05:58 [INFO]: [User:  | ID: ] GET /show-users - ::1
2025-08-05 11:05:59 [INFO]: [User:  | ID: ] GET /show-ticket - ::1
2025-08-05 11:07:23 [INFO]: [User:  | ID: ] POST /login - ::1
2025-08-05 11:07:24 [INFO]: [User:  | ID: ] GET /show-users - ::1
2025-08-05 11:07:24 [INFO]: [User:  | ID: ] GET /show-users - ::1
2025-08-05 11:07:25 [INFO]: [User:  | ID: ] GET /show-ticket - ::1
2025-08-05 11:07:25 [INFO]: [User:  | ID: ] GET /show-ticket - ::1
2025-08-05 11:07:35 [INFO]: [User:  | ID: ] GET /show-users - ::1
2025-08-05 11:07:41 [INFO]: [User:  | ID: ] GET /show-ticket - ::1
2025-08-05 11:07:41 [INFO]: [User:  | ID: ] GET /show-ticket - ::1
2025-08-05 11:07:42 [INFO]: [User:  | ID: ] GET /cart-details/213 - ::1
2025-08-05 11:07:42 [INFO]: [User:  | ID: ] GET /cart-details/213 - ::1
2025-08-05 11:07:45 [INFO]: [User:  | ID: ] GET /cart-details/213 - ::1
2025-08-05 11:07:48 [INFO]: [User:  | ID: ] GET /show-users - ::1
2025-08-05 11:07:48 [INFO]: [User:  | ID: ] GET /show-users - ::1
2025-08-05 11:07:48 [INFO]: [User:  | ID: ] GET /show-ticket - ::1
2025-08-05 11:07:48 [INFO]: [User:  | ID: ] GET /show-ticket - ::1
2025-08-05 11:08:10 [INFO]: [User:  | ID: ] GET /show-users - ::1
2025-08-05 11:08:13 [INFO]: [User:  | ID: ] GET /show-ticket - ::1
2025-08-05 11:08:13 [INFO]: [User:  | ID: ] GET /show-ticket - ::1
2025-08-05 11:08:17 [INFO]: [User:  | ID: ] POST /login - ::1
2025-08-05 11:08:28 [INFO]: [User:  | ID: ] GET /show-users - ::1
2025-08-05 11:08:33 [INFO]: [User:  | ID: ] POST /update-user - ::1
2025-08-05 11:08:35 [INFO]: [User:  | ID: ] GET /show-users - ::1
2025-08-05 11:08:36 [INFO]: [User:  | ID: ] GET /show-ticket - ::1
2025-08-05 11:08:36 [INFO]: [User:  | ID: ] GET /show-ticket - ::1
2025-08-05 11:08:39 [INFO]: [User:  | ID: ] POST /login - ::1
2025-08-05 11:09:05 [INFO]: [User:  | ID: ] POST /login - ::1
2025-08-05 11:09:32 [INFO]: [User:  | ID: ] POST /login - ::ffff:127.0.0.1
2025-08-05 11:09:32 [INFO]: [User:  | ID: ] POST /login - ::ffff:127.0.0.1
2025-08-05 11:09:35 [INFO]: [User:  | ID: ] POST /login - ::ffff:127.0.0.1
2025-08-05 11:09:35 [INFO]: [User:  | ID: ] POST /login - ::ffff:127.0.0.1
2025-08-05 11:09:35 [INFO]: [User:  | ID: ] POST /login - ::ffff:127.0.0.1
2025-08-05 11:09:41 [INFO]: [User:  | ID: ] POST /login - ::ffff:127.0.0.1
2025-08-05 11:09:43 [INFO]: [User:  | ID: ] POST /login - ::ffff:127.0.0.1
2025-08-05 11:10:02 [INFO]: [User:  | ID: ] POST /login - ::1
2025-08-05 11:10:34 [INFO]: [User:  | ID: ] POST /login - ::1
2025-08-05 11:11:11 [INFO]: [User:  | ID: ] POST /login - ::1
2025-08-05 11:13:38 [INFO]: [User:  | ID: ] GET /show-users - ::1
2025-08-05 11:13:44 [INFO]: [User:  | ID: ] POST /update-user - ::1
2025-08-05 11:13:46 [INFO]: [User:  | ID: ] GET /show-users - ::1
2025-08-05 11:14:03 [INFO]: [User:  | ID: ] POST /login - ::1
2025-08-05 11:14:04 [INFO]: [User:  | ID: ] GET /show-users - ::1
2025-08-05 11:14:04 [INFO]: [User:  | ID: ] GET /show-users - ::1
2025-08-05 11:14:04 [INFO]: [User:  | ID: ] GET /show-ticket - ::1
2025-08-05 11:14:04 [INFO]: [User:  | ID: ] GET /show-ticket - ::1
2025-08-05 11:14:11 [INFO]: [User:  | ID: ] GET /show-users - ::1
2025-08-05 11:14:11 [INFO]: [User:  | ID: ] GET /show-ticket - ::1
2025-08-05 11:14:42 [INFO]: [User:  | ID: ] GET /show-users - ::1
2025-08-05 11:14:47 [INFO]: [User:  | ID: ] POST /update-user - ::1
2025-08-05 11:14:54 [INFO]: [User:  | ID: ] POST /update-user - ::1
2025-08-05 11:15:29 [INFO]: [User:  | ID: ] POST /update-user - ::1
2025-08-05 11:15:31 [INFO]: [User:  | ID: ] GET /show-users - ::1
2025-08-05 11:18:44 [INFO]: [User:  | ID: ] GET /show-users - ::1
2025-08-05 11:18:50 [INFO]: [User:  | ID: ] POST /update-user - ::1
2025-08-05 11:18:51 [INFO]: [User:  | ID: ] GET /show-users - ::1
2025-08-05 11:19:15 [INFO]: [User:  | ID: ] GET /show-users - ::1
2025-08-05 11:19:23 [INFO]: [User:  | ID: ] POST /login - ::1
2025-08-05 11:19:25 [INFO]: [User:  | ID: ] GET /show-users - ::1
2025-08-05 11:19:25 [INFO]: [User:  | ID: ] GET /show-users - ::1
2025-08-05 11:19:25 [INFO]: [User:  | ID: ] GET /show-ticket - ::1
2025-08-05 11:19:25 [INFO]: [User:  | ID: ] GET /show-ticket - ::1
2025-08-05 11:19:30 [INFO]: [User:  | ID: ] GET /show-users - ::1
2025-08-05 11:19:30 [INFO]: [User:  | ID: ] GET /show-ticket - ::1
2025-08-05 11:23:12 [INFO]: [User:  | ID: ] POST /login - ::1
2025-08-05 11:23:23 [INFO]: [User:  | ID: ] POST /login - ::1
2025-08-05 11:23:56 [INFO]: [User:  | ID: ] POST /login - ::1
2025-08-05 11:25:02 [INFO]: [User:  | ID: ] POST /login - ::1
2025-08-05 11:26:12 [INFO]: [User:  | ID: ] POST /login - ::1
