2025-08-06 10:43:17 [INFO]: Deleted old log file: 30072025-api.log
2025-08-06 12:14:20 [INFO]: [User:  | ID: ] GET /show-invoice - ::1
2025-08-06 12:14:20 [INFO]: [User:  | ID: ] GET /favicon.ico - ::1
2025-08-06 12:14:24 [INFO]: [User:  | ID: ] GET /show-users - ::1
2025-08-06 12:15:23 [INFO]: [User:  | ID: ] GET /show-invoice - ::1
2025-08-06 12:15:27 [INFO]: [User:  | ID: ] POST /create-Invoice - ::1
2025-08-06 12:16:13 [INFO]: [User:  | ID: ] POST /create-invoice - ::1
2025-08-06 12:16:24 [INFO]: [User:  | ID: ] POST /create-invoice - ::1
2025-08-06 12:16:55 [INFO]: [User:  | ID: ] POST /create-invoice - ::1
2025-08-06 12:17:30 [INFO]: [User:  | ID: ] POST /create-invoice - ::1
2025-08-06 12:19:06 [INFO]: [User:  | ID: ] POST /create-invoice - ::1
2025-08-06 12:20:14 [INFO]: [User:  | ID: ] POST /create-invoice - ::1
2025-08-06 12:20:55 [INFO]: [User:  | ID: ] POST /create-invoice - ::1
2025-08-06 12:20:59 [INFO]: [User:  | ID: ] GET /show-invoice - ::1
2025-08-06 14:54:47 [INFO]: [User:  | ID: ] GET /show-invoice - ::1
2025-08-06 14:55:00 [INFO]: [User:  | ID: ] GET /favicon.ico - ::1
2025-08-06 14:55:13 [INFO]: [User:  | ID: ] POST /update-user - ::1
2025-08-06 14:55:26 [INFO]: [User:  | ID: ] POST /update-invoice - ::1
2025-08-06 14:55:34 [INFO]: [User:  | ID: ] POST /update-invoice - ::1
2025-08-06 14:55:51 [INFO]: [User:  | ID: ] GET /show-invoice - ::1
2025-08-06 14:56:33 [INFO]: [User:  | ID: ] DELETE /delete-invoice/5 - ::1
2025-08-06 14:56:35 [INFO]: [User:  | ID: ] GET /show-invoice - ::1
2025-08-06 14:57:05 [INFO]: [User:  | ID: ] DELETE /delete-allinvoice - ::1
2025-08-06 14:57:09 [INFO]: [User:  | ID: ] GET /show-invoice - ::1
2025-08-06 14:57:38 [INFO]: [User:  | ID: ] POST /create-invoice - ::1
2025-08-06 14:57:41 [INFO]: [User:  | ID: ] GET /show-invoice - ::1
2025-08-06 15:57:36 [INFO]: [User:  | ID: ] GET /show-invoice - ::1
2025-08-06 15:57:45 [INFO]: [User:  | ID: ] POST /update-invoice - ::1
2025-08-06 16:01:12 [INFO]: [User:  | ID: ] POST /update-invoice - ::1
2025-08-06 16:01:51 [INFO]: [User:  | ID: ] POST /update-invoice - ::1
2025-08-06 16:01:54 [INFO]: [User:  | ID: ] GET /show-invoice - ::1
2025-08-06 16:02:04 [INFO]: [User:  | ID: ] POST /create-invoice - ::1
2025-08-06 16:02:05 [INFO]: [User:  | ID: ] GET /show-invoice - ::1
2025-08-06 16:02:12 [INFO]: [User:  | ID: ] POST /create-invoice - ::1
2025-08-06 16:02:14 [INFO]: [User:  | ID: ] GET /show-invoice - ::1
2025-08-06 16:05:15 [INFO]: [User:  | ID: ] GET /show-produt - ::1
2025-08-06 16:05:19 [INFO]: [User:  | ID: ] GET /show-product - ::1
