2025-08-08 10:24:41 [INFO]: Deleted old log file: 31072025-api.log
2025-08-08 10:24:42 [INFO]: [User:  | ID: ] GET /show-users - ::1
2025-08-08 10:24:42 [INFO]: [User:  | ID: ] GET /show-ticket - ::1
2025-08-08 10:24:49 [INFO]: [User:  | ID: ] GET /show-users - ::1
2025-08-08 10:24:49 [INFO]: [User:  | ID: ] GET /show-ticket - ::1
2025-08-08 10:24:55 [INFO]: [User:  | ID: ] GET /show-ticket - ::1
2025-08-08 10:24:55 [INFO]: [User:  | ID: ] GET /show-ticket - ::1
2025-08-08 10:26:28 [INFO]: [User:  | ID: ] GET /show-ticket - ::1
2025-08-08 10:26:30 [INFO]: [User:  | ID: ] GET /show-users - ::1
2025-08-08 10:26:30 [INFO]: [User:  | ID: ] GET /show-users - ::1
2025-08-08 10:26:30 [INFO]: [User:  | ID: ] GET /show-ticket - ::1
2025-08-08 10:26:30 [INFO]: [User:  | ID: ] GET /show-ticket - ::1
2025-08-08 10:27:22 [INFO]: [User:  | ID: ] GET /show-users - ::1
2025-08-08 10:27:25 [INFO]: [User:  | ID: ] GET /show-product - ::1
2025-08-08 10:27:25 [INFO]: [User:  | ID: ] GET /show-product - ::1
2025-08-08 10:27:32 [INFO]: [User:  | ID: ] GET /show-ticket - ::1
2025-08-08 10:27:32 [INFO]: [User:  | ID: ] GET /show-ticket - ::1
2025-08-08 10:27:34 [INFO]: [User:  | ID: ] GET /show-ticket - ::1
2025-08-08 10:27:34 [INFO]: [User:  | ID: ] GET /show-ticket - ::1
2025-08-08 10:27:47 [INFO]: [User:  | ID: ] POST /login - ::1
2025-08-08 10:27:47 [INFO]: [User:  | ID: ] GET /show-users - ::1
2025-08-08 10:27:47 [INFO]: [User:  | ID: ] GET /show-users - ::1
2025-08-08 10:27:47 [INFO]: [User:  | ID: ] GET /show-ticket - ::1
2025-08-08 10:27:47 [INFO]: [User:  | ID: ] GET /show-ticket - ::1
2025-08-08 10:27:49 [INFO]: [User:  | ID: ] GET /cart-details/213 - ::1
2025-08-08 10:27:49 [INFO]: [User:  | ID: ] GET /cart-details/213 - ::1
2025-08-08 11:55:31 [INFO]: [User:  | ID: ] GET /show-users - ::1
2025-08-08 11:55:31 [INFO]: [User:  | ID: ] GET /show-ticket - ::1
2025-08-08 12:28:02 [INFO]: [User:  | ID: ] GET /show-contact - ::1
2025-08-08 12:28:02 [INFO]: [User:  | ID: ] GET /favicon.ico - ::1
2025-08-08 12:28:14 [INFO]: [User:  | ID: ] GET /show-invoice - ::1
2025-08-08 12:28:24 [INFO]: [User:  | ID: ] GET /show-contacts - ::1
2025-08-08 12:29:51 [INFO]: [User:  | ID: ] POST /create-contact - ::1
2025-08-08 12:29:57 [INFO]: [User:  | ID: ] GET /show-contacts - ::1
2025-08-08 12:30:08 [INFO]: [User:  | ID: ] POST /create-contact - ::1
2025-08-08 12:30:12 [INFO]: [User:  | ID: ] GET /show-contacts - ::1
2025-08-08 12:34:19 [INFO]: [User:  | ID: ] GET /show-contacts - ::1
2025-08-08 12:34:19 [INFO]: [User:  | ID: ] GET /favicon.ico - ::1
2025-08-08 12:34:25 [INFO]: [User:  | ID: ] DELETE /delete-contact/8 - ::1
2025-08-08 12:34:27 [INFO]: [User:  | ID: ] GET /show-contacts - ::1
2025-08-08 12:34:33 [INFO]: [User:  | ID: ] DELETE /delete-contact/8 - ::1
2025-08-08 12:34:37 [INFO]: [User:  | ID: ] GET /show-contacts - ::1
2025-08-08 12:34:37 [INFO]: [User:  | ID: ] GET /favicon.ico - ::1
2025-08-08 12:34:37 [INFO]: [User:  | ID: ] GET /show-contacts - ::1
2025-08-08 12:34:37 [INFO]: [User:  | ID: ] GET /favicon.ico - ::1
2025-08-08 12:34:37 [INFO]: [User:  | ID: ] GET /show-contacts - ::1
2025-08-08 12:34:43 [INFO]: [User:  | ID: ] DELETE /delete-contact/7 - ::1
2025-08-08 12:34:47 [INFO]: [User:  | ID: ] DELETE /delete-contact/7 - ::1
2025-08-08 12:35:18 [INFO]: [User:  | ID: ] DELETE /delete-contact/7 - ::1
2025-08-08 12:35:19 [INFO]: [User:  | ID: ] DELETE /delete-contact/7 - ::1
2025-08-08 12:36:07 [INFO]: [User:  | ID: ] DELETE /delete-contact/7 - ::1
2025-08-08 12:36:40 [INFO]: [User:  | ID: ] DELETE /delete-contact/7 - ::1
2025-08-08 12:36:55 [INFO]: [User:  | ID: ] GET /show-contacts - ::1
2025-08-08 12:36:55 [INFO]: [User:  | ID: ] GET /favicon.ico - ::1
2025-08-08 12:36:55 [INFO]: [User:  | ID: ] GET /show-contacts - ::1
2025-08-08 12:36:55 [INFO]: [User:  | ID: ] GET /favicon.ico - ::1
2025-08-08 12:36:55 [INFO]: [User:  | ID: ] GET /show-contacts - ::1
2025-08-08 12:36:55 [INFO]: [User:  | ID: ] GET /favicon.ico - ::1
2025-08-08 12:36:55 [INFO]: [User:  | ID: ] GET /show-contacts - ::1
2025-08-08 12:36:56 [INFO]: [User:  | ID: ] GET /show-contacts - ::1
2025-08-08 12:36:56 [INFO]: [User:  | ID: ] GET /favicon.ico - ::1
2025-08-08 12:36:56 [INFO]: [User:  | ID: ] GET /show-contacts - ::1
2025-08-08 12:36:56 [INFO]: [User:  | ID: ] GET /favicon.ico - ::1
2025-08-08 12:42:14 [INFO]: [User:  | ID: ] DELETE /delete-contact/7 - ::1
2025-08-08 12:42:37 [INFO]: [User:  | ID: ] DELETE /delete-contact/7 - ::1
2025-08-08 12:42:45 [INFO]: [User:  | ID: ] GET /show-contacts - ::1
2025-08-08 12:42:45 [INFO]: [User:  | ID: ] GET /favicon.ico - ::1
2025-08-08 12:43:26 [INFO]: [User:  | ID: ] DELETE /delete-contact/8 - ::1
2025-08-08 12:43:29 [INFO]: [User:  | ID: ] GET /show-contacts - ::1
2025-08-08 12:43:29 [INFO]: [User:  | ID: ] GET /favicon.ico - ::1
2025-08-08 15:09:28 [INFO]: [User:  | ID: ] GET /show-users - ::1
2025-08-08 15:10:26 [INFO]: [User:  | ID: ] GET /show-users - ::1
2025-08-08 15:10:34 [INFO]: [User:  | ID: ] GET /show-users - ::1
2025-08-08 15:12:27 [INFO]: [User:  | ID: ] GET /show-contact - ::1
2025-08-08 15:13:02 [INFO]: [User:  | ID: ] GET /show-ticket - ::1
2025-08-08 15:13:02 [INFO]: [User:  | ID: ] GET /show-ticket - ::1
2025-08-08 15:13:18 [INFO]: [User:  | ID: ] POST /create-ticket - ::1
2025-08-08 15:13:20 [INFO]: [User:  | ID: ] POST /create-ticket - ::1
2025-08-08 15:13:23 [INFO]: [User:  | ID: ] POST /create-ticket - ::1
2025-08-08 15:13:36 [INFO]: [User:  | ID: ] POST /create-ticket - ::1
2025-08-08 15:14:12 [INFO]: [User:  | ID: ] POST /create-ticket - ::1
2025-08-08 15:14:12 [INFO]: [User:  | ID: ] POST /create-ticket - ::1
2025-08-08 15:14:24 [INFO]: [User:  | ID: ] POST /create-ticket - ::1
2025-08-08 15:14:28 [INFO]: [User:  | ID: ] POST /create-ticket - ::1
2025-08-08 15:14:28 [INFO]: [User:  | ID: ] GET /show-ticket - ::1
2025-08-08 15:14:59 [INFO]: [User:  | ID: ] POST /create-ticket - ::ffff:127.0.0.1
2025-08-08 15:14:59 [INFO]: [User:  | ID: ] GET /show-ticket - ::ffff:127.0.0.1
2025-08-08 15:22:56 [INFO]: [User:  | ID: ] GET /.well-known/appspecific/com.chrome.devtools.json - ::1
2025-08-08 15:23:26 [INFO]: [User:  | ID: ] GET /show-contact - ::1
2025-08-08 15:23:43 [INFO]: [User:  | ID: ] GET /show-contact - ::1
2025-08-08 15:23:48 [INFO]: [User:  | ID: ] GET /show-contact - ::1
2025-08-08 15:23:57 [INFO]: [User:  | ID: ] GET /show-contact - ::1
2025-08-08 15:24:03 [INFO]: [User:  | ID: ] GET /show-contact - ::1
2025-08-08 15:24:09 [INFO]: [User:  | ID: ] GET /show-contact - ::1
2025-08-08 15:24:21 [INFO]: [User:  | ID: ] GET /show-contact - ::1
2025-08-08 15:24:31 [INFO]: [User:  | ID: ] GET /show-contact - ::1
2025-08-08 15:24:40 [INFO]: [User:  | ID: ] GET /show-contact - ::1
2025-08-08 15:24:50 [INFO]: [User:  | ID: ] GET /show-contact - ::1
2025-08-08 15:25:20 [INFO]: [User:  | ID: ] GET /show-contact - ::1
2025-08-08 15:25:37 [INFO]: [User:  | ID: ] GET /show-contact - ::1
2025-08-08 15:25:58 [INFO]: [User:  | ID: ] GET /show-contact - ::1
2025-08-08 15:26:06 [INFO]: [User:  | ID: ] GET /show-contact - ::1
2025-08-08 15:26:10 [INFO]: [User:  | ID: ] GET /show-contact - ::1
2025-08-08 15:26:24 [INFO]: [User:  | ID: ] GET /show-contact - ::1
2025-08-08 15:26:33 [INFO]: [User:  | ID: ] GET /show-contacts - ::1
2025-08-08 15:27:11 [INFO]: [User:  | ID: ] GET /create-contact - ::1
2025-08-08 15:27:16 [INFO]: [User:  | ID: ] GET /show-contact - ::1
2025-08-08 15:27:20 [INFO]: [User:  | ID: ] GET /show-contact - ::1
2025-08-08 15:27:32 [INFO]: [User:  | ID: ] GET /show-users - ::1
2025-08-08 15:27:33 [INFO]: [User:  | ID: ] GET /favicon.ico - ::1
2025-08-08 15:27:38 [INFO]: [User:  | ID: ] GET /show-contacts - ::1
2025-08-08 15:27:49 [INFO]: [User:  | ID: ] GET /show-contacts - ::1
2025-08-08 15:28:03 [INFO]: [User:  | ID: ] GET /show-contacts - ::1
2025-08-08 15:28:22 [INFO]: [User:  | ID: ] GET /show-contacts - ::1
2025-08-08 15:28:36 [INFO]: [User:  | ID: ] GET /show-contacts - ::1
2025-08-08 15:29:35 [INFO]: [User:  | ID: ] GET /show-contacts - ::1
2025-08-08 15:29:46 [INFO]: [User:  | ID: ] GET /show-contacts - ::1
2025-08-08 15:29:55 [INFO]: [User:  | ID: ] GET /show-contacts - ::1
2025-08-08 15:29:59 [INFO]: [User:  | ID: ] GET /show-contacts - ::1
2025-08-08 15:30:09 [INFO]: [User:  | ID: ] GET /show-contacts - ::1
2025-08-08 15:30:16 [INFO]: [User:  | ID: ] GET /show-contacts - ::1
2025-08-08 15:30:43 [INFO]: [User:  | ID: ] GET /show-contacts - ::1
2025-08-08 15:31:10 [INFO]: [User:  | ID: ] GET /show-contacts - ::1
2025-08-08 15:31:18 [INFO]: [User:  | ID: ] GET /show-contacts - ::1
2025-08-08 15:31:25 [INFO]: [User:  | ID: ] GET /show-contacts - ::1
2025-08-08 15:31:34 [INFO]: [User:  | ID: ] GET /show-contacts - ::1
2025-08-08 15:32:20 [INFO]: [User:  | ID: ] GET /show-contacts - ::1
2025-08-08 15:32:34 [INFO]: [User:  | ID: ] GET /show-contacts - ::1
2025-08-08 15:32:42 [INFO]: [User:  | ID: ] GET /show-contacts - ::1
2025-08-08 15:32:49 [INFO]: [User:  | ID: ] GET /show-contacts - ::1
2025-08-08 15:32:58 [INFO]: [User:  | ID: ] GET /show-contacts - ::1
2025-08-08 15:33:09 [INFO]: [User:  | ID: ] GET /show-contacts - ::1
2025-08-08 15:33:13 [INFO]: [User:  | ID: ] GET /show-contacts - ::1
2025-08-08 15:33:47 [INFO]: [User:  | ID: ] GET /show-contacts - ::1
2025-08-08 15:34:26 [INFO]: [User:  | ID: ] GET /show-contacts - ::1
2025-08-08 15:34:37 [INFO]: [User:  | ID: ] GET /show-contacts - ::1
2025-08-08 15:36:41 [INFO]: [User:  | ID: ] GET /show-contacts - ::1
2025-08-08 15:36:55 [INFO]: [User:  | ID: ] GET /show-contacts - ::1
2025-08-08 15:38:27 [INFO]: [User:  | ID: ] GET /show-contacts - ::1
2025-08-08 15:38:44 [INFO]: [User:  | ID: ] GET /show-contacts - ::1
2025-08-08 15:38:52 [INFO]: [User:  | ID: ] GET /show-contacts - ::1
2025-08-08 15:42:44 [INFO]: [User:  | ID: ] GET /show-contacts - ::1
2025-08-08 15:43:07 [INFO]: [User:  | ID: ] GET /show-contacts - ::1
2025-08-08 15:46:47 [INFO]: [User:  | ID: ] GET /show-contacts - ::1
2025-08-08 15:46:52 [INFO]: [User:  | ID: ] DELETE /delete-contact/6 - ::1
2025-08-08 15:46:55 [INFO]: [User:  | ID: ] GET /show-contacts - ::1
2025-08-08 15:46:55 [INFO]: [User:  | ID: ] GET /favicon.ico - ::1
2025-08-08 15:47:02 [INFO]: [User:  | ID: ] DELETE /delete-allcontact - ::1
2025-08-08 15:47:05 [INFO]: [User:  | ID: ] GET /show-contacts - ::1
2025-08-08 15:47:12 [INFO]: [User:  | ID: ] GET /show-contacts - ::1
2025-08-08 15:47:26 [INFO]: [User:  | ID: ] GET /show-contacts - ::1
2025-08-08 15:47:27 [INFO]: [User:  | ID: ] GET /show-contacts - ::1
2025-08-08 15:48:40 [INFO]: [User:  | ID: ] GET /show-ticket - ::1
2025-08-08 15:48:40 [INFO]: [User:  | ID: ] GET /show-ticket - ::1
2025-08-08 15:48:58 [INFO]: [User:  | ID: ] POST /create-ticket - ::1
2025-08-08 15:48:58 [INFO]: [User:  | ID: ] GET /show-ticket - ::1
2025-08-08 15:49:07 [INFO]: [User:  | ID: ] POST /update-ticket - ::1
2025-08-08 15:49:07 [INFO]: [User:  | ID: ] GET /show-ticket - ::1
2025-08-08 15:49:17 [INFO]: [User:  | ID: ] POST /update-ticket - ::1
2025-08-08 15:49:17 [INFO]: [User:  | ID: ] GET /show-ticket - ::1
2025-08-08 15:49:22 [INFO]: [User:  | ID: ] POST /update-ticket - ::1
2025-08-08 15:49:22 [INFO]: [User:  | ID: ] GET /show-ticket - ::1
2025-08-08 15:51:41 [INFO]: [User:  | ID: ] POST /create-contact - ::1
2025-08-08 15:51:47 [INFO]: [User:  | ID: ] GET /show-contacts - ::1
2025-08-08 15:51:47 [INFO]: [User:  | ID: ] GET /favicon.ico - ::1
2025-08-08 15:51:50 [INFO]: [User:  | ID: ] GET /show-contacts - ::1
2025-08-08 15:51:59 [INFO]: [User:  | ID: ] GET /show-contacts - ::1
2025-08-08 15:51:59 [INFO]: [User:  | ID: ] GET /favicon.ico - ::1
2025-08-08 15:51:59 [INFO]: [User:  | ID: ] GET /show-contacts - ::1
2025-08-08 15:51:59 [INFO]: [User:  | ID: ] GET /favicon.ico - ::1
2025-08-08 15:51:59 [INFO]: [User:  | ID: ] GET /show-contacts - ::1
2025-08-08 15:52:00 [INFO]: [User:  | ID: ] GET /favicon.ico - ::1
2025-08-08 16:02:33 [INFO]: [User:  | ID: ] GET /show-contacts - ::1
2025-08-08 16:02:45 [INFO]: [User:  | ID: ] GET /show-contacts - ::1
2025-08-08 16:02:45 [INFO]: [User:  | ID: ] GET /show-contacts - ::1
2025-08-08 16:04:18 [INFO]: [User:  | ID: ] GET /show-contacts - ::1
2025-08-08 16:04:44 [INFO]: [User:  | ID: ] POST /create-contact - ::1
2025-08-08 16:05:00 [INFO]: [User:  | ID: ] GET /show-contacts - ::1
2025-08-08 16:06:22 [INFO]: [User:  | ID: ] POST /login - ::1
2025-08-08 16:06:29 [INFO]: [User:  | ID: ] GET /show-users - ::1
2025-08-08 16:06:29 [INFO]: [User:  | ID: ] GET /show-users - ::1
2025-08-08 16:06:29 [INFO]: [User:  | ID: ] GET /show-ticket - ::1
2025-08-08 16:06:29 [INFO]: [User:  | ID: ] GET /show-ticket - ::1
2025-08-08 16:08:47 [INFO]: [User:  | ID: ] POST /create-contact - ::1
2025-08-08 16:08:49 [INFO]: [User:  | ID: ] GET /show-contacts - ::1
2025-08-08 16:08:50 [INFO]: [User:  | ID: ] GET /favicon.ico - ::1
2025-08-08 16:10:14 [INFO]: [User:  | ID: ] POST /create-contact - ::1
2025-08-08 16:10:18 [INFO]: [User:  | ID: ] GET /show-contacts - ::1
2025-08-08 16:40:26 [INFO]: [User:  | ID: ] GET /show-users - ::1
2025-08-08 16:40:44 [INFO]: [User:  | ID: ] GET /show-contacts - ::1
2025-08-08 16:43:21 [INFO]: [User:  | ID: ] GET /show-contacts - ::1
2025-08-08 16:43:30 [INFO]: [User:  | ID: ] POST /create-contact - ::1
2025-08-08 16:43:33 [INFO]: [User:  | ID: ] GET /show-contacts - ::1
2025-08-08 16:43:33 [INFO]: [User:  | ID: ] GET /show-contacts - ::1
2025-08-08 16:43:45 [INFO]: [User:  | ID: ] GET /show-contacts - ::1
2025-08-08 16:44:36 [INFO]: [User:  | ID: ] POST /login - ::1
2025-08-08 16:44:41 [INFO]: [User:  | ID: ] GET /show-contacts - ::1
2025-08-08 16:44:41 [INFO]: [User:  | ID: ] GET /show-contacts - ::1
2025-08-08 16:44:49 [INFO]: [User:  | ID: ] DELETE /delete-contact/16 - ::1
2025-08-08 16:44:59 [INFO]: [User:  | ID: ] POST /create-contact - ::1
2025-08-08 16:45:02 [INFO]: [User:  | ID: ] GET /show-contacts - ::1
2025-08-08 16:45:02 [INFO]: [User:  | ID: ] GET /show-contacts - ::1
2025-08-08 16:45:06 [INFO]: [User:  | ID: ] GET /show-contacts - ::1
2025-08-08 16:45:06 [INFO]: [User:  | ID: ] GET /favicon.ico - ::1
2025-08-08 16:45:21 [INFO]: [User:  | ID: ] GET /show-ticket - ::1
2025-08-08 16:45:21 [INFO]: [User:  | ID: ] GET /show-ticket - ::1
2025-08-08 16:45:48 [INFO]: [User:  | ID: ] POST /update-ticket - ::1
2025-08-08 16:45:48 [INFO]: [User:  | ID: ] GET /show-ticket - ::1
2025-08-08 16:46:03 [INFO]: [User:  | ID: ] POST /update-ticket - ::1
2025-08-08 16:46:03 [INFO]: [User:  | ID: ] GET /show-ticket - ::1
2025-08-08 16:46:17 [INFO]: [User:  | ID: ] GET /show-ticket - ::1
2025-08-08 16:48:45 [INFO]: [User:  | ID: ] GET /show-ticket - ::1
2025-08-08 16:49:26 [INFO]: [User:  | ID: ] GET /show-ticket - ::1
2025-08-08 16:50:34 [INFO]: [User:  | ID: ] GET /show-product - ::1
2025-08-08 16:50:34 [INFO]: [User:  | ID: ] GET /show-product - ::1
2025-08-08 16:51:00 [INFO]: [User:  | ID: ] GET /show-users - ::1
2025-08-08 16:51:00 [INFO]: [User:  | ID: ] GET /show-users - ::1
2025-08-08 16:51:01 [INFO]: [User:  | ID: ] GET /show-ticket - ::1
2025-08-08 16:51:01 [INFO]: [User:  | ID: ] GET /show-ticket - ::1
