2025-08-12 14:53:53 [INFO]: Deleted old log file: 04082025-api.log
2025-08-12 14:53:53 [INFO]: Deleted old log file: 05082025-api.log
2025-08-12 14:54:09 [INFO]: [User:  | ID: ] GET /show-users - ::1
2025-08-12 14:54:36 [INFO]: [User:  | ID: ] POST /login - ::1
2025-08-12 14:54:37 [INFO]: [User:  | ID: ] GET /show-users - ::1
2025-08-12 14:54:37 [INFO]: [User:  | ID: ] GET /show-users - ::1
2025-08-12 14:54:37 [INFO]: [User:  | ID: ] GET /show-ticket - ::1
2025-08-12 14:54:37 [INFO]: [User:  | ID: ] GET /show-ticket - ::1
2025-08-12 14:54:43 [INFO]: [User:  | ID: ] GET /show-users - ::1
2025-08-12 14:54:49 [INFO]: [User:  | ID: ] GET /show-product - ::1
2025-08-12 14:54:49 [INFO]: [User:  | ID: ] GET /show-product - ::1
2025-08-12 14:54:52 [INFO]: [User:  | ID: ] GET /cart-details/213 - ::1
2025-08-12 14:54:52 [INFO]: [User:  | ID: ] GET /cart-details/213 - ::1
2025-08-12 14:54:57 [INFO]: [User:  | ID: ] GET /show-ticket - ::1
2025-08-12 14:54:57 [INFO]: [User:  | ID: ] GET /show-ticket - ::1
2025-08-12 14:55:08 [INFO]: [User:  | ID: ] GET /show-ticket - ::1
2025-08-12 14:55:08 [INFO]: [User:  | ID: ] GET /show-ticket - ::1
2025-08-12 14:58:39 [INFO]: [User:  | ID: ] GET /show-ticket - ::1
2025-08-12 14:58:54 [INFO]: [User:  | ID: ] GET /show-ticket - ::1
2025-08-12 15:03:19 [INFO]: [User:  | ID: ] GET /show-ticket - ::1
2025-08-12 15:03:21 [INFO]: [User:  | ID: ] GET /show-ticket - ::1
2025-08-12 15:03:26 [INFO]: [User:  | ID: ] POST /update-ticket - ::1
2025-08-12 15:03:26 [INFO]: [User:  | ID: ] GET /show-ticket - ::1
2025-08-12 15:03:30 [INFO]: [User:  | ID: ] POST /update-ticket - ::1
2025-08-12 15:03:30 [INFO]: [User:  | ID: ] GET /show-ticket - ::1
2025-08-12 15:03:34 [INFO]: [User:  | ID: ] POST /update-ticket - ::1
2025-08-12 15:03:34 [INFO]: [User:  | ID: ] GET /show-ticket - ::1
2025-08-12 15:03:40 [INFO]: [User:  | ID: ] DELETE /delete-ticket/86 - ::1
2025-08-12 15:03:40 [INFO]: [User:  | ID: ] GET /show-ticket - ::1
2025-08-12 15:03:46 [INFO]: [User:  | ID: ] POST /create-ticket - ::1
2025-08-12 15:03:46 [INFO]: [User:  | ID: ] GET /show-ticket - ::1
2025-08-12 15:12:47 [INFO]: [User:  | ID: ] GET /show-ticket - ::1
2025-08-12 15:12:47 [INFO]: [User:  | ID: ] GET /show-ticket - ::1
2025-08-12 15:13:15 [INFO]: [User:  | ID: ] GET /show-ticket - ::1
2025-08-12 15:13:15 [INFO]: [User:  | ID: ] GET /show-ticket - ::1
2025-08-12 15:15:56 [INFO]: [User:  | ID: ] POST /update-ticket - ::1
2025-08-12 15:15:56 [INFO]: [User:  | ID: ] GET /show-ticket - ::1
2025-08-12 15:23:12 [INFO]: [User:  | ID: ] GET /show-product - ::1
2025-08-12 15:32:13 [INFO]: [User:  | ID: ] GET / - ::1
2025-08-12 15:32:13 [INFO]: [User:  | ID: ] GET /favicon.ico - ::1
2025-08-12 15:32:19 [INFO]: [User:  | ID: ] GET /show-invoice - ::1
2025-08-12 15:32:40 [INFO]: [User:  | ID: ] GET /show-invoice - ::1
2025-08-12 15:32:57 [INFO]: [User:  | ID: ] GET /show-invoice - ::1
2025-08-12 15:33:10 [INFO]: [User:  | ID: ] GET /show-invoice - ::1
2025-08-12 15:33:29 [INFO]: [User:  | ID: ] GET /show-invoice - ::1
2025-08-12 15:33:33 [INFO]: [User:  | ID: ] GET /show-invoice - ::1
2025-08-12 15:33:40 [INFO]: [User:  | ID: ] GET /show-invoice - ::1
2025-08-12 15:33:48 [INFO]: [User:  | ID: ] GET /show-invoice - ::1
2025-08-12 15:33:54 [INFO]: [User:  | ID: ] GET /show-invoice - ::1
2025-08-12 15:35:25 [INFO]: [User:  | ID: ] GET /show-invoice - ::1
2025-08-12 15:35:36 [INFO]: [User:  | ID: ] GET /show-invoice - ::1
2025-08-12 15:35:45 [INFO]: [User:  | ID: ] GET /show-invoice - ::1
2025-08-12 15:35:50 [INFO]: [User:  | ID: ] GET /show-invoice - ::1
2025-08-12 15:35:54 [INFO]: [User:  | ID: ] GET /show-invoice - ::1
2025-08-12 15:36:05 [INFO]: [User:  | ID: ] GET /show-invoice - ::1
2025-08-12 15:36:50 [INFO]: [User:  | ID: ] GET /show-invoice - ::1
2025-08-12 15:37:03 [INFO]: [User:  | ID: ] GET /show-invoice - ::1
2025-08-12 15:37:09 [INFO]: [User:  | ID: ] GET /show-invoice - ::1
2025-08-12 15:37:22 [INFO]: [User:  | ID: ] GET /.well-known/appspecific/com.chrome.devtools.json - ::1
2025-08-12 15:37:25 [INFO]: [User:  | ID: ] GET /show-invoice - ::1
2025-08-12 15:37:40 [INFO]: [User:  | ID: ] GET /show-invoice - ::1
2025-08-12 15:37:49 [INFO]: [User:  | ID: ] GET /show-invoice - ::1
2025-08-12 15:37:54 [INFO]: [User:  | ID: ] GET /show-invoice - ::1
2025-08-12 15:38:02 [INFO]: [User:  | ID: ] GET /show-invoice - ::1
2025-08-12 15:38:11 [INFO]: [User:  | ID: ] GET /show-invoice - ::1
2025-08-12 15:38:17 [INFO]: [User:  | ID: ] GET /show-invoice - ::1
2025-08-12 15:39:13 [INFO]: [User:  | ID: ] GET /show-invoice - ::1
2025-08-12 15:39:26 [INFO]: [User:  | ID: ] GET /show-invoice - ::1
2025-08-12 15:39:35 [INFO]: [User:  | ID: ] GET /show-invoice - ::1
2025-08-12 15:39:41 [INFO]: [User:  | ID: ] GET /show-invoice - ::1
2025-08-12 15:39:47 [INFO]: [User:  | ID: ] GET /show-invoice - ::1
2025-08-12 15:39:56 [INFO]: [User:  | ID: ] GET /show-invoice - ::1
2025-08-12 15:39:56 [INFO]: [User:  | ID: ] GET /show-invoice - ::1
2025-08-12 15:40:05 [INFO]: [User:  | ID: ] GET /show-invoice - ::1
2025-08-12 15:40:13 [INFO]: [User:  | ID: ] GET /show-invoice - ::1
2025-08-12 15:40:47 [INFO]: [User:  | ID: ] GET /show-invoice - ::1
2025-08-12 15:41:17 [INFO]: [User:  | ID: ] GET /show-invoice - ::1
2025-08-12 15:41:25 [INFO]: [User:  | ID: ] GET /show-invoice - ::1
2025-08-12 15:42:30 [INFO]: [User:  | ID: ] GET /show-invoice - ::1
2025-08-12 16:05:59 [INFO]: [User:  | ID: ] GET /show-invoice - ::1
2025-08-12 16:06:16 [INFO]: [User:  | ID: ] GET /show-invoice - ::1
2025-08-12 16:08:48 [INFO]: [User:  | ID: ] GET /show-invoice - ::1
2025-08-12 16:13:31 [INFO]: [User:  | ID: ] GET /show-invoice - ::1
2025-08-12 16:44:55 [INFO]: [User:  | ID: ] GET /show-invoice - ::1
2025-08-12 16:45:32 [INFO]: [User:  | ID: ] GET /show-invoice - ::1
2025-08-12 16:45:36 [INFO]: [User:  | ID: ] GET /show-invoice - ::1
2025-08-12 16:46:44 [INFO]: [User:  | ID: ] POST /login - ::1
2025-08-12 16:46:50 [INFO]: [User:  | ID: ] GET /show-users - ::1
2025-08-12 16:46:50 [INFO]: [User:  | ID: ] GET /show-users - ::1
2025-08-12 16:46:50 [INFO]: [User:  | ID: ] GET /show-ticket - ::1
2025-08-12 16:46:51 [INFO]: [User:  | ID: ] GET /show-ticket - ::1
2025-08-12 16:46:59 [INFO]: [User:  | ID: ] GET /show-users - ::1
2025-08-12 16:48:50 [INFO]: [User:  | ID: ] GET /show-invoice - ::1
2025-08-12 16:48:50 [INFO]: [User:  | ID: ] GET /show-invoice - ::1
2025-08-12 16:59:52 [INFO]: [User:  | ID: ] GET /show-invoice - ::1
2025-08-12 17:00:10 [INFO]: [User:  | ID: ] GET /show-invoice - ::1
2025-08-12 17:00:24 [INFO]: [User:  | ID: ] GET /show-invoice - ::1
2025-08-12 17:02:10 [INFO]: [User:  | ID: ] GET /show-ticket - ::1
2025-08-12 17:02:23 [INFO]: [User:  | ID: ] POST /create-ticket - ::1
2025-08-12 17:02:26 [INFO]: [User:  | ID: ] POST /create-ticket - ::1
2025-08-12 17:02:28 [INFO]: [User:  | ID: ] POST /create-ticket - ::1
2025-08-12 17:02:28 [INFO]: [User:  | ID: ] GET /show-ticket - ::1
2025-08-12 17:04:13 [INFO]: [User:  | ID: ] GET /show-invoice - ::1
2025-08-12 17:10:08 [INFO]: [User:  | ID: ] POST /create-ticket - ::1
2025-08-12 17:10:08 [INFO]: [User:  | ID: ] GET /show-ticket - ::1
2025-08-12 17:13:28 [INFO]: [User:  | ID: ] GET /show-invoice - ::1
2025-08-12 17:15:10 [INFO]: [User:  | ID: ] POST /create-invoice - ::1
2025-08-12 17:15:19 [INFO]: [User:  | ID: ] GET /show-invoice - ::1
2025-08-12 17:15:21 [INFO]: [User:  | ID: ] DELETE /delete-allinvoice - ::1
2025-08-12 17:15:28 [INFO]: [User:  | ID: ] GET /show-invoice - ::1
2025-08-12 17:15:41 [INFO]: [User:  | ID: ] POST /create-invoice - ::1
2025-08-12 17:15:51 [INFO]: [User:  | ID: ] POST /create-invoice - ::1
2025-08-12 17:15:55 [INFO]: [User:  | ID: ] POST /create-invoice - ::1
2025-08-12 17:16:14 [INFO]: [User:  | ID: ] POST /create-invoice - ::1
2025-08-12 17:16:20 [INFO]: [User:  | ID: ] GET /show-invoice - ::1
2025-08-12 17:18:29 [INFO]: [User:  | ID: ] GET /show-invoice - ::1
2025-08-12 17:18:44 [INFO]: [User:  | ID: ] DELETE /delete-invoice/3 - ::1
2025-08-12 17:18:49 [INFO]: [User:  | ID: ] GET /show-invoice - ::1
2025-08-12 17:19:55 [INFO]: [User:  | ID: ] GET /show-invoice - ::1
2025-08-12 17:19:57 [INFO]: [User:  | ID: ] DELETE /delete-invoice/4 - ::1
2025-08-12 17:20:52 [INFO]: [User:  | ID: ] GET /show-invoice - ::1
2025-08-12 17:20:55 [INFO]: [User:  | ID: ] DELETE /delete-invoice/3 - ::1
2025-08-12 17:21:25 [INFO]: [User:  | ID: ] GET /show-invoice - ::1
2025-08-12 17:21:32 [INFO]: [User:  | ID: ] DELETE /delete-invoice/3 - ::1
2025-08-12 17:23:14 [INFO]: [User:  | ID: ] GET /show-invoice - ::1
2025-08-12 17:23:17 [INFO]: [User:  | ID: ] DELETE /delete-invoice/3 - ::1
2025-08-12 17:23:55 [INFO]: [User:  | ID: ] GET /show-invoice - ::1
2025-08-12 17:23:59 [INFO]: [User:  | ID: ] DELETE /delete-invoice/3 - ::1
2025-08-12 17:24:03 [INFO]: [User:  | ID: ] GET /show-invoice - ::1
2025-08-12 17:24:51 [INFO]: [User:  | ID: ] DELETE /delete-invoice/4 - ::1
2025-08-12 17:24:56 [INFO]: [User:  | ID: ] GET /show-invoice - ::1
2025-08-12 17:27:29 [INFO]: [User:  | ID: ] GET /show-invoice - ::1
2025-08-12 17:27:32 [INFO]: [User:  | ID: ] DELETE /delete-invoice/12 - ::1
2025-08-12 17:27:39 [INFO]: [User:  | ID: ] DELETE /delete-invoice/13 - ::1
2025-08-12 17:27:55 [INFO]: [User:  | ID: ] POST /create-invoice - ::1
2025-08-12 17:27:58 [INFO]: [User:  | ID: ] POST /create-invoice - ::1
2025-08-12 17:28:08 [INFO]: [User:  | ID: ] POST /create-invoice - ::1
2025-08-12 17:28:16 [INFO]: [User:  | ID: ] POST /create-invoice - ::1
2025-08-12 17:28:27 [INFO]: [User:  | ID: ] POST /create-invoice - ::1
2025-08-12 17:28:31 [INFO]: [User:  | ID: ] GET /show-invoice - ::1
2025-08-12 17:29:25 [INFO]: [User:  | ID: ] GET /show-invoice - ::1
2025-08-12 17:31:19 [INFO]: [User:  | ID: ] GET /show-invoice - ::1
2025-08-12 17:31:26 [INFO]: [User:  | ID: ] DELETE /delete-invoice/16 - ::1
