2025-08-13 11:08:45 [INFO]: Deleted old log file: 06082025-api.log
2025-08-13 11:09:15 [INFO]: [User:  | ID: ] GET /show-users - ::1
2025-08-13 11:09:15 [INFO]: [User:  | ID: ] GET /show-ticket - ::1
2025-08-13 11:09:25 [INFO]: [User:  | ID: ] GET /show-invoice - ::1
2025-08-13 11:09:25 [INFO]: [User:  | ID: ] GET /show-invoice - ::1
2025-08-13 11:10:34 [INFO]: [User:  | ID: ] POST /create-invoice - ::1
2025-08-13 11:10:41 [INFO]: [User:  | ID: ] GET /show-invoice - ::1
2025-08-13 11:11:03 [INFO]: [User:  | ID: ] GET /cart-details/213 - ::1
2025-08-13 11:11:03 [INFO]: [User:  | ID: ] GET /cart-details/213 - ::1
2025-08-13 11:14:01 [INFO]: [User:  | ID: ] GET /cart-details/213 - ::1
2025-08-13 11:14:15 [INFO]: [User:  | ID: ] GET /cart-details/213 - ::1
2025-08-13 11:14:17 [INFO]: [User:  | ID: ] GET /cart-details/213 - ::1
2025-08-13 11:14:21 [INFO]: [User:  | ID: ] POST /create-invoice - ::1
2025-08-13 11:15:21 [INFO]: [User:  | ID: ] POST /create-invoice - ::1
2025-08-13 11:15:22 [INFO]: [User:  | ID: ] POST /create-invoice - ::1
2025-08-13 11:15:48 [INFO]: [User:  | ID: ] POST /create-invoice - ::1
2025-08-13 11:16:45 [INFO]: [User:  | ID: ] POST /create-invoice - ::1
2025-08-13 11:17:55 [INFO]: [User:  | ID: ] GET /cart-details/213 - ::1
2025-08-13 11:17:56 [INFO]: [User:  | ID: ] POST /create-invoice - ::1
2025-08-13 11:18:11 [INFO]: [User:  | ID: ] GET /show-invoice - ::1
2025-08-13 11:18:16 [INFO]: [User:  | ID: ] POST /create-invoice - ::1
2025-08-13 11:18:21 [INFO]: [User:  | ID: ] GET /show-invoice - ::1
2025-08-13 11:19:12 [INFO]: [User:  | ID: ] GET /cart-details/213 - ::1
2025-08-13 11:19:14 [INFO]: [User:  | ID: ] POST /create-invoice - ::1
2025-08-13 11:19:47 [INFO]: [User:  | ID: ] POST /create-invoice - ::1
2025-08-13 11:23:58 [INFO]: [User:  | ID: ] GET /show-invoice - ::1
2025-08-13 11:24:00 [INFO]: [User:  | ID: ] GET /cart-details/213 - ::1
2025-08-13 11:24:02 [INFO]: [User:  | ID: ] POST /create-invoice - ::1
2025-08-13 11:24:05 [INFO]: [User:  | ID: ] GET /show-invoice - ::1
2025-08-13 11:25:02 [INFO]: [User:  | ID: ] GET /cart-details/213 - ::1
2025-08-13 11:25:02 [INFO]: [User:  | ID: ] GET /cart-details/213 - ::1
2025-08-13 11:25:05 [INFO]: [User:  | ID: ] POST /create-invoice - ::1
2025-08-13 11:29:30 [INFO]: [User:  | ID: ] GET /cart-details/213 - ::1
2025-08-13 11:29:30 [INFO]: [User:  | ID: ] GET /cart-details/213 - ::1
2025-08-13 11:29:33 [INFO]: [User:  | ID: ] POST /create-invoice - ::1
2025-08-13 11:35:05 [INFO]: [User:  | ID: ] GET /cart-details/213 - ::1
2025-08-13 11:35:05 [INFO]: [User:  | ID: ] GET /cart-details/213 - ::1
2025-08-13 11:35:08 [INFO]: [User:  | ID: ] POST /create-invoice - ::1
2025-08-13 11:35:08 [INFO]: [User:  | ID: ] GET /invoice/23 - ::1
2025-08-13 11:35:08 [INFO]: [User:  | ID: ] GET /invoice/23 - ::1
2025-08-13 11:35:38 [INFO]: [User:  | ID: ] GET /invoice/23 - ::1
2025-08-13 11:35:50 [INFO]: [User:  | ID: ] GET /invoice/ - ::1
2025-08-13 11:35:55 [INFO]: [User:  | ID: ] GET /show-invoice/ - ::1
2025-08-13 11:35:55 [INFO]: [User:  | ID: ] GET /favicon.ico - ::1
2025-08-13 11:35:57 [INFO]: [User:  | ID: ] GET /show-invoice/23 - ::1
2025-08-13 11:36:00 [INFO]: [User:  | ID: ] GET /show-invoice/?23 - ::1
2025-08-13 11:36:08 [INFO]: [User:  | ID: ] GET /show-invoice/ - ::1
2025-08-13 11:39:41 [INFO]: [User:  | ID: ] GET /single-invoice/23 - ::1
2025-08-13 11:39:47 [INFO]: [User:  | ID: ] GET /show-invoice/:23 - ::1
2025-08-13 11:39:50 [INFO]: [User:  | ID: ] GET /show-invoice/23 - ::1
2025-08-13 11:40:20 [INFO]: [User:  | ID: ] GET /single-invoice/23 - ::1
2025-08-13 11:40:35 [INFO]: [User:  | ID: ] GET /single-invoice/23 - ::1
2025-08-13 11:46:27 [INFO]: [User:  | ID: ] GET /show-invoice - ::1
2025-08-13 11:47:19 [INFO]: [User:  | ID: ] GET /cart-details/213 - ::1
2025-08-13 11:47:19 [INFO]: [User:  | ID: ] GET /cart-details/213 - ::1
2025-08-13 11:47:37 [INFO]: [User:  | ID: ] POST /create-invoice - ::1
2025-08-13 11:54:08 [INFO]: [User:  | ID: ] GET /show-product - ::1
2025-08-13 11:54:08 [INFO]: [User:  | ID: ] GET /show-product - ::1
2025-08-13 11:54:10 [INFO]: [User:  | ID: ] GET /show-users - ::1
2025-08-13 11:54:20 [INFO]: [User:  | ID: ] POST /login - ::1
2025-08-13 11:54:31 [INFO]: [User:  | ID: ] GET /show-users - ::1
2025-08-13 11:54:41 [INFO]: [User:  | ID: ] POST /login - ::1
2025-08-13 11:54:42 [INFO]: [User:  | ID: ] GET /show-users - ::1
2025-08-13 11:54:42 [INFO]: [User:  | ID: ] GET /show-users - ::1
2025-08-13 11:54:43 [INFO]: [User:  | ID: ] GET /show-ticket - ::1
2025-08-13 11:54:43 [INFO]: [User:  | ID: ] GET /show-ticket - ::1
2025-08-13 11:54:50 [INFO]: [User:  | ID: ] GET /cart-details/213 - ::1
2025-08-13 11:54:50 [INFO]: [User:  | ID: ] GET /cart-details/213 - ::1
2025-08-13 11:54:52 [INFO]: [User:  | ID: ] POST /create-invoice - ::1
2025-08-13 11:55:35 [INFO]: [User:  | ID: ] GET /cart-details/213 - ::1
2025-08-13 11:55:35 [INFO]: [User:  | ID: ] GET /cart-details/213 - ::1
2025-08-13 11:55:37 [INFO]: [User:  | ID: ] POST /create-invoice - ::1
2025-08-13 11:55:54 [INFO]: [User:  | ID: ] GET /cart-details/213 - ::1
2025-08-13 11:55:54 [INFO]: [User:  | ID: ] POST /create-invoice - ::1
2025-08-13 11:55:57 [INFO]: [User:  | ID: ] POST /create-invoice - ::1
2025-08-13 11:58:20 [INFO]: [User:  | ID: ] GET /cart-details/213 - ::1
2025-08-13 11:58:20 [INFO]: [User:  | ID: ] GET /cart-details/213 - ::1
2025-08-13 11:58:22 [INFO]: [User:  | ID: ] POST /create-invoice - ::1
2025-08-13 12:00:09 [INFO]: [User:  | ID: ] GET /single-invoice/28 - ::1
2025-08-13 12:00:51 [INFO]: [User:  | ID: ] GET /single-invoice/28 - ::1
2025-08-13 12:00:56 [INFO]: [User:  | ID: ] GET /cart-details/213 - ::1
2025-08-13 12:00:56 [INFO]: [User:  | ID: ] GET /cart-details/213 - ::1
2025-08-13 12:00:59 [INFO]: [User:  | ID: ] POST /create-invoice - ::1
2025-08-13 12:00:59 [INFO]: [User:  | ID: ] GET /single-invoice/29 - ::1
2025-08-13 12:00:59 [INFO]: [User:  | ID: ] GET /single-invoice/29 - ::1
2025-08-13 12:01:15 [INFO]: [User:  | ID: ] GET /single-invoice/29 - ::1
2025-08-13 12:01:28 [INFO]: [User:  | ID: ] GET /single-invoice/29 - ::1
2025-08-13 12:01:39 [INFO]: [User:  | ID: ] GET /single-invoice/29 - ::1
2025-08-13 12:03:37 [INFO]: [User:  | ID: ] GET /single-invoice/29 - ::1
2025-08-13 12:03:47 [INFO]: [User:  | ID: ] GET /single-invoice/29 - ::1
2025-08-13 12:05:04 [INFO]: [User:  | ID: ] GET /single-invoice/29 - ::1
2025-08-13 12:05:08 [INFO]: [User:  | ID: ] GET /single-invoice/29 - ::1
2025-08-13 12:05:15 [INFO]: [User:  | ID: ] GET /single-invoice/29 - ::1
2025-08-13 12:05:49 [INFO]: [User:  | ID: ] GET /single-invoice/29 - ::1
2025-08-13 12:06:35 [INFO]: [User:  | ID: ] GET /single-invoice/23 - ::1
2025-08-13 12:06:36 [INFO]: [User:  | ID: ] GET /favicon.ico - ::1
2025-08-13 12:06:38 [INFO]: [User:  | ID: ] GET /cart-details/213 - ::1
2025-08-13 12:06:38 [INFO]: [User:  | ID: ] GET /cart-details/213 - ::1
2025-08-13 12:09:50 [INFO]: [User:  | ID: ] POST /create-invoice - ::1
2025-08-13 12:10:54 [INFO]: [User:  | ID: ] GET /show-invoice - ::1
2025-08-13 12:10:54 [INFO]: [User:  | ID: ] GET /show-invoice - ::1
2025-08-13 12:11:02 [INFO]: [User:  | ID: ] DELETE /delete-allinvoice - ::1
2025-08-13 12:11:04 [INFO]: [User:  | ID: ] GET /cart-details/213 - ::1
2025-08-13 12:11:04 [INFO]: [User:  | ID: ] GET /cart-details/213 - ::1
2025-08-13 12:11:06 [INFO]: [User:  | ID: ] POST /create-invoice - ::1
2025-08-13 12:11:21 [INFO]: [User:  | ID: ] GET /single-invoice/31 - ::1
2025-08-13 12:13:27 [INFO]: [User:  | ID: ] GET /single-invoice/31 - ::1
2025-08-13 12:14:12 [INFO]: [User:  | ID: ] GET /single-invoice/31 - ::1
2025-08-13 12:14:26 [INFO]: [User:  | ID: ] GET /single-invoice/31 - ::1
2025-08-13 12:14:32 [INFO]: [User:  | ID: ] GET /single-invoice/31 - ::1
2025-08-13 12:14:41 [INFO]: [User:  | ID: ] GET /single-invoice/31 - ::1
2025-08-13 12:15:21 [INFO]: [User:  | ID: ] GET /single-invoice/31 - ::1
2025-08-13 12:16:35 [INFO]: [User:  | ID: ] GET /single-invoice/31 - ::1
2025-08-13 12:17:16 [INFO]: [User:  | ID: ] GET /single-invoice/31 - ::1
2025-08-13 12:18:57 [INFO]: [User:  | ID: ] GET /single-invoice/31 - ::1
2025-08-13 12:20:10 [INFO]: [User:  | ID: ] GET /single-invoice/31 - ::1
2025-08-13 12:21:52 [INFO]: [User:  | ID: ] GET /single-invoice/31 - ::1
2025-08-13 12:22:49 [INFO]: [User:  | ID: ] GET /single-invoice/31 - ::1
2025-08-13 12:23:01 [INFO]: [User:  | ID: ] GET /single-invoice/23 - ::1
2025-08-13 12:23:01 [INFO]: [User:  | ID: ] GET /favicon.ico - ::1
2025-08-13 12:23:06 [INFO]: [User:  | ID: ] GET /single-invoice/31 - ::1
2025-08-13 12:23:29 [INFO]: [User:  | ID: ] GET /show-users - ::1
2025-08-13 12:23:35 [INFO]: [User:  | ID: ] GET /show-invoice - ::1
2025-08-13 12:23:35 [INFO]: [User:  | ID: ] GET /show-invoice - ::1
2025-08-13 12:23:43 [INFO]: [User:  | ID: ] GET /cart-details/213 - ::1
2025-08-13 12:23:43 [INFO]: [User:  | ID: ] GET /cart-details/213 - ::1
2025-08-13 12:23:59 [INFO]: [User:  | ID: ] POST /create-invoice - ::1
2025-08-13 12:23:59 [INFO]: [User:  | ID: ] GET /single-invoice/32 - ::1
2025-08-13 12:23:59 [INFO]: [User:  | ID: ] GET /single-invoice/32 - ::1
2025-08-13 12:24:05 [INFO]: [User:  | ID: ] GET /show-invoice - ::1
2025-08-13 12:24:05 [INFO]: [User:  | ID: ] GET /show-invoice - ::1
2025-08-13 12:26:15 [INFO]: [User:  | ID: ] GET /cart-details/213 - ::1
2025-08-13 12:26:15 [INFO]: [User:  | ID: ] GET /cart-details/213 - ::1
2025-08-13 12:26:28 [INFO]: [User:  | ID: ] POST /create-invoice - ::1
2025-08-13 12:26:28 [INFO]: [User:  | ID: ] GET /single-invoice/33 - ::1
2025-08-13 12:26:28 [INFO]: [User:  | ID: ] GET /single-invoice/33 - ::1
2025-08-13 12:26:37 [INFO]: [User:  | ID: ] GET /show-invoice - ::1
2025-08-13 12:26:37 [INFO]: [User:  | ID: ] GET /show-invoice - ::1
2025-08-13 12:27:31 [INFO]: [User:  | ID: ] GET /single-invoice/ - ::1
2025-08-13 12:27:41 [INFO]: [User:  | ID: ] GET /show-invoice/ - ::1
2025-08-13 12:27:58 [INFO]: [User:  | ID: ] GET /cart-details/213 - ::1
2025-08-13 12:27:58 [INFO]: [User:  | ID: ] GET /cart-details/213 - ::1
2025-08-13 12:28:13 [INFO]: [User:  | ID: ] POST /create-invoice - ::1
2025-08-13 12:28:13 [INFO]: [User:  | ID: ] GET /single-invoice/34 - ::1
2025-08-13 12:28:13 [INFO]: [User:  | ID: ] GET /single-invoice/34 - ::1
2025-08-13 12:28:25 [INFO]: [User:  | ID: ] GET /single-invoice?id=34 - ::1
2025-08-13 12:28:27 [INFO]: [User:  | ID: ] GET /show-invoice/ - ::1
2025-08-13 12:28:33 [INFO]: [User:  | ID: ] GET /single-invoice/34 - ::1
2025-08-13 12:28:40 [INFO]: [User:  | ID: ] GET /single-invoice/34 - ::1
2025-08-13 12:29:20 [INFO]: [User:  | ID: ] GET /single-invoice/34 - ::1
2025-08-13 12:29:29 [INFO]: [User:  | ID: ] GET /single-invoice/34 - ::1
2025-08-13 12:32:16 [INFO]: [User:  | ID: ] GET /single-invoice/34 - ::1
2025-08-13 12:32:22 [INFO]: [User:  | ID: ] GET /cart-details/213 - ::1
2025-08-13 12:32:22 [INFO]: [User:  | ID: ] GET /cart-details/213 - ::1
2025-08-13 12:32:58 [INFO]: [User:  | ID: ] GET /cart-details/213 - ::1
2025-08-13 12:33:42 [INFO]: [User:  | ID: ] GET /cart-details/213 - ::1
2025-08-13 12:33:51 [INFO]: [User:  | ID: ] GET /cart-details/213 - ::1
2025-08-13 12:33:53 [INFO]: [User:  | ID: ] POST /create-invoice - ::1
2025-08-13 12:33:56 [INFO]: [User:  | ID: ] GET /single-invoice/35 - ::1
2025-08-13 12:34:19 [INFO]: [User:  | ID: ] GET /single-invoice/35 - ::1
2025-08-13 12:34:42 [INFO]: [User:  | ID: ] GET /single-invoice/35 - ::1
2025-08-13 12:34:59 [INFO]: [User:  | ID: ] GET /single-invoice/35 - ::1
2025-08-13 12:35:13 [INFO]: [User:  | ID: ] GET /single-invoice/35 - ::1
2025-08-13 12:35:46 [INFO]: [User:  | ID: ] GET /single-invoice/35 - ::1
2025-08-13 12:36:36 [INFO]: [User:  | ID: ] GET /single-invoice/35 - ::1
2025-08-13 12:36:40 [INFO]: [User:  | ID: ] GET /single-invoice/35 - ::1
2025-08-13 12:37:22 [INFO]: [User:  | ID: ] GET /single-invoice/35 - ::1
2025-08-13 12:40:16 [INFO]: [User:  | ID: ] GET /single-invoice/35 - ::1
2025-08-13 12:48:02 [INFO]: [User:  | ID: ] GET /single-invoice/35 - ::1
2025-08-13 12:52:57 [INFO]: [User:  | ID: ] GET /single-invoice/35 - ::1
2025-08-13 12:53:03 [INFO]: [User:  | ID: ] GET /single-invoice/35 - ::1
2025-08-13 17:49:06 [INFO]: [User:  | ID: ] GET /show-ticket - ::1
2025-08-13 17:49:06 [INFO]: [User:  | ID: ] GET /show-ticket - ::1
2025-08-13 17:49:40 [INFO]: [User:  | ID: ] POST /create-ticket - ::1
2025-08-13 17:49:43 [INFO]: [User:  | ID: ] POST /create-ticket - ::1
2025-08-13 17:49:43 [INFO]: [User:  | ID: ] GET /show-ticket - ::1
2025-08-13 17:49:53 [INFO]: [User:  | ID: ] GET /cart-details/213 - ::1
2025-08-13 17:49:53 [INFO]: [User:  | ID: ] GET /cart-details/213 - ::1
2025-08-13 17:49:56 [INFO]: [User:  | ID: ] POST /create-invoice - ::1
2025-08-13 17:49:56 [INFO]: [User:  | ID: ] GET /single-invoice/36 - ::1
2025-08-13 17:49:56 [INFO]: [User:  | ID: ] GET /single-invoice/36 - ::1
2025-08-13 17:51:30 [INFO]: [User:  | ID: ] GET /single-invoice/36 - ::1
2025-08-13 17:51:43 [INFO]: [User:  | ID: ] GET /single-invoice/36 - ::1
2025-08-13 17:51:50 [INFO]: [User:  | ID: ] GET /single-invoice/36 - ::1
2025-08-13 17:53:52 [INFO]: [User:  | ID: ] GET /show-invoice - ::1
2025-08-13 17:53:52 [INFO]: [User:  | ID: ] GET /show-invoice - ::1
2025-08-13 18:01:29 [INFO]: [User:  | ID: ] GET /show-ticket - ::1
2025-08-13 18:01:29 [INFO]: [User:  | ID: ] GET /show-ticket - ::1
2025-08-13 18:02:00 [INFO]: [User:  | ID: ] POST /update-ticket - ::1
2025-08-13 18:02:00 [INFO]: [User:  | ID: ] GET /show-ticket - ::1
2025-08-13 18:02:26 [INFO]: [User:  | ID: ] POST /update-ticket - ::1
2025-08-13 18:02:26 [INFO]: [User:  | ID: ] GET /show-ticket - ::1
2025-08-13 18:07:33 [INFO]: [User:  | ID: ] GET /cart-details/213 - ::1
2025-08-13 18:10:29 [INFO]: [User:  | ID: ] GET /cart-details/213 - ::1
2025-08-13 18:10:37 [INFO]: [User:  | ID: ] GET /cart-details/213 - ::1
2025-08-13 18:10:52 [INFO]: [User:  | ID: ] POST /login - ::1
2025-08-13 18:11:01 [INFO]: [User:  | ID: ] GET /cart-details/213 - ::1
2025-08-13 18:11:01 [INFO]: [User:  | ID: ] GET /cart-details/213 - ::1
2025-08-13 18:11:38 [INFO]: [User:  | ID: ] POST /create-invoice - ::1
2025-08-13 18:11:38 [INFO]: [User:  | ID: ] DELETE /delete-cart/213 - ::1
2025-08-13 18:11:40 [INFO]: [User:  | ID: ] GET /single-invoice/37 - ::1
2025-08-13 18:11:40 [INFO]: [User:  | ID: ] GET /single-invoice/37 - ::1
2025-08-13 18:11:50 [INFO]: [User:  | ID: ] GET /cart-details/213 - ::1
2025-08-13 18:11:50 [INFO]: [User:  | ID: ] GET /cart-details/213 - ::1
