2025-07-15 14:51:37 [INFO]: [User: Guest | ID: NA] GET / - ::1
2025-07-15 14:51:38 [INFO]: [User: Guest | ID: NA] GET /favicon.ico - ::1
2025-07-15 14:57:30 [INFO]: [User: Guest | ID: NA] GET /show-users - ::1
2025-07-15 14:58:07 [INFO]: [User: Guest | ID: NA] GET /show-:users - ::1
2025-07-15 14:58:10 [INFO]: [User: Guest | ID: NA] GET /show-users - ::1
2025-07-15 14:58:47 [INFO]: [User: Guest | ID: NA] GET /show-users - ::1
2025-07-15 14:59:54 [INFO]: [User: Guest | ID: NA] GET /show-users - ::1
2025-07-15 15:00:06 [INFO]: [User: Guest | ID: NA] GET /show-users - ::1
2025-07-15 15:00:30 [INFO]: [User: Guest | ID: NA] GET /show-users - ::1
2025-07-15 15:00:31 [INFO]: [User: Guest | ID: NA] GET /show-users - ::1
2025-07-15 15:00:33 [INFO]: [User: Guest | ID: NA] GET /show-users - ::1
2025-07-15 15:00:53 [INFO]: [User: Guest | ID: NA] GET /show-users - ::1
2025-07-15 15:01:01 [INFO]: [User: Guest | ID: NA] GET /show-users - ::1
2025-07-15 15:02:26 [INFO]: [User: Guest | ID: NA] POST /create-user - ::1
2025-07-15 15:02:30 [INFO]: [User: Guest | ID: NA] GET /show-users - ::1
2025-07-15 15:06:51 [INFO]: [User: Guest | ID: NA] DELETE /delete-user/:id - ::1
2025-07-15 15:07:08 [INFO]: [User: Guest | ID: NA] DELETE /delete-user/:id - ::1
2025-07-15 15:07:10 [INFO]: [User: Guest | ID: NA] DELETE /delete-user/:id - ::1
2025-07-15 15:07:27 [INFO]: [User: Guest | ID: NA] DELETE /delete-user/:id - ::1
2025-07-15 15:07:29 [INFO]: [User: Guest | ID: NA] DELETE /delete-user/:id - ::1
2025-07-15 15:08:53 [INFO]: [User: Guest | ID: NA] DELETE /delete-user/11 - ::1
2025-07-15 15:08:55 [INFO]: [User: Guest | ID: NA] DELETE /delete-user/11 - ::1
2025-07-15 15:09:01 [INFO]: [User: Guest | ID: NA] DELETE /delete-user/11 - ::1
2025-07-15 15:09:57 [INFO]: [User: Guest | ID: NA] DELETE /delete-user/11 - ::1
2025-07-15 15:10:01 [INFO]: [User: Guest | ID: NA] GET /show-users - ::1
2025-07-15 15:31:59 [INFO]: [User: Guest | ID: NA] DELETE /delete-alluser - ::1
2025-07-15 15:32:04 [INFO]: [User: Guest | ID: NA] GET /show-users - ::1
2025-07-15 15:32:06 [INFO]: [User: Guest | ID: NA] GET /show-users - ::1
2025-07-15 15:32:06 [INFO]: [User: Guest | ID: NA] GET /show-users - ::1
2025-07-15 15:33:19 [INFO]: [User: Guest | ID: NA] DELETE /delete-alluser - ::1
2025-07-15 15:33:21 [INFO]: [User: Guest | ID: NA] DELETE /delete-alluser - ::1
2025-07-15 15:33:23 [INFO]: [User: Guest | ID: NA] GET /show-users - ::1
2025-07-15 15:33:24 [INFO]: [User: Guest | ID: NA] GET /show-users - ::1
2025-07-15 15:33:24 [INFO]: [User: Guest | ID: NA] GET /show-users - ::1
2025-07-15 15:33:25 [INFO]: [User: Guest | ID: NA] GET /show-users - ::1
2025-07-15 15:33:45 [INFO]: [User: Guest | ID: NA] DELETE /delete-alluser - ::1
2025-07-15 15:33:48 [INFO]: [User: Guest | ID: NA] GET /show-users - ::1
2025-07-15 15:42:01 [INFO]: [User: Guest | ID: NA] GET /show-users - ::1
2025-07-15 15:42:58 [INFO]: [User: Guest | ID: NA] POST /update-user - ::1
2025-07-15 15:43:04 [INFO]: [User: Guest | ID: NA] POST /update-user - ::1
2025-07-15 15:43:42 [INFO]: [User: Guest | ID: NA] POST /update-user - ::1
2025-07-15 15:43:59 [INFO]: [User: Guest | ID: NA] GET /show-users - ::1
2025-07-15 15:44:39 [INFO]: [User: Guest | ID: NA] POST /update-user - ::1
2025-07-15 15:45:55 [INFO]: [User: Guest | ID: NA] POST /update-user - ::1
2025-07-15 15:45:56 [INFO]: [User: Guest | ID: NA] POST /update-user - ::1
2025-07-15 15:46:28 [INFO]: [User: Guest | ID: NA] POST /update-user - ::1
2025-07-15 15:46:52 [INFO]: [User: Guest | ID: NA] POST /update-user - ::1
2025-07-15 15:48:41 [INFO]: [User: Guest | ID: NA] POST /update-user - ::1
2025-07-15 15:48:45 [INFO]: [User: Guest | ID: NA] GET /show-users - ::1
2025-07-15 15:48:45 [INFO]: [User: Guest | ID: NA] GET /favicon.ico - ::1
2025-07-15 16:28:34 [INFO]: [User: Guest | ID: NA] GET /show-users - ::1
2025-07-15 16:29:26 [INFO]: [User: Guest | ID: NA] GET /show-users - ::1
2025-07-15 16:30:00 [INFO]: [User: Guest | ID: NA] GET /show-users - ::1
2025-07-15 16:30:05 [INFO]: [User: Guest | ID: NA] GET /show-users - ::1
2025-07-15 16:30:19 [INFO]: [User: Guest | ID: NA] GET /show-users - ::1
2025-07-15 16:30:35 [INFO]: [User: Guest | ID: NA] GET /show-users - ::1
2025-07-15 16:30:47 [INFO]: [User: Guest | ID: NA] GET /show-users - ::1
2025-07-15 16:30:51 [INFO]: [User: Guest | ID: NA] GET /show-users - ::1
2025-07-15 16:31:01 [INFO]: [User: Guest | ID: NA] GET /show-users - ::1
2025-07-15 16:31:10 [INFO]: [User: Guest | ID: NA] GET /show-users - ::1
2025-07-15 16:31:17 [INFO]: [User: Guest | ID: NA] GET /show-users - ::1
2025-07-15 16:31:48 [INFO]: [User: Guest | ID: NA] GET /show-users - ::1
2025-07-15 16:31:57 [INFO]: [User: Guest | ID: NA] GET /show-users - ::1
2025-07-15 16:34:15 [INFO]: [User: Guest | ID: NA] GET /show-users - ::1
2025-07-15 16:34:58 [INFO]: [User: Guest | ID: NA] GET /show-users - ::1
2025-07-15 16:37:09 [INFO]: [User: Guest | ID: NA] GET /show-users - ::1
2025-07-15 16:37:20 [INFO]: [User: Guest | ID: NA] GET /show-users - ::1
2025-07-15 16:37:42 [INFO]: [User: Guest | ID: NA] GET /show-users - ::1
2025-07-15 16:38:30 [INFO]: [User: Guest | ID: NA] GET /show-users - ::1
2025-07-15 16:39:19 [INFO]: [User: Guest | ID: NA] GET /show-users - ::1
2025-07-15 16:39:27 [INFO]: [User: Guest | ID: NA] GET /show-users - ::1
2025-07-15 16:41:10 [INFO]: [User: Guest | ID: NA] GET /show-users - ::1
2025-07-15 16:42:01 [INFO]: [User: Guest | ID: NA] GET /show-users - ::1
2025-07-15 16:42:08 [INFO]: [User: Guest | ID: NA] GET /show-users - ::1
2025-07-15 16:42:19 [INFO]: [User: Guest | ID: NA] GET /show-users - ::1
2025-07-15 16:42:42 [INFO]: [User: Guest | ID: NA] GET /show-users - ::1
2025-07-15 16:43:01 [INFO]: [User: Guest | ID: NA] GET /show-users - ::1
2025-07-15 16:43:12 [INFO]: [User: Guest | ID: NA] GET /show-users - ::1
2025-07-15 16:43:31 [INFO]: [User: Guest | ID: NA] GET /show-users - ::1
2025-07-15 16:44:18 [INFO]: [User: Guest | ID: NA] GET /show-users - ::1
2025-07-15 16:44:30 [INFO]: [User: Guest | ID: NA] GET /show-users - ::1
2025-07-15 16:44:46 [INFO]: [User: Guest | ID: NA] GET /show-users - ::1
2025-07-15 16:45:29 [INFO]: [User: Guest | ID: NA] GET /show-users - ::1
2025-07-15 16:45:47 [INFO]: [User: Guest | ID: NA] GET /show-users - ::1
2025-07-15 16:45:47 [INFO]: [User: Guest | ID: NA] GET /favicon.ico - ::1
2025-07-15 16:47:05 [INFO]: [User: Guest | ID: NA] GET /show-users - ::1
2025-07-15 16:47:11 [INFO]: [User: Guest | ID: NA] GET /show-users - ::1
2025-07-15 16:47:20 [INFO]: [User: Guest | ID: NA] GET /show-users - ::1
2025-07-15 16:47:53 [INFO]: [User: Guest | ID: NA] GET /show-users - ::1
2025-07-15 16:47:58 [INFO]: [User: Guest | ID: NA] GET /show-users - ::1
2025-07-15 16:48:05 [INFO]: [User: Guest | ID: NA] GET /show-users - ::1
2025-07-15 16:48:19 [INFO]: [User: Guest | ID: NA] GET /show-users - ::1
2025-07-15 16:48:26 [INFO]: [User: Guest | ID: NA] GET /show-users - ::1
2025-07-15 16:48:40 [INFO]: [User: Guest | ID: NA] GET /show-users - ::1
2025-07-15 16:48:49 [INFO]: [User: Guest | ID: NA] GET /show-users - ::1
2025-07-15 16:49:35 [INFO]: [User: Guest | ID: NA] GET /show-users - ::1
2025-07-15 16:49:43 [INFO]: [User: Guest | ID: NA] GET /show-users - ::1
2025-07-15 16:50:09 [INFO]: [User: Guest | ID: NA] GET /show-users - ::1
2025-07-15 16:50:30 [INFO]: [User: Guest | ID: NA] GET /show-users - ::1
2025-07-15 16:51:47 [INFO]: [User: Guest | ID: NA] GET /show-users - ::1
2025-07-15 16:52:38 [INFO]: [User: Guest | ID: NA] GET /show-users - ::1
2025-07-15 16:53:11 [INFO]: [User: Guest | ID: NA] GET /show-users - ::1
2025-07-15 16:59:10 [INFO]: [User: Guest | ID: NA] GET /show-users - ::1
2025-07-15 16:59:10 [INFO]: [User: Guest | ID: NA] GET /favicon.ico - ::1
2025-07-15 17:05:13 [INFO]: [User: Guest | ID: NA] POST /create-user - ::1
2025-07-15 17:05:16 [INFO]: [User: Guest | ID: NA] GET /show-users - ::1
2025-07-15 17:05:16 [INFO]: [User: Guest | ID: NA] GET /show-users - ::1
2025-07-15 17:05:30 [INFO]: [User: Guest | ID: NA] GET /show-users - ::1
2025-07-15 17:05:38 [INFO]: [User: Guest | ID: NA] GET /show-users - ::1
2025-07-15 17:05:43 [INFO]: [User: Guest | ID: NA] GET /show-users - ::1
2025-07-15 17:11:02 [INFO]: [User: Guest | ID: NA] POST /create-user - ::1
2025-07-15 17:11:13 [INFO]: [User: Guest | ID: NA] GET /show-users - ::1
2025-07-15 17:11:13 [INFO]: [User: Guest | ID: NA] GET /show-users - ::1
2025-07-15 17:52:02 [INFO]: [User: Guest | ID: NA] GET /show-users - ::1
2025-07-15 17:52:30 [INFO]: [User: Guest | ID: NA] GET /show-users - ::1
2025-07-15 17:52:47 [INFO]: [User: Guest | ID: NA] GET /show-users - ::1
2025-07-15 17:52:51 [INFO]: [User: Guest | ID: NA] GET /show-users - ::1
2025-07-15 17:52:59 [INFO]: [User: Guest | ID: NA] GET /show-users - ::1
2025-07-15 17:53:04 [INFO]: [User: Guest | ID: NA] GET /show-users - ::1
2025-07-15 17:53:17 [INFO]: [User: Guest | ID: NA] GET /show-users - ::1
