2025-07-16 12:09:13 [INFO]: [User: Guest | ID: NA] GET /show-users - ::1
2025-07-16 12:16:50 [INFO]: [User: Guest | ID: NA] GET /show-users - ::1
2025-07-16 12:18:35 [INFO]: [User: Guest | ID: NA] GET /show-users - ::1
2025-07-16 12:23:19 [INFO]: [User: Guest | ID: NA] GET /show-users - ::1
2025-07-16 12:24:31 [INFO]: [User: Guest | ID: NA] GET /show-users - ::1
2025-07-16 12:24:32 [INFO]: [User: Guest | ID: NA] GET /show-users - ::1
2025-07-16 12:24:35 [INFO]: [User: Guest | ID: NA] GET /show-users - ::1
2025-07-16 12:24:46 [INFO]: [User: Guest | ID: NA] GET /show-users - ::1
2025-07-16 12:26:07 [INFO]: [User: Guest | ID: NA] GET /show-users - ::1
2025-07-16 12:26:35 [INFO]: [User: Guest | ID: NA] GET /show-users - ::1
2025-07-16 12:26:44 [INFO]: [User: Guest | ID: NA] GET /show-users - ::1
2025-07-16 12:27:24 [INFO]: [User: Guest | ID: NA] GET /show-users - ::1
2025-07-16 12:28:04 [INFO]: [User: Guest | ID: NA] GET /show-users - ::1
2025-07-16 12:28:07 [INFO]: [User: Guest | ID: NA] GET /show-users - ::1
2025-07-16 12:28:22 [INFO]: [User: Guest | ID: NA] GET /show-users - ::1
2025-07-16 12:28:32 [INFO]: [User: Guest | ID: NA] GET /show-users - ::1
2025-07-16 12:28:39 [INFO]: [User: Guest | ID: NA] GET /show-users - ::1
2025-07-16 12:29:13 [INFO]: [User: Guest | ID: NA] GET /show-users - ::1
2025-07-16 12:33:12 [INFO]: [User: Guest | ID: NA] GET /show-users - ::1
2025-07-16 12:33:40 [INFO]: [User: Guest | ID: NA] GET /show-users - ::1
2025-07-16 12:34:57 [INFO]: [User: Guest | ID: NA] GET /show-users - ::1
2025-07-16 12:35:01 [INFO]: [User: Guest | ID: NA] DELETE /delete-user/9 - ::1
2025-07-16 12:35:12 [INFO]: [User: Guest | ID: NA] GET /show-users - ::1
2025-07-16 12:36:20 [INFO]: [User: Guest | ID: NA] GET /show-users - ::1
2025-07-16 12:36:42 [INFO]: [User: Guest | ID: NA] GET /show-users - ::1
2025-07-16 12:36:48 [INFO]: [User: Guest | ID: NA] DELETE /delete-user/7 - ::1
2025-07-16 12:40:08 [INFO]: [User: Guest | ID: NA] GET /show-users - ::1
2025-07-16 12:40:10 [INFO]: [User: Guest | ID: NA] GET /show-users - ::1
2025-07-16 12:40:28 [INFO]: [User: Guest | ID: NA] GET /show-users - ::1
2025-07-16 12:44:16 [INFO]: [User: Guest | ID: NA] GET /show-users - ::1
2025-07-16 12:44:33 [INFO]: [User: Guest | ID: NA] POST /update-user - ::1
2025-07-16 12:44:39 [INFO]: [User: Guest | ID: NA] GET /show-users - ::1
2025-07-16 12:44:39 [INFO]: [User: Guest | ID: NA] GET /show-users - ::1
2025-07-16 12:44:55 [INFO]: [User: Guest | ID: NA] POST /update-user - ::1
2025-07-16 12:44:59 [INFO]: [User: Guest | ID: NA] GET /show-users - ::1
2025-07-16 12:44:59 [INFO]: [User: Guest | ID: NA] GET /show-users - ::1
2025-07-16 12:45:42 [INFO]: [User: Guest | ID: NA] GET /show-users - ::1
2025-07-16 12:45:42 [INFO]: [User: Guest | ID: NA] GET /show-users - ::1
2025-07-16 12:51:16 [INFO]: [User: Guest | ID: NA] GET /show-users - ::1
2025-07-16 12:57:02 [INFO]: [User: Guest | ID: NA] DELETE /delete-alluser - ::1
2025-07-16 12:57:49 [INFO]: [User: Guest | ID: NA] GET /show-users - ::1
2025-07-16 12:58:28 [INFO]: [User: Guest | ID: NA] GET /show-users - ::1
2025-07-16 12:58:28 [INFO]: [User: Guest | ID: NA] GET /show-users - ::1
2025-07-16 13:00:06 [INFO]: [User: Guest | ID: NA] GET /show-users - ::1
2025-07-16 13:00:47 [INFO]: [User: Guest | ID: NA] GET /show-users - ::1
2025-07-16 13:00:51 [INFO]: [User: Guest | ID: NA] GET /show-users - ::1
2025-07-16 13:00:55 [INFO]: [User: Guest | ID: NA] GET /show-users - ::1
2025-07-16 13:00:59 [INFO]: [User: Guest | ID: NA] GET /show-users - ::1
2025-07-16 13:01:28 [INFO]: [User: Guest | ID: NA] GET /show-users - ::1
2025-07-16 13:02:06 [INFO]: [User: Guest | ID: NA] GET /show-users - ::1
2025-07-16 13:02:09 [INFO]: [User: Guest | ID: NA] GET /show-users - ::1
2025-07-16 13:02:16 [INFO]: [User: Guest | ID: NA] GET /show-users - ::1
2025-07-16 13:02:32 [INFO]: [User: Guest | ID: NA] GET /show-users - ::1
2025-07-16 13:02:55 [INFO]: [User: Guest | ID: NA] GET /show-users - ::1
2025-07-16 13:02:55 [INFO]: [User: Guest | ID: NA] GET /show-users - ::1
2025-07-16 13:03:22 [INFO]: [User: Guest | ID: NA] GET /show-users - ::1
2025-07-16 14:49:29 [INFO]: [User: Guest | ID: NA] GET /show-users - ::1
2025-07-16 14:50:14 [INFO]: [User: Guest | ID: NA] GET /show-users - ::1
2025-07-16 14:50:14 [INFO]: [User: Guest | ID: NA] GET /show-users - ::1
2025-07-16 14:50:17 [INFO]: [User: Guest | ID: NA] GET /show-users - ::1
2025-07-16 14:50:17 [INFO]: [User: Guest | ID: NA] GET /show-users - ::1
2025-07-16 14:50:19 [INFO]: [User: Guest | ID: NA] GET /show-users - ::1
2025-07-16 14:50:19 [INFO]: [User: Guest | ID: NA] GET /show-users - ::1
2025-07-16 14:50:36 [INFO]: [User: Guest | ID: NA] GET /show-users - ::1
2025-07-16 14:53:00 [INFO]: [User: Guest | ID: NA] GET / - ::1
2025-07-16 14:53:01 [INFO]: [User: Guest | ID: NA] GET /favicon.ico - ::1
2025-07-16 14:53:02 [INFO]: [User: Guest | ID: NA] GET / - ::1
2025-07-16 14:53:27 [INFO]: [User: Guest | ID: NA] GET /show-users - ::1
2025-07-16 14:53:31 [INFO]: [User: Guest | ID: NA] GET /show-users - ::1
2025-07-16 14:53:31 [INFO]: [User: Guest | ID: NA] GET /favicon.ico - ::1
2025-07-16 14:53:33 [INFO]: [User: Guest | ID: NA] GET /show-users - ::1
2025-07-16 14:53:33 [INFO]: [User: Guest | ID: NA] GET /favicon.ico - ::1
2025-07-16 14:53:42 [INFO]: [User: Guest | ID: NA] GET /show-tickets - ::1
2025-07-16 14:54:49 [INFO]: [User: Guest | ID: NA] GET /show-ticket - ::1
2025-07-16 15:16:24 [INFO]: [User: Guest | ID: NA] GET /show-users - ::1
2025-07-16 15:17:23 [INFO]: [User: Guest | ID: NA] GET /show-users - ::1
2025-07-16 15:24:04 [INFO]: [User: Guest | ID: NA] GET /show-ticket - ::1
2025-07-16 15:24:06 [INFO]: [User: Guest | ID: NA] GET /show-ticket - ::1
2025-07-16 15:24:15 [INFO]: [User: Guest | ID: NA] GET /show-ticket - ::1
2025-07-16 15:24:21 [INFO]: [User: Guest | ID: NA] GET /show-ticket - ::1
2025-07-16 15:24:22 [INFO]: [User: Guest | ID: NA] GET /show-ticket - ::1
2025-07-16 15:24:50 [INFO]: [User: Guest | ID: NA] GET /show-ticket - ::1
2025-07-16 15:45:09 [INFO]: [User: Guest | ID: NA] GET /show-ticket - ::1
2025-07-16 15:45:59 [INFO]: [User: Guest | ID: NA] GET /show-ticket - ::1
2025-07-16 15:46:04 [INFO]: [User: Guest | ID: NA] GET /show-users - ::1
2025-07-16 15:46:04 [INFO]: [User: Guest | ID: NA] GET /show-users - ::1
2025-07-16 15:46:05 [INFO]: [User: Guest | ID: NA] GET /show-ticket - ::1
2025-07-16 15:46:05 [INFO]: [User: Guest | ID: NA] GET /show-ticket - ::1
2025-07-16 15:46:38 [INFO]: [User: Guest | ID: NA] DELETE /delete-ticket/undefined - ::1
2025-07-16 15:46:39 [INFO]: [User: Guest | ID: NA] GET /show-users - ::1
2025-07-16 15:46:39 [INFO]: [User: Guest | ID: NA] GET /show-users - ::1
2025-07-16 15:46:44 [INFO]: [User: Guest | ID: NA] DELETE /delete-user/10 - ::1
2025-07-16 15:47:54 [INFO]: [User: Guest | ID: NA] DELETE /delete-alluser - ::1
2025-07-16 15:49:09 [INFO]: [User: Guest | ID: NA] GET /show-users - ::1
2025-07-16 15:49:21 [INFO]: [User: Guest | ID: NA] GET /show-users - ::1
2025-07-16 15:49:24 [INFO]: [User: Guest | ID: NA] GET /show-users - ::1
2025-07-16 15:49:56 [INFO]: [User: Guest | ID: NA] GET /show-users - ::1
2025-07-16 15:50:04 [INFO]: [User: Guest | ID: NA] DELETE /delete-alluser - ::1
2025-07-16 15:50:19 [INFO]: [User: Guest | ID: NA] GET /show-users - ::1
2025-07-16 15:51:04 [INFO]: [User: Guest | ID: NA] GET /show-users - ::1
2025-07-16 15:51:18 [INFO]: [User: Guest | ID: NA] GET /show-users - ::1
2025-07-16 15:51:36 [INFO]: [User: Guest | ID: NA] GET /show-users - ::1
2025-07-16 15:51:39 [INFO]: [User: Guest | ID: NA] GET /show-users - ::1
2025-07-16 15:52:23 [INFO]: [User: Guest | ID: NA] GET /show-users - ::1
2025-07-16 15:52:25 [INFO]: [User: Guest | ID: NA] GET /show-ticket - ::1
2025-07-16 15:52:25 [INFO]: [User: Guest | ID: NA] GET /show-ticket - ::1
2025-07-16 15:52:26 [INFO]: [User: Guest | ID: NA] GET /show-users - ::1
2025-07-16 15:52:26 [INFO]: [User: Guest | ID: NA] GET /show-users - ::1
2025-07-16 15:52:31 [INFO]: [User: Guest | ID: NA] GET /show-ticket - ::1
2025-07-16 15:52:31 [INFO]: [User: Guest | ID: NA] GET /show-ticket - ::1
2025-07-16 15:52:36 [INFO]: [User: Guest | ID: NA] GET /show-users - ::1
2025-07-16 15:52:36 [INFO]: [User: Guest | ID: NA] GET /show-users - ::1
2025-07-16 15:53:38 [INFO]: [User: Guest | ID: NA] GET /show-ticket - ::1
2025-07-16 15:53:38 [INFO]: [User: Guest | ID: NA] GET /show-ticket - ::1
2025-07-16 15:53:39 [INFO]: [User: Guest | ID: NA] GET /show-users - ::1
2025-07-16 15:53:39 [INFO]: [User: Guest | ID: NA] GET /show-users - ::1
2025-07-16 15:53:44 [INFO]: [User: Guest | ID: NA] DELETE /delete-user/21 - ::1
2025-07-16 15:56:47 [INFO]: [User: Guest | ID: NA] GET /show-ticket - ::1
2025-07-16 15:57:01 [INFO]: [User: Guest | ID: NA] GET /show-ticket - ::1
2025-07-16 15:57:04 [INFO]: [User: Guest | ID: NA] GET /show-ticket - ::1
2025-07-16 15:57:08 [INFO]: [User: Guest | ID: NA] GET /show-ticket - ::1
2025-07-16 15:57:21 [INFO]: [User: Guest | ID: NA] GET /show-ticket - ::1
2025-07-16 15:57:28 [INFO]: [User: Guest | ID: NA] GET /show-ticket - ::1
2025-07-16 15:57:33 [INFO]: [User: Guest | ID: NA] GET /show-ticket - ::1
2025-07-16 15:57:43 [INFO]: [User: Guest | ID: NA] GET /show-users - ::1
2025-07-16 15:57:45 [INFO]: [User: Guest | ID: NA] GET /show-ticket - ::1
2025-07-16 15:57:45 [INFO]: [User: Guest | ID: NA] GET /show-ticket - ::1
2025-07-16 15:57:58 [INFO]: [User: Guest | ID: NA] GET /show-ticket - ::1
2025-07-16 15:59:22 [INFO]: [User: Guest | ID: NA] GET /show-ticket - ::1
2025-07-16 15:59:26 [INFO]: [User: Guest | ID: NA] GET /show-users - ::1
2025-07-16 15:59:26 [INFO]: [User: Guest | ID: NA] GET /show-users - ::1
2025-07-16 15:59:27 [INFO]: [User: Guest | ID: NA] GET /show-ticket - ::1
2025-07-16 15:59:27 [INFO]: [User: Guest | ID: NA] GET /show-ticket - ::1
2025-07-16 16:00:15 [INFO]: [User: Guest | ID: NA] GET /show-ticket - ::1
2025-07-16 16:00:23 [INFO]: [User: Guest | ID: NA] GET /show-ticket - ::1
2025-07-16 16:00:25 [INFO]: [User: Guest | ID: NA] GET /show-ticket - ::1
2025-07-16 16:00:35 [INFO]: [User: Guest | ID: NA] GET /show-ticket - ::1
2025-07-16 16:02:40 [INFO]: [User: Guest | ID: NA] GET /show-ticket - ::1
2025-07-16 16:02:43 [INFO]: [User: Guest | ID: NA] GET /show-ticket - ::1
2025-07-16 16:02:46 [INFO]: [User: Guest | ID: NA] DELETE /delete-ticket/10 - ::1
2025-07-16 16:04:58 [INFO]: [User: Guest | ID: NA] GET /show-users - ::1
2025-07-16 16:04:58 [INFO]: [User: Guest | ID: NA] GET /show-users - ::1
2025-07-16 16:04:59 [INFO]: [User: Guest | ID: NA] GET /show-ticket - ::1
2025-07-16 16:04:59 [INFO]: [User: Guest | ID: NA] GET /show-ticket - ::1
2025-07-16 16:05:09 [INFO]: [User: Guest | ID: NA] DELETE /delete-ticket/7 - ::1
2025-07-16 16:05:24 [INFO]: [User: Guest | ID: NA] GET /show-ticket - ::1
2025-07-16 16:05:24 [INFO]: [User: Guest | ID: NA] GET /show-ticket - ::1
2025-07-16 16:05:25 [INFO]: [User: Guest | ID: NA] GET /show-users - ::1
2025-07-16 16:05:25 [INFO]: [User: Guest | ID: NA] GET /show-users - ::1
2025-07-16 16:05:25 [INFO]: [User: Guest | ID: NA] GET /show-ticket - ::1
2025-07-16 16:05:25 [INFO]: [User: Guest | ID: NA] GET /show-ticket - ::1
2025-07-16 16:06:11 [INFO]: [User: Guest | ID: NA] DELETE /delete-ticket/3 - ::1
2025-07-16 16:06:41 [INFO]: [User: Guest | ID: NA] GET /show-ticket - ::1
2025-07-16 16:06:49 [INFO]: [User: Guest | ID: NA] DELETE /delete-ticket/5 - ::1
2025-07-16 16:07:21 [INFO]: [User: Guest | ID: NA] DELETE /delete-allticket - ::1
2025-07-16 16:07:34 [INFO]: [User: Guest | ID: NA] GET /show-ticket - ::1
2025-07-16 16:07:48 [INFO]: [User: Guest | ID: NA] GET /show-ticket - ::1
2025-07-16 16:09:40 [INFO]: [User: Guest | ID: NA] GET /show-ticket - ::1
2025-07-16 16:09:41 [INFO]: [User: Guest | ID: NA] DELETE /delete-allticket - ::1
2025-07-16 16:25:41 [INFO]: [User: Guest | ID: NA] GET /show-users - ::1
2025-07-16 16:25:41 [INFO]: [User: Guest | ID: NA] GET /show-users - ::1
2025-07-16 16:25:41 [INFO]: [User: Guest | ID: NA] GET /show-ticket - ::1
2025-07-16 16:25:41 [INFO]: [User: Guest | ID: NA] GET /show-ticket - ::1
2025-07-16 16:28:15 [INFO]: [User: Guest | ID: NA] GET /show-users - ::1
2025-07-16 16:28:15 [INFO]: [User: Guest | ID: NA] GET /show-users - ::1
2025-07-16 16:28:15 [INFO]: [User: Guest | ID: NA] GET /show-ticket - ::1
2025-07-16 16:28:15 [INFO]: [User: Guest | ID: NA] GET /show-ticket - ::1
2025-07-16 16:30:32 [INFO]: [User: Guest | ID: NA] GET /show-ticket - ::1
2025-07-16 16:30:55 [INFO]: [User: Guest | ID: NA] GET /show-ticket - ::1
2025-07-16 16:31:14 [INFO]: [User: Guest | ID: NA] DELETE /delete-ticket/55 - ::1
2025-07-16 16:31:23 [INFO]: [User: Guest | ID: NA] GET /show-ticket - ::1
2025-07-16 16:31:23 [INFO]: [User: Guest | ID: NA] GET /show-ticket - ::1
2025-07-16 16:32:08 [INFO]: [User: Guest | ID: NA] GET /show-ticket - ::1
2025-07-16 16:32:08 [INFO]: [User: Guest | ID: NA] GET /show-ticket - ::1
2025-07-16 16:37:24 [INFO]: [User: Guest | ID: NA] GET /show-ticket - ::1
2025-07-16 16:37:24 [INFO]: [User: Guest | ID: NA] GET /show-ticket - ::1
2025-07-16 16:37:28 [INFO]: [User: Guest | ID: NA] GET /show-ticket - ::1
2025-07-16 16:37:28 [INFO]: [User: Guest | ID: NA] GET /show-ticket - ::1
2025-07-16 16:40:15 [INFO]: [User: Guest | ID: NA] GET /show-ticket - ::1
2025-07-16 16:41:12 [INFO]: [User: Guest | ID: NA] GET /show-ticket - ::1
2025-07-16 16:41:22 [INFO]: [User: Guest | ID: NA] POST /create-ticket - ::1
2025-07-16 16:42:03 [INFO]: [User: Guest | ID: NA] POST /create-ticket - ::1
2025-07-16 16:42:18 [INFO]: [User: Guest | ID: NA] GET /show-ticket - ::1
2025-07-16 16:42:18 [INFO]: [User: Guest | ID: NA] GET /show-ticket - ::1
2025-07-16 16:42:30 [INFO]: [User: Guest | ID: NA] POST /create-ticket - ::1
2025-07-16 16:42:55 [INFO]: [User: Guest | ID: NA] POST /create-ticket - ::1
2025-07-16 16:43:19 [INFO]: [User: Guest | ID: NA] GET /show-users - ::1
2025-07-16 16:43:19 [INFO]: [User: Guest | ID: NA] GET /show-users - ::1
2025-07-16 16:43:20 [INFO]: [User: Guest | ID: NA] GET /show-ticket - ::1
2025-07-16 16:43:20 [INFO]: [User: Guest | ID: NA] GET /show-ticket - ::1
2025-07-16 16:44:54 [INFO]: [User: Guest | ID: NA] GET /show-ticket - ::1
2025-07-16 16:45:06 [INFO]: [User: Guest | ID: NA] POST /create-ticket - ::1
2025-07-16 16:45:08 [INFO]: [User: Guest | ID: NA] POST /create-ticket - ::1
2025-07-16 16:45:24 [INFO]: [User: Guest | ID: NA] POST /create-ticket - ::1
2025-07-16 16:45:39 [INFO]: [User: Guest | ID: NA] POST /create-ticket - ::1
2025-07-16 16:49:29 [INFO]: [User: Guest | ID: NA] POST /create-ticket - ::1
2025-07-16 16:49:29 [INFO]: [User: Guest | ID: NA] GET /show-ticket - ::1
2025-07-16 16:49:29 [INFO]: [User: Guest | ID: NA] GET /show-ticket - ::1
2025-07-16 17:00:07 [INFO]: [User: Guest | ID: NA] POST /update-ticket - ::1
2025-07-16 17:00:08 [INFO]: [User: Guest | ID: NA] GET /show-ticket - ::1
2025-07-16 17:00:08 [INFO]: [User: Guest | ID: NA] GET /show-ticket - ::1
2025-07-16 17:00:16 [INFO]: [User: Guest | ID: NA] POST /update-ticket - ::1
2025-07-16 17:00:16 [INFO]: [User: Guest | ID: NA] GET /show-ticket - ::1
2025-07-16 17:00:16 [INFO]: [User: Guest | ID: NA] GET /show-ticket - ::1
2025-07-16 17:00:41 [INFO]: [User: Guest | ID: NA] GET /show-ticket - ::1
2025-07-16 17:00:46 [INFO]: [User: Guest | ID: NA] GET /show-ticket - ::1
2025-07-16 17:00:46 [INFO]: [User: Guest | ID: NA] GET /show-ticket - ::1
2025-07-16 17:00:53 [INFO]: [User: Guest | ID: NA] GET /show-ticket - ::1
2025-07-16 17:00:53 [INFO]: [User: Guest | ID: NA] GET /show-ticket - ::1
2025-07-16 17:01:00 [INFO]: [User: Guest | ID: NA] POST /update-ticket - ::1
2025-07-16 17:01:01 [INFO]: [User: Guest | ID: NA] GET /show-ticket - ::1
2025-07-16 17:01:01 [INFO]: [User: Guest | ID: NA] GET /show-ticket - ::1
2025-07-16 17:02:04 [INFO]: [User: Guest | ID: NA] GET /show-ticket - ::1
2025-07-16 17:02:15 [INFO]: [User: Guest | ID: NA] POST /update-ticket - ::1
2025-07-16 17:02:15 [INFO]: [User: Guest | ID: NA] GET /show-ticket - ::1
2025-07-16 17:02:15 [INFO]: [User: Guest | ID: NA] GET /show-ticket - ::1
2025-07-16 17:02:33 [INFO]: [User: Guest | ID: NA] GET /show-users - ::1
2025-07-16 17:02:33 [INFO]: [User: Guest | ID: NA] GET /show-users - ::1
2025-07-16 17:02:35 [INFO]: [User: Guest | ID: NA] GET /show-ticket - ::1
2025-07-16 17:02:35 [INFO]: [User: Guest | ID: NA] GET /show-ticket - ::1
2025-07-16 17:02:35 [INFO]: [User: Guest | ID: NA] GET /show-users - ::1
2025-07-16 17:02:35 [INFO]: [User: Guest | ID: NA] GET /show-users - ::1
2025-07-16 17:05:24 [INFO]: [User: Guest | ID: NA] GET /show-users - ::1
2025-07-16 17:07:33 [INFO]: [User: Guest | ID: NA] GET /show-users - ::1
2025-07-16 17:07:33 [INFO]: [User: Guest | ID: NA] GET /show-users - ::1
2025-07-16 17:07:33 [INFO]: [User: Guest | ID: NA] GET /show-ticket - ::1
2025-07-16 17:07:33 [INFO]: [User: Guest | ID: NA] GET /show-ticket - ::1
2025-07-16 17:07:46 [INFO]: [User: Guest | ID: NA] GET /show-users - ::1
2025-07-16 17:07:46 [INFO]: [User: Guest | ID: NA] GET /show-ticket - ::1
2025-07-16 17:07:59 [INFO]: [User: Guest | ID: NA] GET /show-users - ::1
2025-07-16 17:07:59 [INFO]: [User: Guest | ID: NA] GET /show-ticket - ::1
2025-07-16 17:08:23 [INFO]: [User: Guest | ID: NA] GET /show-users - ::1
2025-07-16 17:08:23 [INFO]: [User: Guest | ID: NA] GET /show-ticket - ::1
2025-07-16 17:08:32 [INFO]: [User: Guest | ID: NA] GET /show-users - ::1
2025-07-16 17:08:32 [INFO]: [User: Guest | ID: NA] GET /show-users - ::1
2025-07-16 17:08:37 [INFO]: [User: Guest | ID: NA] GET /show-ticket - ::1
2025-07-16 17:08:37 [INFO]: [User: Guest | ID: NA] GET /show-ticket - ::1
2025-07-16 17:08:59 [INFO]: [User: Guest | ID: NA] GET /show-users - ::1
2025-07-16 17:08:59 [INFO]: [User: Guest | ID: NA] GET /show-ticket - ::1
2025-07-16 17:09:23 [INFO]: [User: Guest | ID: NA] GET /show-users - ::1
2025-07-16 17:09:23 [INFO]: [User: Guest | ID: NA] GET /show-ticket - ::1
2025-07-16 17:09:39 [INFO]: [User: Guest | ID: NA] GET /show-users - ::1
2025-07-16 17:09:39 [INFO]: [User: Guest | ID: NA] GET /show-ticket - ::1
2025-07-16 17:09:43 [INFO]: [User: Guest | ID: NA] GET /show-users - ::1
2025-07-16 17:09:43 [INFO]: [User: Guest | ID: NA] GET /show-ticket - ::1
2025-07-16 17:09:47 [INFO]: [User: Guest | ID: NA] GET /show-users - ::1
2025-07-16 17:09:47 [INFO]: [User: Guest | ID: NA] GET /show-ticket - ::1
2025-07-16 17:09:57 [INFO]: [User: Guest | ID: NA] GET /show-users - ::1
2025-07-16 17:09:57 [INFO]: [User: Guest | ID: NA] GET /show-ticket - ::1
2025-07-16 17:10:01 [INFO]: [User: Guest | ID: NA] GET /show-users - ::1
2025-07-16 17:10:01 [INFO]: [User: Guest | ID: NA] GET /show-ticket - ::1
2025-07-16 17:10:04 [INFO]: [User: Guest | ID: NA] GET /show-users - ::1
2025-07-16 17:10:05 [INFO]: [User: Guest | ID: NA] GET /show-ticket - ::1
2025-07-16 17:12:05 [INFO]: [User: Guest | ID: NA] GET /show-users - ::1
2025-07-16 17:12:05 [INFO]: [User: Guest | ID: NA] GET /show-ticket - ::1
2025-07-16 17:12:31 [INFO]: [User: Guest | ID: NA] GET /show-users - ::1
2025-07-16 17:12:31 [INFO]: [User: Guest | ID: NA] GET /show-ticket - ::1
2025-07-16 17:12:40 [INFO]: [User: Guest | ID: NA] GET /show-users - ::1
2025-07-16 17:12:40 [INFO]: [User: Guest | ID: NA] GET /show-ticket - ::1
2025-07-16 17:12:46 [INFO]: [User: Guest | ID: NA] GET /show-users - ::1
2025-07-16 17:12:46 [INFO]: [User: Guest | ID: NA] GET /show-ticket - ::1
2025-07-16 17:12:49 [INFO]: [User: Guest | ID: NA] GET /show-users - ::1
2025-07-16 17:12:49 [INFO]: [User: Guest | ID: NA] GET /show-ticket - ::1
2025-07-16 17:13:00 [INFO]: [User: Guest | ID: NA] GET /show-users - ::1
2025-07-16 17:13:00 [INFO]: [User: Guest | ID: NA] GET /show-ticket - ::1
2025-07-16 17:13:05 [INFO]: [User: Guest | ID: NA] GET /show-users - ::1
2025-07-16 17:13:05 [INFO]: [User: Guest | ID: NA] GET /show-ticket - ::1
2025-07-16 17:13:09 [INFO]: [User: Guest | ID: NA] GET /show-users - ::1
2025-07-16 17:13:09 [INFO]: [User: Guest | ID: NA] GET /show-ticket - ::1
2025-07-16 17:13:24 [INFO]: [User: Guest | ID: NA] GET /show-users - ::1
2025-07-16 17:13:25 [INFO]: [User: Guest | ID: NA] GET /show-ticket - ::1
2025-07-16 17:13:31 [INFO]: [User: Guest | ID: NA] GET /show-users - ::1
2025-07-16 17:13:31 [INFO]: [User: Guest | ID: NA] GET /show-ticket - ::1
2025-07-16 17:13:40 [INFO]: [User: Guest | ID: NA] GET /show-users - ::1
2025-07-16 17:13:40 [INFO]: [User: Guest | ID: NA] GET /show-ticket - ::1
2025-07-16 17:13:45 [INFO]: [User: Guest | ID: NA] GET /show-users - ::1
2025-07-16 17:13:45 [INFO]: [User: Guest | ID: NA] GET /show-ticket - ::1
2025-07-16 17:13:58 [INFO]: [User: Guest | ID: NA] GET /show-users - ::1
2025-07-16 17:13:58 [INFO]: [User: Guest | ID: NA] GET /show-ticket - ::1
2025-07-16 17:14:02 [INFO]: [User: Guest | ID: NA] GET /show-users - ::1
2025-07-16 17:14:02 [INFO]: [User: Guest | ID: NA] GET /show-ticket - ::1
2025-07-16 17:14:28 [INFO]: [User: Guest | ID: NA] GET /show-users - ::1
2025-07-16 17:14:28 [INFO]: [User: Guest | ID: NA] GET /show-ticket - ::1
2025-07-16 17:14:33 [INFO]: [User: Guest | ID: NA] GET /show-ticket - ::1
2025-07-16 17:14:42 [INFO]: [User: Guest | ID: NA] POST /update-ticket - ::1
2025-07-16 17:14:42 [INFO]: [User: Guest | ID: NA] GET /show-ticket - ::1
2025-07-16 17:14:42 [INFO]: [User: Guest | ID: NA] GET /show-ticket - ::1
2025-07-16 17:14:51 [INFO]: [User: Guest | ID: NA] GET /show-users - ::1
2025-07-16 17:14:51 [INFO]: [User: Guest | ID: NA] GET /show-ticket - ::1
2025-07-16 17:14:57 [INFO]: [User: Guest | ID: NA] GET /show-users - ::1
2025-07-16 17:14:57 [INFO]: [User: Guest | ID: NA] GET /show-users - ::1
2025-07-16 17:14:57 [INFO]: [User: Guest | ID: NA] GET /show-users - ::1
2025-07-16 17:14:57 [INFO]: [User: Guest | ID: NA] GET /show-users - ::1
2025-07-16 17:14:57 [INFO]: [User: Guest | ID: NA] GET /show-ticket - ::1
2025-07-16 17:14:57 [INFO]: [User: Guest | ID: NA] GET /show-ticket - ::1
2025-07-16 17:14:58 [INFO]: [User: Guest | ID: NA] GET /show-ticket - ::1
2025-07-16 17:14:58 [INFO]: [User: Guest | ID: NA] GET /show-ticket - ::1
2025-07-16 17:15:02 [INFO]: [User: Guest | ID: NA] GET /show-users - ::1
2025-07-16 17:15:02 [INFO]: [User: Guest | ID: NA] GET /show-users - ::1
2025-07-16 17:16:08 [INFO]: [User: Guest | ID: NA] GET /show-users - ::1
2025-07-16 17:16:08 [INFO]: [User: Guest | ID: NA] GET /show-ticket - ::1
2025-07-16 17:16:51 [INFO]: [User: Guest | ID: NA] GET /show-ticket - ::1
2025-07-16 17:16:51 [INFO]: [User: Guest | ID: NA] GET /show-ticket - ::1
2025-07-16 17:17:15 [INFO]: [User: Guest | ID: NA] GET /show-users - ::1
2025-07-16 17:17:15 [INFO]: [User: Guest | ID: NA] GET /show-users - ::1
2025-07-16 17:18:08 [INFO]: [User: Guest | ID: NA] GET /show-ticket - ::1
2025-07-16 17:18:08 [INFO]: [User: Guest | ID: NA] GET /show-ticket - ::1
2025-07-16 17:18:33 [INFO]: [User: Guest | ID: NA] GET /show-users - ::1
2025-07-16 17:18:33 [INFO]: [User: Guest | ID: NA] GET /show-users - ::1
2025-07-16 17:18:38 [INFO]: [User: Guest | ID: NA] GET /show-ticket - ::1
2025-07-16 17:18:38 [INFO]: [User: Guest | ID: NA] GET /show-ticket - ::1
2025-07-16 17:19:04 [INFO]: [User: Guest | ID: NA] GET /show-users - ::1
2025-07-16 17:19:04 [INFO]: [User: Guest | ID: NA] GET /show-users - ::1
2025-07-16 17:19:04 [INFO]: [User: Guest | ID: NA] GET /show-ticket - ::1
2025-07-16 17:19:04 [INFO]: [User: Guest | ID: NA] GET /show-ticket - ::1
2025-07-16 17:19:05 [INFO]: [User: Guest | ID: NA] GET /show-users - ::1
2025-07-16 17:19:05 [INFO]: [User: Guest | ID: NA] GET /show-users - ::1
2025-07-16 17:19:44 [INFO]: [User: Guest | ID: NA] GET /show-ticket - ::1
2025-07-16 17:19:44 [INFO]: [User: Guest | ID: NA] GET /show-ticket - ::1
2025-07-16 17:20:29 [INFO]: [User: Guest | ID: NA] GET /show-ticket - ::1
2025-07-16 17:20:29 [INFO]: [User: Guest | ID: NA] GET /show-ticket - ::1
2025-07-16 17:20:31 [INFO]: [User: Guest | ID: NA] GET /show-users - ::1
2025-07-16 17:20:31 [INFO]: [User: Guest | ID: NA] GET /show-users - ::1
2025-07-16 17:20:32 [INFO]: [User: Guest | ID: NA] GET /show-ticket - ::1
2025-07-16 17:20:32 [INFO]: [User: Guest | ID: NA] GET /show-ticket - ::1
2025-07-16 17:20:54 [INFO]: [User: Guest | ID: NA] GET /show-users - ::1
2025-07-16 17:20:54 [INFO]: [User: Guest | ID: NA] GET /show-users - ::1
2025-07-16 17:21:18 [INFO]: [User: Guest | ID: NA] GET /show-users - ::1
2025-07-16 17:21:19 [INFO]: [User: Guest | ID: NA] GET /show-ticket - ::1
2025-07-16 17:21:24 [INFO]: [User: Guest | ID: NA] GET /show-ticket - ::1
2025-07-16 17:21:30 [INFO]: [User: Guest | ID: NA] GET /show-ticket - ::1
2025-07-16 17:21:30 [INFO]: [User: Guest | ID: NA] GET /show-ticket - ::1
2025-07-16 17:22:01 [INFO]: [User: Guest | ID: NA] GET /show-users - ::1
2025-07-16 17:22:01 [INFO]: [User: Guest | ID: NA] GET /show-users - ::1
2025-07-16 17:22:23 [INFO]: [User: Guest | ID: NA] GET /show-ticket - ::1
2025-07-16 17:22:23 [INFO]: [User: Guest | ID: NA] GET /show-ticket - ::1
2025-07-16 17:22:25 [INFO]: [User: Guest | ID: NA] GET /show-users - ::1
2025-07-16 17:22:25 [INFO]: [User: Guest | ID: NA] GET /show-users - ::1
2025-07-16 17:22:29 [INFO]: [User: Guest | ID: NA] GET /show-users - ::1
2025-07-16 17:22:29 [INFO]: [User: Guest | ID: NA] GET /show-users - ::1
2025-07-16 17:22:45 [INFO]: [User: Guest | ID: NA] GET /show-ticket - ::1
2025-07-16 17:22:45 [INFO]: [User: Guest | ID: NA] GET /show-ticket - ::1
2025-07-16 17:24:00 [INFO]: [User: Guest | ID: NA] GET /show-users - ::1
2025-07-16 17:24:00 [INFO]: [User: Guest | ID: NA] GET /show-users - ::1
2025-07-16 17:24:02 [INFO]: [User: Guest | ID: NA] GET /show-ticket - ::1
2025-07-16 17:24:02 [INFO]: [User: Guest | ID: NA] GET /show-ticket - ::1
2025-07-16 17:24:28 [INFO]: [User: Guest | ID: NA] GET /show-ticket - ::1
2025-07-16 17:24:41 [INFO]: [User: Guest | ID: NA] GET /show-users - ::1
2025-07-16 17:24:41 [INFO]: [User: Guest | ID: NA] GET /show-users - ::1
2025-07-16 17:24:42 [INFO]: [User: Guest | ID: NA] GET /show-ticket - ::1
2025-07-16 17:24:42 [INFO]: [User: Guest | ID: NA] GET /show-ticket - ::1
2025-07-16 17:25:35 [INFO]: [User: Guest | ID: NA] GET /show-ticket - ::1
2025-07-16 17:25:52 [INFO]: [User: Guest | ID: NA] GET /show-users - ::1
2025-07-16 17:25:52 [INFO]: [User: Guest | ID: NA] GET /show-users - ::1
2025-07-16 17:26:07 [INFO]: [User: Guest | ID: NA] GET /show-ticket - ::1
2025-07-16 17:26:07 [INFO]: [User: Guest | ID: NA] GET /show-ticket - ::1
2025-07-16 17:26:09 [INFO]: [User: Guest | ID: NA] GET /show-ticket - ::1
2025-07-16 17:26:14 [INFO]: [User: Guest | ID: NA] GET /show-ticket - ::1
2025-07-16 17:26:17 [INFO]: [User: Guest | ID: NA] GET /show-users - ::1
2025-07-16 17:26:17 [INFO]: [User: Guest | ID: NA] GET /show-users - ::1
2025-07-16 17:26:44 [INFO]: [User: Guest | ID: NA] GET /show-ticket - ::1
2025-07-16 17:26:44 [INFO]: [User: Guest | ID: NA] GET /show-ticket - ::1
2025-07-16 17:27:41 [INFO]: [User: Guest | ID: NA] GET /show-users - ::1
2025-07-16 17:27:41 [INFO]: [User: Guest | ID: NA] GET /show-users - ::1
2025-07-16 17:27:43 [INFO]: [User: Guest | ID: NA] GET /show-ticket - ::1
2025-07-16 17:27:43 [INFO]: [User: Guest | ID: NA] GET /show-ticket - ::1
2025-07-16 17:27:59 [INFO]: [User: Guest | ID: NA] GET /show-ticket - ::1
2025-07-16 17:28:02 [INFO]: [User: Guest | ID: NA] GET /show-users - ::1
2025-07-16 17:28:02 [INFO]: [User: Guest | ID: NA] GET /show-users - ::1
2025-07-16 17:28:08 [INFO]: [User: Guest | ID: NA] GET /show-ticket - ::1
2025-07-16 17:28:08 [INFO]: [User: Guest | ID: NA] GET /show-ticket - ::1
2025-07-16 17:30:04 [INFO]: [User: Guest | ID: NA] GET /show-users - ::1
2025-07-16 17:30:04 [INFO]: [User: Guest | ID: NA] GET /show-users - ::1
2025-07-16 17:30:10 [INFO]: [User: Guest | ID: NA] GET /show-ticket - ::1
2025-07-16 17:30:10 [INFO]: [User: Guest | ID: NA] GET /show-ticket - ::1
2025-07-16 17:30:24 [INFO]: [User: Guest | ID: NA] GET /show-users - ::1
2025-07-16 17:30:24 [INFO]: [User: Guest | ID: NA] GET /show-users - ::1
2025-07-16 17:30:26 [INFO]: [User: Guest | ID: NA] GET /show-ticket - ::1
2025-07-16 17:30:26 [INFO]: [User: Guest | ID: NA] GET /show-ticket - ::1
2025-07-16 17:32:02 [INFO]: [User: Guest | ID: NA] GET /show-users - ::1
2025-07-16 17:32:24 [INFO]: [User: Guest | ID: NA] GET /show-users - ::1
2025-07-16 17:32:24 [INFO]: [User: Guest | ID: NA] GET /show-users - ::1
2025-07-16 17:32:50 [INFO]: [User: Guest | ID: NA] GET /show-users - ::1
2025-07-16 17:32:50 [INFO]: [User: Guest | ID: NA] GET /show-users - ::1
2025-07-16 17:32:51 [INFO]: [User: Guest | ID: NA] GET /show-ticket - ::1
2025-07-16 17:32:51 [INFO]: [User: Guest | ID: NA] GET /show-ticket - ::1
2025-07-16 17:33:00 [INFO]: [User: Guest | ID: NA] GET /show-users - ::1
2025-07-16 17:33:00 [INFO]: [User: Guest | ID: NA] GET /show-users - ::1
2025-07-16 17:33:09 [INFO]: [User: Guest | ID: NA] GET /show-ticket - ::1
2025-07-16 17:33:37 [INFO]: [User: Guest | ID: NA] GET /show-users - ::1
2025-07-16 17:33:37 [INFO]: [User: Guest | ID: NA] GET /show-users - ::1
2025-07-16 17:33:38 [INFO]: [User: Guest | ID: NA] GET /show-ticket - ::1
2025-07-16 17:33:38 [INFO]: [User: Guest | ID: NA] GET /show-ticket - ::1
2025-07-16 17:34:02 [INFO]: [User: Guest | ID: NA] POST /update-ticket - ::1
2025-07-16 17:34:03 [INFO]: [User: Guest | ID: NA] GET /show-ticket - ::1
2025-07-16 17:34:03 [INFO]: [User: Guest | ID: NA] GET /show-ticket - ::1
2025-07-16 17:34:24 [INFO]: [User: Guest | ID: NA] GET /show-users - ::1
2025-07-16 17:34:24 [INFO]: [User: Guest | ID: NA] GET /show-users - ::1
2025-07-16 17:34:25 [INFO]: [User: Guest | ID: NA] GET /show-ticket - ::1
2025-07-16 17:34:25 [INFO]: [User: Guest | ID: NA] GET /show-ticket - ::1
2025-07-16 17:35:30 [INFO]: [User: Guest | ID: NA] GET /show-ticket - ::1
2025-07-16 17:36:04 [INFO]: [User: Guest | ID: NA] GET /show-ticket - ::1
2025-07-16 17:36:07 [INFO]: [User: Guest | ID: NA] GET /show-users - ::1
2025-07-16 17:36:07 [INFO]: [User: Guest | ID: NA] GET /show-users - ::1
2025-07-16 17:36:08 [INFO]: [User: Guest | ID: NA] GET /show-ticket - ::1
2025-07-16 17:37:02 [INFO]: [User: Guest | ID: NA] GET /show-users - ::1
2025-07-16 17:47:05 [INFO]: [User: Guest | ID: NA] GET /show-ticket - ::1
2025-07-16 17:47:10 [INFO]: [User: Guest | ID: NA] GET /show-users - ::1
2025-07-16 17:47:10 [INFO]: [User: Guest | ID: NA] GET /show-users - ::1
2025-07-16 17:47:10 [INFO]: [User: Guest | ID: NA] GET /show-ticket - ::1
2025-07-16 17:47:10 [INFO]: [User: Guest | ID: NA] GET /show-ticket - ::1
2025-07-16 17:47:26 [INFO]: [User: Guest | ID: NA] GET /show-users - ::1
2025-07-16 17:47:54 [INFO]: [User: Guest | ID: NA] GET /show-ticket - ::1
