2025-07-17 11:54:12 [INFO]: [User: Guest | ID: NA] GET /show-users - ::1
2025-07-17 11:54:13 [INFO]: [User: Guest | ID: NA] GET /show-ticket - ::1
2025-07-17 11:54:31 [INFO]: [User: Guest | ID: NA] GET /show-users - ::1
2025-07-17 11:54:32 [INFO]: [User: Guest | ID: NA] GET /show-ticket - ::1
2025-07-17 11:54:37 [INFO]: [User: Guest | ID: NA] GET /show-users - ::1
2025-07-17 11:55:14 [INFO]: [User: Guest | ID: NA] GET /show-users - ::1
2025-07-17 11:57:37 [INFO]: [User: Guest | ID: NA] POST /create-user - ::1
2025-07-17 11:57:39 [INFO]: [User: Guest | ID: NA] GET /show-users - ::1
2025-07-17 11:57:39 [INFO]: [User: Guest | ID: NA] GET /show-users - ::1
2025-07-17 11:57:39 [INFO]: [User: Guest | ID: NA] GET /show-ticket - ::1
2025-07-17 11:57:39 [INFO]: [User: Guest | ID: NA] GET /show-ticket - ::1
2025-07-17 11:57:43 [INFO]: [User: Guest | ID: NA] GET /show-users - ::1
2025-07-17 12:03:37 [INFO]: [User: Guest | ID: NA] GET /show-users - ::1
2025-07-17 12:04:00 [INFO]: [User: Guest | ID: NA] POST /create-user - ::1
2025-07-17 12:04:02 [INFO]: [User: Guest | ID: NA] GET /show-users - ::1
2025-07-17 12:04:02 [INFO]: [User: Guest | ID: NA] GET /show-users - ::1
2025-07-17 12:04:02 [INFO]: [User: Guest | ID: NA] GET /show-ticket - ::1
2025-07-17 12:04:02 [INFO]: [User: Guest | ID: NA] GET /show-ticket - ::1
2025-07-17 12:04:12 [INFO]: [User: Guest | ID: NA] GET /show-ticket - ::1
2025-07-17 12:04:12 [INFO]: [User: Guest | ID: NA] GET /show-users - ::1
2025-07-17 12:05:05 [INFO]: [User: Guest | ID: NA] GET /show-users - ::1
2025-07-17 12:05:19 [INFO]: [User: Guest | ID: NA] POST /create-user - ::1
2025-07-17 12:05:20 [INFO]: [User: Guest | ID: NA] GET /show-users - ::1
2025-07-17 12:05:34 [INFO]: [User: Guest | ID: NA] POST /update-user - ::1
2025-07-17 12:05:36 [INFO]: [User: Guest | ID: NA] GET /show-users - ::1
2025-07-17 12:06:08 [INFO]: [User: Guest | ID: NA] GET /show-ticket - ::1
2025-07-17 12:06:09 [INFO]: [User: Guest | ID: NA] GET /show-users - ::1
2025-07-17 12:06:11 [INFO]: [User: Guest | ID: NA] GET /show-ticket - ::1
2025-07-17 12:06:19 [INFO]: [User: Guest | ID: NA] POST /update-ticket - ::1
2025-07-17 12:06:19 [INFO]: [User: Guest | ID: NA] GET /show-ticket - ::1
2025-07-17 12:06:26 [INFO]: [User: Guest | ID: NA] POST /update-ticket - ::1
2025-07-17 12:06:26 [INFO]: [User: Guest | ID: NA] GET /show-ticket - ::1
2025-07-17 12:06:27 [INFO]: [User: Guest | ID: NA] GET /show-users - ::1
2025-07-17 12:06:29 [INFO]: [User: Guest | ID: NA] GET /show-users - ::1
2025-07-17 12:06:29 [INFO]: [User: Guest | ID: NA] GET /show-users - ::1
2025-07-17 12:06:29 [INFO]: [User: Guest | ID: NA] GET /show-ticket - ::1
2025-07-17 12:06:29 [INFO]: [User: Guest | ID: NA] GET /show-ticket - ::1
2025-07-17 12:06:31 [INFO]: [User: Guest | ID: NA] GET /show-ticket - ::1
2025-07-17 12:06:35 [INFO]: [User: Guest | ID: NA] POST /update-ticket - ::1
2025-07-17 12:06:35 [INFO]: [User: Guest | ID: NA] GET /show-ticket - ::1
2025-07-17 12:06:37 [INFO]: [User: Guest | ID: NA] GET /show-users - ::1
2025-07-17 12:06:37 [INFO]: [User: Guest | ID: NA] GET /show-users - ::1
2025-07-17 12:06:37 [INFO]: [User: Guest | ID: NA] GET /show-users - ::1
2025-07-17 12:06:37 [INFO]: [User: Guest | ID: NA] GET /show-ticket - ::1
2025-07-17 12:06:37 [INFO]: [User: Guest | ID: NA] GET /show-ticket - ::1
2025-07-17 12:07:01 [INFO]: [User: Guest | ID: NA] GET /show-users - ::1
2025-07-17 12:07:01 [INFO]: [User: Guest | ID: NA] GET /show-ticket - ::1
2025-07-17 12:12:07 [INFO]: [User: Guest | ID: NA] GET /show-ticket - ::1
2025-07-17 12:14:09 [INFO]: [User: Guest | ID: NA] GET /show-ticket - ::1
2025-07-17 12:15:17 [INFO]: [User: Guest | ID: NA] GET /show-ticket - ::1
2025-07-17 12:15:25 [INFO]: [User: Guest | ID: NA] GET /show-ticket - ::1
2025-07-17 12:24:42 [INFO]: [User: Guest | ID: NA] GET / - ::1
2025-07-17 12:24:42 [INFO]: [User: Guest | ID: NA] GET /favicon.ico - ::1
2025-07-17 12:24:46 [INFO]: [User: Guest | ID: NA] GET /ticket-status-summary - ::1
2025-07-17 12:25:03 [INFO]: [User: Guest | ID: NA] GET /ticket-status-summary - ::1
2025-07-17 12:25:05 [INFO]: [User: Guest | ID: NA] GET /ticket-status-summary - ::1
2025-07-17 12:25:18 [INFO]: [User: Guest | ID: NA] GET /ticket-status-summary - ::1
2025-07-17 12:25:18 [INFO]: [User: Guest | ID: NA] GET /favicon.ico - ::1
2025-07-17 12:25:18 [INFO]: [User: Guest | ID: NA] GET /ticket-status-summary - ::1
2025-07-17 12:25:18 [INFO]: [User: Guest | ID: NA] GET /favicon.ico - ::1
2025-07-17 12:25:18 [INFO]: [User: Guest | ID: NA] GET /ticket-status-summary - ::1
2025-07-17 12:25:18 [INFO]: [User: Guest | ID: NA] GET /favicon.ico - ::1
2025-07-17 12:25:19 [INFO]: [User: Guest | ID: NA] GET /ticket-status-summary - ::1
2025-07-17 12:25:19 [INFO]: [User: Guest | ID: NA] GET /favicon.ico - ::1
2025-07-17 12:25:19 [INFO]: [User: Guest | ID: NA] GET /ticket-status-summary - ::1
2025-07-17 12:27:22 [INFO]: [User: Guest | ID: NA] GET /show-ticket - ::1
2025-07-17 12:27:26 [INFO]: [User: Guest | ID: NA] GET /show-ticket - ::1
2025-07-17 12:27:38 [INFO]: [User: Guest | ID: NA] GET /show-ticket - ::1
2025-07-17 12:28:53 [INFO]: [User: Guest | ID: NA] GET /show-users - ::1
2025-07-17 12:28:53 [INFO]: [User: Guest | ID: NA] GET /show-ticket - ::1
2025-07-17 12:28:53 [INFO]: [User: Guest | ID: NA] GET /api/ticket-status-summary - ::1
2025-07-17 12:28:53 [INFO]: [User: Guest | ID: NA] GET /api/ticket-status-summary - ::1
2025-07-17 12:29:06 [INFO]: [User: Guest | ID: NA] GET /show-ticket - ::1
2025-07-17 12:29:06 [INFO]: [User: Guest | ID: NA] GET /api/ticket-status-summary - ::1
2025-07-17 12:29:16 [INFO]: [User: Guest | ID: NA] GET /show-ticket - ::1
2025-07-17 12:29:16 [INFO]: [User: Guest | ID: NA] GET /api/ticket-status-summary - ::1
2025-07-17 12:29:16 [INFO]: [User: Guest | ID: NA] GET /api/ticket-status-summary - ::1
2025-07-17 12:29:18 [INFO]: [User: Guest | ID: NA] GET /show-users - ::1
2025-07-17 12:29:19 [INFO]: [User: Guest | ID: NA] GET /api/ticket-status-summary - ::1
2025-07-17 12:29:19 [INFO]: [User: Guest | ID: NA] GET /show-ticket - ::1
2025-07-17 12:29:19 [INFO]: [User: Guest | ID: NA] GET /api/ticket-status-summary - ::1
2025-07-17 12:30:09 [INFO]: [User: Guest | ID: NA] GET /show-ticket - ::1
2025-07-17 12:30:09 [INFO]: [User: Guest | ID: NA] GET /api/ticket-status-summary - ::1
2025-07-17 12:30:29 [INFO]: [User: Guest | ID: NA] GET /show-users - ::1
2025-07-17 12:30:30 [INFO]: [User: Guest | ID: NA] GET /show-ticket - ::1
2025-07-17 12:30:30 [INFO]: [User: Guest | ID: NA] GET /api/ticket-status-summary - ::1
2025-07-17 12:30:30 [INFO]: [User: Guest | ID: NA] GET /api/ticket-status-summary - ::1
2025-07-17 12:31:32 [INFO]: [User: Guest | ID: NA] GET /show-ticket - ::1
2025-07-17 12:31:32 [INFO]: [User: Guest | ID: NA] GET /api/ticket-status-summary - ::1
2025-07-17 12:32:09 [INFO]: [User: Guest | ID: NA] GET /show-ticket - ::1
2025-07-17 12:32:09 [INFO]: [User: Guest | ID: NA] GET /api/ticket-status-summary - ::1
2025-07-17 12:32:41 [INFO]: [User: Guest | ID: NA] GET /api/ticket-status-summary - ::1
2025-07-17 12:32:41 [INFO]: [User: Guest | ID: NA] GET /show-ticket - ::1
2025-07-17 12:32:55 [INFO]: [User: Guest | ID: NA] GET /show-ticket - ::1
2025-07-17 12:32:55 [INFO]: [User: Guest | ID: NA] GET /api/ticket-status-summary - ::1
2025-07-17 12:32:57 [INFO]: [User: Guest | ID: NA] GET / - ::1
2025-07-17 12:32:58 [INFO]: [User: Guest | ID: NA] GET /favicon.ico - ::1
2025-07-17 12:33:05 [INFO]: [User: Guest | ID: NA] GET /ticket-status-summary - ::1
2025-07-17 12:33:26 [INFO]: [User: Guest | ID: NA] GET /ticket-status-summary - ::ffff:127.0.0.1
2025-07-17 12:36:05 [INFO]: [User: Guest | ID: NA] GET /ticket-status-summary - ::ffff:127.0.0.1
2025-07-17 12:36:38 [INFO]: [User: Guest | ID: NA] GET /ticket-status-summary - ::ffff:127.0.0.1
2025-07-17 12:36:45 [INFO]: [User: Guest | ID: NA] GET /ticket-status-summary - ::ffff:127.0.0.1
2025-07-17 12:37:30 [INFO]: [User: Guest | ID: NA] GET /ticket-status-summary - ::1
2025-07-17 12:37:44 [INFO]: [User: Guest | ID: NA] GET /ticket-status-summary - ::1
2025-07-17 12:37:48 [INFO]: [User: Guest | ID: NA] GET /api/ticket-status-summary - ::1
2025-07-17 12:37:48 [INFO]: [User: Guest | ID: NA] GET /show-ticket - ::1
2025-07-17 12:38:37 [INFO]: [User: Guest | ID: NA] GET /ticket-status-summary - ::1
2025-07-17 12:38:37 [INFO]: [User: Guest | ID: NA] GET /show-ticket - ::1
2025-07-17 12:42:15 [INFO]: [User: Guest | ID: NA] GET /ticket-status-summary - ::1
2025-07-17 12:42:16 [INFO]: [User: Guest | ID: NA] GET /favicon.ico - ::1
2025-07-17 12:51:18 [INFO]: [User: Guest | ID: NA] GET /show-ticket - ::1
2025-07-17 12:51:18 [INFO]: [User: Guest | ID: NA] GET /ticket-status-summary - ::1
2025-07-17 12:58:53 [INFO]: [User: Guest | ID: NA] GET /ticket-status-summary - ::1
2025-07-17 12:58:53 [INFO]: [User: Guest | ID: NA] GET /show-ticket - ::1
2025-07-17 12:58:54 [INFO]: [User: Guest | ID: NA] GET /ticket-status-summary - ::1
2025-07-17 12:58:54 [INFO]: [User: Guest | ID: NA] GET /show-ticket - ::1
2025-07-17 14:46:16 [INFO]: [User: Guest | ID: NA] GET /show-ticket - ::1
2025-07-17 14:46:16 [INFO]: [User: Guest | ID: NA] GET /ticket-status-summary - ::1
2025-07-17 14:54:48 [INFO]: [User: Guest | ID: NA] GET /show-ticket - ::1
2025-07-17 14:54:48 [INFO]: [User: Guest | ID: NA] GET /ticket-status-summary - ::1
2025-07-17 14:54:48 [INFO]: [User: Guest | ID: NA] GET /ticket-status-summary - ::1
2025-07-17 14:54:56 [INFO]: [User: Guest | ID: NA] GET /show-users - ::1
2025-07-17 14:55:27 [INFO]: [User: Guest | ID: NA] GET /show-ticket - ::1
2025-07-17 14:55:27 [INFO]: [User: Guest | ID: NA] GET /ticket-status-summary - ::1
2025-07-17 14:55:27 [INFO]: [User: Guest | ID: NA] GET /ticket-status-summary - ::1
2025-07-17 14:56:46 [INFO]: [User: Guest | ID: NA] GET /show-ticket - ::1
2025-07-17 14:56:46 [INFO]: [User: Guest | ID: NA] GET /ticket-status-summary - ::1
2025-07-17 14:56:48 [INFO]: [User: Guest | ID: NA] GET /show-ticket - ::1
2025-07-17 14:56:48 [INFO]: [User: Guest | ID: NA] GET /ticket-status-summary - ::1
2025-07-17 14:57:09 [INFO]: [User: Guest | ID: NA] GET /show-ticket - ::1
2025-07-17 14:57:09 [INFO]: [User: Guest | ID: NA] GET /ticket-status-summary - ::1
2025-07-17 14:57:09 [INFO]: [User: Guest | ID: NA] GET /ticket-status-summary - ::1
2025-07-17 14:57:13 [INFO]: [User: Guest | ID: NA] GET /show-users - ::1
2025-07-17 14:57:16 [INFO]: [User: Guest | ID: NA] GET /show-ticket - ::1
2025-07-17 14:57:16 [INFO]: [User: Guest | ID: NA] GET /ticket-status-summary - ::1
2025-07-17 14:57:16 [INFO]: [User: Guest | ID: NA] GET /ticket-status-summary - ::1
2025-07-17 14:58:26 [INFO]: [User: Guest | ID: NA] GET /ticket-status-summary - ::1
2025-07-17 14:58:26 [INFO]: [User: Guest | ID: NA] GET /show-ticket - ::1
2025-07-17 14:58:49 [INFO]: [User: Guest | ID: NA] GET /show-ticket - ::1
2025-07-17 14:58:49 [INFO]: [User: Guest | ID: NA] GET /ticket-status-summary - ::1
2025-07-17 15:00:25 [INFO]: [User: Guest | ID: NA] GET /show-ticket - ::1
2025-07-17 15:00:25 [INFO]: [User: Guest | ID: NA] GET /ticket-status-summary - ::1
2025-07-17 15:02:08 [INFO]: [User: Guest | ID: NA] GET /show-ticket - ::1
2025-07-17 15:02:08 [INFO]: [User: Guest | ID: NA] GET /ticket-status-summary - ::1
2025-07-17 15:04:54 [INFO]: [User: Guest | ID: NA] GET /show-ticket - ::1
2025-07-17 15:04:54 [INFO]: [User: Guest | ID: NA] GET /ticket-status-summary - ::1
2025-07-17 15:06:32 [INFO]: [User: Guest | ID: NA] GET /show-ticket - ::1
2025-07-17 15:06:33 [INFO]: [User: Guest | ID: NA] GET /ticket-status-summary - ::1
2025-07-17 15:07:14 [INFO]: [User: Guest | ID: NA] GET /show-users - ::1
2025-07-17 15:07:15 [INFO]: [User: Guest | ID: NA] GET /ticket-status-summary - ::1
2025-07-17 15:07:15 [INFO]: [User: Guest | ID: NA] GET /show-ticket - ::1
2025-07-17 15:07:15 [INFO]: [User: Guest | ID: NA] GET /ticket-status-summary - ::1
2025-07-17 15:07:19 [INFO]: [User: Guest | ID: NA] GET /ticket-status-summary - ::1
2025-07-17 15:07:19 [INFO]: [User: Guest | ID: NA] GET /show-ticket - ::1
2025-07-17 15:07:19 [INFO]: [User: Guest | ID: NA] GET /ticket-status-summary - ::1
2025-07-17 15:07:43 [INFO]: [User: Guest | ID: NA] GET /show-users - ::1
2025-07-17 15:07:44 [INFO]: [User: Guest | ID: NA] GET /show-ticket - ::1
2025-07-17 15:07:44 [INFO]: [User: Guest | ID: NA] GET /ticket-status-summary - ::1
2025-07-17 15:07:44 [INFO]: [User: Guest | ID: NA] GET /ticket-status-summary - ::1
2025-07-17 15:08:00 [INFO]: [User: Guest | ID: NA] GET /show-users - ::1
2025-07-17 15:08:00 [INFO]: [User: Guest | ID: NA] GET /ticket-status-summary - ::1
2025-07-17 15:08:00 [INFO]: [User: Guest | ID: NA] GET /show-ticket - ::1
2025-07-17 15:08:00 [INFO]: [User: Guest | ID: NA] GET /ticket-status-summary - ::1
2025-07-17 15:08:08 [INFO]: [User: Guest | ID: NA] GET /show-users - ::1
2025-07-17 15:08:09 [INFO]: [User: Guest | ID: NA] GET /show-ticket - ::1
2025-07-17 15:08:09 [INFO]: [User: Guest | ID: NA] GET /ticket-status-summary - ::1
2025-07-17 15:08:09 [INFO]: [User: Guest | ID: NA] GET /ticket-status-summary - ::1
2025-07-17 15:08:15 [INFO]: [User: Guest | ID: NA] GET /show-users - ::1
2025-07-17 15:08:15 [INFO]: [User: Guest | ID: NA] GET /ticket-status-summary - ::1
2025-07-17 15:08:15 [INFO]: [User: Guest | ID: NA] GET /show-ticket - ::1
2025-07-17 15:08:15 [INFO]: [User: Guest | ID: NA] GET /ticket-status-summary - ::1
2025-07-17 15:16:56 [INFO]: [User: Guest | ID: NA] GET /show-ticket - ::1
2025-07-17 15:16:56 [INFO]: [User: Guest | ID: NA] GET /ticket-status-summary - ::1
2025-07-17 15:18:10 [INFO]: [User: Guest | ID: NA] GET /show-ticket - ::1
2025-07-17 15:19:06 [INFO]: [User: Guest | ID: NA] GET /show-ticket - ::1
2025-07-17 15:19:18 [INFO]: [User: Guest | ID: NA] GET /show-ticket - ::1
2025-07-17 15:19:18 [INFO]: [User: Guest | ID: NA] GET /show-ticket - ::1
2025-07-17 15:19:30 [INFO]: [User: Guest | ID: NA] GET /show-ticket - ::1
2025-07-17 15:21:05 [INFO]: [User: Guest | ID: NA] DELETE /delete-ticket/54 - ::1
2025-07-17 15:21:05 [INFO]: [User: Guest | ID: NA] GET /show-ticket - ::1
2025-07-17 15:21:11 [INFO]: [User: Guest | ID: NA] GET /show-ticket - ::1
2025-07-17 15:21:17 [INFO]: [User: Guest | ID: NA] DELETE /delete-ticket/56 - ::1
2025-07-17 15:21:17 [INFO]: [User: Guest | ID: NA] GET /show-ticket - ::1
2025-07-17 15:21:21 [INFO]: [User: Guest | ID: NA] GET /show-ticket - ::1
2025-07-17 15:21:39 [INFO]: [User: Guest | ID: NA] POST /update-ticket - ::1
2025-07-17 15:21:40 [INFO]: [User: Guest | ID: NA] GET /show-ticket - ::1
2025-07-17 15:21:40 [INFO]: [User: Guest | ID: NA] GET /show-ticket - ::1
2025-07-17 15:22:22 [INFO]: [User: Guest | ID: NA] GET /show-ticket - ::1
2025-07-17 15:23:07 [INFO]: [User: Guest | ID: NA] DELETE /delete-ticket/61 - ::1
2025-07-17 15:23:07 [INFO]: [User: Guest | ID: NA] GET /show-ticket - ::1
2025-07-17 15:24:36 [INFO]: [User: Guest | ID: NA] GET /show-ticket - ::1
2025-07-17 15:30:00 [INFO]: [User: Guest | ID: NA] GET /show-ticket - ::1
2025-07-17 16:11:12 [INFO]: [User: Guest | ID: NA] GET /show-users - ::1
2025-07-17 16:34:15 [INFO]: [User: Guest | ID: NA] GET /show-users - ::1
2025-07-17 16:50:29 [INFO]: [User: Guest | ID: NA] POST /create-user - ::1
2025-07-17 16:50:34 [INFO]: [User: Guest | ID: NA] GET /show-users - ::1
2025-07-17 16:54:31 [INFO]: [User: Guest | ID: NA] GET /show-ticket - ::1
2025-07-17 16:54:31 [INFO]: [User: Guest | ID: NA] GET /show-ticket - ::1
2025-07-17 16:54:32 [INFO]: [User: Guest | ID: NA] GET /show-users - ::1
2025-07-17 16:54:51 [INFO]: [User: Guest | ID: NA] GET /show-ticket - ::1
2025-07-17 16:54:51 [INFO]: [User: Guest | ID: NA] GET /show-ticket - ::1
