2025-08-18 12:17:53 [INFO]: Deleted old log file: 08082025-api.log
2025-08-18 12:17:56 [INFO]: [User:  | ID: ] GET /show-users - ::1
2025-08-18 12:17:56 [INFO]: [User:  | ID: ] GET /show-ticket - ::1
2025-08-18 12:18:07 [INFO]: [User:  | ID: ] GET /show-ticket - ::1
2025-08-18 12:18:07 [INFO]: [User:  | ID: ] GET /show-ticket - ::1
2025-08-18 12:22:34 [INFO]: [User:  | ID: ] GET /cart-details/213 - ::1
2025-08-18 12:22:34 [INFO]: [User:  | ID: ] GET /cart-details/213 - ::1
2025-08-18 12:22:39 [INFO]: [User:  | ID: ] GET /show-users - ::1
2025-08-18 12:22:39 [INFO]: [User:  | ID: ] GET /show-users - ::1
2025-08-18 12:22:39 [INFO]: [User:  | ID: ] GET /show-ticket - ::1
2025-08-18 12:22:39 [INFO]: [User:  | ID: ] GET /show-ticket - ::1
2025-08-18 12:22:44 [INFO]: [User:  | ID: ] GET /show-product - ::1
2025-08-18 12:22:44 [INFO]: [User:  | ID: ] GET /show-product - ::1
2025-08-18 12:23:19 [INFO]: [User:  | ID: ] POST /create-cart - ::1
2025-08-18 12:23:24 [INFO]: [User:  | ID: ] POST /update-cart/ - ::1
2025-08-18 12:23:25 [INFO]: [User:  | ID: ] POST /update-cart/ - ::1
2025-08-18 12:23:27 [INFO]: [User:  | ID: ] POST /update-cart/ - ::1
2025-08-18 12:23:29 [INFO]: [User:  | ID: ] GET /cart-details/213 - ::1
2025-08-18 12:23:29 [INFO]: [User:  | ID: ] GET /cart-details/213 - ::1
2025-08-18 12:23:33 [INFO]: [User:  | ID: ] GET /show-product - ::1
2025-08-18 12:23:33 [INFO]: [User:  | ID: ] GET /show-product - ::1
2025-08-18 12:23:39 [INFO]: [User:  | ID: ] GET /cart-details/213 - ::1
2025-08-18 12:23:52 [INFO]: [User:  | ID: ] GET /cart-details/213 - ::1
2025-08-18 12:23:52 [INFO]: [User:  | ID: ] GET /cart-details/213 - ::1
2025-08-18 12:23:54 [INFO]: [User:  | ID: ] POST /update-cart/ - ::1
2025-08-18 12:23:59 [INFO]: [User:  | ID: ] GET /cart-details/213 - ::1
2025-08-18 12:28:39 [INFO]: [User:  | ID: ] GET /show-product - ::1
2025-08-18 12:30:01 [INFO]: [User:  | ID: ] GET /show-product - ::1
2025-08-18 12:31:09 [INFO]: [User:  | ID: ] GET /cart-details/213 - ::1
2025-08-18 12:31:15 [INFO]: [User:  | ID: ] GET /cart-details/213 - ::1
2025-08-18 12:33:15 [INFO]: [User:  | ID: ] GET /show-product - ::1
2025-08-18 12:34:19 [INFO]: [User:  | ID: ] GET /show-product - ::1
2025-08-18 12:34:26 [INFO]: [User:  | ID: ] GET /show-product - ::1
2025-08-18 12:34:29 [INFO]: [User:  | ID: ] GET /show-product - ::1
2025-08-18 12:34:40 [INFO]: [User:  | ID: ] POST /update-cart/ - ::1
2025-08-18 12:34:41 [INFO]: [User:  | ID: ] POST /update-cart/ - ::1
2025-08-18 12:34:43 [INFO]: [User:  | ID: ] POST /update-cart/ - ::1
2025-08-18 12:34:44 [INFO]: [User:  | ID: ] POST /update-cart/ - ::1
2025-08-18 12:34:45 [INFO]: [User:  | ID: ] POST /update-cart/ - ::1
2025-08-18 12:34:45 [INFO]: [User:  | ID: ] POST /update-cart/ - ::1
2025-08-18 12:34:47 [INFO]: [User:  | ID: ] POST /update-cart/ - ::1
2025-08-18 12:34:48 [INFO]: [User:  | ID: ] POST /update-cart/ - ::1
2025-08-18 12:34:49 [INFO]: [User:  | ID: ] POST /update-cart/ - ::1
2025-08-18 12:34:49 [INFO]: [User:  | ID: ] POST /update-cart/ - ::1
2025-08-18 12:34:52 [INFO]: [User:  | ID: ] GET /cart-details/213 - ::1
2025-08-18 12:35:47 [INFO]: [User:  | ID: ] GET /cart-details/213 - ::1
2025-08-18 12:35:48 [INFO]: [User:  | ID: ] GET /show-product - ::1
2025-08-18 12:36:35 [INFO]: [User:  | ID: ] POST /update-cart/ - ::1
2025-08-18 12:36:35 [INFO]: [User:  | ID: ] POST /update-cart/ - ::1
2025-08-18 12:36:38 [INFO]: [User:  | ID: ] GET /cart-details/213 - ::1
2025-08-18 12:36:50 [INFO]: [User:  | ID: ] GET /show-product - ::1
2025-08-18 12:37:19 [INFO]: [User:  | ID: ] GET /cart-details/213 - ::1
2025-08-18 12:37:25 [INFO]: [User:  | ID: ] GET /show-product - ::1
2025-08-18 12:38:03 [INFO]: [User:  | ID: ] GET /show-product - ::1
2025-08-18 12:46:22 [INFO]: [User:  | ID: ] GET /cart-details/213 - ::1
2025-08-18 12:46:22 [INFO]: [User:  | ID: ] GET /cart-details/213 - ::1
2025-08-18 12:46:26 [INFO]: [User:  | ID: ] GET /show-product - ::1
2025-08-18 12:46:26 [INFO]: [User:  | ID: ] GET /show-product - ::1
2025-08-18 14:25:30 [INFO]: [User:  | ID: ] GET /show-product - ::1
2025-08-18 14:33:27 [INFO]: [User:  | ID: ] POST /update-cart/ - ::1
2025-08-18 14:33:28 [INFO]: [User:  | ID: ] POST /update-cart/ - ::1
2025-08-18 14:33:36 [INFO]: [User:  | ID: ] POST /update-cart/ - ::1
2025-08-18 14:33:37 [INFO]: [User:  | ID: ] POST /update-cart/ - ::1
2025-08-18 14:35:56 [INFO]: [User:  | ID: ] POST /update-cart/ - ::1
2025-08-18 14:36:05 [INFO]: [User:  | ID: ] GET /show-ticket - ::1
2025-08-18 14:36:05 [INFO]: [User:  | ID: ] GET /show-ticket - ::1
2025-08-18 14:36:18 [INFO]: [User:  | ID: ] POST /update-ticket - ::1
2025-08-18 14:36:18 [INFO]: [User:  | ID: ] GET /show-ticket - ::1
2025-08-18 14:36:29 [INFO]: [User:  | ID: ] GET /show-invoice - ::1
2025-08-18 14:36:29 [INFO]: [User:  | ID: ] GET /show-invoice - ::1
2025-08-18 14:36:32 [INFO]: [User:  | ID: ] GET /show-ticket - ::1
2025-08-18 14:36:32 [INFO]: [User:  | ID: ] GET /show-ticket - ::1
2025-08-18 14:36:50 [INFO]: [User:  | ID: ] POST /update-ticket - ::1
2025-08-18 14:36:51 [INFO]: [User:  | ID: ] GET /show-ticket - ::1
2025-08-18 14:40:11 [INFO]: [User:  | ID: ] GET /show-invoice - ::1
2025-08-18 14:41:19 [INFO]: [User:  | ID: ] GET /show-invoice - ::1
2025-08-18 14:41:54 [INFO]: [User:  | ID: ] GET /show-ticket - ::1
2025-08-18 14:46:12 [INFO]: [User:  | ID: ] POST /update-ticket - ::1
2025-08-18 14:46:12 [INFO]: [User:  | ID: ] GET /show-ticket - ::1
2025-08-18 14:47:21 [INFO]: [User:  | ID: ] GET /show-invoice - ::1
2025-08-18 14:47:21 [INFO]: [User:  | ID: ] GET /show-invoice - ::1
2025-08-18 14:48:16 [INFO]: [User:  | ID: ] GET /show-invoice - ::1
2025-08-18 14:53:14 [INFO]: [User:  | ID: ] GET /show-invoice - ::1
2025-08-18 14:53:26 [INFO]: [User:  | ID: ] GET /show-invoice - ::1
2025-08-18 14:53:26 [INFO]: [User:  | ID: ] GET /show-invoice - ::1
2025-08-18 14:54:03 [INFO]: [User:  | ID: ] GET /show-invoice - ::1
2025-08-18 14:58:47 [INFO]: [User:  | ID: ] GET /show-invoice - ::1
2025-08-18 14:58:57 [INFO]: [User:  | ID: ] GET /show-invoice - ::1
2025-08-18 14:59:09 [INFO]: [User:  | ID: ] GET /show-invoice - ::1
2025-08-18 14:59:18 [INFO]: [User:  | ID: ] GET /show-invoice - ::1
2025-08-18 15:00:31 [INFO]: [User:  | ID: ] GET /show-invoice - ::1
2025-08-18 15:00:36 [INFO]: [User:  | ID: ] GET /show-invoice - ::1
2025-08-18 15:01:16 [INFO]: [User:  | ID: ] GET / - ::1
2025-08-18 15:01:16 [INFO]: [User:  | ID: ] GET /favicon.ico - ::1
2025-08-18 15:01:26 [INFO]: [User:  | ID: ] GET /invoice - ::1
2025-08-18 15:01:56 [INFO]: [User:  | ID: ] GET /invoice - ::1
2025-08-18 15:02:03 [INFO]: [User:  | ID: ] GET /show-invoice - ::1
2025-08-18 15:02:22 [INFO]: [User:  | ID: ] GET /show-invoice/ - ::1
2025-08-18 15:02:23 [INFO]: [User:  | ID: ] GET /show-invoice/31 - ::1
2025-08-18 15:02:26 [INFO]: [User:  | ID: ] GET /show-invoice/ - ::1
2025-08-18 15:02:48 [INFO]: [User:  | ID: ] GET /single-invoice/31 - ::1
2025-08-18 15:03:08 [INFO]: [User:  | ID: ] GET /show-invoice - ::1
2025-08-18 15:04:19 [INFO]: [User:  | ID: ] GET /show-invoice - ::1
2025-08-18 15:06:50 [INFO]: [User:  | ID: ] GET /show-invoice - ::1
2025-08-18 15:06:50 [INFO]: [User:  | ID: ] GET /show-invoice - ::1
2025-08-18 15:07:05 [INFO]: [User:  | ID: ] GET /single-invoice/33 - ::1
2025-08-18 15:07:05 [INFO]: [User:  | ID: ] GET /show-invoice - ::1
2025-08-18 15:07:05 [INFO]: [User:  | ID: ] GET /show-invoice - ::1
2025-08-18 15:07:07 [INFO]: [User:  | ID: ] GET /single-invoice/34 - ::1
2025-08-18 15:07:07 [INFO]: [User:  | ID: ] GET /single-invoice/34 - ::1
2025-08-18 15:07:19 [INFO]: [User:  | ID: ] GET /single-invoice/34 - ::1
2025-08-18 15:07:27 [INFO]: [User:  | ID: ] GET /single-invoice/34 - ::1
2025-08-18 15:07:30 [INFO]: [User:  | ID: ] GET /single-invoice/34 - ::1
2025-08-18 15:07:37 [INFO]: [User:  | ID: ] GET /single-invoice/34 - ::1
2025-08-18 15:07:54 [INFO]: [User:  | ID: ] GET /single-invoice/34 - ::1
2025-08-18 15:07:54 [INFO]: [User:  | ID: ] GET /favicon.ico - ::1
2025-08-18 15:08:07 [INFO]: [User:  | ID: ] GET /single-invoice/34 - ::1
2025-08-18 15:08:18 [INFO]: [User:  | ID: ] GET /single-invoice/34 - ::1
2025-08-18 15:09:01 [INFO]: [User:  | ID: ] GET /single-invoice/34 - ::1
2025-08-18 15:10:14 [INFO]: [User:  | ID: ] GET /single-invoice/34 - ::1
2025-08-18 15:10:21 [INFO]: [User:  | ID: ] GET /single-invoice/34 - ::1
2025-08-18 15:10:22 [INFO]: [User:  | ID: ] GET /single-invoice/34 - ::1
2025-08-18 15:10:30 [INFO]: [User:  | ID: ] GET /single-invoice/34 - ::1
2025-08-18 15:10:34 [INFO]: [User:  | ID: ] GET /single-invoice/34 - ::1
2025-08-18 15:10:40 [INFO]: [User:  | ID: ] GET /single-invoice/34 - ::1
2025-08-18 15:10:49 [INFO]: [User:  | ID: ] GET /single-invoice/34 - ::1
2025-08-18 15:11:02 [INFO]: [User:  | ID: ] GET /single-invoice/34 - ::1
2025-08-18 15:11:03 [INFO]: [User:  | ID: ] GET /single-invoice/34 - ::1
2025-08-18 15:11:09 [INFO]: [User:  | ID: ] GET /single-invoice/34 - ::1
2025-08-18 15:11:12 [INFO]: [User:  | ID: ] GET /single-invoice/34 - ::1
2025-08-18 15:11:14 [INFO]: [User:  | ID: ] GET /single-invoice/34 - ::1
2025-08-18 15:12:08 [INFO]: [User:  | ID: ] GET /single-invoice/34 - ::1
2025-08-18 15:12:12 [INFO]: [User:  | ID: ] GET /single-invoice/34 - ::1
2025-08-18 15:12:12 [INFO]: [User:  | ID: ] GET /single-invoice/34 - ::1
2025-08-18 15:12:31 [INFO]: [User:  | ID: ] GET /single-invoice/34 - ::1
2025-08-18 15:12:42 [INFO]: [User:  | ID: ] GET /single-invoice/34 - ::1
2025-08-18 15:13:28 [INFO]: [User:  | ID: ] GET /single-invoice/34 - ::1
2025-08-18 15:13:37 [INFO]: [User:  | ID: ] GET /single-invoice/31 - ::1
2025-08-18 15:13:45 [INFO]: [User:  | ID: ] GET /single-invoice/34 - ::1
2025-08-18 15:13:47 [INFO]: [User:  | ID: ] GET /show-invoice - ::1
2025-08-18 15:13:47 [INFO]: [User:  | ID: ] GET /show-invoice - ::1
2025-08-18 15:14:00 [INFO]: [User:  | ID: ] GET /single-invoice/37 - ::1
2025-08-18 15:14:00 [INFO]: [User:  | ID: ] GET /single-invoice/37 - ::1
2025-08-18 15:16:07 [INFO]: [User:  | ID: ] GET /single-invoice/37 - ::1
2025-08-18 15:16:21 [INFO]: [User:  | ID: ] GET /single-invoice/37 - ::1
2025-08-18 15:17:20 [INFO]: [User:  | ID: ] GET /show-ticket - ::1
2025-08-18 15:17:20 [INFO]: [User:  | ID: ] GET /show-ticket - ::1
2025-08-18 15:17:42 [INFO]: [User:  | ID: ] POST /update-ticket - ::1
2025-08-18 15:17:42 [INFO]: [User:  | ID: ] GET /show-ticket - ::1
2025-08-18 15:47:37 [INFO]: [User:  | ID: ] GET /show-product - ::ffff:127.0.0.1
2025-08-18 15:47:38 [INFO]: [User:  | ID: ] GET /favicon.ico - ::ffff:127.0.0.1
2025-08-18 15:48:38 [INFO]: [User:  | ID: ] GET /single-invoice/34 - ::1
2025-08-18 15:48:43 [INFO]: [User:  | ID: ] GET /single-product/1 - ::1
2025-08-18 15:51:45 [INFO]: [User:  | ID: ] GET /show-invoice - ::1
2025-08-18 15:51:45 [INFO]: [User:  | ID: ] GET /show-invoice - ::1
2025-08-18 15:51:51 [INFO]: [User:  | ID: ] GET /single-invoice/35 - ::1
2025-08-18 15:51:51 [INFO]: [User:  | ID: ] GET /single-invoice/35 - ::1
2025-08-18 15:51:58 [INFO]: [User:  | ID: ] GET /show-product - ::1
2025-08-18 15:51:58 [INFO]: [User:  | ID: ] GET /show-product - ::1
2025-08-18 15:52:29 [INFO]: [User:  | ID: ] GET /show-invoice - ::1
2025-08-18 15:52:55 [INFO]: [User:  | ID: ] GET /show-invoice - ::1
2025-08-18 15:52:55 [INFO]: [User:  | ID: ] GET /show-invoice - ::1
2025-08-18 15:53:12 [INFO]: [User:  | ID: ] GET /single-invoice/1 - ::1
2025-08-18 15:53:15 [INFO]: [User:  | ID: ] GET /single-invoice/31 - ::1
2025-08-18 15:53:20 [INFO]: [User:  | ID: ] GET /single-product/1 - ::1
2025-08-18 15:54:17 [INFO]: [User:  | ID: ] GET /show-product - ::1
2025-08-18 15:54:17 [INFO]: [User:  | ID: ] GET /show-product - ::1
2025-08-18 15:54:26 [INFO]: [User:  | ID: ] GET /show-invoice - ::1
2025-08-18 15:54:26 [INFO]: [User:  | ID: ] GET /show-invoice - ::1
2025-08-18 15:55:02 [INFO]: [User:  | ID: ] GET /single-invoice/36 - ::1
2025-08-18 15:55:10 [INFO]: [User:  | ID: ] GET /single-invoice/36 - ::1
2025-08-18 15:55:13 [INFO]: [User:  | ID: ] GET /single-invoice/36 - ::1
2025-08-18 15:55:29 [INFO]: [User:  | ID: ] GET /single-invoice/36 - ::1
2025-08-18 15:55:36 [INFO]: [User:  | ID: ] GET /single-invoice/36 - ::1
2025-08-18 15:55:38 [INFO]: [User:  | ID: ] GET /single-invoice/36 - ::1
2025-08-18 15:55:46 [INFO]: [User:  | ID: ] GET /single-invoice/36 - ::1
2025-08-18 15:55:50 [INFO]: [User:  | ID: ] GET /single-invoice/36 - ::1
2025-08-18 15:55:53 [INFO]: [User:  | ID: ] GET /single-invoice/36 - ::1
2025-08-18 15:55:59 [INFO]: [User:  | ID: ] GET /single-invoice/36 - ::1
2025-08-18 15:56:03 [INFO]: [User:  | ID: ] GET /single-invoice/36 - ::1
2025-08-18 15:56:08 [INFO]: [User:  | ID: ] GET /single-invoice/36 - ::1
2025-08-18 15:56:14 [INFO]: [User:  | ID: ] GET /single-invoice/36 - ::1
2025-08-18 15:56:17 [INFO]: [User:  | ID: ] GET /single-invoice/345 - ::1
2025-08-18 15:56:25 [INFO]: [User:  | ID: ] GET /single-invoice/345 - ::1
2025-08-18 15:56:28 [INFO]: [User:  | ID: ] GET /single-invoice/35 - ::1
2025-08-18 15:57:03 [INFO]: [User:  | ID: ] GET /single-product/1 - ::1
2025-08-18 15:58:12 [INFO]: [User:  | ID: ] GET /single-product/1 - ::1
2025-08-18 16:00:45 [INFO]: [User:  | ID: ] GET /single-product/1 - ::1
2025-08-18 16:00:58 [INFO]: [User:  | ID: ] GET /show-product - ::1
2025-08-18 16:01:46 [INFO]: [User:  | ID: ] GET /show-product - ::1
2025-08-18 16:01:48 [INFO]: [User:  | ID: ] GET /show-product - ::1
2025-08-18 16:01:53 [INFO]: [User:  | ID: ] GET /show-product - ::1
2025-08-18 16:02:37 [INFO]: [User:  | ID: ] GET /show-product - ::1
2025-08-18 16:02:39 [INFO]: [User:  | ID: ] GET /show-product - ::1
2025-08-18 16:02:43 [INFO]: [User:  | ID: ] GET /show-product - ::1
2025-08-18 16:05:17 [INFO]: [User:  | ID: ] GET /show-product - ::1
2025-08-18 16:05:21 [INFO]: [User:  | ID: ] GET /single-product/3 - ::1
2025-08-18 16:05:21 [INFO]: [User:  | ID: ] GET /single-product/3 - ::1
2025-08-18 16:05:30 [INFO]: [User:  | ID: ] GET /show-product - ::1
2025-08-18 16:05:30 [INFO]: [User:  | ID: ] GET /show-product - ::1
2025-08-18 16:05:32 [INFO]: [User:  | ID: ] GET /single-product/7 - ::1
2025-08-18 16:05:32 [INFO]: [User:  | ID: ] GET /single-product/7 - ::1
2025-08-18 16:05:47 [INFO]: [User:  | ID: ] GET /single-product/7 - ::1
2025-08-18 16:05:53 [INFO]: [User:  | ID: ] GET /single-product/1 - ::1
2025-08-18 16:05:59 [INFO]: [User:  | ID: ] GET /show-product - ::1
2025-08-18 16:06:02 [INFO]: [User:  | ID: ] GET /single-product/14 - ::1
2025-08-18 16:06:02 [INFO]: [User:  | ID: ] GET /single-product/14 - ::1
2025-08-18 16:06:08 [INFO]: [User:  | ID: ] GET /single-product/14 - ::1
2025-08-18 16:06:51 [INFO]: [User:  | ID: ] GET /single-product/14 - ::1
2025-08-18 16:07:21 [INFO]: [User:  | ID: ] GET /single-product/14 - ::1
2025-08-18 16:07:24 [INFO]: [User:  | ID: ] GET /single-product/14 - ::1
2025-08-18 16:08:39 [INFO]: [User:  | ID: ] GET /single-product/14 - ::1
2025-08-18 16:08:48 [INFO]: [User:  | ID: ] GET /single-product/14 - ::1
2025-08-18 16:50:23 [INFO]: [User:  | ID: ] GET /single-product/14 - ::1
2025-08-18 16:51:11 [INFO]: [User:  | ID: ] GET /single-product/14 - ::1
2025-08-18 16:53:35 [INFO]: [User:  | ID: ] GET /single-product/14 - ::1
2025-08-18 16:53:52 [INFO]: [User:  | ID: ] GET /single-product/14 - ::1
2025-08-18 16:54:12 [INFO]: [User:  | ID: ] GET /single-product/14 - ::1
2025-08-18 16:55:33 [INFO]: [User:  | ID: ] GET /single-product/14 - ::1
2025-08-18 16:55:34 [INFO]: [User:  | ID: ] GET /single-product/14 - ::1
2025-08-18 16:55:38 [INFO]: [User:  | ID: ] GET /single-product/14 - ::1
2025-08-18 16:58:31 [INFO]: [User:  | ID: ] GET /single-product/14 - ::1
2025-08-18 16:58:35 [INFO]: [User:  | ID: ] GET /single-product/14 - ::1
2025-08-18 16:58:53 [INFO]: [User:  | ID: ] GET /single-product/14 - ::1
2025-08-18 16:59:20 [INFO]: [User:  | ID: ] GET /single-product/14 - ::1
2025-08-18 17:00:07 [INFO]: [User:  | ID: ] GET /single-product/14 - ::1
2025-08-18 17:00:46 [INFO]: [User:  | ID: ] GET /single-product/14 - ::1
2025-08-18 17:02:13 [INFO]: [User:  | ID: ] GET /single-product/14 - ::1
2025-08-18 17:02:21 [INFO]: [User:  | ID: ] GET /single-product/14 - ::1
2025-08-18 17:02:22 [INFO]: [User:  | ID: ] GET /single-product/14 - ::1
2025-08-18 17:02:25 [INFO]: [User:  | ID: ] GET /single-product/14 - ::1
2025-08-18 17:02:43 [INFO]: [User:  | ID: ] GET /show-product - ::1
2025-08-18 17:02:43 [INFO]: [User:  | ID: ] GET /show-product - ::1
2025-08-18 17:02:46 [INFO]: [User:  | ID: ] GET /single-product/3 - ::1
2025-08-18 17:02:46 [INFO]: [User:  | ID: ] GET /single-product/3 - ::1
2025-08-18 17:02:53 [INFO]: [User:  | ID: ] GET /single-product/3 - ::1
2025-08-18 17:07:52 [INFO]: [User:  | ID: ] GET /single-product/3 - ::1
2025-08-18 17:09:06 [INFO]: [User:  | ID: ] GET /show-product - ::1
2025-08-18 17:09:43 [INFO]: [User:  | ID: ] GET /single-product/2 - ::1
2025-08-18 17:09:43 [INFO]: [User:  | ID: ] GET /single-product/2 - ::1
2025-08-18 17:09:51 [INFO]: [User:  | ID: ] GET /show-product - ::1
2025-08-18 17:09:51 [INFO]: [User:  | ID: ] GET /show-product - ::1
2025-08-18 17:09:55 [INFO]: [User:  | ID: ] GET /single-product/1 - ::1
2025-08-18 17:09:55 [INFO]: [User:  | ID: ] GET /single-product/1 - ::1
2025-08-18 17:09:55 [INFO]: [User:  | ID: ] GET /single-product/1 - ::1
2025-08-18 17:09:55 [INFO]: [User:  | ID: ] GET /single-product/1 - ::1
2025-08-18 17:10:04 [INFO]: [User:  | ID: ] GET /single-product/1 - ::1
2025-08-18 17:10:04 [INFO]: [User:  | ID: ] GET /single-product/1 - ::1
2025-08-18 17:10:06 [INFO]: [User:  | ID: ] GET /show-product - ::1
2025-08-18 17:10:06 [INFO]: [User:  | ID: ] GET /show-product - ::1
2025-08-18 17:10:08 [INFO]: [User:  | ID: ] GET /single-product/14 - ::1
2025-08-18 17:10:08 [INFO]: [User:  | ID: ] GET /single-product/14 - ::1
2025-08-18 17:10:08 [INFO]: [User:  | ID: ] GET /single-product/14 - ::1
2025-08-18 17:10:08 [INFO]: [User:  | ID: ] GET /single-product/14 - ::1
2025-08-18 17:17:04 [INFO]: [User:  | ID: ] GET /single-product/14 - ::1
2025-08-18 17:17:04 [INFO]: [User:  | ID: ] GET /single-product/14 - ::1
2025-08-18 17:17:13 [INFO]: [User:  | ID: ] GET /single-product/14 - ::1
2025-08-18 17:17:13 [INFO]: [User:  | ID: ] GET /single-product/14 - ::1
2025-08-18 17:17:26 [INFO]: [User:  | ID: ] GET /single-product/14 - ::1
2025-08-18 17:17:26 [INFO]: [User:  | ID: ] GET /single-product/14 - ::1
2025-08-18 17:17:55 [INFO]: [User:  | ID: ] GET /single-product/14 - ::1
2025-08-18 17:17:55 [INFO]: [User:  | ID: ] GET /single-product/14 - ::1
2025-08-18 17:18:00 [INFO]: [User:  | ID: ] GET /single-product/14 - ::1
2025-08-18 17:18:00 [INFO]: [User:  | ID: ] GET /single-product/14 - ::1
2025-08-18 17:19:24 [INFO]: [User:  | ID: ] GET /single-product/14 - ::1
2025-08-18 17:19:24 [INFO]: [User:  | ID: ] GET /single-product/14 - ::1
2025-08-18 17:19:29 [INFO]: [User:  | ID: ] GET /single-product/14 - ::1
2025-08-18 17:19:29 [INFO]: [User:  | ID: ] GET /single-product/14 - ::1
2025-08-18 17:19:31 [INFO]: [User:  | ID: ] GET /single-product/14 - ::1
2025-08-18 17:19:31 [INFO]: [User:  | ID: ] GET /single-product/14 - ::1
2025-08-18 17:20:05 [INFO]: [User:  | ID: ] GET /single-product/14 - ::1
2025-08-18 17:20:05 [INFO]: [User:  | ID: ] GET /single-product/14 - ::1
2025-08-18 17:21:28 [INFO]: [User:  | ID: ] GET /single-product/14 - ::1
2025-08-18 17:21:34 [INFO]: [User:  | ID: ] GET /single-product/14 - ::1
2025-08-18 17:21:48 [INFO]: [User:  | ID: ] GET /single-product/14 - ::1
2025-08-18 17:23:06 [INFO]: [User:  | ID: ] GET /single-product/14 - ::1
2025-08-18 17:23:09 [INFO]: [User:  | ID: ] POST /update-cart/ - ::1
2025-08-18 17:23:17 [INFO]: [User:  | ID: ] GET /cart-details/213 - ::1
2025-08-18 17:23:17 [INFO]: [User:  | ID: ] GET /cart-details/213 - ::1
2025-08-18 17:23:24 [INFO]: [User:  | ID: ] GET /show-product - ::1
2025-08-18 17:23:24 [INFO]: [User:  | ID: ] GET /show-product - ::1
2025-08-18 17:23:52 [INFO]: [User:  | ID: ] GET /cart-details/213 - ::1
2025-08-18 17:24:28 [INFO]: [User:  | ID: ] GET /show-product - ::1
2025-08-18 17:24:40 [INFO]: [User:  | ID: ] GET /show-product - ::1
2025-08-18 17:24:45 [INFO]: [User:  | ID: ] GET /cart-details/213 - ::1
2025-08-18 17:28:40 [INFO]: [User:  | ID: ] GET /cart-details/213 - ::1
2025-08-18 17:29:52 [INFO]: [User:  | ID: ] GET /cart-details/213 - ::1
2025-08-18 17:31:51 [INFO]: [User:  | ID: ] GET /cart-details/213 - ::1
2025-08-18 17:31:54 [INFO]: [User:  | ID: ] POST /update-cart/ - ::1
2025-08-18 17:31:58 [INFO]: [User:  | ID: ] POST /update-cart/ - ::1
2025-08-18 17:32:00 [INFO]: [User:  | ID: ] POST /update-cart/ - ::1
2025-08-18 17:32:02 [INFO]: [User:  | ID: ] GET /cart-details/213 - ::1
2025-08-18 17:32:07 [INFO]: [User:  | ID: ] GET /show-product - ::1
2025-08-18 17:32:13 [INFO]: [User:  | ID: ] POST /update-cart/ - ::1
2025-08-18 17:32:14 [INFO]: [User:  | ID: ] POST /update-cart/ - ::1
2025-08-18 17:32:16 [INFO]: [User:  | ID: ] POST /update-cart/ - ::1
2025-08-18 17:32:18 [INFO]: [User:  | ID: ] POST /update-cart/ - ::1
2025-08-18 17:32:21 [INFO]: [User:  | ID: ] GET /cart-details/213 - ::1
2025-08-18 17:32:23 [INFO]: [User:  | ID: ] GET /cart-details/213 - ::1
2025-08-18 17:32:25 [INFO]: [User:  | ID: ] GET /show-product - ::1
2025-08-18 17:32:29 [INFO]: [User:  | ID: ] POST /update-cart/ - ::1
2025-08-18 17:32:31 [INFO]: [User:  | ID: ] GET /cart-details/213 - ::1
2025-08-18 17:32:43 [INFO]: [User:  | ID: ] POST /update-cart/ - ::1
2025-08-18 17:32:43 [INFO]: [User:  | ID: ] POST /update-cart/ - ::1
2025-08-18 17:32:44 [INFO]: [User:  | ID: ] POST /update-cart/ - ::1
2025-08-18 17:32:44 [INFO]: [User:  | ID: ] POST /update-cart/ - ::1
2025-08-18 17:32:44 [INFO]: [User:  | ID: ] POST /update-cart/ - ::1
2025-08-18 17:32:45 [INFO]: [User:  | ID: ] POST /update-cart/ - ::1
2025-08-18 17:32:46 [INFO]: [User:  | ID: ] POST /update-cart/ - ::1
2025-08-18 17:32:48 [INFO]: [User:  | ID: ] GET /cart-details/213 - ::1
2025-08-18 17:32:50 [INFO]: [User:  | ID: ] GET /show-product - ::1
2025-08-18 17:32:52 [INFO]: [User:  | ID: ] GET /cart-details/213 - ::1
2025-08-18 17:36:16 [INFO]: [User:  | ID: ] POST /update-cart/ - ::1
2025-08-18 17:36:20 [INFO]: [User:  | ID: ] GET /cart-details/213 - ::1
2025-08-18 17:36:27 [INFO]: [User:  | ID: ] GET /show-product - ::1
2025-08-18 17:36:27 [INFO]: [User:  | ID: ] POST /update-cart/ - ::1
2025-08-18 17:36:35 [INFO]: [User:  | ID: ] GET /cart-details/213 - ::1
2025-08-18 17:36:35 [INFO]: [User:  | ID: ] GET /show-product - ::1
2025-08-18 17:36:35 [INFO]: [User:  | ID: ] POST /update-cart/ - ::1
2025-08-18 17:36:39 [INFO]: [User:  | ID: ] POST /update-cart/ - ::1
2025-08-18 17:36:40 [INFO]: [User:  | ID: ] POST /update-cart/ - ::1
2025-08-18 17:36:42 [INFO]: [User:  | ID: ] POST /update-cart/ - ::1
2025-08-18 17:36:45 [INFO]: [User:  | ID: ] POST /update-cart/ - ::1
2025-08-18 17:36:47 [INFO]: [User:  | ID: ] POST /update-cart/ - ::1
2025-08-18 17:36:49 [INFO]: [User:  | ID: ] POST /update-cart/ - ::1
2025-08-18 17:36:55 [INFO]: [User:  | ID: ] GET /show-product - ::1
2025-08-18 17:36:55 [INFO]: [User:  | ID: ] POST /update-cart/ - ::1
2025-08-18 17:37:01 [INFO]: [User:  | ID: ] GET /show-product - ::1
2025-08-18 17:37:01 [INFO]: [User:  | ID: ] POST /update-cart/ - ::1
2025-08-18 17:37:01 [INFO]: [User:  | ID: ] GET /cart-details/213 - ::1
2025-08-18 17:37:04 [INFO]: [User:  | ID: ] GET /show-product - ::1
2025-08-18 17:37:04 [INFO]: [User:  | ID: ] GET /show-product - ::1
2025-08-18 17:37:04 [INFO]: [User:  | ID: ] POST /update-cart/ - ::1
2025-08-18 17:37:07 [INFO]: [User:  | ID: ] GET /cart-details/213 - ::1
2025-08-18 17:37:07 [INFO]: [User:  | ID: ] GET /cart-details/213 - ::1
2025-08-18 17:37:15 [INFO]: [User:  | ID: ] POST /update-cart/ - ::1
2025-08-18 17:37:17 [INFO]: [User:  | ID: ] POST /update-cart/ - ::1
2025-08-18 17:37:19 [INFO]: [User:  | ID: ] POST /update-cart/ - ::1
2025-08-18 17:37:23 [INFO]: [User:  | ID: ] GET /cart-details/213 - ::1
2025-08-18 17:37:25 [INFO]: [User:  | ID: ] GET /show-product - ::1
2025-08-18 17:37:25 [INFO]: [User:  | ID: ] GET /show-product - ::1
2025-08-18 17:37:25 [INFO]: [User:  | ID: ] POST /update-cart/ - ::1
2025-08-18 17:37:28 [INFO]: [User:  | ID: ] GET /cart-details/213 - ::1
2025-08-18 17:37:28 [INFO]: [User:  | ID: ] GET /cart-details/213 - ::1
2025-08-18 17:40:09 [INFO]: [User:  | ID: ] GET /show-users - ::1
2025-08-18 17:40:16 [INFO]: [User:  | ID: ] POST /login - ::1
2025-08-18 17:40:26 [INFO]: [User:  | ID: ] GET /show-users - ::1
2025-08-18 17:40:26 [INFO]: [User:  | ID: ] GET /show-users - ::1
2025-08-18 17:40:26 [INFO]: [User:  | ID: ] GET /show-ticket - ::1
2025-08-18 17:40:26 [INFO]: [User:  | ID: ] GET /show-ticket - ::1
2025-08-18 17:40:32 [INFO]: [User:  | ID: ] GET /cart-details/1 - ::1
2025-08-18 17:40:32 [INFO]: [User:  | ID: ] GET /cart-details/1 - ::1
2025-08-18 17:40:38 [INFO]: [User:  | ID: ] GET /show-product - ::1
2025-08-18 17:40:44 [INFO]: [User:  | ID: ] POST /create-cart - ::1
2025-08-18 17:40:49 [INFO]: [User:  | ID: ] GET /cart-details/1 - ::1
2025-08-18 17:40:53 [INFO]: [User:  | ID: ] GET /show-product - ::1
2025-08-18 17:41:08 [INFO]: [User:  | ID: ] GET /show-caty - ::1
2025-08-18 17:41:08 [INFO]: [User:  | ID: ] GET /favicon.ico - ::1
2025-08-18 17:41:11 [INFO]: [User:  | ID: ] GET /show-cart - ::1
2025-08-18 17:44:28 [INFO]: [User:  | ID: ] GET /show-product - ::1
2025-08-18 17:45:12 [INFO]: [User:  | ID: ] GET /show-product - ::1
2025-08-18 17:45:15 [INFO]: [User:  | ID: ] GET /cart-details/1 - ::1
2025-08-18 17:46:14 [INFO]: [User:  | ID: ] POST /update-cart/ - ::1
2025-08-18 17:46:17 [INFO]: [User:  | ID: ] GET /cart-details/1 - ::1
2025-08-18 17:46:23 [INFO]: [User:  | ID: ] GET /show-product - ::1
2025-08-18 17:46:29 [INFO]: [User:  | ID: ] GET /cart-details/1 - ::1
2025-08-18 17:48:54 [INFO]: [User:  | ID: ] GET /show-cart - ::1
2025-08-18 17:48:54 [INFO]: [User:  | ID: ] GET /favicon.ico - ::1
2025-08-18 17:49:41 [INFO]: [User:  | ID: ] POST /update-cart/ - ::1
2025-08-18 17:49:44 [INFO]: [User:  | ID: ] GET /cart-details/1 - ::1
2025-08-18 17:49:47 [INFO]: [User:  | ID: ] GET /show-cart - ::1
2025-08-18 17:49:47 [INFO]: [User:  | ID: ] GET /cart-details/1 - ::1
2025-08-18 17:50:02 [INFO]: [User:  | ID: ] GET /show-product - ::1
2025-08-18 17:50:02 [INFO]: [User:  | ID: ] GET /show-product - ::1
2025-08-18 17:50:04 [INFO]: [User:  | ID: ] POST /update-cart/ - ::1
2025-08-18 17:50:05 [INFO]: [User:  | ID: ] POST /update-cart/ - ::1
2025-08-18 17:50:05 [INFO]: [User:  | ID: ] POST /update-cart/ - ::1
2025-08-18 17:50:06 [INFO]: [User:  | ID: ] POST /update-cart/ - ::1
2025-08-18 17:50:07 [INFO]: [User:  | ID: ] GET /show-cart - ::1
2025-08-18 17:50:13 [INFO]: [User:  | ID: ] GET /cart-details/1 - ::1
2025-08-18 17:50:13 [INFO]: [User:  | ID: ] GET /cart-details/1 - ::1
2025-08-18 17:50:18 [INFO]: [User:  | ID: ] GET /cart-details/1 - ::1
2025-08-18 17:50:26 [INFO]: [User:  | ID: ] POST /update-cart/ - ::1
2025-08-18 17:50:30 [INFO]: [User:  | ID: ] GET /cart-details/1 - ::1
2025-08-18 17:50:33 [INFO]: [User:  | ID: ] GET /show-cart - ::1
2025-08-18 17:50:34 [INFO]: [User:  | ID: ] GET /favicon.ico - ::1
2025-08-18 18:00:09 [INFO]: [User:  | ID: ] GET /cart/1 - ::1
2025-08-18 18:00:30 [INFO]: [User:  | ID: ] GET /show-cart - ::1
2025-08-18 18:00:30 [INFO]: [User:  | ID: ] GET /favicon.ico - ::1
2025-08-18 18:01:01 [INFO]: [User:  | ID: ] GET /show-cart/1 - ::1
2025-08-18 18:01:05 [INFO]: [User:  | ID: ] GET /cart/1 - ::1
2025-08-18 18:01:11 [INFO]: [User:  | ID: ] GET /single-invoice/31 - ::1
2025-08-18 18:01:14 [INFO]: [User:  | ID: ] GET /single-cart/1 - ::1
2025-08-18 18:01:51 [INFO]: [User:  | ID: ] GET /cart-details/1 - ::1
2025-08-18 18:01:57 [INFO]: [User:  | ID: ] GET /cart-details/2 - ::1
2025-08-18 18:02:23 [INFO]: [User:  | ID: ] GET /cart-details/1 - ::1
2025-08-18 18:02:51 [INFO]: [User:  | ID: ] GET /cart-details/1 - ::1
2025-08-18 18:03:07 [INFO]: [User:  | ID: ] GET /cart-details/1 - ::1
2025-08-18 18:03:17 [INFO]: [User:  | ID: ] GET /cart-details/1 - ::1
2025-08-18 18:03:39 [INFO]: [User:  | ID: ] GET /cart-details/1 - ::1
2025-08-18 18:03:39 [INFO]: [User:  | ID: ] GET /favicon.ico - ::1
2025-08-18 18:04:47 [INFO]: [User:  | ID: ] GET /cart-details/1 - ::1
2025-08-18 18:04:55 [INFO]: [User:  | ID: ] GET /cart-details/1 - ::1
2025-08-18 18:05:21 [INFO]: [User:  | ID: ] GET /cart-details/1 - ::1
2025-08-18 18:05:51 [INFO]: [User:  | ID: ] GET /show-users - ::1
2025-08-18 18:06:00 [INFO]: [User:  | ID: ] POST /login - ::1
2025-08-18 18:06:02 [INFO]: [User:  | ID: ] POST /login - ::1
2025-08-18 18:06:06 [INFO]: [User:  | ID: ] POST /login - ::1
2025-08-18 18:06:14 [INFO]: [User:  | ID: ] POST /login - ::1
2025-08-18 18:06:28 [INFO]: [User:  | ID: ] GET /cart-details/1 - ::1
2025-08-18 18:06:28 [INFO]: [User:  | ID: ] GET /cart-details/1 - ::1
2025-08-18 18:06:49 [INFO]: [User:  | ID: ] GET /cart-details/213 - ::1
2025-08-18 18:06:49 [INFO]: [User:  | ID: ] GET /favicon.ico - ::1
2025-08-18 18:06:56 [INFO]: [User:  | ID: ] GET /cart-details/1 - ::1
2025-08-18 18:10:18 [INFO]: [User:  | ID: ] GET /cart-details/1 - ::1
2025-08-18 18:11:22 [INFO]: [User:  | ID: ] GET /cart-details/1 - ::1
2025-08-18 18:11:34 [INFO]: [User:  | ID: ] GET /cart-details/1 - ::1
2025-08-18 18:12:16 [INFO]: [User:  | ID: ] GET /cart-details/1 - ::1
2025-08-18 18:12:41 [INFO]: [User:  | ID: ] GET /cart-details/1 - ::1
2025-08-18 18:15:28 [INFO]: [User:  | ID: ] GET /cart-details/1 - ::1
2025-08-18 18:15:36 [INFO]: [User:  | ID: ] GET /cart-details/1 - ::1
2025-08-18 18:16:17 [INFO]: [User:  | ID: ] GET /cart-details/1 - ::1
2025-08-18 18:17:47 [INFO]: [User:  | ID: ] GET /cart-details/1 - ::1
