2025-08-19 11:07:15 [INFO]: Deleted old log file: 12082025-api.log
2025-08-19 11:09:01 [INFO]: [User:  | ID: ] GET /show-cart - ::1
2025-08-19 11:09:14 [INFO]: [User:  | ID: ] POST /login - ::1
2025-08-19 11:09:20 [INFO]: [User:  | ID: ] GET /show-users - ::1
2025-08-19 11:09:20 [INFO]: [User:  | ID: ] GET /show-users - ::1
2025-08-19 11:09:20 [INFO]: [User:  | ID: ] GET /show-ticket - ::1
2025-08-19 11:09:20 [INFO]: [User:  | ID: ] GET /show-ticket - ::1
2025-08-19 11:09:28 [INFO]: [User:  | ID: ] GET /cart-details/213 - ::1
2025-08-19 11:09:29 [INFO]: [User:  | ID: ] GET /favicon.ico - ::1
2025-08-19 11:09:34 [INFO]: [User:  | ID: ] GET /show-cart - ::1
2025-08-19 11:09:34 [INFO]: [User:  | ID: ] GET /show-cart - ::1
2025-08-19 11:09:43 [INFO]: [User:  | ID: ] GET /show-cart - ::1
2025-08-19 11:10:04 [INFO]: [User:  | ID: ] GET /show-cart - ::1
2025-08-19 11:10:06 [INFO]: [User:  | ID: ] GET /show-cart - ::1
2025-08-19 11:10:20 [INFO]: [User:  | ID: ] GET /show-cart - ::1
2025-08-19 11:10:25 [INFO]: [User:  | ID: ] GET /show-cart - ::1
2025-08-19 11:11:05 [INFO]: [User:  | ID: ] GET /show-cart - ::1
2025-08-19 11:39:46 [INFO]: [User:  | ID: ] GET /cart-details/1 - ::1
2025-08-19 11:40:07 [INFO]: [User:  | ID: ] GET /cart-details/213 - ::1
2025-08-19 11:40:07 [INFO]: [User:  | ID: ] GET /favicon.ico - ::1
2025-08-19 11:40:08 [INFO]: [User:  | ID: ] GET /cart-details/213 - ::1
2025-08-19 11:42:14 [INFO]: [User:  | ID: ] GET /cart-details/1 - ::1
2025-08-19 11:42:15 [INFO]: [User:  | ID: ] GET /cart-details/213 - ::1
2025-08-19 11:43:11 [INFO]: [User:  | ID: ] GET /cart-details/1 - ::1
2025-08-19 12:24:08 [INFO]: [User:  | ID: ] GET /cart-details/1 - ::1
2025-08-19 12:25:04 [INFO]: [User:  | ID: ] GET /cart-details/1 - ::1
2025-08-19 12:25:33 [INFO]: [User:  | ID: ] GET /cart-details/1 - ::1
2025-08-19 12:25:51 [INFO]: [User:  | ID: ] GET /cart-details/1 - ::1
2025-08-19 12:28:05 [INFO]: [User:  | ID: ] GET /cart-details/1 - ::1
2025-08-19 12:29:32 [INFO]: [User:  | ID: ] GET /cart-details/1 - ::1
2025-08-19 12:29:44 [INFO]: [User:  | ID: ] GET /cart-details/1 - ::1
2025-08-19 12:30:13 [INFO]: [User:  | ID: ] GET /cart-details/1 - ::1
2025-08-19 12:30:30 [INFO]: [User:  | ID: ] GET /cart-details/1 - ::1
2025-08-19 12:31:25 [INFO]: [User:  | ID: ] GET /cart-details/undefined - ::1
2025-08-19 12:31:42 [INFO]: [User:  | ID: ] GET /cart-details/1 - ::1
2025-08-19 12:32:30 [INFO]: [User:  | ID: ] GET /cart-details/1 - ::1
2025-08-19 12:35:25 [INFO]: [User:  | ID: ] GET /cart-details/1 - ::1
2025-08-19 12:35:40 [INFO]: [User:  | ID: ] DELETE /delete-allcart - ::1
2025-08-19 12:35:44 [INFO]: [User:  | ID: ] GET /cart-details/1 - ::1
2025-08-19 12:35:45 [INFO]: [User:  | ID: ] GET /cart-details/213 - ::1
2025-08-19 12:35:45 [INFO]: [User:  | ID: ] GET /favicon.ico - ::1
2025-08-19 12:36:14 [INFO]: [User:  | ID: ] GET /show-product - ::1
2025-08-19 12:36:14 [INFO]: [User:  | ID: ] GET /show-product - ::1
2025-08-19 12:36:14 [INFO]: [User:  | ID: ] GET /cart-details/213 - ::1
2025-08-19 12:36:14 [INFO]: [User:  | ID: ] GET /cart-details/213 - ::1
2025-08-19 12:36:17 [INFO]: [User:  | ID: ] POST /update-cart/ - ::1
2025-08-19 12:36:18 [INFO]: [User:  | ID: ] GET /cart-details/1 - ::1
2025-08-19 12:36:18 [INFO]: [User:  | ID: ] POST /update-cart/ - ::1
2025-08-19 12:36:19 [INFO]: [User:  | ID: ] POST /update-cart/ - ::1
2025-08-19 12:36:20 [INFO]: [User:  | ID: ] POST /update-cart/ - ::1
2025-08-19 12:36:31 [INFO]: [User:  | ID: ] GET /cart-details/1 - ::1
2025-08-19 12:36:38 [INFO]: [User:  | ID: ] GET /show-product - ::1
2025-08-19 12:36:38 [INFO]: [User:  | ID: ] GET /cart-details/213 - ::1
2025-08-19 12:36:39 [INFO]: [User:  | ID: ] GET /cart-details/1 - ::1
2025-08-19 12:36:40 [INFO]: [User:  | ID: ] GET /cart-details/213 - ::1
2025-08-19 12:38:20 [INFO]: [User:  | ID: ] POST /update-cart/ - ::1
2025-08-19 12:38:20 [INFO]: [User:  | ID: ] POST /update-cart/ - ::1
2025-08-19 12:38:22 [INFO]: [User:  | ID: ] POST /update-cart/ - ::1
2025-08-19 12:38:24 [INFO]: [User:  | ID: ] GET /cart-details/1 - ::1
2025-08-19 12:38:24 [INFO]: [User:  | ID: ] GET /cart-details/1 - ::1
2025-08-19 12:38:26 [INFO]: [User:  | ID: ] GET /show-product - ::1
2025-08-19 12:38:26 [INFO]: [User:  | ID: ] GET /show-product - ::1
2025-08-19 12:38:26 [INFO]: [User:  | ID: ] GET /cart-details/213 - ::1
2025-08-19 12:38:26 [INFO]: [User:  | ID: ] GET /cart-details/213 - ::1
2025-08-19 12:42:12 [INFO]: [User:  | ID: ] GET /show-product - ::1
2025-08-19 12:42:12 [INFO]: [User:  | ID: ] GET /cart-details/213 - ::1
2025-08-19 12:42:14 [INFO]: [User:  | ID: ] POST /update-cart/ - ::1
2025-08-19 12:42:15 [INFO]: [User:  | ID: ] POST /update-cart/ - ::1
2025-08-19 12:42:16 [INFO]: [User:  | ID: ] POST /update-cart/ - ::1
2025-08-19 12:42:18 [INFO]: [User:  | ID: ] GET /show-product - ::1
2025-08-19 12:42:18 [INFO]: [User:  | ID: ] GET /show-product - ::1
2025-08-19 12:42:18 [INFO]: [User:  | ID: ] GET /cart-details/213 - ::1
2025-08-19 12:42:18 [INFO]: [User:  | ID: ] GET /cart-details/213 - ::1
2025-08-19 12:42:34 [INFO]: [User:  | ID: ] GET /cart-details/1 - ::1
2025-08-19 12:42:36 [INFO]: [User:  | ID: ] GET /show-product - ::1
2025-08-19 12:42:37 [INFO]: [User:  | ID: ] GET /show-product - ::1
2025-08-19 12:42:37 [INFO]: [User:  | ID: ] GET /cart-details/213 - ::1
2025-08-19 12:42:37 [INFO]: [User:  | ID: ] GET /cart-details/213 - ::1
2025-08-19 12:42:55 [INFO]: [User:  | ID: ] GET /show-product - ::1
2025-08-19 12:42:55 [INFO]: [User:  | ID: ] GET /cart-details/213 - ::1
2025-08-19 12:43:16 [INFO]: [User:  | ID: ] POST /update-cart/ - ::1
2025-08-19 12:43:20 [INFO]: [User:  | ID: ] POST /update-cart/ - ::1
2025-08-19 12:43:21 [INFO]: [User:  | ID: ] POST /update-cart/ - ::1
2025-08-19 12:43:27 [INFO]: [User:  | ID: ] GET /cart-details/1 - ::1
2025-08-19 12:43:28 [INFO]: [User:  | ID: ] GET /cart-details/213 - ::1
2025-08-19 12:43:29 [INFO]: [User:  | ID: ] GET /favicon.ico - ::1
2025-08-19 12:44:09 [INFO]: [User:  | ID: ] GET /cart-details/213 - ::1
2025-08-19 12:44:14 [INFO]: [User:  | ID: ] GET /show-product - ::1
2025-08-19 12:44:14 [INFO]: [User:  | ID: ] GET /cart-details/213 - ::1
2025-08-19 12:44:20 [INFO]: [User:  | ID: ] GET /cart-details/213 - ::1
2025-08-19 12:48:32 [INFO]: [User:  | ID: ] GET /cart-details/213 - ::1
2025-08-19 12:49:47 [INFO]: [User:  | ID: ] GET /show-product - ::1
2025-08-19 12:49:47 [INFO]: [User:  | ID: ] GET /cart-details/213 - ::1
2025-08-19 12:52:10 [INFO]: [User:  | ID: ] GET /show-product - ::1
2025-08-19 12:52:10 [INFO]: [User:  | ID: ] GET /cart-details/213 - ::1
2025-08-19 12:52:17 [INFO]: [User:  | ID: ] GET /cart-details/213 - ::1
2025-08-19 12:52:17 [INFO]: [User:  | ID: ] POST /create-cart - ::1
2025-08-19 12:52:19 [INFO]: [User:  | ID: ] GET /cart-details/213 - ::1
2025-08-19 12:52:19 [INFO]: [User:  | ID: ] POST /update-cart/ - ::1
2025-08-19 12:52:19 [INFO]: [User:  | ID: ] GET /cart-details/213 - ::1
2025-08-19 12:52:20 [INFO]: [User:  | ID: ] POST /update-cart/ - ::1
2025-08-19 12:52:22 [INFO]: [User:  | ID: ] GET /cart-details/1 - ::1
2025-08-19 12:52:22 [INFO]: [User:  | ID: ] GET /cart-details/1 - ::1
2025-08-19 12:52:25 [INFO]: [User:  | ID: ] GET /cart-details/213 - ::1
2025-08-19 12:52:30 [INFO]: [User:  | ID: ] GET /cart-details/1 - ::1
2025-08-19 12:56:48 [INFO]: [User:  | ID: ] GET /show-product - ::1
2025-08-19 12:56:48 [INFO]: [User:  | ID: ] GET /show-product - ::1
2025-08-19 12:56:48 [INFO]: [User:  | ID: ] GET /cart-details/213 - ::1
2025-08-19 12:56:48 [INFO]: [User:  | ID: ] GET /cart-details/213 - ::1
2025-08-19 12:56:51 [INFO]: [User:  | ID: ] GET /cart-details/213 - ::1
2025-08-19 12:56:51 [INFO]: [User:  | ID: ] POST /update-cart/ - ::1
2025-08-19 12:56:54 [INFO]: [User:  | ID: ] GET /cart-details/1 - ::1
2025-08-19 12:56:54 [INFO]: [User:  | ID: ] GET /cart-details/1 - ::1
2025-08-19 13:00:27 [INFO]: [User:  | ID: ] GET /cart-details/213 - ::1
2025-08-19 13:00:30 [INFO]: [User:  | ID: ] GET /cart-details/213 - ::1
2025-08-19 13:00:33 [INFO]: [User:  | ID: ] GET /cart-details/213 - ::1
2025-08-19 13:00:52 [INFO]: [User:  | ID: ] GET /cart-details/213 - ::1
2025-08-19 13:01:10 [INFO]: [User:  | ID: ] GET /cart-details/213 - ::1
2025-08-19 13:01:49 [INFO]: [User:  | ID: ] GET /cart-details/213 - ::1
2025-08-19 13:01:52 [INFO]: [User:  | ID: ] GET /cart-details/213 - ::1
2025-08-19 13:01:59 [INFO]: [User:  | ID: ] POST /update-cart/ - ::1
2025-08-19 13:02:07 [INFO]: [User:  | ID: ] POST /update-cart/ - ::1
2025-08-19 13:02:09 [INFO]: [User:  | ID: ] GET /cart-details/213 - ::1
2025-08-19 13:02:22 [INFO]: [User:  | ID: ] GET /show-product - ::1
2025-08-19 13:02:22 [INFO]: [User:  | ID: ] GET /show-product - ::1
2025-08-19 13:02:22 [INFO]: [User:  | ID: ] GET /cart-details/213 - ::1
2025-08-19 13:02:22 [INFO]: [User:  | ID: ] GET /cart-details/213 - ::1
2025-08-19 13:02:25 [INFO]: [User:  | ID: ] GET /cart-details/213 - ::1
2025-08-19 13:02:25 [INFO]: [User:  | ID: ] POST /update-cart/ - ::1
2025-08-19 13:02:25 [INFO]: [User:  | ID: ] GET /cart-details/213 - ::1
2025-08-19 13:02:25 [INFO]: [User:  | ID: ] POST /update-cart/ - ::1
2025-08-19 13:02:25 [INFO]: [User:  | ID: ] GET /cart-details/213 - ::1
2025-08-19 13:02:25 [INFO]: [User:  | ID: ] POST /update-cart/ - ::1
2025-08-19 13:02:26 [INFO]: [User:  | ID: ] GET /cart-details/213 - ::1
2025-08-19 13:02:26 [INFO]: [User:  | ID: ] POST /update-cart/ - ::1
2025-08-19 13:02:26 [INFO]: [User:  | ID: ] GET /cart-details/213 - ::1
2025-08-19 13:02:26 [INFO]: [User:  | ID: ] POST /update-cart/ - ::1
2025-08-19 13:02:28 [INFO]: [User:  | ID: ] GET /cart-details/213 - ::1
2025-08-19 13:02:28 [INFO]: [User:  | ID: ] GET /cart-details/213 - ::1
2025-08-19 13:02:33 [INFO]: [User:  | ID: ] POST /update-cart/ - ::1
2025-08-19 13:02:34 [INFO]: [User:  | ID: ] GET /show-product - ::1
2025-08-19 13:02:34 [INFO]: [User:  | ID: ] GET /cart-details/213 - ::1
2025-08-19 13:02:34 [INFO]: [User:  | ID: ] GET /show-product - ::1
2025-08-19 13:02:34 [INFO]: [User:  | ID: ] GET /cart-details/213 - ::1
2025-08-19 14:13:38 [INFO]: [User:  | ID: ] GET /cart-details/213 - ::1
2025-08-19 14:13:38 [INFO]: [User:  | ID: ] GET /cart-details/213 - ::1
2025-08-19 14:13:50 [INFO]: [User:  | ID: ] GET /cart-details/213 - ::1
2025-08-19 14:15:49 [INFO]: [User:  | ID: ] GET /cart-details/213 - ::1
2025-08-19 14:15:49 [INFO]: [User:  | ID: ] GET /cart-details/213 - ::1
2025-08-19 14:30:04 [INFO]: [User:  | ID: ] GET /show-ticket - ::1
2025-08-19 14:30:04 [INFO]: [User:  | ID: ] GET /show-ticket - ::1
2025-08-19 14:30:27 [INFO]: [User:  | ID: ] POST /create-ticket - ::1
2025-08-19 14:30:29 [INFO]: [User:  | ID: ] POST /create-ticket - ::1
2025-08-19 14:30:32 [INFO]: [User:  | ID: ] POST /create-ticket - ::1
2025-08-19 14:30:32 [INFO]: [User:  | ID: ] GET /show-ticket - ::1
2025-08-19 14:31:24 [INFO]: [User:  | ID: ] POST /create-ticket - ::1
2025-08-19 14:31:27 [INFO]: [User:  | ID: ] POST /create-ticket - ::1
2025-08-19 14:31:27 [INFO]: [User:  | ID: ] GET /show-ticket - ::1
2025-08-19 14:33:57 [INFO]: [User:  | ID: ] POST /create-ticket - ::1
2025-08-19 14:35:41 [INFO]: [User:  | ID: ] GET /show-ticket - ::1
2025-08-19 14:35:59 [INFO]: [User:  | ID: ] POST /create-ticket - ::1
2025-08-19 14:38:04 [INFO]: [User:  | ID: ] GET /show-ticket - ::1
2025-08-19 14:38:10 [INFO]: [User:  | ID: ] GET /show-ticket - ::1
2025-08-19 14:38:14 [INFO]: [User:  | ID: ] POST /create-ticket - ::1
2025-08-19 14:38:14 [INFO]: [User:  | ID: ] GET /show-ticket - ::1
2025-08-19 14:38:29 [INFO]: [User:  | ID: ] GET /show-ticket - ::1
2025-08-19 14:38:29 [INFO]: [User:  | ID: ] GET /show-ticket - ::1
2025-08-19 14:41:31 [INFO]: [User:  | ID: ] GET /show-ticket - ::1
2025-08-19 14:41:36 [INFO]: [User:  | ID: ] GET /show-ticket - ::1
2025-08-19 14:41:43 [INFO]: [User:  | ID: ] POST /create-ticket - ::1
2025-08-19 14:41:43 [INFO]: [User:  | ID: ] GET /show-ticket - ::1
2025-08-19 14:41:57 [INFO]: [User:  | ID: ] DELETE /delete-ticket/117 - ::1
2025-08-19 14:41:57 [INFO]: [User:  | ID: ] GET /show-ticket - ::1
2025-08-19 14:41:59 [INFO]: [User:  | ID: ] DELETE /delete-ticket/116 - ::1
2025-08-19 14:41:59 [INFO]: [User:  | ID: ] GET /show-ticket - ::1
2025-08-19 14:42:03 [INFO]: [User:  | ID: ] GET /show-ticket - ::1
2025-08-19 14:44:53 [INFO]: [User:  | ID: ] GET /show-ticket - ::1
2025-08-19 14:44:58 [INFO]: [User:  | ID: ] GET /show-ticket - ::1
2025-08-19 14:47:43 [INFO]: [User:  | ID: ] GET /show-ticket - ::1
2025-08-19 14:47:51 [INFO]: [User:  | ID: ] GET /show-ticket - ::1
2025-08-19 15:08:33 [INFO]: [User:  | ID: ] GET /show-product - ::1
2025-08-19 15:08:33 [INFO]: [User:  | ID: ] GET /show-product - ::1
2025-08-19 15:08:33 [INFO]: [User:  | ID: ] GET /cart-details/213 - ::1
2025-08-19 15:08:33 [INFO]: [User:  | ID: ] GET /cart-details/213 - ::1
2025-08-19 15:12:38 [INFO]: [User:  | ID: ] GET /show-product - ::1
2025-08-19 15:12:38 [INFO]: [User:  | ID: ] GET /cart-details/213 - ::1
2025-08-19 15:18:11 [INFO]: [User:  | ID: ] GET /show-product - ::1
2025-08-19 15:18:11 [INFO]: [User:  | ID: ] GET /cart-details/213 - ::1
2025-08-19 15:18:29 [INFO]: [User:  | ID: ] GET /show-product - ::1
2025-08-19 15:18:29 [INFO]: [User:  | ID: ] GET /cart-details/213 - ::1
2025-08-19 15:18:36 [INFO]: [User:  | ID: ] GET /show-product - ::1
2025-08-19 15:18:36 [INFO]: [User:  | ID: ] GET /cart-details/213 - ::1
2025-08-19 15:18:53 [INFO]: [User:  | ID: ] GET /show-product - ::1
2025-08-19 15:18:53 [INFO]: [User:  | ID: ] GET /cart-details/213 - ::1
2025-08-19 15:22:36 [INFO]: [User:  | ID: ] GET /show-product - ::1
2025-08-19 15:22:36 [INFO]: [User:  | ID: ] GET /cart-details/213 - ::1
2025-08-19 15:22:40 [INFO]: [User:  | ID: ] GET /show-product - ::1
2025-08-19 15:22:40 [INFO]: [User:  | ID: ] GET /cart-details/213 - ::1
2025-08-19 15:22:45 [INFO]: [User:  | ID: ] GET /show-product - ::1
2025-08-19 15:22:45 [INFO]: [User:  | ID: ] GET /favicon.ico - ::1
2025-08-19 15:23:45 [INFO]: [User:  | ID: ] GET /show-product - ::1
2025-08-19 15:23:45 [INFO]: [User:  | ID: ] GET /cart-details/213 - ::1
2025-08-19 15:29:32 [INFO]: [User:  | ID: ] GET /show-product - ::1
2025-08-19 15:29:32 [INFO]: [User:  | ID: ] GET /cart-details/213 - ::1
2025-08-19 15:30:16 [INFO]: [User:  | ID: ] GET /show-product - ::1
2025-08-19 15:30:16 [INFO]: [User:  | ID: ] GET /cart-details/213 - ::1
2025-08-19 15:30:36 [INFO]: [User:  | ID: ] GET /show-product - ::1
2025-08-19 15:30:36 [INFO]: [User:  | ID: ] GET /cart-details/213 - ::1
2025-08-19 15:30:44 [INFO]: [User:  | ID: ] GET /show-product - ::1
2025-08-19 15:30:44 [INFO]: [User:  | ID: ] GET /cart-details/213 - ::1
2025-08-19 15:30:57 [INFO]: [User:  | ID: ] GET /cart-details/213 - ::1
2025-08-19 15:30:57 [INFO]: [User:  | ID: ] POST /update-cart/ - ::1
2025-08-19 15:30:58 [INFO]: [User:  | ID: ] GET /cart-details/213 - ::1
2025-08-19 15:30:58 [INFO]: [User:  | ID: ] GET /cart-details/213 - ::1
2025-08-19 15:31:01 [INFO]: [User:  | ID: ] GET /show-product - ::1
2025-08-19 15:31:01 [INFO]: [User:  | ID: ] GET /show-product - ::1
2025-08-19 15:31:01 [INFO]: [User:  | ID: ] GET /cart-details/213 - ::1
2025-08-19 15:31:01 [INFO]: [User:  | ID: ] GET /cart-details/213 - ::1
2025-08-19 15:33:04 [INFO]: [User:  | ID: ] GET /show-product - ::1
2025-08-19 15:33:04 [INFO]: [User:  | ID: ] GET /cart-details/213 - ::1
2025-08-19 15:33:35 [INFO]: [User:  | ID: ] GET /show-product - ::1
2025-08-19 15:33:35 [INFO]: [User:  | ID: ] GET /cart-details/213 - ::1
2025-08-19 15:34:05 [INFO]: [User:  | ID: ] GET /show-product - ::1
2025-08-19 15:34:05 [INFO]: [User:  | ID: ] GET /favicon.ico - ::1
2025-08-19 15:34:14 [INFO]: [User:  | ID: ] GET /show-product - ::1
2025-08-19 15:34:14 [INFO]: [User:  | ID: ] GET /cart-details/213 - ::1
2025-08-19 15:34:28 [INFO]: [User:  | ID: ] GET /cart-details/213 - ::1
2025-08-19 15:34:28 [INFO]: [User:  | ID: ] POST /update-cart/ - ::1
2025-08-19 15:34:33 [INFO]: [User:  | ID: ] GET /cart-details/213 - ::1
2025-08-19 15:34:33 [INFO]: [User:  | ID: ] GET /cart-details/213 - ::1
2025-08-19 15:34:37 [INFO]: [User:  | ID: ] GET /show-product - ::1
2025-08-19 15:34:37 [INFO]: [User:  | ID: ] GET /show-product - ::1
2025-08-19 15:34:37 [INFO]: [User:  | ID: ] GET /cart-details/213 - ::1
2025-08-19 15:34:37 [INFO]: [User:  | ID: ] GET /cart-details/213 - ::1
2025-08-19 15:36:20 [INFO]: [User:  | ID: ] GET /show-ticket - ::1
2025-08-19 15:36:20 [INFO]: [User:  | ID: ] GET /show-ticket - ::1
2025-08-19 15:36:45 [INFO]: [User:  | ID: ] POST /create-ticket - ::1
2025-08-19 15:36:45 [INFO]: [User:  | ID: ] GET /show-ticket - ::1
2025-08-19 15:37:10 [INFO]: [User:  | ID: ] POST /update-ticket - ::1
2025-08-19 15:37:10 [INFO]: [User:  | ID: ] GET /show-ticket - ::1
2025-08-19 15:38:06 [INFO]: [User:  | ID: ] GET /show-product - ::1
2025-08-19 15:41:57 [INFO]: [User:  | ID: ] GET /cart-details/213 - ::1
2025-08-19 15:41:57 [INFO]: [User:  | ID: ] GET /cart-details/213 - ::1
2025-08-19 15:41:57 [INFO]: [User:  | ID: ] GET /show-product - ::1
2025-08-19 15:41:57 [INFO]: [User:  | ID: ] GET /show-product - ::1
2025-08-19 15:41:57 [INFO]: [User:  | ID: ] GET /cart-details/213 - ::1
2025-08-19 15:41:57 [INFO]: [User:  | ID: ] GET /cart-details/213 - ::1
2025-08-19 15:43:10 [INFO]: [User:  | ID: ] GET /show-product - ::1
2025-08-19 15:43:10 [INFO]: [User:  | ID: ] GET /show-product - ::1
2025-08-19 15:43:59 [INFO]: [User:  | ID: ] GET /show-product - ::1
2025-08-19 15:49:08 [INFO]: [User:  | ID: ] GET /show-product - ::1
2025-08-19 15:49:08 [INFO]: [User:  | ID: ] GET /cart-details/213 - ::1
2025-08-19 15:49:08 [INFO]: [User:  | ID: ] GET /show-product - ::1
2025-08-19 15:49:08 [INFO]: [User:  | ID: ] GET /cart-details/213 - ::1
2025-08-19 15:49:36 [INFO]: [User:  | ID: ] GET /show-product - ::1
2025-08-19 15:49:36 [INFO]: [User:  | ID: ] GET /show-product - ::1
2025-08-19 15:49:36 [INFO]: [User:  | ID: ] GET /cart-details/213 - ::1
2025-08-19 15:49:36 [INFO]: [User:  | ID: ] GET /cart-details/213 - ::1
2025-08-19 15:50:49 [INFO]: [User:  | ID: ] GET /show-product - ::1
2025-08-19 15:50:50 [INFO]: [User:  | ID: ] GET /favicon.ico - ::1
2025-08-19 15:52:20 [INFO]: [User:  | ID: ] GET /show-product - ::1
2025-08-19 15:52:20 [INFO]: [User:  | ID: ] GET /cart-details/213 - ::1
2025-08-19 15:52:23 [INFO]: [User:  | ID: ] POST /update-product - ::1
2025-08-19 15:52:25 [INFO]: [User:  | ID: ] GET /show-product - ::1
2025-08-19 15:52:25 [INFO]: [User:  | ID: ] GET /favicon.ico - ::1
2025-08-19 15:52:30 [INFO]: [User:  | ID: ] POST /update-product - ::1
2025-08-19 15:52:32 [INFO]: [User:  | ID: ] POST /update-product - ::1
2025-08-19 15:52:33 [INFO]: [User:  | ID: ] POST /update-product - ::1
2025-08-19 15:52:35 [INFO]: [User:  | ID: ] GET /show-product - ::1
2025-08-19 15:52:49 [INFO]: [User:  | ID: ] GET /show-ticket - ::1
2025-08-19 15:52:49 [INFO]: [User:  | ID: ] GET /show-ticket - ::1
2025-08-19 15:52:57 [INFO]: [User:  | ID: ] GET /show-product - ::1
2025-08-19 15:52:57 [INFO]: [User:  | ID: ] GET /show-product - ::1
2025-08-19 15:52:57 [INFO]: [User:  | ID: ] GET /cart-details/213 - ::1
2025-08-19 15:52:57 [INFO]: [User:  | ID: ] GET /cart-details/213 - ::1
2025-08-19 15:53:36 [INFO]: [User:  | ID: ] GET /cart-details/213 - ::1
2025-08-19 15:55:25 [INFO]: [User:  | ID: ] GET /show-product - ::1
2025-08-19 15:55:25 [INFO]: [User:  | ID: ] GET /cart-details/213 - ::1
2025-08-19 15:58:00 [INFO]: [User:  | ID: ] GET /show-product - ::1
2025-08-19 15:58:00 [INFO]: [User:  | ID: ] GET /cart-details/213 - ::1
2025-08-19 15:58:20 [INFO]: [User:  | ID: ] POST /update-product - ::1
2025-08-19 16:00:19 [INFO]: [User:  | ID: ] GET /show-product - ::1
2025-08-19 16:00:19 [INFO]: [User:  | ID: ] GET /cart-details/213 - ::1
2025-08-19 16:01:23 [INFO]: [User:  | ID: ] GET /show-product - ::1
2025-08-19 16:01:23 [INFO]: [User:  | ID: ] GET /show-product - ::1
2025-08-19 16:01:23 [INFO]: [User:  | ID: ] GET /cart-details/213 - ::1
2025-08-19 16:01:23 [INFO]: [User:  | ID: ] GET /cart-details/213 - ::1
2025-08-19 16:01:25 [INFO]: [User:  | ID: ] POST /update-product - ::1
2025-08-19 16:01:26 [INFO]: [User:  | ID: ] POST /update-product - ::1
2025-08-19 16:01:27 [INFO]: [User:  | ID: ] POST /update-product - ::1
2025-08-19 16:01:42 [INFO]: [User:  | ID: ] GET /show-product - ::1
2025-08-19 16:01:42 [INFO]: [User:  | ID: ] GET /show-product - ::1
2025-08-19 16:01:42 [INFO]: [User:  | ID: ] GET /cart-details/213 - ::1
2025-08-19 16:01:42 [INFO]: [User:  | ID: ] GET /cart-details/213 - ::1
2025-08-19 16:01:43 [INFO]: [User:  | ID: ] GET /show-product - ::1
2025-08-19 16:01:43 [INFO]: [User:  | ID: ] GET /cart-details/213 - ::1
2025-08-19 16:01:43 [INFO]: [User:  | ID: ] GET /show-product - ::1
2025-08-19 16:01:43 [INFO]: [User:  | ID: ] GET /cart-details/213 - ::1
2025-08-19 16:01:48 [INFO]: [User:  | ID: ] GET /cart-details/213 - ::1
2025-08-19 16:01:48 [INFO]: [User:  | ID: ] GET /cart-details/213 - ::1
2025-08-19 16:01:50 [INFO]: [User:  | ID: ] GET /show-product - ::1
2025-08-19 16:01:50 [INFO]: [User:  | ID: ] GET /cart-details/213 - ::1
2025-08-19 16:01:50 [INFO]: [User:  | ID: ] GET /show-product - ::1
2025-08-19 16:01:50 [INFO]: [User:  | ID: ] GET /cart-details/213 - ::1
2025-08-19 16:38:52 [INFO]: [User:  | ID: ] GET /show-users - ::1
2025-08-19 16:39:10 [INFO]: [User:  | ID: ] POST /update-user - ::1
2025-08-19 16:39:14 [INFO]: [User:  | ID: ] GET /show-users - ::1
2025-08-19 16:39:18 [INFO]: [User:  | ID: ] POST /login - ::1
2025-08-19 16:39:23 [INFO]: [User:  | ID: ] GET /show-users - ::1
2025-08-19 16:39:23 [INFO]: [User:  | ID: ] GET /show-users - ::1
2025-08-19 16:39:24 [INFO]: [User:  | ID: ] GET /show-ticket - ::1
2025-08-19 16:39:24 [INFO]: [User:  | ID: ] GET /show-ticket - ::1
2025-08-19 16:39:28 [INFO]: [User:  | ID: ] GET /show-users - ::1
2025-08-19 16:39:29 [INFO]: [User:  | ID: ] GET /show-ticket - ::1
2025-08-19 16:39:31 [INFO]: [User:  | ID: ] GET /cart-details/1 - ::1
2025-08-19 16:39:31 [INFO]: [User:  | ID: ] GET /cart-details/1 - ::1
2025-08-19 16:39:33 [INFO]: [User:  | ID: ] GET /show-product - ::1
2025-08-19 16:39:33 [INFO]: [User:  | ID: ] GET /cart-details/1 - ::1
2025-08-19 16:39:33 [INFO]: [User:  | ID: ] GET /show-product - ::1
2025-08-19 16:39:33 [INFO]: [User:  | ID: ] GET /cart-details/1 - ::1
2025-08-19 16:39:48 [INFO]: [User:  | ID: ] GET /show-cart - ::1
2025-08-19 16:39:48 [INFO]: [User:  | ID: ] GET /favicon.ico - ::1
2025-08-19 16:40:06 [INFO]: [User:  | ID: ] GET /show-product - ::1
2025-08-19 16:40:06 [INFO]: [User:  | ID: ] GET /show-product - ::1
2025-08-19 16:40:06 [INFO]: [User:  | ID: ] GET /cart-details/1 - ::1
2025-08-19 16:40:06 [INFO]: [User:  | ID: ] GET /cart-details/1 - ::1
2025-08-19 16:40:07 [INFO]: [User:  | ID: ] GET /cart-details/1 - ::1
2025-08-19 16:40:07 [INFO]: [User:  | ID: ] POST /create-cart - ::1
2025-08-19 16:40:08 [INFO]: [User:  | ID: ] GET /cart-details/1 - ::1
2025-08-19 16:40:08 [INFO]: [User:  | ID: ] POST /update-cart/ - ::1
2025-08-19 16:40:11 [INFO]: [User:  | ID: ] GET /cart-details/1 - ::1
2025-08-19 16:40:11 [INFO]: [User:  | ID: ] POST /update-cart/ - ::1
2025-08-19 16:40:12 [INFO]: [User:  | ID: ] GET /cart-details/1 - ::1
2025-08-19 16:40:12 [INFO]: [User:  | ID: ] POST /update-cart/ - ::1
2025-08-19 16:40:13 [INFO]: [User:  | ID: ] GET /cart-details/1 - ::1
2025-08-19 16:40:13 [INFO]: [User:  | ID: ] POST /update-cart/ - ::1
2025-08-19 16:40:14 [INFO]: [User:  | ID: ] GET /cart-details/1 - ::1
2025-08-19 16:40:14 [INFO]: [User:  | ID: ] POST /update-cart/ - ::1
2025-08-19 16:40:17 [INFO]: [User:  | ID: ] GET /show-cart - ::1
2025-08-19 16:40:20 [INFO]: [User:  | ID: ] GET /cart-details/1 - ::1
2025-08-19 16:40:20 [INFO]: [User:  | ID: ] GET /cart-details/1 - ::1
2025-08-19 16:57:07 [INFO]: [User:  | ID: ] GET /show-users - ::1
2025-08-19 16:57:53 [INFO]: [User:  | ID: ] GET /show-users - ::1
2025-08-19 17:00:10 [INFO]: [User:  | ID: ] GET /show-users - ::1
2025-08-19 17:01:19 [INFO]: [User:  | ID: ] GET /show-users - ::1
2025-08-19 17:01:25 [INFO]: [User:  | ID: ] GET /show-users - ::1
2025-08-19 17:01:29 [INFO]: [User:  | ID: ] GET /show-users - ::1
2025-08-19 17:03:08 [INFO]: [User:  | ID: ] GET /show-users - ::1
2025-08-19 17:05:25 [INFO]: [User:  | ID: ] GET /show-ticket - ::1
2025-08-19 17:05:25 [INFO]: [User:  | ID: ] GET /show-ticket - ::1
2025-08-19 17:05:40 [INFO]: [User:  | ID: ] POST /create-ticket - ::1
2025-08-19 17:05:40 [INFO]: [User:  | ID: ] GET /show-ticket - ::1
2025-08-19 17:05:49 [INFO]: [User:  | ID: ] POST /update-ticket - ::1
2025-08-19 17:05:49 [INFO]: [User:  | ID: ] GET /show-ticket - ::1
2025-08-19 17:05:58 [INFO]: [User:  | ID: ] POST /update-ticket - ::1
2025-08-19 17:05:58 [INFO]: [User:  | ID: ] GET /show-ticket - ::1
2025-08-19 17:06:08 [INFO]: [User:  | ID: ] POST /update-ticket - ::1
2025-08-19 17:06:08 [INFO]: [User:  | ID: ] GET /show-ticket - ::1
2025-08-19 17:06:21 [INFO]: [User:  | ID: ] POST /create-ticket - ::1
2025-08-19 17:06:21 [INFO]: [User:  | ID: ] GET /show-ticket - ::1
2025-08-19 17:06:46 [INFO]: [User:  | ID: ] POST /update-ticket - ::1
2025-08-19 17:06:46 [INFO]: [User:  | ID: ] GET /show-ticket - ::1
2025-08-19 17:07:00 [INFO]: [User:  | ID: ] GET /show-invoice - ::1
2025-08-19 17:07:07 [INFO]: [User:  | ID: ] GET /single-invoice/34 - ::1
2025-08-19 17:07:07 [INFO]: [User:  | ID: ] GET /single-invoice/34 - ::1
2025-08-19 17:07:16 [INFO]: [User:  | ID: ] GET /single-invoice/34 - ::1
2025-08-19 17:09:01 [INFO]: [User:  | ID: ] GET /show-invoice - ::1
2025-08-19 17:09:01 [INFO]: [User:  | ID: ] GET /show-invoice - ::1
2025-08-19 17:09:13 [INFO]: [User:  | ID: ] GET /single-invoice/36 - ::1
2025-08-19 17:09:13 [INFO]: [User:  | ID: ] GET /single-invoice/36 - ::1
2025-08-19 17:09:23 [INFO]: [User:  | ID: ] GET /show-invoice - ::1
2025-08-19 17:09:23 [INFO]: [User:  | ID: ] GET /show-invoice - ::1
2025-08-19 17:09:25 [INFO]: [User:  | ID: ] GET /single-invoice/34 - ::1
2025-08-19 17:09:25 [INFO]: [User:  | ID: ] GET /single-invoice/34 - ::1
2025-08-19 17:09:49 [INFO]: [User:  | ID: ] GET /show-invoice - ::1
2025-08-19 17:09:49 [INFO]: [User:  | ID: ] GET /show-invoice - ::1
2025-08-19 17:10:00 [INFO]: [User:  | ID: ] GET /show-invoice - ::1
2025-08-19 17:10:04 [INFO]: [User:  | ID: ] GET /single-invoice/36 - ::1
2025-08-19 17:10:04 [INFO]: [User:  | ID: ] GET /single-invoice/36 - ::1
2025-08-19 17:10:13 [INFO]: [User:  | ID: ] GET /single-invoice/36 - ::1
2025-08-19 17:13:03 [INFO]: [User:  | ID: ] GET /show-invoice - ::1
2025-08-19 17:13:03 [INFO]: [User:  | ID: ] GET /show-invoice - ::1
2025-08-19 17:13:05 [INFO]: [User:  | ID: ] GET /single-invoice/31 - ::1
2025-08-19 17:13:05 [INFO]: [User:  | ID: ] GET /single-invoice/31 - ::1
2025-08-19 17:13:57 [INFO]: [User:  | ID: ] GET /single-invoice/31 - ::1
2025-08-19 17:14:00 [INFO]: [User:  | ID: ] GET /show-invoice - ::1
2025-08-19 17:14:00 [INFO]: [User:  | ID: ] GET /show-invoice - ::1
2025-08-19 17:14:11 [INFO]: [User:  | ID: ] GET /show-invoice - ::1
2025-08-19 17:14:15 [INFO]: [User:  | ID: ] GET /single-invoice/35 - ::1
2025-08-19 17:14:15 [INFO]: [User:  | ID: ] GET /single-invoice/35 - ::1
2025-08-19 17:14:33 [INFO]: [User:  | ID: ] GET /single-invoice/35 - ::1
2025-08-19 17:14:56 [INFO]: [User:  | ID: ] GET /show-invoice - ::1
2025-08-19 17:14:56 [INFO]: [User:  | ID: ] GET /show-invoice - ::1
2025-08-19 17:15:00 [INFO]: [User:  | ID: ] GET /single-invoice/34 - ::1
2025-08-19 17:15:00 [INFO]: [User:  | ID: ] GET /single-invoice/34 - ::1
2025-08-19 17:17:56 [INFO]: [User:  | ID: ] GET /single-invoice/34 - ::1
2025-08-19 17:19:33 [INFO]: [User:  | ID: ] GET /single-invoice/34 - ::1
2025-08-19 17:19:35 [INFO]: [User:  | ID: ] GET /single-invoice/34 - ::1
2025-08-19 17:19:39 [INFO]: [User:  | ID: ] GET /show-invoice - ::1
2025-08-19 17:19:39 [INFO]: [User:  | ID: ] GET /show-invoice - ::1
2025-08-19 17:19:41 [INFO]: [User:  | ID: ] GET /single-invoice/34 - ::1
2025-08-19 17:19:41 [INFO]: [User:  | ID: ] GET /single-invoice/34 - ::1
