2025-07-21 10:57:35 [INFO]: [User: Guest | ID: NA] GET /show-users - ::1
2025-07-21 10:57:42 [INFO]: [User: Guest | ID: NA] GET /show-users - ::1
2025-07-21 10:58:00 [INFO]: [User: Guest | ID: NA] GET /show-users - ::1
2025-07-21 10:58:02 [INFO]: [User: Guest | ID: NA] GET /show-users - ::1
2025-07-21 10:58:02 [INFO]: [User: Guest | ID: NA] GET /show-users - ::1
2025-07-21 10:58:02 [INFO]: [User: Guest | ID: NA] GET /show-ticket - ::1
2025-07-21 10:58:02 [INFO]: [User: Guest | ID: NA] GET /show-ticket - ::1
2025-07-21 10:58:40 [INFO]: [User: Guest | ID: NA] GET /show-users - ::1
2025-07-21 10:58:44 [INFO]: [User: Guest | ID: NA] GET /show-ticket - ::1
2025-07-21 10:58:44 [INFO]: [User: Guest | ID: NA] GET /show-ticket - ::1
2025-07-21 10:59:41 [INFO]: [User: Guest | ID: NA] GET /show-users - ::1
2025-07-21 10:59:41 [INFO]: [User: Guest | ID: NA] GET /show-ticket - ::1
2025-07-21 10:59:41 [INFO]: [User: Guest | ID: NA] GET /show-ticket - ::1
2025-07-21 10:59:56 [INFO]: [User: Guest | ID: NA] GET /show-users - ::1
2025-07-21 10:59:56 [INFO]: [User: Guest | ID: NA] GET /show-users - ::1
2025-07-21 10:59:56 [INFO]: [User: Guest | ID: NA] GET /show-ticket - ::1
2025-07-21 10:59:56 [INFO]: [User: Guest | ID: NA] GET /show-ticket - ::1
2025-07-21 10:59:58 [INFO]: [User: Guest | ID: NA] GET /show-ticket - ::1
2025-07-21 10:59:58 [INFO]: [User: Guest | ID: NA] GET /show-ticket - ::1
2025-07-21 11:00:10 [INFO]: [User: Guest | ID: NA] POST /update-ticket - ::1
2025-07-21 11:00:17 [INFO]: [User: Guest | ID: NA] GET /show-ticket - ::1
2025-07-21 11:00:17 [INFO]: [User: Guest | ID: NA] GET /show-ticket - ::1
2025-07-21 11:00:22 [INFO]: [User: Guest | ID: NA] POST /update-ticket - ::1
2025-07-21 11:00:33 [INFO]: [User: Guest | ID: NA] GET /show-users - ::1
2025-07-21 11:00:34 [INFO]: [User: Guest | ID: NA] GET /show-ticket - ::1
2025-07-21 11:00:34 [INFO]: [User: Guest | ID: NA] GET /show-ticket - ::1
2025-07-21 11:00:46 [INFO]: [User: Guest | ID: NA] POST /update-ticket - ::1
2025-07-21 11:00:46 [INFO]: [User: Guest | ID: NA] GET /show-ticket - ::1
2025-07-21 11:00:46 [INFO]: [User: Guest | ID: NA] GET /show-ticket - ::1
2025-07-21 11:00:56 [INFO]: [User: Guest | ID: NA] POST /update-ticket - ::1
2025-07-21 11:00:56 [INFO]: [User: Guest | ID: NA] GET /show-ticket - ::1
2025-07-21 11:00:56 [INFO]: [User: Guest | ID: NA] GET /show-ticket - ::1
2025-07-21 11:00:58 [INFO]: [User: Guest | ID: NA] GET /show-users - ::1
2025-07-21 11:02:43 [INFO]: [User: Guest | ID: NA] GET /show-users - ::1
2025-07-21 11:02:43 [INFO]: [User: Guest | ID: NA] GET /show-ticket - ::1
2025-07-21 11:02:43 [INFO]: [User: Guest | ID: NA] GET /show-ticket - ::1
2025-07-21 11:02:46 [INFO]: [User: Guest | ID: NA] GET /show-users - ::1
2025-07-21 11:02:46 [INFO]: [User: Guest | ID: NA] GET /show-users - ::1
2025-07-21 11:02:46 [INFO]: [User: Guest | ID: NA] GET /show-ticket - ::1
2025-07-21 11:02:46 [INFO]: [User: Guest | ID: NA] GET /show-ticket - ::1
2025-07-21 12:35:35 [INFO]: [User: Guest | ID: NA] GET /show-users - ::1
2025-07-21 12:35:35 [INFO]: [User: Guest | ID: NA] GET /show-ticket - ::1
2025-07-21 12:40:51 [INFO]: [User: Guest | ID: NA] GET /show-users - ::1
2025-07-21 12:41:20 [INFO]: [User: Guest | ID: NA] POST /create-user - ::1
2025-07-21 12:41:22 [INFO]: [User: Guest | ID: NA] GET /show-users - ::1
2025-07-21 12:41:26 [INFO]: [User: Guest | ID: NA] GET /show-ticket - ::1
2025-07-21 12:41:26 [INFO]: [User: Guest | ID: NA] GET /show-ticket - ::1
2025-07-21 12:42:41 [INFO]: [User: Guest | ID: NA] GET /show-users - ::1
2025-07-21 12:42:41 [INFO]: [User: Guest | ID: NA] GET /show-ticket - ::1
2025-07-21 12:42:41 [INFO]: [User: Guest | ID: NA] GET /show-ticket - ::1
2025-07-21 12:52:39 [INFO]: [User: Guest | ID: NA] GET /show-ticket - ::1
2025-07-21 12:52:39 [INFO]: [User: Guest | ID: NA] GET /show-ticket - ::1
2025-07-21 12:53:12 [INFO]: [User: Guest | ID: NA] POST /create-ticket - ::1
2025-07-21 12:53:15 [INFO]: [User: Guest | ID: NA] GET /show-ticket - ::1
2025-07-21 12:53:15 [INFO]: [User: Guest | ID: NA] GET /show-ticket - ::1
2025-07-21 12:53:34 [INFO]: [User: Guest | ID: NA] POST /create-ticket - ::1
2025-07-21 12:53:55 [INFO]: [User: Guest | ID: NA] GET /show-ticket - ::1
2025-07-21 12:53:55 [INFO]: [User: Guest | ID: NA] GET /show-ticket - ::1
2025-07-21 12:54:04 [INFO]: [User: Guest | ID: NA] GET /show-ticket - ::1
2025-07-21 12:54:04 [INFO]: [User: Guest | ID: NA] GET /show-ticket - ::1
2025-07-21 12:54:58 [INFO]: [User: Guest | ID: NA] GET /show-ticket - ::1
2025-07-21 12:55:12 [INFO]: [User: Guest | ID: NA] GET /show-ticket - ::1
2025-07-21 12:55:12 [INFO]: [User: Guest | ID: NA] GET /show-ticket - ::1
2025-07-21 12:55:16 [INFO]: [User: Guest | ID: NA] POST /update-ticket - ::1
2025-07-21 12:55:20 [INFO]: [User: Guest | ID: NA] POST /update-ticket - ::1
2025-07-21 12:55:21 [INFO]: [User: Guest | ID: NA] GET /show-ticket - ::1
2025-07-21 12:55:21 [INFO]: [User: Guest | ID: NA] GET /show-ticket - ::1
2025-07-21 12:55:26 [INFO]: [User: Guest | ID: NA] POST /update-ticket - ::1
2025-07-21 12:55:26 [INFO]: [User: Guest | ID: NA] GET /show-ticket - ::1
2025-07-21 12:55:26 [INFO]: [User: Guest | ID: NA] GET /show-ticket - ::1
2025-07-21 12:55:42 [INFO]: [User: Guest | ID: NA] POST /update-ticket - ::1
2025-07-21 12:55:45 [INFO]: [User: Guest | ID: NA] GET /show-ticket - ::1
2025-07-21 12:55:45 [INFO]: [User: Guest | ID: NA] GET /show-ticket - ::1
2025-07-21 12:56:28 [INFO]: [User: Guest | ID: NA] POST /update-ticket - ::1
2025-07-21 12:56:29 [INFO]: [User: Guest | ID: NA] GET /show-ticket - ::1
2025-07-21 12:56:29 [INFO]: [User: Guest | ID: NA] GET /show-ticket - ::1
2025-07-21 12:56:55 [INFO]: [User: Guest | ID: NA] GET /show-ticket - ::1
2025-07-21 12:56:58 [INFO]: [User: Guest | ID: NA] GET /show-users - ::1
2025-07-21 12:56:58 [INFO]: [User: Guest | ID: NA] GET /show-users - ::1
2025-07-21 12:56:58 [INFO]: [User: Guest | ID: NA] GET /show-ticket - ::1
2025-07-21 12:56:58 [INFO]: [User: Guest | ID: NA] GET /show-ticket - ::1
2025-07-21 12:57:02 [INFO]: [User: Guest | ID: NA] GET /show-ticket - ::1
2025-07-21 12:57:02 [INFO]: [User: Guest | ID: NA] GET /show-ticket - ::1
2025-07-21 12:57:06 [INFO]: [User: Guest | ID: NA] POST /update-ticket - ::1
2025-07-21 12:57:07 [INFO]: [User: Guest | ID: NA] GET /show-ticket - ::1
2025-07-21 12:57:07 [INFO]: [User: Guest | ID: NA] GET /show-ticket - ::1
2025-07-21 12:57:27 [INFO]: [User: Guest | ID: NA] POST /update-ticket - ::1
2025-07-21 12:57:28 [INFO]: [User: Guest | ID: NA] GET /show-ticket - ::1
2025-07-21 12:57:28 [INFO]: [User: Guest | ID: NA] GET /show-ticket - ::1
2025-07-21 13:00:31 [INFO]: [User: Guest | ID: NA] GET /show-ticket - ::1
2025-07-21 13:00:41 [INFO]: [User: Guest | ID: NA] POST /update-ticket - ::1
2025-07-21 13:00:41 [INFO]: [User: Guest | ID: NA] GET /show-ticket - ::1
2025-07-21 13:00:41 [INFO]: [User: Guest | ID: NA] GET /show-ticket - ::1
2025-07-21 13:01:00 [INFO]: [User: Guest | ID: NA] POST /create-ticket - ::1
2025-07-21 13:01:00 [INFO]: [User: Guest | ID: NA] GET /show-ticket - ::1
2025-07-21 13:01:00 [INFO]: [User: Guest | ID: NA] GET /show-ticket - ::1
2025-07-21 13:01:57 [INFO]: [User: Guest | ID: NA] GET /show-ticket - ::1
2025-07-21 13:01:57 [INFO]: [User: Guest | ID: NA] GET /show-ticket - ::1
2025-07-21 13:02:11 [INFO]: [User: Guest | ID: NA] GET /show-users - ::1
2025-07-21 13:02:11 [INFO]: [User: Guest | ID: NA] GET /show-ticket - ::1
2025-07-21 13:02:11 [INFO]: [User: Guest | ID: NA] GET /show-ticket - ::1
2025-07-21 13:02:49 [INFO]: [User: Guest | ID: NA] POST /update-ticket - ::1
2025-07-21 13:02:49 [INFO]: [User: Guest | ID: NA] GET /show-ticket - ::1
2025-07-21 13:02:49 [INFO]: [User: Guest | ID: NA] GET /show-ticket - ::1
2025-07-21 14:17:20 [INFO]: [User: Guest | ID: NA] GET /show-users - ::1
2025-07-21 14:19:04 [INFO]: [User: Guest | ID: NA] GET /show-ticket - ::1
2025-07-21 14:19:04 [INFO]: [User: Guest | ID: NA] GET /show-ticket - ::1
2025-07-21 14:19:05 [INFO]: [User: Guest | ID: NA] GET /show-users - ::1
2025-07-21 14:19:21 [INFO]: [User: Guest | ID: NA] GET /show-ticket - ::1
2025-07-21 14:19:21 [INFO]: [User: Guest | ID: NA] GET /show-ticket - ::1
2025-07-21 14:19:23 [INFO]: [User: Guest | ID: NA] GET /show-users - ::1
2025-07-21 14:19:54 [INFO]: [User: Guest | ID: NA] GET /show-users - ::1
2025-07-21 14:19:54 [INFO]: [User: Guest | ID: NA] GET /show-ticket - ::1
2025-07-21 14:19:58 [INFO]: [User: Guest | ID: NA] GET /show-users - ::1
2025-07-21 14:20:05 [INFO]: [User: Guest | ID: NA] DELETE /delete-user/14 - ::1
2025-07-21 14:20:06 [INFO]: [User: Guest | ID: NA] DELETE /delete-user/15 - ::1
2025-07-21 14:20:07 [INFO]: [User: Guest | ID: NA] DELETE /delete-user/16 - ::1
2025-07-21 14:20:07 [INFO]: [User: Guest | ID: NA] DELETE /delete-user/17 - ::1
2025-07-21 14:20:08 [INFO]: [User: Guest | ID: NA] DELETE /delete-user/18 - ::1
2025-07-21 14:20:08 [INFO]: [User: Guest | ID: NA] DELETE /delete-user/19 - ::1
2025-07-21 14:20:09 [INFO]: [User: Guest | ID: NA] DELETE /delete-user/20 - ::1
2025-07-21 14:20:10 [INFO]: [User: Guest | ID: NA] DELETE /delete-user/24 - ::1
2025-07-21 14:21:57 [INFO]: [User: Guest | ID: NA] GET /show-users - ::1
2025-07-21 14:23:17 [INFO]: [User: Guest | ID: NA] GET /show-users - ::1
2025-07-21 14:23:21 [INFO]: [User: Guest | ID: NA] GET /show-ticket - ::1
2025-07-21 14:23:21 [INFO]: [User: Guest | ID: NA] GET /show-ticket - ::1
2025-07-21 14:23:23 [INFO]: [User: Guest | ID: NA] GET /show-ticket - ::1
2025-07-21 14:23:23 [INFO]: [User: Guest | ID: NA] GET /show-ticket - ::1
2025-07-21 14:23:24 [INFO]: [User: Guest | ID: NA] GET /show-users - ::1
2025-07-21 14:23:24 [INFO]: [User: Guest | ID: NA] GET /show-ticket - ::1
2025-07-21 14:23:24 [INFO]: [User: Guest | ID: NA] GET /show-ticket - ::1
2025-07-21 14:40:35 [INFO]: [User: Guest | ID: NA] POST /login? - ::1
2025-07-21 14:47:56 [INFO]: [User: Guest | ID: NA] POST /login - ::1
2025-07-21 14:47:57 [INFO]: [User: Guest | ID: NA] GET /show-users - ::1
2025-07-21 14:47:57 [INFO]: [User: Guest | ID: NA] GET /show-users - ::1
2025-07-21 14:47:57 [INFO]: [User: Guest | ID: NA] GET /show-ticket - ::1
2025-07-21 14:47:57 [INFO]: [User: Guest | ID: NA] GET /show-ticket - ::1
2025-07-21 14:48:04 [INFO]: [User: Guest | ID: NA] POST /login - ::1
2025-07-21 14:49:11 [INFO]: [User: Guest | ID: NA] GET /show-users - ::1
2025-07-21 14:49:26 [INFO]: [User: Guest | ID: NA] POST /login - ::1
2025-07-21 14:49:26 [INFO]: [User: Guest | ID: NA] GET /show-users - ::1
2025-07-21 14:49:26 [INFO]: [User: Guest | ID: NA] GET /show-users - ::1
2025-07-21 14:49:26 [INFO]: [User: Guest | ID: NA] GET /show-ticket - ::1
2025-07-21 14:49:26 [INFO]: [User: Guest | ID: NA] GET /show-ticket - ::1
2025-07-21 14:51:10 [INFO]: [User: Guest | ID: NA] POST /login - ::1
2025-07-21 14:56:19 [INFO]: [User: Guest | ID: NA] POST /login - ::1
2025-07-21 14:56:53 [INFO]: [User: Guest | ID: NA] POST /login - ::1
2025-07-21 14:56:53 [INFO]: [User: Guest | ID: NA] GET /show-users - ::1
2025-07-21 14:56:53 [INFO]: [User: Guest | ID: NA] GET /show-users - ::1
2025-07-21 14:56:53 [INFO]: [User: Guest | ID: NA] GET /show-ticket - ::1
2025-07-21 14:56:53 [INFO]: [User: Guest | ID: NA] GET /show-ticket - ::1
2025-07-21 14:58:15 [INFO]: [User: Guest | ID: NA] POST /login - ::1
2025-07-21 14:58:15 [INFO]: [User: Guest | ID: NA] GET /show-users - ::1
2025-07-21 14:58:15 [INFO]: [User: Guest | ID: NA] GET /show-users - ::1
2025-07-21 14:58:15 [INFO]: [User: Guest | ID: NA] GET /show-ticket - ::1
2025-07-21 14:58:15 [INFO]: [User: Guest | ID: NA] GET /show-ticket - ::1
2025-07-21 14:58:30 [INFO]: [User: Guest | ID: NA] POST /login - ::1
2025-07-21 14:59:18 [INFO]: [User: Guest | ID: NA] POST /login - ::1
2025-07-21 14:59:18 [INFO]: [User: Guest | ID: NA] GET /show-users - ::1
2025-07-21 14:59:18 [INFO]: [User: Guest | ID: NA] GET /show-users - ::1
2025-07-21 14:59:18 [INFO]: [User: Guest | ID: NA] GET /show-ticket - ::1
2025-07-21 14:59:18 [INFO]: [User: Guest | ID: NA] GET /show-ticket - ::1
2025-07-21 14:59:36 [INFO]: [User: Guest | ID: NA] POST /login - ::1
2025-07-21 15:00:18 [INFO]: [User: Guest | ID: NA] POST /login - ::1
2025-07-21 15:00:34 [INFO]: [User: Guest | ID: NA] POST /login - ::1
2025-07-21 15:00:50 [INFO]: [User: Guest | ID: NA] POST /login - ::1
2025-07-21 15:01:18 [INFO]: [User: Guest | ID: NA] POST /login - ::1
2025-07-21 15:01:50 [INFO]: [User: Guest | ID: NA] POST /login - ::1
2025-07-21 15:02:04 [INFO]: [User: Guest | ID: NA] POST /login - ::1
2025-07-21 15:02:14 [INFO]: [User: Guest | ID: NA] POST /login - ::1
2025-07-21 15:02:32 [INFO]: [User: Guest | ID: NA] POST /login - ::1
2025-07-21 15:02:32 [INFO]: [User: Guest | ID: NA] GET /show-users - ::1
2025-07-21 15:02:32 [INFO]: [User: Guest | ID: NA] GET /show-users - ::1
2025-07-21 15:02:33 [INFO]: [User: Guest | ID: NA] GET /show-ticket - ::1
2025-07-21 15:02:33 [INFO]: [User: Guest | ID: NA] GET /show-ticket - ::1
2025-07-21 15:03:39 [INFO]: [User: Guest | ID: NA] POST /login - ::1
2025-07-21 15:03:40 [INFO]: [User: Guest | ID: NA] GET /show-users - ::1
2025-07-21 15:03:40 [INFO]: [User: Guest | ID: NA] GET /show-users - ::1
2025-07-21 15:03:40 [INFO]: [User: Guest | ID: NA] GET /show-ticket - ::1
2025-07-21 15:03:40 [INFO]: [User: Guest | ID: NA] GET /show-ticket - ::1
2025-07-21 15:03:45 [INFO]: [User: Guest | ID: NA] POST /login - ::1
2025-07-21 15:03:46 [INFO]: [User: Guest | ID: NA] GET /show-users - ::1
2025-07-21 15:03:46 [INFO]: [User: Guest | ID: NA] GET /show-users - ::1
2025-07-21 15:03:46 [INFO]: [User: Guest | ID: NA] GET /show-ticket - ::1
2025-07-21 15:03:46 [INFO]: [User: Guest | ID: NA] GET /show-ticket - ::1
2025-07-21 15:03:52 [INFO]: [User: Guest | ID: NA] POST /login - ::1
2025-07-21 15:03:53 [INFO]: [User: Guest | ID: NA] GET /show-users - ::1
2025-07-21 15:03:53 [INFO]: [User: Guest | ID: NA] GET /show-users - ::1
2025-07-21 15:03:53 [INFO]: [User: Guest | ID: NA] GET /show-ticket - ::1
2025-07-21 15:03:53 [INFO]: [User: Guest | ID: NA] GET /show-ticket - ::1
2025-07-21 15:04:07 [INFO]: [User: Guest | ID: NA] POST /login - ::1
2025-07-21 15:04:08 [INFO]: [User: Guest | ID: NA] GET /show-users - ::1
2025-07-21 15:04:08 [INFO]: [User: Guest | ID: NA] GET /show-users - ::1
2025-07-21 15:04:08 [INFO]: [User: Guest | ID: NA] GET /show-ticket - ::1
2025-07-21 15:04:08 [INFO]: [User: Guest | ID: NA] GET /show-ticket - ::1
2025-07-21 15:07:36 [INFO]: [User: Guest | ID: NA] GET /show-users - ::1
2025-07-21 15:07:36 [INFO]: [User: Guest | ID: NA] GET /show-ticket - ::1
2025-07-21 15:07:42 [INFO]: [User: Guest | ID: NA] POST /login - ::1
2025-07-21 15:07:59 [INFO]: [User: Guest | ID: NA] POST /login - ::1
2025-07-21 15:07:59 [INFO]: [User: Guest | ID: NA] GET /show-users - ::1
2025-07-21 15:07:59 [INFO]: [User: Guest | ID: NA] GET /show-users - ::1
2025-07-21 15:07:59 [INFO]: [User: Guest | ID: NA] GET /show-ticket - ::1
2025-07-21 15:07:59 [INFO]: [User: Guest | ID: NA] GET /show-ticket - ::1
2025-07-21 15:08:15 [INFO]: [User: Guest | ID: NA] POST /login - ::1
2025-07-21 15:08:17 [INFO]: [User: Guest | ID: NA] POST /login - ::1
2025-07-21 15:08:22 [INFO]: [User: Guest | ID: NA] POST /login - ::1
2025-07-21 15:08:22 [INFO]: [User: Guest | ID: NA] GET /show-users - ::1
2025-07-21 15:08:22 [INFO]: [User: Guest | ID: NA] GET /show-users - ::1
2025-07-21 15:08:22 [INFO]: [User: Guest | ID: NA] GET /show-ticket - ::1
2025-07-21 15:08:22 [INFO]: [User: Guest | ID: NA] GET /show-ticket - ::1
2025-07-21 15:08:25 [INFO]: [User: Guest | ID: NA] GET /show-users - ::1
2025-07-21 15:08:26 [INFO]: [User: Guest | ID: NA] GET /show-ticket - ::1
2025-07-21 15:08:26 [INFO]: [User: Guest | ID: NA] GET /show-ticket - ::1
2025-07-21 15:11:19 [INFO]: [User: Guest | ID: NA] GET /show-users - ::1
2025-07-21 15:11:21 [INFO]: [User: Guest | ID: NA] DELETE /delete-alluser - ::1
2025-07-21 15:12:37 [INFO]: [User: Guest | ID: NA] GET /show-ticket - ::1
2025-07-21 15:12:37 [INFO]: [User: Guest | ID: NA] GET /show-ticket - ::1
2025-07-21 15:12:38 [INFO]: [User: Guest | ID: NA] GET /show-users - ::1
2025-07-21 15:13:26 [INFO]: [User: Guest | ID: NA] DELETE /delete-alluser - ::1
2025-07-21 15:13:44 [INFO]: [User: Guest | ID: NA] GET /show-users - ::1
2025-07-21 15:14:49 [INFO]: [User: Guest | ID: NA] POST /create-user - ::1
2025-07-21 15:14:51 [INFO]: [User: Guest | ID: NA] GET /show-users - ::1
2025-07-21 15:17:55 [INFO]: [User: Guest | ID: NA] GET /show-users - ::1
2025-07-21 15:18:05 [INFO]: [User: Guest | ID: NA] GET /show-ticket - ::1
2025-07-21 15:18:05 [INFO]: [User: Guest | ID: NA] GET /show-ticket - ::1
2025-07-21 15:18:08 [INFO]: [User: Guest | ID: NA] GET /show-users - ::1
2025-07-21 15:19:08 [INFO]: [User: Guest | ID: NA] GET /show-users - ::1
2025-07-21 15:21:18 [INFO]: [User: Guest | ID: NA] GET /show-users - ::1
2025-07-21 15:21:22 [INFO]: [User: Guest | ID: NA] GET /show-ticket - ::1
2025-07-21 15:21:22 [INFO]: [User: Guest | ID: NA] GET /show-ticket - ::1
2025-07-21 15:21:23 [INFO]: [User: Guest | ID: NA] GET /show-users - ::1
2025-07-21 15:22:46 [INFO]: [User: Guest | ID: NA] GET /show-users - ::1
2025-07-21 15:23:12 [INFO]: [User: Guest | ID: NA] GET /show-users - ::1
2025-07-21 15:24:17 [INFO]: [User: Guest | ID: NA] GET /show-users - ::1
2025-07-21 15:24:28 [INFO]: [User: Guest | ID: NA] GET /show-users - ::1
2025-07-21 15:25:05 [INFO]: [User: Guest | ID: NA] GET /show-users - ::1
2025-07-21 15:25:10 [INFO]: [User: Guest | ID: NA] GET /show-users - ::1
2025-07-21 15:25:15 [INFO]: [User: Guest | ID: NA] GET /show-users - ::1
2025-07-21 15:25:31 [INFO]: [User: Guest | ID: NA] GET /show-users - ::1
2025-07-21 15:26:09 [INFO]: [User: Guest | ID: NA] GET /show-users - ::1
2025-07-21 15:26:48 [INFO]: [User: Guest | ID: NA] POST /create-user - ::1
2025-07-21 15:26:50 [INFO]: [User: Guest | ID: NA] GET /show-users - ::1
2025-07-21 15:27:07 [INFO]: [User: Guest | ID: NA] POST /update-user - ::1
2025-07-21 15:27:09 [INFO]: [User: Guest | ID: NA] GET /show-users - ::1
2025-07-21 15:27:53 [INFO]: [User: Guest | ID: NA] GET /show-ticket - ::1
2025-07-21 15:27:53 [INFO]: [User: Guest | ID: NA] GET /show-ticket - ::1
2025-07-21 15:27:58 [INFO]: [User: Guest | ID: NA] POST /login - ::1
2025-07-21 15:28:00 [INFO]: [User: Guest | ID: NA] POST /login - ::1
2025-07-21 15:28:01 [INFO]: [User: Guest | ID: NA] POST /login - ::1
2025-07-21 15:28:01 [INFO]: [User: Guest | ID: NA] POST /login - ::1
2025-07-21 15:28:01 [INFO]: [User: Guest | ID: NA] POST /login - ::1
2025-07-21 15:28:01 [INFO]: [User: Guest | ID: NA] POST /login - ::1
2025-07-21 15:28:02 [INFO]: [User: Guest | ID: NA] POST /login - ::1
2025-07-21 15:28:02 [INFO]: [User: Guest | ID: NA] POST /login - ::1
2025-07-21 15:28:03 [INFO]: [User: Guest | ID: NA] POST /login - ::1
2025-07-21 15:28:04 [INFO]: [User: Guest | ID: NA] POST /login - ::1
2025-07-21 15:28:07 [INFO]: [User: Guest | ID: NA] POST /login - ::1
2025-07-21 15:28:08 [INFO]: [User: Guest | ID: NA] POST /login - ::1
2025-07-21 15:28:08 [INFO]: [User: Guest | ID: NA] POST /login - ::1
2025-07-21 15:28:10 [INFO]: [User: Guest | ID: NA] POST /login - ::1
2025-07-21 15:28:29 [INFO]: [User: Guest | ID: NA] POST /login - ::1
2025-07-21 15:28:31 [INFO]: [User: Guest | ID: NA] POST /login - ::1
2025-07-21 15:28:31 [INFO]: [User: Guest | ID: NA] GET /show-users - ::1
2025-07-21 15:28:31 [INFO]: [User: Guest | ID: NA] GET /show-users - ::1
2025-07-21 15:28:31 [INFO]: [User: Guest | ID: NA] GET /show-ticket - ::1
2025-07-21 15:28:31 [INFO]: [User: Guest | ID: NA] GET /show-ticket - ::1
2025-07-21 15:28:40 [INFO]: [User: Guest | ID: NA] POST /login - ::1
2025-07-21 15:28:41 [INFO]: [User: Guest | ID: NA] GET /show-users - ::1
2025-07-21 15:28:41 [INFO]: [User: Guest | ID: NA] GET /show-users - ::1
2025-07-21 15:28:41 [INFO]: [User: Guest | ID: NA] GET /show-ticket - ::1
2025-07-21 15:28:41 [INFO]: [User: Guest | ID: NA] GET /show-ticket - ::1
2025-07-21 15:29:08 [INFO]: [User: Guest | ID: NA] GET /show-users - ::1
2025-07-21 15:29:44 [INFO]: [User: Guest | ID: NA] GET /show-users - ::1
2025-07-21 15:29:55 [INFO]: [User: Guest | ID: NA] POST /update-user - ::1
2025-07-21 15:29:57 [INFO]: [User: Guest | ID: NA] GET /show-users - ::1
2025-07-21 15:30:00 [INFO]: [User: Guest | ID: NA] POST /login - ::1
2025-07-21 15:30:00 [INFO]: [User: Guest | ID: NA] GET /show-users - ::1
2025-07-21 15:30:00 [INFO]: [User: Guest | ID: NA] GET /show-users - ::1
2025-07-21 15:30:00 [INFO]: [User: Guest | ID: NA] GET /show-ticket - ::1
2025-07-21 15:30:00 [INFO]: [User: Guest | ID: NA] GET /show-ticket - ::1
2025-07-21 15:30:13 [INFO]: [User: Guest | ID: NA] GET /show-users - ::1
2025-07-21 15:30:21 [INFO]: [User: Guest | ID: NA] POST /update-user - ::1
2025-07-21 15:30:27 [INFO]: [User: Guest | ID: NA] POST /login - ::1
2025-07-21 15:30:27 [INFO]: [User: Guest | ID: NA] GET /show-users - ::1
2025-07-21 15:30:27 [INFO]: [User: Guest | ID: NA] GET /show-users - ::1
2025-07-21 15:30:27 [INFO]: [User: Guest | ID: NA] GET /show-ticket - ::1
2025-07-21 15:30:27 [INFO]: [User: Guest | ID: NA] GET /show-ticket - ::1
2025-07-21 15:30:42 [INFO]: [User: Guest | ID: NA] GET /show-users - ::1
2025-07-21 15:30:45 [INFO]: [User: Guest | ID: NA] GET /show-ticket - ::1
2025-07-21 15:30:45 [INFO]: [User: Guest | ID: NA] GET /show-ticket - ::1
2025-07-21 15:30:48 [INFO]: [User: Guest | ID: NA] GET /show-ticket - ::1
2025-07-21 15:30:48 [INFO]: [User: Guest | ID: NA] GET /show-ticket - ::1
2025-07-21 15:31:26 [INFO]: [User: Guest | ID: NA] GET /show-users - ::1
2025-07-21 15:31:29 [INFO]: [User: Guest | ID: NA] GET /show-users - ::1
2025-07-21 15:43:12 [INFO]: [User: Guest | ID: NA] GET /show-roles - ::1
2025-07-21 15:43:33 [INFO]: [User: Guest | ID: NA] GET /show-roles - ::1
2025-07-21 15:43:36 [INFO]: [User: Guest | ID: NA] GET /show-roles - ::1
2025-07-21 15:43:40 [INFO]: [User: Guest | ID: NA] GET / - ::1
2025-07-21 15:43:40 [INFO]: [User: Guest | ID: NA] GET /favicon.ico - ::1
2025-07-21 15:43:49 [INFO]: [User: Guest | ID: NA] GET /show-roles - ::1
2025-07-21 15:43:52 [INFO]: [User: Guest | ID: NA] GET /show-role - ::1
2025-07-21 15:44:31 [INFO]: [User: Guest | ID: NA] GET /show-roles - ::1
2025-07-21 15:49:40 [INFO]: [User: Guest | ID: NA] POST /show-role - ::1
2025-07-21 15:49:56 [INFO]: [User: Guest | ID: NA] POST /show-role - ::1
2025-07-21 15:50:09 [INFO]: [User: Guest | ID: NA] POST /show-role - ::1
2025-07-21 15:50:33 [INFO]: [User: Guest | ID: NA] POST /show-role - ::1
2025-07-21 15:50:40 [INFO]: [User: Guest | ID: NA] POST /show-role - ::1
2025-07-21 15:50:57 [INFO]: [User: Guest | ID: NA] POST /show-role - ::1
2025-07-21 15:50:57 [INFO]: [User: Guest | ID: NA] POST /show-role - ::1
2025-07-21 15:51:37 [INFO]: [User: Guest | ID: NA] POST /show-role - ::1
2025-07-21 15:51:37 [INFO]: [User: Guest | ID: NA] POST /show-role - ::1
2025-07-21 15:51:42 [INFO]: [User: Guest | ID: NA] POST /show-role - ::1
2025-07-21 15:51:42 [INFO]: [User: Guest | ID: NA] POST /show-role - ::1
2025-07-21 15:52:05 [INFO]: [User: Guest | ID: NA] POST /show-role - ::1
2025-07-21 15:52:05 [INFO]: [User: Guest | ID: NA] POST /show-role - ::1
2025-07-21 15:52:42 [INFO]: [User: Guest | ID: NA] POST /show-role - ::1
2025-07-21 15:52:43 [INFO]: [User: Guest | ID: NA] POST /show-role - ::1
2025-07-21 15:53:25 [INFO]: [User: Guest | ID: NA] POST /show-role - ::1
2025-07-21 15:53:25 [INFO]: [User: Guest | ID: NA] POST /show-role - ::1
2025-07-21 15:55:18 [INFO]: [User: Guest | ID: NA] POST /show-role - ::1
2025-07-21 15:55:18 [INFO]: [User: Guest | ID: NA] POST /show-role - ::1
2025-07-21 15:55:57 [INFO]: [User: Guest | ID: NA] POST /show-role - ::1
2025-07-21 15:55:57 [INFO]: [User: Guest | ID: NA] POST /show-role - ::1
2025-07-21 15:56:28 [INFO]: [User: Guest | ID: NA] POST /show-role - ::1
2025-07-21 15:56:28 [INFO]: [User: Guest | ID: NA] POST /show-role - ::1
2025-07-21 15:56:55 [INFO]: [User: Guest | ID: NA] GET /show-ticket - ::1
2025-07-21 15:56:55 [INFO]: [User: Guest | ID: NA] GET /show-ticket - ::1
2025-07-21 15:58:23 [INFO]: [User: Guest | ID: NA] POST /show-role - ::1
2025-07-21 15:58:23 [INFO]: [User: Guest | ID: NA] POST /show-role - ::1
2025-07-21 16:49:50 [INFO]: [User: Guest | ID: NA] POST /show-role - ::1
2025-07-21 16:49:50 [INFO]: [User: Guest | ID: NA] POST /show-role - ::1
2025-07-21 16:50:22 [INFO]: [User: Guest | ID: NA] POST /show-role - ::1
2025-07-21 16:50:22 [INFO]: [User: Guest | ID: NA] POST /show-role - ::1
2025-07-21 16:50:38 [INFO]: [User: Guest | ID: NA] GET /show-role - ::1
2025-07-21 16:50:38 [INFO]: [User: Guest | ID: NA] GET /favicon.ico - ::1
2025-07-21 16:51:07 [INFO]: [User: Guest | ID: NA] GET /show-role - ::1
2025-07-21 16:51:07 [INFO]: [User: Guest | ID: NA] GET /show-role - ::1
2025-07-21 16:54:15 [INFO]: [User: Guest | ID: NA] GET /show-role - ::1
2025-07-21 16:54:25 [INFO]: [User: Guest | ID: NA] GET /show-role - ::1
2025-07-21 16:54:32 [INFO]: [User: Guest | ID: NA] GET /show-role - ::1
2025-07-21 16:54:58 [INFO]: [User: Guest | ID: NA] GET /show-role - ::1
2025-07-21 16:56:10 [INFO]: [User: Guest | ID: NA] GET /show-role - ::1
2025-07-21 16:58:22 [INFO]: [User: Guest | ID: NA] GET /show-role - ::1
2025-07-21 16:58:22 [INFO]: [User: Guest | ID: NA] GET /show-role - ::1
2025-07-21 16:58:40 [INFO]: [User: Guest | ID: NA] GET /show-users - ::1
2025-07-21 16:58:45 [INFO]: [User: Guest | ID: NA] GET /show-role - ::1
2025-07-21 16:58:45 [INFO]: [User: Guest | ID: NA] GET /show-role - ::1
2025-07-21 16:59:31 [INFO]: [User: Guest | ID: NA] POST /update-role - ::1
2025-07-21 16:59:31 [INFO]: [User: Guest | ID: NA] GET /show-role - ::1
2025-07-21 16:59:37 [INFO]: [User: Guest | ID: NA] GET /show-role - ::1
2025-07-21 16:59:37 [INFO]: [User: Guest | ID: NA] GET /favicon.ico - ::1
2025-07-21 16:59:42 [INFO]: [User: Guest | ID: NA] POST /update-role - ::1
2025-07-21 16:59:42 [INFO]: [User: Guest | ID: NA] GET /show-role - ::1
2025-07-21 16:59:44 [INFO]: [User: Guest | ID: NA] GET /show-role - ::1
2025-07-21 17:01:51 [INFO]: [User: Guest | ID: NA] GET /show-ticket - ::1
2025-07-21 17:01:51 [INFO]: [User: Guest | ID: NA] GET /show-ticket - ::1
2025-07-21 17:01:52 [INFO]: [User: Guest | ID: NA] GET /show-role - ::1
2025-07-21 17:01:52 [INFO]: [User: Guest | ID: NA] GET /show-role - ::1
2025-07-21 17:01:57 [INFO]: [User: Guest | ID: NA] POST /update-role - ::1
2025-07-21 17:01:57 [INFO]: [User: Guest | ID: NA] GET /show-role - ::1
2025-07-21 17:01:58 [INFO]: [User: Guest | ID: NA] GET /show-role - ::1
2025-07-21 17:03:02 [INFO]: [User: Guest | ID: NA] GET /show-role - ::1
2025-07-21 17:07:04 [INFO]: [User: Guest | ID: NA] GET /show-role - ::1
2025-07-21 17:09:09 [INFO]: [User: Guest | ID: NA] GET /show-role - ::1
2025-07-21 17:11:59 [INFO]: [User: Guest | ID: NA] GET /show-role - ::1
2025-07-21 17:12:07 [INFO]: [User: Guest | ID: NA] GET /show-role - ::1
2025-07-21 17:12:59 [INFO]: [User: Guest | ID: NA] GET /show-role - ::1
2025-07-21 17:14:00 [INFO]: [User: Guest | ID: NA] GET /show-role - ::1
2025-07-21 17:14:21 [INFO]: [User: Guest | ID: NA] GET /show-role - ::1
2025-07-21 17:14:59 [INFO]: [User: Guest | ID: NA] GET /show-role - ::1
2025-07-21 17:15:03 [INFO]: [User: Guest | ID: NA] GET /show-role - ::1
2025-07-21 17:16:08 [INFO]: [User: Guest | ID: NA] GET /show-role - ::1
2025-07-21 17:16:44 [INFO]: [User: Guest | ID: NA] GET /show-role - ::1
2025-07-21 17:16:48 [INFO]: [User: Guest | ID: NA] POST /update-role - ::1
2025-07-21 17:16:48 [INFO]: [User: Guest | ID: NA] GET /show-role - ::1
2025-07-21 17:16:50 [INFO]: [User: Guest | ID: NA] GET /show-role - ::1
2025-07-21 17:16:50 [INFO]: [User: Guest | ID: NA] GET /favicon.ico - ::1
2025-07-21 17:16:58 [INFO]: [User: Guest | ID: NA] POST /update-role - ::1
2025-07-21 17:16:58 [INFO]: [User: Guest | ID: NA] GET /show-role - ::1
2025-07-21 17:17:07 [INFO]: [User: Guest | ID: NA] POST /update-role - ::1
2025-07-21 17:17:07 [INFO]: [User: Guest | ID: NA] GET /show-role - ::1
