2025-07-22 10:51:17 [INFO]: Deleted old log file: 15072025-api.log
2025-07-22 10:51:37 [INFO]: [User: Guest | ID: NA] GET /show-users - ::1
2025-07-22 10:51:38 [INFO]: [User: Guest | ID: NA] GET /show-ticket - ::1
2025-07-22 10:52:01 [INFO]: [User: Guest | ID: NA] GET /show-role - ::1
2025-07-22 10:52:01 [INFO]: [User: Guest | ID: NA] GET /show-role - ::1
2025-07-22 10:56:01 [INFO]: [User: Guest | ID: NA] GET /show-users - ::1
2025-07-22 10:57:03 [INFO]: [User: Guest | ID: NA] GET /show-role - ::1
2025-07-22 10:57:03 [INFO]: [User: Guest | ID: NA] GET /show-role - ::1
2025-07-22 10:57:05 [INFO]: [User: Guest | ID: NA] GET /show-ticket - ::1
2025-07-22 10:57:05 [INFO]: [User: Guest | ID: NA] GET /show-ticket - ::1
2025-07-22 10:57:47 [INFO]: [User: Guest | ID: NA] GET /show-ticket - ::1
2025-07-22 10:58:39 [INFO]: [User: Guest | ID: NA] GET /show-users - ::1
2025-07-22 10:58:40 [INFO]: [User: Guest | ID: NA] GET /show-ticket - ::1
2025-07-22 10:58:42 [INFO]: [User: Guest | ID: NA] GET /show-role - ::1
2025-07-22 10:58:42 [INFO]: [User: Guest | ID: NA] GET /show-role - ::1
2025-07-22 10:58:46 [INFO]: [User: Guest | ID: NA] GET /show-users - ::1
2025-07-22 10:58:48 [INFO]: [User: Guest | ID: NA] GET /show-ticket - ::1
2025-07-22 10:58:48 [INFO]: [User: Guest | ID: NA] GET /show-ticket - ::1
2025-07-22 11:00:49 [INFO]: [User: Guest | ID: NA] GET /show-ticket - ::1
2025-07-22 11:02:56 [INFO]: [User: Guest | ID: NA] GET /show-users - ::1
2025-07-22 11:02:56 [INFO]: [User: Guest | ID: NA] GET /show-ticket - ::1
2025-07-22 11:02:58 [INFO]: [User: Guest | ID: NA] GET /show-users - ::1
2025-07-22 11:02:59 [INFO]: [User: Guest | ID: NA] GET /show-role - ::1
2025-07-22 11:02:59 [INFO]: [User: Guest | ID: NA] GET /show-role - ::1
2025-07-22 11:03:02 [INFO]: [User: Guest | ID: NA] GET /show-ticket - ::1
2025-07-22 11:03:02 [INFO]: [User: Guest | ID: NA] GET /show-ticket - ::1
2025-07-22 11:03:03 [INFO]: [User: Guest | ID: NA] GET /show-role - ::1
2025-07-22 11:03:03 [INFO]: [User: Guest | ID: NA] GET /show-role - ::1
2025-07-22 11:03:08 [INFO]: [User: Guest | ID: NA] GET /show-users - ::1
2025-07-22 11:03:15 [INFO]: [User: Guest | ID: NA] GET /show-users - ::1
2025-07-22 11:05:11 [INFO]: [User: Guest | ID: NA] GET /show-users - ::1
2025-07-22 11:09:57 [INFO]: [User: Guest | ID: NA] GET /show-role - ::1
2025-07-22 11:09:57 [INFO]: [User: Guest | ID: NA] GET /show-role - ::1
2025-07-22 11:09:58 [INFO]: [User: Guest | ID: NA] GET /show-ticket - ::1
2025-07-22 11:09:58 [INFO]: [User: Guest | ID: NA] GET /show-ticket - ::1
2025-07-22 11:10:07 [INFO]: [User: Guest | ID: NA] POST /login - ::1
2025-07-22 11:10:08 [INFO]: [User: Guest | ID: NA] POST /login - ::1
2025-07-22 11:10:10 [INFO]: [User: Guest | ID: NA] POST /login - ::1
2025-07-22 11:10:10 [INFO]: [User: Guest | ID: NA] POST /login - ::1
2025-07-22 11:10:10 [INFO]: [User: Guest | ID: NA] POST /login - ::1
2025-07-22 11:10:13 [INFO]: [User: Guest | ID: NA] POST /login - ::1
2025-07-22 11:10:13 [INFO]: [User: Guest | ID: NA] POST /login - ::1
2025-07-22 11:10:13 [INFO]: [User: Guest | ID: NA] POST /login - ::1
2025-07-22 11:10:13 [INFO]: [User: Guest | ID: NA] POST /login - ::1
2025-07-22 11:10:13 [INFO]: [User: Guest | ID: NA] POST /login - ::1
2025-07-22 11:10:13 [INFO]: [User: Guest | ID: NA] POST /login - ::1
2025-07-22 11:10:14 [INFO]: [User: Guest | ID: NA] POST /login - ::1
2025-07-22 11:10:14 [INFO]: [User: Guest | ID: NA] POST /login - ::1
2025-07-22 11:10:32 [INFO]: [User: Guest | ID: NA] GET / - ::1
2025-07-22 11:10:32 [INFO]: [User: Guest | ID: NA] GET /favicon.ico - ::1
2025-07-22 11:10:35 [INFO]: [User: Guest | ID: NA] GET /login - ::1
2025-07-22 11:10:54 [INFO]: [User: Guest | ID: NA] POST /login - ::1
2025-07-22 11:13:08 [INFO]: [User: Guest | ID: NA] POST /login - ::1
2025-07-22 11:13:48 [INFO]: [User: Guest | ID: NA] POST /login - ::1
2025-07-22 11:13:52 [INFO]: [User: Guest | ID: NA] POST /login - ::1
2025-07-22 11:18:06 [INFO]: [User: Guest | ID: NA] POST /login - ::1
2025-07-22 11:19:29 [INFO]: [User: Guest | ID: NA] POST /login - ::1
2025-07-22 11:19:44 [INFO]: [User: Guest | ID: NA] POST /login - ::1
2025-07-22 11:20:06 [INFO]: [User: Guest | ID: NA] POST /login - ::1
2025-07-22 11:20:15 [INFO]: [User: Guest | ID: NA] GET /show-ticket - ::1
2025-07-22 11:20:15 [INFO]: [User: Guest | ID: NA] GET /show-ticket - ::1
2025-07-22 11:20:16 [INFO]: [User: Guest | ID: NA] GET /show-role - ::1
2025-07-22 11:20:16 [INFO]: [User: Guest | ID: NA] GET /show-role - ::1
2025-07-22 11:20:18 [INFO]: [User: Guest | ID: NA] GET /show-users - ::1
2025-07-22 11:20:22 [INFO]: [User: Guest | ID: NA] GET /show-ticket - ::1
2025-07-22 11:20:22 [INFO]: [User: Guest | ID: NA] GET /show-ticket - ::1
2025-07-22 11:20:41 [INFO]: [User: Guest | ID: NA] POST /login - ::1
2025-07-22 11:20:42 [INFO]: [User: Guest | ID: NA] GET /show-users - ::1
2025-07-22 11:20:42 [INFO]: [User: Guest | ID: NA] GET /show-users - ::1
2025-07-22 11:20:43 [INFO]: [User: Guest | ID: NA] GET /show-ticket - ::1
2025-07-22 11:20:43 [INFO]: [User: Guest | ID: NA] GET /show-ticket - ::1
2025-07-22 11:21:00 [INFO]: [User: Guest | ID: NA] GET /show-users - ::1
2025-07-22 11:21:01 [INFO]: [User: Guest | ID: NA] GET /show-ticket - ::1
2025-07-22 11:21:31 [INFO]: [User: Guest | ID: NA] GET /show-users - ::1
2025-07-22 11:21:31 [INFO]: [User: Guest | ID: NA] GET /show-ticket - ::1
2025-07-22 11:22:20 [INFO]: [User: Guest | ID: NA] GET /show-users - ::1
2025-07-22 11:22:20 [INFO]: [User: Guest | ID: NA] GET /show-ticket - ::1
2025-07-22 11:22:21 [INFO]: [User: Guest | ID: NA] GET /show-users - ::1
2025-07-22 11:22:53 [INFO]: [User: Guest | ID: NA] GET /show-users - ::1
2025-07-22 11:22:56 [INFO]: [User: Guest | ID: NA] GET /show-role - ::1
2025-07-22 11:22:56 [INFO]: [User: Guest | ID: NA] GET /show-role - ::1
2025-07-22 11:22:57 [INFO]: [User: Guest | ID: NA] GET /show-ticket - ::1
2025-07-22 11:22:57 [INFO]: [User: Guest | ID: NA] GET /show-ticket - ::1
2025-07-22 11:23:09 [INFO]: [User: Guest | ID: NA] POST /login - ::1
2025-07-22 11:23:09 [INFO]: [User: Guest | ID: NA] GET /show-users - ::1
2025-07-22 11:23:09 [INFO]: [User: Guest | ID: NA] GET /show-users - ::1
2025-07-22 11:23:09 [INFO]: [User: Guest | ID: NA] GET /show-ticket - ::1
2025-07-22 11:23:09 [INFO]: [User: Guest | ID: NA] GET /show-ticket - ::1
2025-07-22 11:23:23 [INFO]: [User: Guest | ID: NA] GET /show-users - ::1
2025-07-22 11:23:23 [INFO]: [User: Guest | ID: NA] GET /show-ticket - ::1
2025-07-22 11:23:30 [INFO]: [User: Guest | ID: NA] GET /show-users - ::1
2025-07-22 11:23:30 [INFO]: [User: Guest | ID: NA] GET /show-ticket - ::1
2025-07-22 11:24:46 [INFO]: [User: Guest | ID: NA] GET /show-users - ::1
2025-07-22 11:24:46 [INFO]: [User: Guest | ID: NA] GET /show-ticket - ::1
2025-07-22 11:24:48 [INFO]: [User: Guest | ID: NA] GET /show-role - ::1
2025-07-22 11:24:48 [INFO]: [User: Guest | ID: NA] GET /show-role - ::1
2025-07-22 11:24:49 [INFO]: [User: Guest | ID: NA] GET /show-users - ::1
2025-07-22 11:24:50 [INFO]: [User: Guest | ID: NA] GET /show-ticket - ::1
2025-07-22 11:24:50 [INFO]: [User: Guest | ID: NA] GET /show-ticket - ::1
2025-07-22 11:24:52 [INFO]: [User: Guest | ID: NA] GET /show-ticket - ::1
2025-07-22 11:24:52 [INFO]: [User: Guest | ID: NA] GET /show-ticket - ::1
2025-07-22 11:25:02 [INFO]: [User: Guest | ID: NA] POST /update-ticket - ::1
2025-07-22 11:25:02 [INFO]: [User: Guest | ID: NA] GET /show-ticket - ::1
2025-07-22 11:25:02 [INFO]: [User: Guest | ID: NA] GET /show-ticket - ::1
2025-07-22 11:25:12 [INFO]: [User: Guest | ID: NA] GET /show-ticket - ::1
2025-07-22 11:25:12 [INFO]: [User: Guest | ID: NA] GET /show-ticket - ::1
2025-07-22 11:25:16 [INFO]: [User: Guest | ID: NA] GET /show-ticket - ::1
2025-07-22 11:25:16 [INFO]: [User: Guest | ID: NA] GET /show-ticket - ::1
2025-07-22 11:25:55 [INFO]: [User: Guest | ID: NA] GET /show-ticket - ::1
2025-07-22 11:25:55 [INFO]: [User: Guest | ID: NA] GET /show-ticket - ::1
2025-07-22 11:29:38 [INFO]: [User: Guest | ID: NA] GET /show-ticket - ::1
2025-07-22 11:29:48 [INFO]: [User: Guest | ID: NA] POST /update-ticket - ::1
2025-07-22 11:29:48 [INFO]: [User: Guest | ID: NA] GET /show-ticket - ::1
2025-07-22 11:31:26 [INFO]: [User: Guest | ID: NA] GET /show-ticket - ::1
2025-07-22 11:33:49 [INFO]: [User: Guest | ID: NA] GET /show-ticket - ::1
2025-07-22 11:33:53 [INFO]: [User: Guest | ID: NA] GET /show-ticket - ::1
2025-07-22 11:33:58 [INFO]: [User: Guest | ID: NA] DELETE /delete-ticket/49 - ::1
2025-07-22 11:33:58 [INFO]: [User: Guest | ID: NA] GET /show-ticket - ::1
2025-07-22 11:34:02 [INFO]: [User: Guest | ID: NA] POST /update-ticket - ::1
2025-07-22 11:34:02 [INFO]: [User: Guest | ID: NA] GET /show-ticket - ::1
2025-07-22 11:34:41 [INFO]: [User: Guest | ID: NA] DELETE /delete-allticket - ::1
2025-07-22 11:34:41 [INFO]: [User: Guest | ID: NA] GET /show-ticket - ::1
2025-07-22 11:34:45 [INFO]: [User: Guest | ID: NA] GET /show-users - ::1
2025-07-22 11:34:45 [INFO]: [User: Guest | ID: NA] GET /show-ticket - ::1
2025-07-22 11:34:45 [INFO]: [User: Guest | ID: NA] GET /show-ticket - ::1
2025-07-22 11:34:47 [INFO]: [User: Guest | ID: NA] GET /show-users - ::1
2025-07-22 11:34:50 [INFO]: [User: Guest | ID: NA] DELETE /delete-alluser - ::1
2025-07-22 11:35:01 [INFO]: [User: Guest | ID: NA] GET /show-users - ::1
2025-07-22 11:35:06 [INFO]: [User: Guest | ID: NA] GET /show-ticket - ::1
2025-07-22 11:35:06 [INFO]: [User: Guest | ID: NA] GET /show-ticket - ::1
2025-07-22 11:35:07 [INFO]: [User: Guest | ID: NA] GET /show-role - ::1
2025-07-22 11:35:07 [INFO]: [User: Guest | ID: NA] GET /show-role - ::1
2025-07-22 11:35:12 [INFO]: [User: Guest | ID: NA] GET /show-role - ::1
2025-07-22 11:35:14 [INFO]: [User: Guest | ID: NA] GET /show-users - ::1
2025-07-22 11:35:20 [INFO]: [User: Guest | ID: NA] DELETE /delete-alluser - ::1
2025-07-22 11:35:21 [INFO]: [User: Guest | ID: NA] GET /show-role - ::1
2025-07-22 11:35:21 [INFO]: [User: Guest | ID: NA] GET /show-role - ::1
2025-07-22 11:35:24 [INFO]: [User: Guest | ID: NA] GET /show-users - ::1
2025-07-22 11:35:25 [INFO]: [User: Guest | ID: NA] GET /show-role - ::1
2025-07-22 11:35:25 [INFO]: [User: Guest | ID: NA] GET /show-role - ::1
2025-07-22 11:35:33 [INFO]: [User: Guest | ID: NA] DELETE /delete-allrole - ::1
2025-07-22 11:35:44 [INFO]: [User: Guest | ID: NA] GET /show-role - ::1
2025-07-22 11:35:46 [INFO]: [User: Guest | ID: NA] GET /show-users - ::1
2025-07-22 11:35:47 [INFO]: [User: Guest | ID: NA] GET /show-role - ::1
2025-07-22 11:35:47 [INFO]: [User: Guest | ID: NA] GET /show-role - ::1
2025-07-22 11:36:35 [INFO]: [User: Guest | ID: NA] GET /show-users - ::1
2025-07-22 11:36:35 [INFO]: [User: Guest | ID: NA] GET /show-role - ::1
2025-07-22 11:36:35 [INFO]: [User: Guest | ID: NA] GET /show-role - ::1
2025-07-22 11:36:36 [INFO]: [User: Guest | ID: NA] GET /show-ticket - ::1
2025-07-22 11:36:36 [INFO]: [User: Guest | ID: NA] GET /show-ticket - ::1
2025-07-22 11:39:08 [INFO]: [User: Guest | ID: NA] GET /show-role - ::1
2025-07-22 11:39:08 [INFO]: [User: Guest | ID: NA] GET /show-role - ::1
2025-07-22 11:39:08 [INFO]: [User: Guest | ID: NA] GET /show-ticket - ::1
2025-07-22 11:39:08 [INFO]: [User: Guest | ID: NA] GET /show-ticket - ::1
2025-07-22 11:40:41 [INFO]: [User: Guest | ID: NA] GET /show-ticket - ::1
2025-07-22 11:40:53 [INFO]: [User: Guest | ID: NA] DELETE /delete-ticket/65 - ::1
2025-07-22 11:40:53 [INFO]: [User: Guest | ID: NA] GET /show-ticket - ::1
2025-07-22 11:41:31 [INFO]: [User: Guest | ID: NA] GET /show-ticket - ::1
2025-07-22 11:42:44 [INFO]: [User: Guest | ID: NA] GET /show-ticket - ::1
2025-07-22 11:43:07 [INFO]: [User: Guest | ID: NA] GET /show-ticket - ::1
2025-07-22 11:47:28 [INFO]: [User: Guest | ID: NA] GET /show-users - ::1
2025-07-22 11:48:43 [INFO]: [User: Guest | ID: NA] GET /show-role - ::1
2025-07-22 11:48:47 [INFO]: [User: Guest | ID: NA] GET /show-ticket - ::1
2025-07-22 11:48:47 [INFO]: [User: Guest | ID: NA] GET /show-ticket - ::1
2025-07-22 11:48:48 [INFO]: [User: Guest | ID: NA] GET /show-role - ::1
2025-07-22 11:48:48 [INFO]: [User: Guest | ID: NA] GET /show-role - ::1
2025-07-22 11:48:49 [INFO]: [User: Guest | ID: NA] GET /show-ticket - ::1
2025-07-22 11:48:49 [INFO]: [User: Guest | ID: NA] GET /show-ticket - ::1
2025-07-22 11:50:00 [INFO]: [User: Guest | ID: NA] GET /show-ticket - ::1
2025-07-22 11:52:53 [INFO]: [User: Guest | ID: NA] GET /show-ticket - ::1
2025-07-22 11:52:53 [INFO]: [User: Guest | ID: NA] GET /show-ticket - ::1
2025-07-22 11:53:59 [INFO]: [User: Guest | ID: NA] GET /show-ticket - ::1
2025-07-22 11:55:03 [INFO]: [User: Guest | ID: NA] GET /show-ticket - ::1
2025-07-22 11:55:08 [INFO]: [User: Guest | ID: NA] GET /show-ticket - ::1
2025-07-22 11:55:11 [INFO]: [User: Guest | ID: NA] GET /show-ticket - ::1
2025-07-22 11:55:22 [INFO]: [User: Guest | ID: NA] GET /show-ticket - ::1
2025-07-22 11:56:03 [INFO]: [User: Guest | ID: NA] POST /update-ticket - ::1
2025-07-22 11:56:03 [INFO]: [User: Guest | ID: NA] GET /show-ticket - ::1
2025-07-22 11:56:11 [INFO]: [User: Guest | ID: NA] POST /update-ticket - ::1
2025-07-22 11:56:11 [INFO]: [User: Guest | ID: NA] GET /show-ticket - ::1
2025-07-22 11:56:16 [INFO]: [User: Guest | ID: NA] POST /update-ticket - ::1
2025-07-22 11:56:16 [INFO]: [User: Guest | ID: NA] GET /show-ticket - ::1
2025-07-22 11:56:29 [INFO]: [User: Guest | ID: NA] POST /update-ticket - ::1
2025-07-22 11:56:29 [INFO]: [User: Guest | ID: NA] GET /show-ticket - ::1
2025-07-22 11:56:34 [INFO]: [User: Guest | ID: NA] GET /show-ticket - ::1
2025-07-22 12:03:05 [INFO]: [User: Guest | ID: NA] POST /update-ticket - ::1
2025-07-22 12:03:05 [INFO]: [User: Guest | ID: NA] GET /show-ticket - ::1
2025-07-22 12:04:47 [INFO]: [User: Guest | ID: NA] GET /show-ticket - ::1
2025-07-22 12:04:51 [INFO]: [User: Guest | ID: NA] POST /update-ticket - ::1
2025-07-22 12:05:12 [INFO]: [User: Guest | ID: NA] GET /show-ticket - ::1
2025-07-22 12:05:15 [INFO]: [User: Guest | ID: NA] POST /update-ticket - ::1
2025-07-22 12:05:16 [INFO]: [User: Guest | ID: NA] POST /update-ticket - ::1
2025-07-22 17:29:04 [INFO]: [User: Guest | ID: NA] GET /show-users - ::1
2025-07-22 17:29:04 [INFO]: [User: Guest | ID: NA] GET /show-ticket - ::1
