2025-07-23 09:57:20 [INFO]: Deleted old log file: 16072025-api.log
2025-07-23 09:57:58 [INFO]: [User: Guest | ID: NA] GET /show-users - ::1
2025-07-23 09:57:58 [INFO]: [User: Guest | ID: NA] GET /show-ticket - ::1
2025-07-23 10:02:32 [INFO]: [User: Guest | ID: NA] GET /show-ticket - ::1
2025-07-23 10:02:32 [INFO]: [User: Guest | ID: NA] GET /show-ticket - ::1
2025-07-23 10:06:28 [INFO]: [User: Guest | ID: NA] GET /show-role - ::1
2025-07-23 10:06:28 [INFO]: [User: Guest | ID: NA] GET /show-role - ::1
2025-07-23 10:07:26 [INFO]: [User: Guest | ID: NA] GET /show-users - ::1
2025-07-23 10:07:28 [INFO]: [User: Guest | ID: NA] GET /show-role - ::1
2025-07-23 10:07:28 [INFO]: [User: Guest | ID: NA] GET /show-role - ::1
2025-07-23 10:07:28 [INFO]: [User: Guest | ID: NA] GET /show-ticket - ::1
2025-07-23 10:07:28 [INFO]: [User: Guest | ID: NA] GET /show-ticket - ::1
2025-07-23 10:07:32 [INFO]: [User: Guest | ID: NA] GET /show-ticket - ::1
2025-07-23 10:07:32 [INFO]: [User: Guest | ID: NA] GET /show-ticket - ::1
2025-07-23 10:07:38 [INFO]: [User: Guest | ID: NA] GET /show-users - ::1
2025-07-23 10:07:43 [INFO]: [User: Guest | ID: NA] GET /show-users - ::1
2025-07-23 10:08:28 [INFO]: [User: Guest | ID: NA] GET /show-users - ::1
2025-07-23 10:17:52 [INFO]: [User: Guest | ID: NA] GET /show-role - ::1
2025-07-23 10:17:52 [INFO]: [User: Guest | ID: NA] GET /show-role - ::1
2025-07-23 10:22:05 [INFO]: [User: Guest | ID: NA] GET /show-users - ::1
2025-07-23 10:22:05 [INFO]: [User: Guest | ID: NA] GET /show-ticket - ::1
2025-07-23 11:00:04 [INFO]: [User: Guest | ID: NA] GET /show-users - ::1
2025-07-23 11:00:04 [INFO]: [User: Guest | ID: NA] GET /show-ticket - ::1
2025-07-23 11:08:54 [INFO]: [User: Guest | ID: NA] GET /show-users - ::1
2025-07-23 11:08:54 [INFO]: [User: Guest | ID: NA] GET /show-ticket - ::1
2025-07-23 12:14:09 [INFO]: [User: Guest | ID: NA] GET /show-users - ::1
2025-07-23 12:14:09 [INFO]: [User: Guest | ID: NA] GET /show-ticket - ::1
2025-07-23 12:14:52 [INFO]: [User: Guest | ID: NA] GET /show-users - ::1
2025-07-23 12:15:36 [INFO]: [User: Guest | ID: NA] GET /show-role - ::1
2025-07-23 12:15:45 [INFO]: [User: Guest | ID: NA] GET /show-users - ::1
2025-07-23 12:17:33 [INFO]: [User: Guest | ID: NA] GET /show-ticket - ::1
2025-07-23 12:17:33 [INFO]: [User: Guest | ID: NA] GET /show-ticket - ::1
2025-07-23 12:18:17 [INFO]: [User: Guest | ID: NA] GET /show-ticket - ::1
2025-07-23 12:18:17 [INFO]: [User: Guest | ID: NA] GET /show-ticket - ::1
2025-07-23 12:18:18 [INFO]: [User: Guest | ID: NA] GET /show-role - ::1
2025-07-23 12:18:18 [INFO]: [User: Guest | ID: NA] GET /show-role - ::1
2025-07-23 12:18:21 [INFO]: [User: Guest | ID: NA] GET /show-role - ::1
2025-07-23 12:18:21 [INFO]: [User: Guest | ID: NA] GET /show-role - ::1
2025-07-23 12:18:23 [INFO]: [User: Guest | ID: NA] DELETE /delete-role/42 - ::1
2025-07-23 12:18:23 [INFO]: [User: Guest | ID: NA] GET /show-role - ::1
2025-07-23 12:18:25 [INFO]: [User: Guest | ID: NA] GET /show-users - ::1
2025-07-23 12:18:31 [INFO]: [User: Guest | ID: NA] DELETE /delete-user/189 - ::1
2025-07-23 12:19:03 [INFO]: [User: Guest | ID: NA] POST /create-user - ::1
2025-07-23 12:19:04 [INFO]: [User: Guest | ID: NA] GET /show-users - ::1
2025-07-23 12:19:27 [INFO]: [User: Guest | ID: NA] GET /show-users - ::1
2025-07-23 12:19:39 [INFO]: [User: Guest | ID: NA] GET /show-users - ::1
2025-07-23 12:19:48 [INFO]: [User: Guest | ID: NA] POST /update-user - ::1
2025-07-23 12:19:50 [INFO]: [User: Guest | ID: NA] GET /show-users - ::1
2025-07-23 12:19:58 [INFO]: [User: Guest | ID: NA] GET /show-role - ::1
2025-07-23 12:19:58 [INFO]: [User: Guest | ID: NA] GET /show-role - ::1
2025-07-23 12:19:58 [INFO]: [User: Guest | ID: NA] GET /show-ticket - ::1
2025-07-23 12:19:58 [INFO]: [User: Guest | ID: NA] GET /show-ticket - ::1
2025-07-23 12:20:24 [INFO]: [User: Guest | ID: NA] POST /create-ticket - ::1
2025-07-23 12:20:24 [INFO]: [User: Guest | ID: NA] GET /show-ticket - ::1
2025-07-23 12:20:29 [INFO]: [User: Guest | ID: NA] GET /show-users - ::1
2025-07-23 12:21:49 [INFO]: [User: Guest | ID: NA] GET /show-ticket - ::1
2025-07-23 12:21:49 [INFO]: [User: Guest | ID: NA] GET /show-ticket - ::1
2025-07-23 12:22:00 [INFO]: [User: Guest | ID: NA] GET /show-users - ::1
2025-07-23 12:22:00 [INFO]: [User: Guest | ID: NA] GET /show-role - ::1
2025-07-23 12:22:00 [INFO]: [User: Guest | ID: NA] GET /show-role - ::1
2025-07-23 12:22:01 [INFO]: [User: Guest | ID: NA] GET /show-ticket - ::1
2025-07-23 12:22:01 [INFO]: [User: Guest | ID: NA] GET /show-ticket - ::1
2025-07-23 12:22:09 [INFO]: [User: Guest | ID: NA] POST /update-ticket - ::1
2025-07-23 12:24:57 [INFO]: [User: Guest | ID: NA] GET /show-ticket - ::1
2025-07-23 12:25:00 [INFO]: [User: Guest | ID: NA] POST /update-ticket - ::1
2025-07-23 12:26:19 [INFO]: [User: Guest | ID: NA] GET /show-ticket - ::1
2025-07-23 12:26:22 [INFO]: [User: Guest | ID: NA] POST /update-ticket - ::1
2025-07-23 12:27:07 [INFO]: [User: Guest | ID: NA] GET /show-ticket - ::1
2025-07-23 12:27:11 [INFO]: [User: Guest | ID: NA] POST /update-ticket - ::1
2025-07-23 12:27:11 [INFO]: [User: Guest | ID: NA] GET /show-ticket - ::1
2025-07-23 12:27:16 [INFO]: [User: Guest | ID: NA] POST /update-ticket - ::1
2025-07-23 12:27:16 [INFO]: [User: Guest | ID: NA] GET /show-ticket - ::1
2025-07-23 12:30:18 [INFO]: [User: Guest | ID: NA] GET /show-ticket - ::1
2025-07-23 12:31:41 [INFO]: [User: Guest | ID: NA] GET /show-ticket - ::1
2025-07-23 12:36:17 [INFO]: [User: Guest | ID: NA] GET /show-users - ::1
2025-07-23 12:36:17 [INFO]: [User: Guest | ID: NA] GET /show-ticket - ::1
2025-07-23 12:36:17 [INFO]: [User: Guest | ID: NA] GET /show-ticket - ::1
2025-07-23 12:36:19 [INFO]: [User: Guest | ID: NA] GET /show-users - ::1
2025-07-23 12:43:18 [INFO]: [User: Guest | ID: NA] GET /show-product - ::1
2025-07-23 12:46:24 [INFO]: [User: Guest | ID: NA] GET /show-product - ::1
2025-07-23 12:47:21 [INFO]: [User: Guest | ID: NA] GET /show-product - ::1
2025-07-23 12:48:04 [INFO]: [User: Guest | ID: NA] GET /show-ticket - ::1
2025-07-23 12:48:04 [INFO]: [User: Guest | ID: NA] GET /show-ticket - ::1
2025-07-23 12:48:05 [INFO]: [User: Guest | ID: NA] GET /show-product - ::1
2025-07-23 12:48:05 [INFO]: [User: Guest | ID: NA] GET /show-product - ::1
2025-07-23 12:48:09 [INFO]: [User: Guest | ID: NA] GET /show-product - ::1
2025-07-23 12:48:10 [INFO]: [User: Guest | ID: NA] GET /show-product - ::1
2025-07-23 12:48:16 [INFO]: [User: Guest | ID: NA] GET /show-product - ::1
2025-07-23 12:48:43 [INFO]: [User: Guest | ID: NA] GET /show-product - ::1
2025-07-23 12:48:48 [INFO]: [User: Guest | ID: NA] GET /show-role - ::1
2025-07-23 12:48:48 [INFO]: [User: Guest | ID: NA] GET /show-role - ::1
2025-07-23 12:48:49 [INFO]: [User: Guest | ID: NA] GET /show-product - ::1
2025-07-23 12:48:49 [INFO]: [User: Guest | ID: NA] GET /show-product - ::1
2025-07-23 12:49:32 [INFO]: [User: Guest | ID: NA] GET /show-product - ::1
2025-07-23 12:49:48 [INFO]: [User: Guest | ID: NA] GET /show-product - ::1
2025-07-23 12:50:00 [INFO]: [User: Guest | ID: NA] GET /show-product - ::1
2025-07-23 12:50:29 [INFO]: [User: Guest | ID: NA] GET /show-product - ::1
2025-07-23 12:51:25 [INFO]: [User: Guest | ID: NA] GET /show-product - ::1
2025-07-23 12:51:34 [INFO]: [User: Guest | ID: NA] GET /show-product - ::1
2025-07-23 12:52:24 [INFO]: [User: Guest | ID: NA] GET /show-product - ::1
2025-07-23 12:52:27 [INFO]: [User: Guest | ID: NA] GET /show-ticket - ::1
2025-07-23 12:52:27 [INFO]: [User: Guest | ID: NA] GET /show-ticket - ::1
2025-07-23 12:52:28 [INFO]: [User: Guest | ID: NA] GET /show-product - ::1
2025-07-23 12:52:28 [INFO]: [User: Guest | ID: NA] GET /show-product - ::1
2025-07-23 12:52:48 [INFO]: [User: Guest | ID: NA] GET /show-product - ::1
2025-07-23 12:53:06 [INFO]: [User: Guest | ID: NA] GET /show-product - ::1
2025-07-23 12:53:18 [INFO]: [User: Guest | ID: NA] GET /show-product - ::1
2025-07-23 12:53:33 [INFO]: [User: Guest | ID: NA] GET /show-product - ::1
2025-07-23 12:53:44 [INFO]: [User: Guest | ID: NA] GET /show-product - ::1
2025-07-23 12:53:53 [INFO]: [User: Guest | ID: NA] GET /show-product - ::1
2025-07-23 12:54:16 [INFO]: [User: Guest | ID: NA] GET /show-product - ::1
2025-07-23 12:55:06 [INFO]: [User: Guest | ID: NA] GET /show-product - ::1
2025-07-23 12:55:15 [INFO]: [User: Guest | ID: NA] GET /show-product - ::1
2025-07-23 12:55:25 [INFO]: [User: Guest | ID: NA] GET /show-product - ::1
2025-07-23 12:55:44 [INFO]: [User: Guest | ID: NA] GET /show-product - ::1
2025-07-23 12:56:06 [INFO]: [User: Guest | ID: NA] GET /show-product - ::1
2025-07-23 12:56:21 [INFO]: [User: Guest | ID: NA] GET /show-product - ::1
2025-07-23 13:12:00 [INFO]: [User: Guest | ID: NA] GET /show-product - ::1
2025-07-23 13:12:41 [INFO]: [User: Guest | ID: NA] GET /show-product - ::1
2025-07-23 13:13:27 [INFO]: [User: Guest | ID: NA] GET /show-product - ::1
2025-07-23 13:13:45 [INFO]: [User: Guest | ID: NA] GET /show-product - ::1
2025-07-23 13:14:06 [INFO]: [User: Guest | ID: NA] GET /show-product - ::1
2025-07-23 13:14:15 [INFO]: [User: Guest | ID: NA] GET /show-product - ::1
2025-07-23 13:14:29 [INFO]: [User: Guest | ID: NA] GET /show-product - ::1
2025-07-23 13:14:49 [INFO]: [User: Guest | ID: NA] GET /show-product - ::1
2025-07-23 13:14:57 [INFO]: [User: Guest | ID: NA] GET /show-product - ::1
2025-07-23 13:15:07 [INFO]: [User: Guest | ID: NA] GET /show-product - ::1
2025-07-23 13:15:10 [INFO]: [User: Guest | ID: NA] GET /show-product - ::1
2025-07-23 13:15:13 [INFO]: [User: Guest | ID: NA] GET /show-product - ::1
2025-07-23 13:15:19 [INFO]: [User: Guest | ID: NA] GET /show-product - ::1
2025-07-23 13:15:51 [INFO]: [User: Guest | ID: NA] GET /show-product - ::1
2025-07-23 13:15:55 [INFO]: [User: Guest | ID: NA] GET /show-product - ::1
2025-07-23 13:15:58 [INFO]: [User: Guest | ID: NA] GET /show-product - ::1
2025-07-23 13:16:14 [INFO]: [User: Guest | ID: NA] GET /show-product - ::1
2025-07-23 13:16:40 [INFO]: [User: Guest | ID: NA] GET /show-product - ::1
2025-07-23 13:17:15 [INFO]: [User: Guest | ID: NA] GET /show-product - ::1
2025-07-23 13:17:20 [INFO]: [User: Guest | ID: NA] GET /show-product - ::1
2025-07-23 13:17:52 [INFO]: [User: Guest | ID: NA] GET /show-product - ::1
2025-07-23 13:18:52 [INFO]: [User: Guest | ID: NA] GET /show-product - ::1
2025-07-23 13:19:07 [INFO]: [User: Guest | ID: NA] GET /show-product - ::1
2025-07-23 13:19:46 [INFO]: [User: Guest | ID: NA] GET /show-product - ::1
2025-07-23 13:20:01 [INFO]: [User: Guest | ID: NA] GET /show-product - ::1
2025-07-23 13:20:12 [INFO]: [User: Guest | ID: NA] GET /show-product - ::1
2025-07-23 13:20:36 [INFO]: [User: Guest | ID: NA] GET /show-product - ::1
2025-07-23 13:20:49 [INFO]: [User: Guest | ID: NA] GET /show-product - ::1
2025-07-23 13:25:29 [INFO]: [User: Guest | ID: NA] GET /show-product - ::1
2025-07-23 13:28:06 [INFO]: [User: Guest | ID: NA] GET /show-product - ::1
2025-07-23 14:44:16 [INFO]: [User: Guest | ID: NA] GET /show-product - ::1
2025-07-23 14:46:51 [INFO]: [User: Guest | ID: NA] GET /show-product - ::1
2025-07-23 14:47:01 [INFO]: [User: Guest | ID: NA] GET /show-product - ::1
2025-07-23 14:48:00 [INFO]: [User: Guest | ID: NA] GET /show-product - ::1
2025-07-23 14:48:41 [INFO]: [User: Guest | ID: NA] GET /show-product - ::1
2025-07-23 14:49:25 [INFO]: [User: Guest | ID: NA] GET /show-product - ::1
2025-07-23 14:49:35 [INFO]: [User: Guest | ID: NA] GET /show-product - ::1
2025-07-23 14:49:52 [INFO]: [User: Guest | ID: NA] GET /show-product - ::1
2025-07-23 14:50:51 [INFO]: [User: Guest | ID: NA] GET /show-product - ::1
2025-07-23 14:52:31 [INFO]: [User: Guest | ID: NA] GET /show-users - ::1
2025-07-23 14:53:02 [INFO]: [User: Guest | ID: NA] GET /show-product - ::1
2025-07-23 15:43:48 [INFO]: [User: Guest | ID: NA] GET /show-users - ::1
2025-07-23 15:43:48 [INFO]: [User: Guest | ID: NA] GET /show-ticket - ::1
2025-07-23 15:43:55 [INFO]: [User: Guest | ID: NA] GET /show-product - ::1
2025-07-23 15:43:55 [INFO]: [User: Guest | ID: NA] GET /show-product - ::1
2025-07-23 15:45:03 [INFO]: [User: Guest | ID: NA] GET /show-product - ::1
2025-07-23 15:45:46 [INFO]: [User: Guest | ID: NA] GET /show-product - ::1
2025-07-23 15:45:53 [INFO]: [User: Guest | ID: NA] GET /show-product - ::1
2025-07-23 16:03:44 [INFO]: [User: Guest | ID: NA] GET /show-product - ::1
2025-07-23 16:04:16 [INFO]: [User: Guest | ID: NA] GET /show-product - ::1
2025-07-23 16:21:39 [INFO]: [User: Guest | ID: NA] GET /show-product - ::1
2025-07-23 16:21:39 [INFO]: [User: Guest | ID: NA] GET /show-product - ::1
2025-07-23 16:21:48 [INFO]: [User: Guest | ID: NA] GET /show-product - ::1
2025-07-23 16:21:48 [INFO]: [User: Guest | ID: NA] GET /show-product - ::1
2025-07-23 16:23:28 [INFO]: [User: Guest | ID: NA] GET /show-product - ::1
2025-07-23 16:42:46 [INFO]: [User: Guest | ID: NA] GET /show-product - ::1
2025-07-23 16:42:46 [INFO]: [User: Guest | ID: NA] GET /show-product - ::1
2025-07-23 16:52:46 [INFO]: [User: Guest | ID: NA] POST /create-product - ::1
2025-07-23 16:52:51 [INFO]: [User: Guest | ID: NA] GET /show-product - ::1
2025-07-23 16:55:00 [INFO]: [User: Guest | ID: NA] POST /update-product - ::1
2025-07-23 16:55:03 [INFO]: [User: Guest | ID: NA] GET /show-product - ::1
2025-07-23 16:55:25 [INFO]: [User: Guest | ID: NA] GET /show-product - ::1
2025-07-23 16:56:58 [INFO]: [User: Guest | ID: NA] GET /delete-role/13 - ::1
2025-07-23 16:57:05 [INFO]: [User: Guest | ID: NA] DELETE /delete-role/13 - ::1
2025-07-23 16:57:15 [INFO]: [User: Guest | ID: NA] DELETE /delete-role/:13 - ::1
2025-07-23 16:58:38 [INFO]: [User: Guest | ID: NA] DELETE /delete-product/13 - ::1
2025-07-23 16:58:43 [INFO]: [User: Guest | ID: NA] GET /show-product - ::1
2025-07-23 16:59:56 [INFO]: [User: Guest | ID: NA] DELETE /delete-allproduct - ::1
2025-07-23 16:59:59 [INFO]: [User: Guest | ID: NA] GET /show-product - ::1
2025-07-23 17:00:17 [INFO]: [User: Guest | ID: NA] GET /show-product - ::1
2025-07-23 17:00:25 [INFO]: [User: Guest | ID: NA] GET /show-product - ::1
2025-07-23 17:01:31 [INFO]: [User: Guest | ID: NA] GET /show-product - ::1
2025-07-23 17:04:02 [INFO]: [User: Guest | ID: NA] DELETE /delete-product/13 - ::1
2025-07-23 17:07:19 [INFO]: [User: Guest | ID: NA] GET /show-product - ::1
2025-07-23 17:27:59 [INFO]: [User: Guest | ID: NA] POST /create-product-category - ::1
2025-07-23 17:28:25 [INFO]: [User: Guest | ID: NA] POST /update-user - ::1
2025-07-23 17:28:46 [INFO]: [User: Guest | ID: NA] POST /update-product-category - ::1
2025-07-23 17:29:21 [INFO]: [User: Guest | ID: NA] DELETE /delete-category/14 - ::1
2025-07-23 17:29:41 [INFO]: [User: Guest | ID: NA] DELETE /deledelete-allcategory - ::1
2025-07-23 17:29:49 [INFO]: [User: Guest | ID: NA] DELETE /delete-allcategory - ::1
2025-07-23 17:30:49 [INFO]: [User: Guest | ID: NA] POST /create-product-category - ::1
2025-07-23 17:31:20 [INFO]: [User: Guest | ID: NA] POST /create-product-category - ::1
2025-07-23 17:31:25 [INFO]: [User: Guest | ID: NA] POST /create-product-category - ::1
2025-07-23 17:32:05 [INFO]: [User: Guest | ID: NA] POST /create-product-category - ::1
2025-07-23 17:32:26 [INFO]: [User: Guest | ID: NA] POST /create-product-category - ::1
2025-07-23 17:33:13 [INFO]: [User: Guest | ID: NA] POST /create-product-category - ::1
2025-07-23 17:33:39 [INFO]: [User: Guest | ID: NA] POST /create-product-category - ::1
2025-07-23 17:33:51 [INFO]: [User: Guest | ID: NA] POST /create-product-category - ::1
2025-07-23 17:34:04 [INFO]: [User: Guest | ID: NA] POST /create-product-category - ::1
2025-07-23 17:37:41 [INFO]: [User: Guest | ID: NA] GET /show-product - ::1
2025-07-23 17:37:41 [INFO]: [User: Guest | ID: NA] GET /show-product - ::1
