2025-07-24 14:35:48 [INFO]: Deleted old log file: 17072025-api.log
2025-07-24 14:36:07 [INFO]: [User: Guest | ID: NA] GET /show-users - ::1
2025-07-24 14:36:22 [INFO]: [User: Guest | ID: NA] GET /show-product - ::1
2025-07-24 14:36:23 [INFO]: [User: Guest | ID: NA] GET /show-product - ::1
2025-07-24 14:38:38 [INFO]: [User: Guest | ID: NA] GET /show-product - ::1
2025-07-24 14:38:38 [INFO]: [User: Guest | ID: NA] GET /show-product - ::1
2025-07-24 14:38:39 [INFO]: [User: Guest | ID: NA] GET /show-product - ::1
2025-07-24 14:38:39 [INFO]: [User: Guest | ID: NA] GET /show-product - ::1
2025-07-24 14:38:49 [INFO]: [User: Guest | ID: NA] GET /show-product - ::1
2025-07-24 14:38:49 [INFO]: [User: Guest | ID: NA] GET /show-product - ::1
2025-07-24 14:38:51 [INFO]: [User: Guest | ID: NA] GET /show-product - ::1
2025-07-24 14:38:51 [INFO]: [User: Guest | ID: NA] GET /show-product - ::1
2025-07-24 14:39:38 [INFO]: [User: Guest | ID: NA] GET /show-users - ::1
2025-07-24 14:39:38 [INFO]: [User: Guest | ID: NA] GET /show-users - ::1
2025-07-24 14:39:38 [INFO]: [User: Guest | ID: NA] GET /show-ticket - ::1
2025-07-24 14:39:38 [INFO]: [User: Guest | ID: NA] GET /show-ticket - ::1
2025-07-24 14:39:40 [INFO]: [User: Guest | ID: NA] GET /show-users - ::1
2025-07-24 14:45:58 [INFO]: [User: Guest | ID: NA] GET /show-users - ::1
2025-07-24 14:45:58 [INFO]: [User: Guest | ID: NA] GET /show-ticket - ::1
2025-07-24 14:46:02 [INFO]: [User: Guest | ID: NA] GET /show-users - ::1
2025-07-24 14:47:58 [INFO]: [User: Guest | ID: NA] GET /show-users - ::1
2025-07-24 14:48:00 [INFO]: [User: Guest | ID: NA] GET /show-users - ::1
2025-07-24 14:48:00 [INFO]: [User: Guest | ID: NA] GET /show-users - ::1
2025-07-24 14:48:00 [INFO]: [User: Guest | ID: NA] GET /show-ticket - ::1
2025-07-24 14:48:00 [INFO]: [User: Guest | ID: NA] GET /show-ticket - ::1
2025-07-24 14:48:07 [INFO]: [User: Guest | ID: NA] GET /show-ticket - ::1
2025-07-24 14:48:07 [INFO]: [User: Guest | ID: NA] GET /show-ticket - ::1
2025-07-24 14:48:13 [INFO]: [User: Guest | ID: NA] GET /show-role - ::1
2025-07-24 14:48:13 [INFO]: [User: Guest | ID: NA] GET /show-role - ::1
2025-07-24 14:53:41 [INFO]: [User: Guest | ID: NA] GET /show-users - ::1
2025-07-24 14:54:46 [INFO]: [User: Guest | ID: NA] GET /show-role - ::1
2025-07-24 14:54:46 [INFO]: [User: Guest | ID: NA] GET /show-role - ::1
2025-07-24 14:54:49 [INFO]: [User: Guest | ID: NA] GET /show-users - ::1
2025-07-24 14:55:11 [INFO]: [User: Guest | ID: NA] GET /show-product - ::1
2025-07-24 14:55:11 [INFO]: [User: Guest | ID: NA] GET /show-product - ::1
2025-07-24 14:55:50 [INFO]: [User: Guest | ID: NA] GET /show-ticket - ::1
2025-07-24 14:55:50 [INFO]: [User: Guest | ID: NA] GET /show-ticket - ::1
2025-07-24 14:58:37 [INFO]: [User: Guest | ID: NA] GET /show-users - ::1
2025-07-24 14:58:37 [INFO]: [User: Guest | ID: NA] GET /show-users - ::1
2025-07-24 14:58:37 [INFO]: [User: Guest | ID: NA] GET /show-ticket - ::1
2025-07-24 14:58:37 [INFO]: [User: Guest | ID: NA] GET /show-ticket - ::1
2025-07-24 14:58:40 [INFO]: [User: Guest | ID: NA] GET /show-users - ::1
2025-07-24 14:58:40 [INFO]: [User: Guest | ID: NA] GET /show-ticket - ::1
2025-07-24 14:58:55 [INFO]: [User: Guest | ID: NA] GET /show-users - ::1
2025-07-24 14:58:55 [INFO]: [User: Guest | ID: NA] GET /show-ticket - ::1
2025-07-24 15:00:26 [INFO]: [User: Guest | ID: NA] GET /show-users - ::1
2025-07-24 15:00:26 [INFO]: [User: Guest | ID: NA] GET /show-ticket - ::1
2025-07-24 15:04:52 [INFO]: [User: Guest | ID: NA] GET /show-users - ::1
2025-07-24 15:04:52 [INFO]: [User: Guest | ID: NA] GET /show-ticket - ::1
2025-07-24 15:04:54 [INFO]: [User: Guest | ID: NA] GET /show-users - ::1
2025-07-24 15:04:56 [INFO]: [User: Guest | ID: NA] GET /show-users - ::1
2025-07-24 15:04:56 [INFO]: [User: Guest | ID: NA] GET /show-users - ::1
2025-07-24 15:04:56 [INFO]: [User: Guest | ID: NA] GET /show-ticket - ::1
2025-07-24 15:04:56 [INFO]: [User: Guest | ID: NA] GET /show-ticket - ::1
2025-07-24 15:05:01 [INFO]: [User: Guest | ID: NA] GET /show-users - ::1
2025-07-24 15:05:02 [INFO]: [User: Guest | ID: NA] GET /show-users - ::1
2025-07-24 15:05:02 [INFO]: [User: Guest | ID: NA] GET /show-users - ::1
2025-07-24 15:05:02 [INFO]: [User: Guest | ID: NA] GET /show-ticket - ::1
2025-07-24 15:05:02 [INFO]: [User: Guest | ID: NA] GET /show-ticket - ::1
2025-07-24 15:05:07 [INFO]: [User: Guest | ID: NA] GET /show-product - ::1
2025-07-24 15:05:07 [INFO]: [User: Guest | ID: NA] GET /show-product - ::1
2025-07-24 15:05:10 [INFO]: [User: Guest | ID: NA] GET /show-users - ::1
2025-07-24 15:05:10 [INFO]: [User: Guest | ID: NA] GET /show-users - ::1
2025-07-24 15:05:10 [INFO]: [User: Guest | ID: NA] GET /show-ticket - ::1
2025-07-24 15:05:10 [INFO]: [User: Guest | ID: NA] GET /show-ticket - ::1
2025-07-24 15:05:33 [INFO]: [User: Guest | ID: NA] GET /show-users - ::1
2025-07-24 15:05:33 [INFO]: [User: Guest | ID: NA] GET /show-users - ::1
2025-07-24 15:05:33 [INFO]: [User: Guest | ID: NA] GET /show-ticket - ::1
2025-07-24 15:05:33 [INFO]: [User: Guest | ID: NA] GET /show-ticket - ::1
2025-07-24 15:05:35 [INFO]: [User: Guest | ID: NA] GET /show-users - ::1
2025-07-24 15:05:35 [INFO]: [User: Guest | ID: NA] GET /show-ticket - ::1
2025-07-24 15:05:38 [INFO]: [User: Guest | ID: NA] GET /show-users - ::1
2025-07-24 15:05:40 [INFO]: [User: Guest | ID: NA] GET /show-users - ::1
2025-07-24 15:05:40 [INFO]: [User: Guest | ID: NA] GET /show-users - ::1
2025-07-24 15:05:40 [INFO]: [User: Guest | ID: NA] GET /show-ticket - ::1
2025-07-24 15:05:40 [INFO]: [User: Guest | ID: NA] GET /show-ticket - ::1
2025-07-24 15:07:18 [INFO]: [User: Guest | ID: NA] GET /show-users - ::1
2025-07-24 15:07:18 [INFO]: [User: Guest | ID: NA] GET /show-ticket - ::1
2025-07-24 15:07:23 [INFO]: [User: Guest | ID: NA] GET /show-users - ::1
2025-07-24 15:07:23 [INFO]: [User: Guest | ID: NA] GET /show-users - ::1
2025-07-24 15:07:23 [INFO]: [User: Guest | ID: NA] GET /show-ticket - ::1
2025-07-24 15:07:23 [INFO]: [User: Guest | ID: NA] GET /show-ticket - ::1
2025-07-24 15:07:51 [INFO]: [User: Guest | ID: NA] GET /show-users - ::1
2025-07-24 15:07:51 [INFO]: [User: Guest | ID: NA] GET /show-users - ::1
2025-07-24 15:07:51 [INFO]: [User: Guest | ID: NA] GET /show-ticket - ::1
2025-07-24 15:07:51 [INFO]: [User: Guest | ID: NA] GET /show-ticket - ::1
2025-07-24 15:23:40 [INFO]: [User: Guest | ID: NA] GET /show-users - ::1
2025-07-24 15:23:40 [INFO]: [User: Guest | ID: NA] GET /show-ticket - ::1
2025-07-24 15:28:05 [INFO]: [User: Guest | ID: NA] GET /show-users - ::1
2025-07-24 15:28:17 [INFO]: [User: Guest | ID: NA] GET /show-users - ::1
2025-07-24 15:28:39 [INFO]: [User: Guest | ID: NA] GET /show-users - ::1
2025-07-24 15:28:39 [INFO]: [User: Guest | ID: NA] GET /show-users - ::1
2025-07-24 15:28:39 [INFO]: [User: Guest | ID: NA] GET /show-ticket - ::1
2025-07-24 15:28:39 [INFO]: [User: Guest | ID: NA] GET /show-ticket - ::1
2025-07-24 15:28:44 [INFO]: [User: Guest | ID: NA] GET /show-users - ::1
2025-07-24 15:28:57 [INFO]: [User: Guest | ID: NA] GET /show-role - ::1
2025-07-24 15:28:57 [INFO]: [User: Guest | ID: NA] GET /show-role - ::1
2025-07-24 15:29:49 [INFO]: [User: Guest | ID: NA] GET /show-role - ::1
2025-07-24 15:29:49 [INFO]: [User: Guest | ID: NA] GET /show-role - ::1
2025-07-24 15:30:01 [INFO]: [User: Guest | ID: NA] GET /show-product - ::1
2025-07-24 15:30:01 [INFO]: [User: Guest | ID: NA] GET /show-product - ::1
2025-07-24 15:30:17 [INFO]: [User: Guest | ID: NA] GET /show-product - ::1
2025-07-24 15:30:17 [INFO]: [User: Guest | ID: NA] GET /show-product - ::1
2025-07-24 15:30:34 [INFO]: [User: Guest | ID: NA] GET /show-ticket - ::1
2025-07-24 15:30:34 [INFO]: [User: Guest | ID: NA] GET /show-ticket - ::1
2025-07-24 15:30:40 [INFO]: [User: Guest | ID: NA] GET /show-role - ::1
2025-07-24 15:30:40 [INFO]: [User: Guest | ID: NA] GET /show-role - ::1
2025-07-24 15:30:50 [INFO]: [User: Guest | ID: NA] GET /show-users - ::1
2025-07-24 15:30:50 [INFO]: [User: Guest | ID: NA] GET /show-users - ::1
2025-07-24 15:30:50 [INFO]: [User: Guest | ID: NA] GET /show-ticket - ::1
2025-07-24 15:30:50 [INFO]: [User: Guest | ID: NA] GET /show-ticket - ::1
2025-07-24 15:30:51 [INFO]: [User: Guest | ID: NA] GET /show-users - ::1
2025-07-24 15:30:52 [INFO]: [User: Guest | ID: NA] GET /show-role - ::1
2025-07-24 15:30:52 [INFO]: [User: Guest | ID: NA] GET /show-role - ::1
2025-07-24 15:31:43 [INFO]: [User: Guest | ID: NA] GET /show-product - ::1
2025-07-24 15:31:43 [INFO]: [User: Guest | ID: NA] GET /show-product - ::1
2025-07-24 15:38:20 [INFO]: [User: Guest | ID: NA] GET /show-product - ::1
2025-07-24 15:42:37 [INFO]: [User: Guest | ID: NA] GET /show-product - ::1
2025-07-24 15:42:37 [INFO]: [User: Guest | ID: NA] GET /show-product - ::1
2025-07-24 15:42:55 [INFO]: [User: Guest | ID: NA] GET /show-role - ::1
2025-07-24 15:42:55 [INFO]: [User: Guest | ID: NA] GET /show-role - ::1
2025-07-24 15:43:31 [INFO]: [User: Guest | ID: NA] GET /show-role - ::1
2025-07-24 15:43:31 [INFO]: [User: Guest | ID: NA] GET /show-role - ::1
2025-07-24 15:43:36 [INFO]: [User: Guest | ID: NA] GET /show-users - ::1
2025-07-24 15:43:49 [INFO]: [User: Guest | ID: NA] GET /show-product - ::1
2025-07-24 15:43:49 [INFO]: [User: Guest | ID: NA] GET /show-product - ::1
2025-07-24 15:46:20 [INFO]: [User: Guest | ID: NA] GET /show-product - ::1
2025-07-24 15:46:46 [INFO]: [User: Guest | ID: NA] GET /show-product - ::1
2025-07-24 15:48:30 [INFO]: [User: Guest | ID: NA] GET /show-product - ::1
2025-07-24 15:49:28 [INFO]: [User: Guest | ID: NA] GET /show-product - ::1
2025-07-24 15:50:40 [INFO]: [User: Guest | ID: NA] GET /show-product - ::1
2025-07-24 15:51:58 [INFO]: [User: Guest | ID: NA] GET /show-users - ::1
2025-07-24 15:51:59 [INFO]: [User: Guest | ID: NA] GET /show-product - ::1
2025-07-24 15:51:59 [INFO]: [User: Guest | ID: NA] GET /show-product - ::1
2025-07-24 15:56:05 [INFO]: [User: Guest | ID: NA] GET /show-product - ::1
2025-07-24 15:58:43 [INFO]: [User: Guest | ID: NA] GET /show-product - ::1
2025-07-24 15:58:57 [INFO]: [User: Guest | ID: NA] GET /show-product - ::1
2025-07-24 15:58:57 [INFO]: [User: Guest | ID: NA] GET /show-product - ::1
2025-07-24 16:29:08 [INFO]: [User: Guest | ID: NA] GET /show-product - ::1
2025-07-24 16:29:08 [INFO]: [User: Guest | ID: NA] GET /show-product - ::1
2025-07-24 16:29:21 [INFO]: [User: Guest | ID: NA] GET /show-product - ::1
2025-07-24 16:29:21 [INFO]: [User: Guest | ID: NA] GET /show-product - ::1
2025-07-24 16:32:50 [INFO]: [User: Guest | ID: NA] GET /show-users - ::1
2025-07-24 16:33:42 [INFO]: [User: Guest | ID: NA] GET /show-users - ::1
2025-07-24 16:35:56 [INFO]: [User: Guest | ID: NA] GET /show-users - ::1
2025-07-24 16:36:40 [INFO]: [User: Guest | ID: NA] GET /show-users - ::1
2025-07-24 16:36:46 [INFO]: [User: Guest | ID: NA] GET /show-users - ::1
2025-07-24 16:36:52 [INFO]: [User: Guest | ID: NA] GET /show-users - ::1
2025-07-24 16:37:02 [INFO]: [User: Guest | ID: NA] GET /show-users - ::1
2025-07-24 16:37:41 [INFO]: [User: Guest | ID: NA] GET /show-product - ::1
2025-07-24 16:37:41 [INFO]: [User: Guest | ID: NA] GET /show-product - ::1
2025-07-24 16:37:42 [INFO]: [User: Guest | ID: NA] GET /show-ticket - ::1
2025-07-24 16:37:42 [INFO]: [User: Guest | ID: NA] GET /show-ticket - ::1
2025-07-24 16:39:35 [INFO]: [User: Guest | ID: NA] GET /show-ticket - ::1
2025-07-24 16:39:40 [INFO]: [User: Guest | ID: NA] GET /show-ticket - ::1
2025-07-24 16:39:40 [INFO]: [User: Guest | ID: NA] GET /show-ticket - ::1
2025-07-24 16:40:07 [INFO]: [User: Guest | ID: NA] GET /show-ticket - ::1
2025-07-24 16:40:46 [INFO]: [User: Guest | ID: NA] GET /show-ticket - ::1
2025-07-24 16:40:52 [INFO]: [User: Guest | ID: NA] GET /show-ticket - ::1
2025-07-24 16:40:58 [INFO]: [User: Guest | ID: NA] GET /show-ticket - ::1
2025-07-24 16:41:01 [INFO]: [User: Guest | ID: NA] GET /show-ticket - ::1
2025-07-24 16:41:34 [INFO]: [User: Guest | ID: NA] GET /show-ticket - ::1
2025-07-24 16:41:43 [INFO]: [User: Guest | ID: NA] GET /show-ticket - ::1
2025-07-24 16:41:43 [INFO]: [User: Guest | ID: NA] GET /show-ticket - ::1
2025-07-24 16:42:15 [INFO]: [User: Guest | ID: NA] GET /show-ticket - ::1
2025-07-24 16:42:15 [INFO]: [User: Guest | ID: NA] GET /show-ticket - ::1
2025-07-24 16:42:19 [INFO]: [User: Guest | ID: NA] GET /show-ticket - ::1
2025-07-24 16:42:19 [INFO]: [User: Guest | ID: NA] GET /show-ticket - ::1
2025-07-24 16:42:22 [INFO]: [User: Guest | ID: NA] GET /show-ticket - ::1
2025-07-24 16:42:22 [INFO]: [User: Guest | ID: NA] GET /show-ticket - ::1
2025-07-24 16:43:21 [INFO]: [User: Guest | ID: NA] GET /show-ticket - ::1
2025-07-24 16:43:21 [INFO]: [User: Guest | ID: NA] GET /show-ticket - ::1
2025-07-24 16:43:25 [INFO]: [User: Guest | ID: NA] GET /show-ticket - ::1
2025-07-24 16:43:25 [INFO]: [User: Guest | ID: NA] GET /show-ticket - ::1
2025-07-24 16:45:36 [INFO]: [User: Guest | ID: NA] GET /show-ticket - ::1
2025-07-24 16:45:36 [INFO]: [User: Guest | ID: NA] GET /show-ticket - ::1
2025-07-24 16:47:18 [INFO]: [User: Guest | ID: NA] GET /show-ticket - ::1
2025-07-24 16:47:18 [INFO]: [User: Guest | ID: NA] GET /show-ticket - ::1
2025-07-24 16:48:24 [INFO]: [User: Guest | ID: NA] GET /show-users - ::1
2025-07-24 16:48:24 [INFO]: [User: Guest | ID: NA] GET /show-ticket - ::1
2025-07-24 16:48:28 [INFO]: [User: Guest | ID: NA] GET /show-product - ::1
2025-07-24 16:48:28 [INFO]: [User: Guest | ID: NA] GET /show-product - ::1
2025-07-24 16:48:32 [INFO]: [User: Guest | ID: NA] GET /show-ticket - ::1
2025-07-24 16:48:32 [INFO]: [User: Guest | ID: NA] GET /show-ticket - ::1
2025-07-24 16:48:35 [INFO]: [User: Guest | ID: NA] GET /show-users - ::1
2025-07-24 16:48:36 [INFO]: [User: Guest | ID: NA] GET /show-product - ::1
2025-07-24 16:48:36 [INFO]: [User: Guest | ID: NA] GET /show-product - ::1
2025-07-24 16:48:50 [INFO]: [User: Guest | ID: NA] GET /show-ticket - ::1
2025-07-24 16:48:50 [INFO]: [User: Guest | ID: NA] GET /show-ticket - ::1
2025-07-24 16:49:11 [INFO]: [User: Guest | ID: NA] GET /show-ticket - ::1
2025-07-24 16:49:11 [INFO]: [User: Guest | ID: NA] GET /show-ticket - ::1
2025-07-24 16:51:00 [INFO]: [User: Guest | ID: NA] GET /show-ticket - ::1
2025-07-24 16:51:26 [INFO]: [User: Guest | ID: NA] GET /show-product - ::1
2025-07-24 16:51:26 [INFO]: [User: Guest | ID: NA] GET /show-product - ::1
2025-07-24 16:51:27 [INFO]: [User: Guest | ID: NA] GET /show-ticket - ::1
2025-07-24 16:51:27 [INFO]: [User: Guest | ID: NA] GET /show-ticket - ::1
2025-07-24 16:51:29 [INFO]: [User: Guest | ID: NA] GET /show-users - ::1
2025-07-24 16:51:30 [INFO]: [User: Guest | ID: NA] GET /show-product - ::1
2025-07-24 16:51:30 [INFO]: [User: Guest | ID: NA] GET /show-product - ::1
2025-07-24 16:51:35 [INFO]: [User: Guest | ID: NA] GET /show-ticket - ::1
2025-07-24 16:51:35 [INFO]: [User: Guest | ID: NA] GET /show-ticket - ::1
2025-07-24 16:51:39 [INFO]: [User: Guest | ID: NA] GET /show-product - ::1
2025-07-24 16:51:39 [INFO]: [User: Guest | ID: NA] GET /show-product - ::1
2025-07-24 16:53:12 [INFO]: [User: Guest | ID: NA] GET /show-product - ::1
2025-07-24 16:53:25 [INFO]: [User: Guest | ID: NA] GET /show-product - ::1
2025-07-24 16:56:21 [INFO]: [User: Guest | ID: NA] GET /show-product - ::1
2025-07-24 16:56:21 [INFO]: [User: Guest | ID: NA] GET /show-product - ::1
2025-07-24 16:56:33 [INFO]: [User: Guest | ID: NA] GET /show-product - ::1
2025-07-24 16:56:33 [INFO]: [User: Guest | ID: NA] GET /show-product - ::1
2025-07-24 16:56:36 [INFO]: [User: Guest | ID: NA] GET /show-product - ::1
2025-07-24 16:56:36 [INFO]: [User: Guest | ID: NA] GET /show-product - ::1
2025-07-24 16:57:01 [INFO]: [User: Guest | ID: NA] GET /show-product - ::1
2025-07-24 16:57:04 [INFO]: [User: Guest | ID: NA] GET /show-product - ::1
2025-07-24 16:57:04 [INFO]: [User: Guest | ID: NA] GET /show-product - ::1
2025-07-24 16:59:30 [INFO]: [User: Guest | ID: NA] GET /show-product - ::1
2025-07-24 16:59:30 [INFO]: [User: Guest | ID: NA] GET /show-product - ::1
2025-07-24 17:12:05 [INFO]: [User: Guest | ID: NA] GET /show-product - ::1
2025-07-24 17:12:28 [INFO]: [User: Guest | ID: NA] GET /show-product - ::1
2025-07-24 17:12:28 [INFO]: [User: Guest | ID: NA] GET /show-product - ::1
2025-07-24 17:12:36 [INFO]: [User: Guest | ID: NA] POST /update-product - ::1
2025-07-24 17:12:37 [INFO]: [User: Guest | ID: NA] GET /show-product - ::1
2025-07-24 17:12:37 [INFO]: [User: Guest | ID: NA] GET /show-product - ::1
2025-07-24 17:12:43 [INFO]: [User: Guest | ID: NA] POST /update-product - ::1
2025-07-24 17:12:44 [INFO]: [User: Guest | ID: NA] GET /show-product - ::1
2025-07-24 17:12:44 [INFO]: [User: Guest | ID: NA] GET /show-product - ::1
2025-07-24 17:13:22 [INFO]: [User: Guest | ID: NA] POST /update-product - ::1
2025-07-24 17:13:22 [INFO]: [User: Guest | ID: NA] GET /show-product - ::1
2025-07-24 17:13:22 [INFO]: [User: Guest | ID: NA] GET /show-product - ::1
2025-07-24 17:13:45 [INFO]: [User: Guest | ID: NA] POST /update-product - ::1
2025-07-24 17:13:45 [INFO]: [User: Guest | ID: NA] GET /show-product - ::1
2025-07-24 17:13:45 [INFO]: [User: Guest | ID: NA] GET /show-product - ::1
2025-07-24 17:14:03 [INFO]: [User: Guest | ID: NA] POST /update-product - ::1
2025-07-24 17:14:03 [INFO]: [User: Guest | ID: NA] GET /show-product - ::1
2025-07-24 17:14:03 [INFO]: [User: Guest | ID: NA] GET /show-product - ::1
2025-07-24 17:14:21 [INFO]: [User: Guest | ID: NA] POST /update-product - ::1
2025-07-24 17:14:21 [INFO]: [User: Guest | ID: NA] GET /show-product - ::1
2025-07-24 17:14:21 [INFO]: [User: Guest | ID: NA] GET /show-product - ::1
2025-07-24 17:14:34 [INFO]: [User: Guest | ID: NA] POST /update-product - ::1
2025-07-24 17:14:34 [INFO]: [User: Guest | ID: NA] GET /show-product - ::1
2025-07-24 17:14:34 [INFO]: [User: Guest | ID: NA] GET /show-product - ::1
2025-07-24 17:14:49 [INFO]: [User: Guest | ID: NA] POST /update-product - ::1
2025-07-24 17:14:49 [INFO]: [User: Guest | ID: NA] GET /show-product - ::1
2025-07-24 17:14:49 [INFO]: [User: Guest | ID: NA] GET /show-product - ::1
2025-07-24 17:15:06 [INFO]: [User: Guest | ID: NA] POST /update-product - ::1
2025-07-24 17:15:06 [INFO]: [User: Guest | ID: NA] GET /show-product - ::1
2025-07-24 17:15:06 [INFO]: [User: Guest | ID: NA] GET /show-product - ::1
2025-07-24 17:15:25 [INFO]: [User: Guest | ID: NA] POST /update-product - ::1
2025-07-24 17:15:25 [INFO]: [User: Guest | ID: NA] GET /show-product - ::1
2025-07-24 17:15:25 [INFO]: [User: Guest | ID: NA] GET /show-product - ::1
2025-07-24 17:15:53 [INFO]: [User: Guest | ID: NA] POST /update-product - ::1
2025-07-24 17:15:53 [INFO]: [User: Guest | ID: NA] GET /show-product - ::1
2025-07-24 17:15:53 [INFO]: [User: Guest | ID: NA] GET /show-product - ::1
2025-07-24 17:16:11 [INFO]: [User: Guest | ID: NA] POST /update-product - ::1
2025-07-24 17:16:11 [INFO]: [User: Guest | ID: NA] GET /show-product - ::1
2025-07-24 17:16:11 [INFO]: [User: Guest | ID: NA] GET /show-product - ::1
2025-07-24 17:16:32 [INFO]: [User: Guest | ID: NA] POST /update-product - ::1
2025-07-24 17:16:32 [INFO]: [User: Guest | ID: NA] GET /show-product - ::1
2025-07-24 17:16:32 [INFO]: [User: Guest | ID: NA] GET /show-product - ::1
2025-07-24 17:16:47 [INFO]: [User: Guest | ID: NA] POST /update-product - ::1
2025-07-24 17:16:47 [INFO]: [User: Guest | ID: NA] GET /show-product - ::1
2025-07-24 17:16:47 [INFO]: [User: Guest | ID: NA] GET /show-product - ::1
2025-07-24 17:21:45 [INFO]: [User: Guest | ID: NA] GET /show-product - ::1
2025-07-24 17:21:48 [INFO]: [User: Guest | ID: NA] DELETE /delete-product/17 - ::1
2025-07-24 17:21:48 [INFO]: [User: Guest | ID: NA] GET /show-product - ::1
2025-07-24 17:23:42 [INFO]: [User: Guest | ID: NA] GET /show-product - ::1
2025-07-24 17:23:42 [INFO]: [User: Guest | ID: NA] GET /show-product - ::1
2025-07-24 17:23:51 [INFO]: [User: Guest | ID: NA] GET /show-product - ::1
2025-07-24 17:23:51 [INFO]: [User: Guest | ID: NA] GET /show-product - ::1
2025-07-24 17:24:29 [INFO]: [User: Guest | ID: NA] GET /show-product - ::1
2025-07-24 17:24:29 [INFO]: [User: Guest | ID: NA] GET /show-product - ::1
2025-07-24 17:25:33 [INFO]: [User: Guest | ID: NA] POST /update-product - ::1
2025-07-24 17:25:36 [INFO]: [User: Guest | ID: NA] POST /update-product - ::1
2025-07-24 17:29:34 [INFO]: [User: Guest | ID: NA] GET /show-users - ::1
2025-07-24 17:29:34 [INFO]: [User: Guest | ID: NA] GET /show-users - ::1
2025-07-24 17:29:34 [INFO]: [User: Guest | ID: NA] GET /show-ticket - ::1
2025-07-24 17:29:34 [INFO]: [User: Guest | ID: NA] GET /show-ticket - ::1
2025-07-24 17:29:35 [INFO]: [User: Guest | ID: NA] GET /show-product - ::1
2025-07-24 17:29:35 [INFO]: [User: Guest | ID: NA] GET /show-product - ::1
2025-07-24 17:30:03 [INFO]: [User: Guest | ID: NA] POST /create-product - ::1
2025-07-24 17:30:04 [INFO]: [User: Guest | ID: NA] GET /show-product - ::1
2025-07-24 17:30:04 [INFO]: [User: Guest | ID: NA] GET /show-product - ::1
2025-07-24 17:30:12 [INFO]: [User: Guest | ID: NA] POST /update-product - ::1
2025-07-24 17:30:13 [INFO]: [User: Guest | ID: NA] GET /show-product - ::1
2025-07-24 17:30:13 [INFO]: [User: Guest | ID: NA] GET /show-product - ::1
2025-07-24 17:32:00 [INFO]: [User: Guest | ID: NA] GET /show-product - ::1
2025-07-24 17:32:02 [INFO]: [User: Guest | ID: NA] GET /show-product - ::1
2025-07-24 17:32:05 [INFO]: [User: Guest | ID: NA] GET /show-product - ::1
2025-07-24 17:33:11 [INFO]: [User: Guest | ID: NA] GET /show-users - ::1
2025-07-24 17:33:13 [INFO]: [User: Guest | ID: NA] GET /show-product - ::1
2025-07-24 17:33:13 [INFO]: [User: Guest | ID: NA] GET /show-product - ::1
2025-07-24 17:33:21 [INFO]: [User: Guest | ID: NA] GET /show-users - ::1
2025-07-24 17:33:48 [INFO]: [User: Guest | ID: NA] GET /show-ticket - ::1
2025-07-24 17:33:48 [INFO]: [User: Guest | ID: NA] GET /show-ticket - ::1
2025-07-24 17:36:02 [INFO]: [User: Guest | ID: NA] GET /show-product - ::1
2025-07-24 17:36:02 [INFO]: [User: Guest | ID: NA] GET /show-product - ::1
2025-07-24 17:36:13 [INFO]: [User: Guest | ID: NA] GET /show-product - ::1
2025-07-24 17:36:23 [INFO]: [User: Guest | ID: NA] GET /show-product - ::1
2025-07-24 17:36:51 [INFO]: [User: Guest | ID: NA] GET /show-ticket - ::1
2025-07-24 17:36:51 [INFO]: [User: Guest | ID: NA] GET /show-ticket - ::1
2025-07-24 17:37:15 [INFO]: [User: Guest | ID: NA] GET /show-product - ::1
2025-07-24 17:37:15 [INFO]: [User: Guest | ID: NA] GET /show-product - ::1
2025-07-24 17:38:12 [INFO]: [User: Guest | ID: NA] GET /show-product - ::1
2025-07-24 17:38:26 [INFO]: [User: Guest | ID: NA] GET /show-product - ::1
2025-07-24 17:38:55 [INFO]: [User: Guest | ID: NA] GET /show-product - ::1
2025-07-24 17:38:55 [INFO]: [User: Guest | ID: NA] GET /show-product - ::1
