2025-07-25 10:09:42 [INFO]: Deleted old log file: 18072025-api.log
2025-07-25 10:10:12 [INFO]: [User: Guest | ID: NA] GET /show-users - ::1
2025-07-25 10:10:12 [INFO]: [User: Guest | ID: NA] GET /show-ticket - ::1
2025-07-25 10:15:02 [INFO]: [User: Guest | ID: NA] GET /show-users - ::1
2025-07-25 11:09:52 [INFO]: [User: Guest | ID: NA] GET /show-users - ::1
2025-07-25 11:10:28 [INFO]: [User: Guest | ID: NA] POST /login - ::1
2025-07-25 11:10:33 [INFO]: [User: Guest | ID: NA] POST /login - ::1
2025-07-25 11:10:38 [INFO]: [User: Guest | ID: NA] GET /show-users - ::1
2025-07-25 11:10:44 [INFO]: [User: Guest | ID: NA] GET /show-users - ::1
2025-07-25 11:11:00 [INFO]: [User: Guest | ID: NA] POST /update-user - ::1
2025-07-25 11:11:01 [INFO]: [User: Guest | ID: NA] GET /show-users - ::1
2025-07-25 11:11:11 [INFO]: [User: Guest | ID: NA] POST /login - ::1
2025-07-25 11:11:12 [INFO]: [User: Guest | ID: NA] GET /show-users - ::1
2025-07-25 11:11:12 [INFO]: [User: Guest | ID: NA] GET /show-users - ::1
2025-07-25 11:11:12 [INFO]: [User: Guest | ID: NA] GET /show-ticket - ::1
2025-07-25 11:11:12 [INFO]: [User: Guest | ID: NA] GET /show-ticket - ::1
2025-07-25 11:13:18 [INFO]: [User: Guest | ID: NA] GET /show-product - ::1
2025-07-25 11:13:18 [INFO]: [User: Guest | ID: NA] GET /show-product - ::1
2025-07-25 11:28:25 [INFO]: [User: Guest | ID: NA] GET /show-users - ::1
2025-07-25 11:32:49 [INFO]: [User: Guest | ID: NA] GET /show-users - ::1
2025-07-25 11:32:49 [INFO]: [User: Guest | ID: NA] GET /show-ticket - ::1
2025-07-25 11:32:53 [INFO]: [User: Guest | ID: NA] GET /show-ticket - ::1
2025-07-25 11:32:53 [INFO]: [User: Guest | ID: NA] GET /show-ticket - ::1
2025-07-25 11:32:54 [INFO]: [User: Guest | ID: NA] GET /show-product - ::1
2025-07-25 11:32:54 [INFO]: [User: Guest | ID: NA] GET /show-product - ::1
2025-07-25 11:32:56 [INFO]: [User: Guest | ID: NA] GET /show-ticket - ::1
2025-07-25 11:32:56 [INFO]: [User: Guest | ID: NA] GET /show-ticket - ::1
2025-07-25 11:33:02 [INFO]: [User: Guest | ID: NA] GET /show-product - ::1
2025-07-25 11:33:02 [INFO]: [User: Guest | ID: NA] GET /show-product - ::1
2025-07-25 11:33:09 [INFO]: [User: Guest | ID: NA] GET /show-ticket - ::1
2025-07-25 11:33:09 [INFO]: [User: Guest | ID: NA] GET /show-ticket - ::1
2025-07-25 11:33:12 [INFO]: [User: Guest | ID: NA] GET /show-users - ::1
2025-07-25 11:33:20 [INFO]: [User: Guest | ID: NA] GET /show-users - ::1
2025-07-25 11:34:00 [INFO]: [User: Guest | ID: NA] GET /show-users - ::1
2025-07-25 11:34:18 [INFO]: [User: Guest | ID: NA] GET /show-ticket - ::1
2025-07-25 11:34:18 [INFO]: [User: Guest | ID: NA] GET /show-ticket - ::1
2025-07-25 11:34:20 [INFO]: [User: Guest | ID: NA] GET /show-product - ::1
2025-07-25 11:34:20 [INFO]: [User: Guest | ID: NA] GET /show-product - ::1
2025-07-25 11:34:22 [INFO]: [User: Guest | ID: NA] GET /show-users - ::1
2025-07-25 11:52:25 [INFO]: [User: Guest | ID: NA] GET /show-product - ::1
2025-07-25 11:52:25 [INFO]: [User: Guest | ID: NA] GET /show-product - ::1
2025-07-25 12:00:41 [INFO]: [User: Guest | ID: NA] GET /show-product - ::1
2025-07-25 12:00:41 [INFO]: [User: Guest | ID: NA] GET /show-product - ::1
2025-07-25 12:31:02 [INFO]: [User: Guest | ID: NA] GET /show-product - ::1
2025-07-25 12:31:16 [INFO]: [User: Guest | ID: NA] GET /show-product - ::1
2025-07-25 12:36:55 [INFO]: [User: Guest | ID: NA] GET /show-product - ::1
2025-07-25 12:36:55 [INFO]: [User: Guest | ID: NA] GET /show-product - ::1
2025-07-25 12:37:01 [INFO]: [User: Guest | ID: NA] GET /show-product - ::1
2025-07-25 12:37:01 [INFO]: [User: Guest | ID: NA] GET /show-product - ::1
2025-07-25 12:37:17 [INFO]: [User: Guest | ID: NA] GET /show-users - ::1
2025-07-25 12:37:17 [INFO]: [User: Guest | ID: NA] GET /show-users - ::1
2025-07-25 12:37:17 [INFO]: [User: Guest | ID: NA] GET /show-ticket - ::1
2025-07-25 12:37:17 [INFO]: [User: Guest | ID: NA] GET /show-ticket - ::1
2025-07-25 12:37:18 [INFO]: [User: Guest | ID: NA] GET /show-product - ::1
2025-07-25 12:37:18 [INFO]: [User: Guest | ID: NA] GET /show-product - ::1
2025-07-25 12:38:38 [INFO]: [User: Guest | ID: NA] GET /show-product - ::1
2025-07-25 12:39:24 [INFO]: [User: Guest | ID: NA] GET /show-product - ::1
2025-07-25 12:39:24 [INFO]: [User: Guest | ID: NA] GET /show-product - ::1
2025-07-25 12:39:46 [INFO]: [User: Guest | ID: NA] GET /show-product - ::1
2025-07-25 12:39:46 [INFO]: [User: Guest | ID: NA] GET /show-product - ::1
2025-07-25 12:39:54 [INFO]: [User: Guest | ID: NA] GET /show-product - ::1
2025-07-25 12:39:54 [INFO]: [User: Guest | ID: NA] GET /show-product - ::1
2025-07-25 12:40:27 [INFO]: [User: Guest | ID: NA] GET /show-product - ::1
2025-07-25 12:40:27 [INFO]: [User: Guest | ID: NA] GET /show-product - ::1
2025-07-25 12:46:26 [INFO]: [User: Guest | ID: NA] GET / - ::1
2025-07-25 12:46:26 [INFO]: [User: Guest | ID: NA] GET /favicon.ico - ::1
2025-07-25 12:46:26 [INFO]: [User: Guest | ID: NA] GET / - ::1
2025-07-25 12:46:33 [INFO]: [User: Guest | ID: NA] GET /cart - ::1
2025-07-25 12:46:57 [INFO]: [User: Guest | ID: NA] GET /cart-table - ::1
2025-07-25 12:47:03 [INFO]: [User: Guest | ID: NA] GET /show-cart - ::1
2025-07-25 12:48:41 [INFO]: [User: Guest | ID: NA] GET /show-product - ::1
2025-07-25 12:51:06 [INFO]: [User: Guest | ID: NA] GET /show-product - ::1
2025-07-25 12:59:26 [INFO]: [User: Guest | ID: NA] GET /show-cart - ::1
2025-07-25 12:59:57 [INFO]: [User: Guest | ID: NA] GET /show-cart - ::1
2025-07-25 13:00:26 [INFO]: [User: Guest | ID: NA] GET /show-cart - ::1
2025-07-25 13:00:58 [INFO]: [User: Guest | ID: NA] GET /show-cart - ::1
2025-07-25 13:01:34 [INFO]: [User: Guest | ID: NA] GET /show-cart - ::1
2025-07-25 14:29:35 [INFO]: [User: Guest | ID: NA] GET /show-product - ::1
2025-07-25 14:29:35 [INFO]: [User: Guest | ID: NA] GET /show-product - ::1
2025-07-25 14:29:39 [INFO]: [User: Guest | ID: NA] GET /show-cart - ::1
2025-07-25 14:29:39 [INFO]: [User: Guest | ID: NA] GET /show-cart - ::1
2025-07-25 14:32:10 [INFO]: [User: Guest | ID: NA] GET /show-product - ::1
2025-07-25 14:32:10 [INFO]: [User: Guest | ID: NA] GET /show-product - ::1
2025-07-25 14:35:31 [INFO]: [User: Guest | ID: NA] GET /show-cart - ::1
2025-07-25 14:35:31 [INFO]: [User: Guest | ID: NA] GET /show-cart - ::1
2025-07-25 14:37:19 [INFO]: [User: Guest | ID: NA] GET /show-product - ::1
2025-07-25 14:37:19 [INFO]: [User: Guest | ID: NA] GET /show-product - ::1
2025-07-25 14:39:24 [INFO]: [User: Guest | ID: NA] GET /show-users - ::1
2025-07-25 14:39:35 [INFO]: [User: Guest | ID: NA] GET /show-ticket - ::1
2025-07-25 14:39:35 [INFO]: [User: Guest | ID: NA] GET /show-ticket - ::1
2025-07-25 14:39:49 [INFO]: [User: Guest | ID: NA] GET /show-product - ::1
2025-07-25 14:39:49 [INFO]: [User: Guest | ID: NA] GET /show-product - ::1
2025-07-25 14:39:50 [INFO]: [User: Guest | ID: NA] GET /show-cart - ::1
2025-07-25 14:39:50 [INFO]: [User: Guest | ID: NA] GET /show-cart - ::1
2025-07-25 14:39:51 [INFO]: [User: Guest | ID: NA] GET /show-users - ::1
2025-07-25 14:39:56 [INFO]: [User: Guest | ID: NA] GET /show-users - ::1
2025-07-25 14:40:00 [INFO]: [User: Guest | ID: NA] GET /show-ticket - ::1
2025-07-25 14:40:00 [INFO]: [User: Guest | ID: NA] GET /show-ticket - ::1
2025-07-25 14:41:16 [INFO]: [User: Guest | ID: NA] GET /show-users - ::1
2025-07-25 14:41:20 [INFO]: [User: Guest | ID: NA] GET /show-ticket - ::1
2025-07-25 14:41:20 [INFO]: [User: Guest | ID: NA] GET /show-ticket - ::1
2025-07-25 14:41:46 [INFO]: [User: Guest | ID: NA] GET /show-product - ::1
2025-07-25 14:41:46 [INFO]: [User: Guest | ID: NA] GET /show-product - ::1
2025-07-25 14:42:16 [INFO]: [User: Guest | ID: NA] POST /update-product - ::1
2025-07-25 14:42:16 [INFO]: [User: Guest | ID: NA] GET /show-product - ::1
2025-07-25 14:42:16 [INFO]: [User: Guest | ID: NA] GET /show-product - ::1
2025-07-25 14:42:25 [INFO]: [User: Guest | ID: NA] POST /update-product - ::1
2025-07-25 14:42:25 [INFO]: [User: Guest | ID: NA] GET /show-product - ::1
2025-07-25 14:42:25 [INFO]: [User: Guest | ID: NA] GET /show-product - ::1
2025-07-25 14:53:28 [INFO]: [User: Guest | ID: NA] GET /show-cart - ::1
2025-07-25 14:53:29 [INFO]: [User: Guest | ID: NA] GET /favicon.ico - ::1
2025-07-25 15:05:41 [INFO]: [User: Guest | ID: NA] GET /show-cart - ::1
2025-07-25 15:05:51 [INFO]: [User: Guest | ID: NA] GET /show-cart - ::1
2025-07-25 15:05:51 [INFO]: [User: Guest | ID: NA] GET /show-cart - ::1
2025-07-25 15:06:22 [INFO]: [User: Guest | ID: NA] GET /show-users - ::1
2025-07-25 15:06:31 [INFO]: [User: Guest | ID: NA] GET /show-users - ::1
2025-07-25 15:06:34 [INFO]: [User: Guest | ID: NA] POST /login - ::1
2025-07-25 15:06:44 [INFO]: [User: Guest | ID: NA] POST /update-user - ::1
2025-07-25 15:06:46 [INFO]: [User: Guest | ID: NA] GET /show-users - ::1
2025-07-25 15:06:48 [INFO]: [User: Guest | ID: NA] POST /login - ::1
2025-07-25 15:06:50 [INFO]: [User: Guest | ID: NA] GET /show-users - ::1
2025-07-25 15:06:50 [INFO]: [User: Guest | ID: NA] GET /show-users - ::1
2025-07-25 15:06:50 [INFO]: [User: Guest | ID: NA] GET /show-ticket - ::1
2025-07-25 15:06:50 [INFO]: [User: Guest | ID: NA] GET /show-ticket - ::1
2025-07-25 15:07:02 [INFO]: [User: Guest | ID: NA] GET /show-role - ::1
2025-07-25 15:07:02 [INFO]: [User: Guest | ID: NA] GET /show-role - ::1
2025-07-25 15:07:17 [INFO]: [User: Guest | ID: NA] GET /show-ticket - ::1
2025-07-25 15:07:17 [INFO]: [User: Guest | ID: NA] GET /show-ticket - ::1
2025-07-25 15:07:22 [INFO]: [User: Guest | ID: NA] DELETE /delete-allticket - ::1
2025-07-25 15:07:22 [INFO]: [User: Guest | ID: NA] GET /show-ticket - ::1
2025-07-25 15:07:46 [INFO]: [User: Guest | ID: NA] POST /create-ticket - ::1
2025-07-25 15:07:46 [INFO]: [User: Guest | ID: NA] GET /show-ticket - ::1
2025-07-25 15:09:10 [INFO]: [User: Guest | ID: NA] GET /show-ticket - ::1
2025-07-25 15:11:15 [INFO]: [User: Guest | ID: NA] GET /show-ticket - ::1
2025-07-25 15:12:53 [INFO]: [User: Guest | ID: NA] GET /show-ticket - ::1
2025-07-25 16:04:25 [INFO]: [User: Guest | ID: NA] GET /show-users - ::1
2025-07-25 16:04:25 [INFO]: [User: Guest | ID: NA] GET /show-ticket - ::1
2025-07-25 16:04:34 [INFO]: [User: Guest | ID: NA] GET /show-cart - ::1
2025-07-25 16:04:34 [INFO]: [User: Guest | ID: NA] GET /show-cart - ::1
2025-07-25 16:04:40 [INFO]: [User: Guest | ID: NA] GET /show-product - ::1
2025-07-25 16:04:40 [INFO]: [User: Guest | ID: NA] GET /show-product - ::1
2025-07-25 16:25:11 [INFO]: [User: Guest | ID: NA] GET /show-product - ::1
2025-07-25 16:25:18 [INFO]: [User: Guest | ID: NA] GET /show-ticket - ::1
2025-07-25 16:25:37 [INFO]: [User: Guest | ID: NA] POST /update-ticket - ::1
2025-07-25 16:25:37 [INFO]: [User: Guest | ID: NA] GET /show-ticket - ::1
2025-07-25 16:29:32 [INFO]: [User: Guest | ID: NA] POST /update-ticket - ::1
2025-07-25 16:29:32 [INFO]: [User: Guest | ID: NA] GET /show-ticket - ::1
2025-07-25 16:29:39 [INFO]: [User: Guest | ID: NA] POST /update-ticket - ::1
2025-07-25 16:29:39 [INFO]: [User: Guest | ID: NA] GET /show-ticket - ::1
2025-07-25 16:29:50 [INFO]: [User: Guest | ID: NA] POST /update-ticket - ::1
2025-07-25 16:29:50 [INFO]: [User: Guest | ID: NA] GET /show-ticket - ::1
2025-07-25 16:30:07 [INFO]: [User: Guest | ID: NA] GET /show-ticket - ::1
2025-07-25 16:30:07 [INFO]: [User: Guest | ID: NA] GET /show-ticket - ::1
2025-07-25 16:30:38 [INFO]: [User: Guest | ID: NA] POST /create-ticket - ::1
2025-07-25 16:30:38 [INFO]: [User: Guest | ID: NA] GET /show-ticket - ::1
2025-07-25 16:30:43 [INFO]: [User: Guest | ID: NA] GET /show-ticket - ::1
2025-07-25 16:30:43 [INFO]: [User: Guest | ID: NA] GET /show-ticket - ::1
2025-07-25 17:49:34 [INFO]: [User: Guest | ID: NA] GET /show-users - ::1
2025-07-25 17:49:44 [INFO]: [User: Guest | ID: NA] GET /show-users - ::1
2025-07-25 17:50:06 [INFO]: [User: Guest | ID: NA] GET /show-users - ::1
2025-07-25 17:52:20 [INFO]: [User: Guest | ID: NA] GET /show-users - ::1
2025-07-25 17:52:37 [INFO]: [User: Guest | ID: NA] GET /show-users - ::1
2025-07-25 17:52:42 [INFO]: [User: Guest | ID: NA] GET /show-users - ::1
2025-07-25 18:07:07 [INFO]: [User: Guest | ID: NA] GET /show-users - ::1
2025-07-25 18:07:59 [INFO]: [User: Guest | ID: NA] GET /show-users - ::1
2025-07-25 18:14:11 [INFO]: [User: Guest | ID: NA] GET /show-users - ::1
2025-07-25 18:14:18 [INFO]: [User: Guest | ID: NA] GET /show-users - ::1
2025-07-25 18:14:48 [INFO]: [User: Guest | ID: NA] GET /show-users - ::1
2025-07-25 18:15:01 [INFO]: [User: Guest | ID: NA] GET /show-users - ::1
2025-07-25 18:15:12 [INFO]: [User: Guest | ID: NA] GET /show-users - ::1
2025-07-25 18:15:16 [INFO]: [User: Guest | ID: NA] GET /show-users - ::1
2025-07-25 18:15:25 [INFO]: [User: Guest | ID: NA] POST /login - ::1
2025-07-25 18:15:25 [INFO]: [User: Guest | ID: NA] GET /show-users - ::1
2025-07-25 18:15:25 [INFO]: [User: Guest | ID: NA] GET /show-users - ::1
2025-07-25 18:15:25 [INFO]: [User: Guest | ID: NA] GET /show-ticket - ::1
2025-07-25 18:15:25 [INFO]: [User: Guest | ID: NA] GET /show-ticket - ::1
2025-07-25 18:15:55 [INFO]: [User: Guest | ID: NA] POST /login - ::1
2025-07-25 18:15:58 [INFO]: [User: Guest | ID: NA] GET /show-users - ::1
2025-07-25 18:16:11 [INFO]: [User: Guest | ID: NA] GET /show-users - ::1
2025-07-25 18:16:17 [INFO]: [User: Guest | ID: NA] POST /update-user - ::1
2025-07-25 18:16:19 [INFO]: [User: Guest | ID: NA] GET /show-users - ::1
2025-07-25 18:16:22 [INFO]: [User: Guest | ID: NA] POST /login - ::1
2025-07-25 18:16:22 [INFO]: [User: Guest | ID: NA] GET /show-users - ::1
2025-07-25 18:16:22 [INFO]: [User: Guest | ID: NA] GET /show-users - ::1
2025-07-25 18:16:22 [INFO]: [User: Guest | ID: NA] GET /show-ticket - ::1
2025-07-25 18:16:22 [INFO]: [User: Guest | ID: NA] GET /show-ticket - ::1
2025-07-25 18:18:08 [INFO]: [User: Guest | ID: NA] GET /show-users - ::1
2025-07-25 18:18:08 [INFO]: [User: Guest | ID: NA] GET /show-ticket - ::1
2025-07-25 18:18:22 [INFO]: [User: Guest | ID: NA] GET /show-users - ::1
2025-07-25 18:18:23 [INFO]: [User: Guest | ID: NA] GET /show-ticket - ::1
2025-07-25 18:18:29 [INFO]: [User: Guest | ID: NA] GET /show-users - ::1
2025-07-25 18:18:29 [INFO]: [User: Guest | ID: NA] GET /show-ticket - ::1
2025-07-25 18:25:52 [INFO]: [User: Guest | ID: NA] GET /show-ticket - ::1
2025-07-25 18:26:27 [INFO]: [User: Guest | ID: NA] POST /create-ticket - ::1
2025-07-25 18:26:27 [INFO]: [User: Guest | ID: NA] GET /show-ticket - ::1
2025-07-25 18:27:18 [INFO]: [User: Guest | ID: NA] POST /login - ::1
2025-07-25 18:33:48 [INFO]: [User: Guest | ID: NA] POST /login - ::1
