2025-07-28 09:55:45 [INFO]: Deleted old log file: 21072025-api.log
2025-07-28 09:56:11 [INFO]: [User: Guest | ID: NA] GET /show-product - ::1
2025-07-28 09:56:11 [INFO]: [User: Guest | ID: NA] GET /show-product - ::1
2025-07-28 09:59:50 [INFO]: [User: Guest | ID: NA] GET /show-cart - ::1
2025-07-28 09:59:50 [INFO]: [User: Guest | ID: NA] GET /show-cart - ::1
2025-07-28 09:59:53 [INFO]: [User: Guest | ID: NA] GET /show-product - ::1
2025-07-28 09:59:53 [INFO]: [User: Guest | ID: NA] GET /show-product - ::1
2025-07-28 09:59:56 [INFO]: [User: Guest | ID: NA] GET /show-users - ::1
2025-07-28 14:14:16 [INFO]: [User: Guest | ID: NA] GET /show-product - ::1
2025-07-28 14:14:16 [INFO]: [User: Guest | ID: NA] GET /show-product - ::1
2025-07-28 14:27:44 [INFO]: [User: Guest | ID: NA] GET /show-product - ::1
2025-07-28 14:27:44 [INFO]: [User: Guest | ID: NA] GET /show-product - ::1
2025-07-28 14:32:34 [INFO]: [User: Guest | ID: NA] GET /show-product - ::1
2025-07-28 14:32:34 [INFO]: [User: Guest | ID: NA] GET /show-product - ::1
2025-07-28 14:32:42 [INFO]: [User: Guest | ID: NA] GET /show-users - ::1
2025-07-28 14:32:54 [INFO]: [User: Guest | ID: NA] POST /login - ::1
2025-07-28 14:42:17 [INFO]: [User: Guest | ID: NA] GET /show-users - ::1
2025-07-28 14:42:28 [INFO]: [User: Guest | ID: NA] POST /login - ::1
2025-07-28 14:42:29 [INFO]: [User: Guest | ID: NA] POST /login - ::1
2025-07-28 14:42:41 [INFO]: [User: Guest | ID: NA] POST /login - ::1
2025-07-28 14:42:49 [INFO]: [User: Guest | ID: NA] POST /login - ::1
2025-07-28 14:44:36 [INFO]: [User: Guest | ID: NA] GET /show-users - ::1
2025-07-28 14:44:41 [INFO]: [User: Guest | ID: NA] POST /login - ::1
2025-07-28 14:46:27 [INFO]: [User: Guest | ID: NA] POST /login - ::1
2025-07-28 14:46:31 [INFO]: [User: Guest | ID: NA] GET /show-users - ::1
2025-07-28 14:46:40 [INFO]: [User: Guest | ID: NA] POST /login - ::1
2025-07-28 14:48:13 [INFO]: [User: Guest | ID: NA] GET /show-users - ::1
2025-07-28 14:48:18 [INFO]: [User: Guest | ID: NA] GET /show-users - ::1
2025-07-28 14:48:24 [INFO]: [User: Guest | ID: NA] POST /login - ::1
2025-07-28 14:52:07 [INFO]: [User: Guest | ID: NA] GET /show-users - ::1
2025-07-28 14:52:12 [INFO]: [User: Guest | ID: NA] POST /login - ::1
2025-07-28 14:52:29 [INFO]: [User: Guest | ID: NA] GET /show-cart - ::1
2025-07-28 14:52:29 [INFO]: [User: Guest | ID: NA] GET /show-cart - ::1
2025-07-28 14:58:19 [INFO]: [User: Guest | ID: NA] GET /show-cart - ::1
2025-07-28 14:58:34 [INFO]: [User: Guest | ID: NA] GET /show-cart - ::1
2025-07-28 14:58:42 [INFO]: [User: Guest | ID: NA] GET /show-cart - ::1
2025-07-28 14:58:46 [INFO]: [User: Guest | ID: NA] GET /show-cart - ::1
2025-07-28 14:58:53 [INFO]: [User: Guest | ID: NA] GET /show-cart - ::1
2025-07-28 15:00:03 [INFO]: [User: Guest | ID: NA] GET /show-users - ::1
2025-07-28 15:00:04 [INFO]: [User: Guest | ID: NA] GET /show-users - ::1
2025-07-28 15:00:28 [INFO]: [User: Guest | ID: NA] GET /show-users - ::1
2025-07-28 15:00:37 [INFO]: [User: Guest | ID: NA] POST /update-user - ::1
2025-07-28 15:00:38 [INFO]: [User: Guest | ID: NA] GET /show-users - ::1
2025-07-28 15:00:45 [INFO]: [User: Guest | ID: NA] POST /login - ::1
2025-07-28 15:00:47 [INFO]: [User: Guest | ID: NA] GET /show-cart - ::1
2025-07-28 15:00:47 [INFO]: [User: Guest | ID: NA] GET /show-cart - ::1
2025-07-28 15:01:32 [INFO]: [User: Guest | ID: NA] GET /show-cart - ::1
2025-07-28 15:01:32 [INFO]: [User: Guest | ID: NA] GET /show-cart - ::1
2025-07-28 15:09:25 [INFO]: [User: Guest | ID: NA] GET /show-cart - ::1
2025-07-28 15:10:48 [INFO]: [User: Guest | ID: NA] GET /show-cart - ::1
2025-07-28 15:13:05 [INFO]: [User: Guest | ID: NA] GET /show-cart - ::1
2025-07-28 15:13:14 [INFO]: [User: Guest | ID: NA] GET /show-cart - ::1
2025-07-28 15:13:46 [INFO]: [User: Guest | ID: NA] GET /cart-details/197 - ::1
2025-07-28 15:14:23 [INFO]: [User: Guest | ID: NA] GET /cart-details/197 - ::1
2025-07-28 15:15:15 [INFO]: [User: Guest | ID: NA] GET /show-users - ::1
2025-07-28 15:15:24 [INFO]: [User: Guest | ID: NA] POST /login - ::1
2025-07-28 15:15:26 [INFO]: [User: Guest | ID: NA] GET /cart-details/197 - ::1
2025-07-28 15:15:26 [INFO]: [User: Guest | ID: NA] GET /cart-details/197 - ::1
2025-07-28 15:16:21 [INFO]: [User: Guest | ID: NA] GET /cart-details/197 - ::1
2025-07-28 15:16:21 [INFO]: [User: Guest | ID: NA] GET /cart-details/197 - ::1
2025-07-28 15:16:41 [INFO]: [User: Guest | ID: NA] GET /show-product - ::1
2025-07-28 15:16:41 [INFO]: [User: Guest | ID: NA] GET /show-product - ::1
2025-07-28 15:16:41 [INFO]: [User: Guest | ID: NA] GET /cart-details/197 - ::1
2025-07-28 15:16:41 [INFO]: [User: Guest | ID: NA] GET /cart-details/197 - ::1
2025-07-28 15:17:46 [INFO]: [User: Guest | ID: NA] GET /show-product - ::1
2025-07-28 15:17:46 [INFO]: [User: Guest | ID: NA] GET /show-product - ::1
2025-07-28 15:17:47 [INFO]: [User: Guest | ID: NA] GET /cart-details/197 - ::1
2025-07-28 15:17:47 [INFO]: [User: Guest | ID: NA] GET /cart-details/197 - ::1
2025-07-28 15:19:19 [INFO]: [User: Guest | ID: NA] GET /show-product - ::1
2025-07-28 15:19:19 [INFO]: [User: Guest | ID: NA] GET /show-product - ::1
2025-07-28 15:19:21 [INFO]: [User: Guest | ID: NA] GET /cart-details/197 - ::1
2025-07-28 15:19:21 [INFO]: [User: Guest | ID: NA] GET /cart-details/197 - ::1
2025-07-28 15:19:41 [INFO]: [User: Guest | ID: NA] GET /show-product - ::1
2025-07-28 15:19:41 [INFO]: [User: Guest | ID: NA] GET /show-product - ::1
2025-07-28 15:19:43 [INFO]: [User: Guest | ID: NA] GET /cart-details/197 - ::1
2025-07-28 15:19:43 [INFO]: [User: Guest | ID: NA] GET /cart-details/197 - ::ffff:127.0.0.1
2025-07-28 15:22:49 [INFO]: [User: Guest | ID: NA] GET /cart-details/197 - ::1
2025-07-28 15:23:30 [INFO]: [User: Guest | ID: NA] GET /cart-details/197 - ::1
2025-07-28 15:27:02 [INFO]: [User: Guest | ID: NA] GET /cart-details/197 - ::1
2025-07-28 15:27:19 [INFO]: [User: Guest | ID: NA] GET /show-product - ::1
2025-07-28 15:27:19 [INFO]: [User: Guest | ID: NA] GET /show-product - ::1
2025-07-28 15:27:30 [INFO]: [User: Guest | ID: NA] GET /cart-details/197 - ::1
2025-07-28 15:27:30 [INFO]: [User: Guest | ID: NA] GET /cart-details/197 - ::1
2025-07-28 15:28:43 [INFO]: [User: Guest | ID: NA] GET /cart-details/197 - ::1
2025-07-28 15:35:13 [INFO]: [User: Guest | ID: NA] GET /cart-details/197 - ::1
2025-07-28 15:35:22 [INFO]: [User: Guest | ID: NA] GET /cart-details/197 - ::1
2025-07-28 15:35:42 [INFO]: [User: Guest | ID: NA] GET /cart-details/197 - ::1
2025-07-28 15:37:01 [INFO]: [User: Guest | ID: NA] GET /show-product - ::1
2025-07-28 15:37:01 [INFO]: [User: Guest | ID: NA] GET /show-product - ::1
2025-07-28 15:37:03 [INFO]: [User: Guest | ID: NA] GET /cart-details/197 - ::1
2025-07-28 15:37:03 [INFO]: [User: Guest | ID: NA] GET /cart-details/197 - ::1
2025-07-28 15:37:13 [INFO]: [User: Guest | ID: NA] GET /show-users - ::1
2025-07-28 15:37:27 [INFO]: [User: Guest | ID: NA] POST /login - ::1
2025-07-28 15:37:29 [INFO]: [User: Guest | ID: NA] GET /cart-details/190 - ::1
2025-07-28 15:37:29 [INFO]: [User: Guest | ID: NA] GET /cart-details/190 - ::1
2025-07-28 15:43:33 [INFO]: [User: Guest | ID: NA] GET /cart-details/190 - ::1
2025-07-28 15:43:51 [INFO]: [User: Guest | ID: NA] PUT /update-cart/5 - ::1
2025-07-28 15:43:51 [INFO]: [User: Guest | ID: NA] PUT /update-cart/6 - ::1
2025-07-28 15:44:18 [INFO]: [User: Guest | ID: NA] PUT /update-cart/5 - ::1
2025-07-28 15:44:18 [INFO]: [User: Guest | ID: NA] PUT /update-cart/6 - ::1
2025-07-28 15:44:41 [INFO]: [User: Guest | ID: NA] GET /cart-details/190 - ::1
2025-07-28 15:44:45 [INFO]: [User: Guest | ID: NA] POST /update-cart/5 - ::1
2025-07-28 15:44:45 [INFO]: [User: Guest | ID: NA] POST /update-cart/6 - ::1
2025-07-28 15:44:55 [INFO]: [User: Guest | ID: NA] GET /cart-details/190 - ::1
2025-07-28 15:44:55 [INFO]: [User: Guest | ID: NA] GET /cart-details/190 - ::1
2025-07-28 15:45:19 [INFO]: [User: Guest | ID: NA] GET /cart-details/190 - ::1
2025-07-28 15:45:40 [INFO]: [User: Guest | ID: NA] POST /update-cart/5 - ::1
2025-07-28 15:45:40 [INFO]: [User: Guest | ID: NA] POST /update-cart/6 - ::1
2025-07-28 15:45:46 [INFO]: [User: Guest | ID: NA] GET /cart-details/190 - ::1
2025-07-28 15:45:46 [INFO]: [User: Guest | ID: NA] GET /cart-details/190 - ::1
2025-07-28 15:46:27 [INFO]: [User: Guest | ID: NA] POST /update-cart/5 - ::1
2025-07-28 15:46:27 [INFO]: [User: Guest | ID: NA] POST /update-cart/6 - ::1
2025-07-28 15:46:43 [INFO]: [User: Guest | ID: NA] GET /cart-details/190 - ::1
2025-07-28 15:46:43 [INFO]: [User: Guest | ID: NA] GET /cart-details/190 - ::1
2025-07-28 15:47:33 [INFO]: [User: Guest | ID: NA] POST /update-cart/5 - ::1
2025-07-28 15:47:33 [INFO]: [User: Guest | ID: NA] POST /update-cart/6 - ::1
2025-07-28 15:47:35 [INFO]: [User: Guest | ID: NA] GET /cart-details/190 - ::1
2025-07-28 15:47:35 [INFO]: [User: Guest | ID: NA] GET /cart-details/190 - ::1
2025-07-28 15:48:45 [INFO]: [User: Guest | ID: NA] GET /show-cart - ::1
2025-07-28 15:48:45 [INFO]: [User: Guest | ID: NA] GET /favicon.ico - ::1
2025-07-28 15:50:34 [INFO]: [User: Guest | ID: NA] POST /update-cart - ::1
2025-07-28 15:51:12 [INFO]: [User: Guest | ID: NA] PUT /update-cart - ::1
2025-07-28 15:51:38 [INFO]: [User: Guest | ID: NA] GET /cart-details/190 - ::1
2025-07-28 15:51:41 [INFO]: [User: Guest | ID: NA] POST /update-cart/5 - ::1
2025-07-28 15:51:41 [INFO]: [User: Guest | ID: NA] POST /update-cart/6 - ::1
2025-07-28 15:51:54 [INFO]: [User: Guest | ID: NA] GET /cart-details/190 - ::1
2025-07-28 15:51:56 [INFO]: [User: Guest | ID: NA] POST /update-cart/5 - ::1
2025-07-28 15:51:56 [INFO]: [User: Guest | ID: NA] POST /update-cart/6 - ::1
2025-07-28 15:51:58 [INFO]: [User: Guest | ID: NA] GET /cart-details/190 - ::1
2025-07-28 15:51:58 [INFO]: [User: Guest | ID: NA] GET /cart-details/190 - ::1
2025-07-28 16:01:32 [INFO]: [User: Guest | ID: NA] GET /show-product - ::1
2025-07-28 16:01:33 [INFO]: [User: Guest | ID: NA] GET /show-product - ::1
2025-07-28 16:01:34 [INFO]: [User: Guest | ID: NA] GET /cart-details/190 - ::1
2025-07-28 16:01:34 [INFO]: [User: Guest | ID: NA] GET /cart-details/190 - ::1
2025-07-28 16:01:37 [INFO]: [User: Guest | ID: NA] POST /update-cart/5 - ::1
2025-07-28 16:01:37 [INFO]: [User: Guest | ID: NA] POST /update-cart/6 - ::1
2025-07-28 16:23:34 [INFO]: [User: Guest | ID: NA] GET /cart-details/190 - ::1
2025-07-28 16:23:34 [INFO]: [User: Guest | ID: NA] GET /cart-details/190 - ::1
2025-07-28 16:26:21 [INFO]: [User: Guest | ID: NA] GET /show-product - ::1
2025-07-28 16:26:21 [INFO]: [User: Guest | ID: NA] GET /show-product - ::1
2025-07-28 16:26:29 [INFO]: [User: Guest | ID: NA] GET /cart-details/190 - ::1
2025-07-28 16:26:29 [INFO]: [User: Guest | ID: NA] GET /cart-details/190 - ::1
2025-07-28 16:26:33 [INFO]: [User: Guest | ID: NA] GET /show-product - ::1
2025-07-28 16:26:33 [INFO]: [User: Guest | ID: NA] GET /show-product - ::1
2025-07-28 16:26:38 [INFO]: [User: Guest | ID: NA] GET /cart-details/190 - ::1
2025-07-28 16:26:38 [INFO]: [User: Guest | ID: NA] GET /cart-details/190 - ::1
2025-07-28 16:26:45 [INFO]: [User: Guest | ID: NA] GET /show-product - ::1
2025-07-28 16:26:45 [INFO]: [User: Guest | ID: NA] GET /show-product - ::1
2025-07-28 16:28:11 [INFO]: [User: Guest | ID: NA] GET /cart-details/190 - ::1
2025-07-28 16:28:11 [INFO]: [User: Guest | ID: NA] GET /cart-details/190 - ::1
2025-07-28 16:28:20 [INFO]: [User: Guest | ID: NA] POST /update-cart/5 - ::1
2025-07-28 16:28:20 [INFO]: [User: Guest | ID: NA] POST /update-cart/6 - ::1
2025-07-28 16:42:44 [INFO]: [User: Guest | ID: NA] GET /show-product - ::1
2025-07-28 16:42:44 [INFO]: [User: Guest | ID: NA] GET /show-product - ::1
2025-07-28 16:49:24 [INFO]: [User: Guest | ID: NA] GET /show-cart - ::1
2025-07-28 16:49:24 [INFO]: [User: Guest | ID: NA] GET /show-product - ::1
2025-07-28 16:49:33 [INFO]: [User: Guest | ID: NA] GET /cart-details/190 - ::1
2025-07-28 16:49:37 [INFO]: [User: Guest | ID: NA] POST /create-cart - ::1
2025-07-28 16:49:40 [INFO]: [User: Guest | ID: NA] GET /cart-details/190 - ::1
2025-07-28 16:49:50 [INFO]: [User: Guest | ID: NA] POST /create-cart - ::1
2025-07-28 16:49:53 [INFO]: [User: Guest | ID: NA] GET /cart-details/190 - ::1
2025-07-28 16:49:59 [INFO]: [User: Guest | ID: NA] GET /show-cart - ::1
2025-07-28 16:50:23 [INFO]: [User: Guest | ID: NA] GET /cart-details/190 - ::1
2025-07-28 17:02:40 [INFO]: [User: Guest | ID: NA] POST /create-cart - ::1
2025-07-28 17:03:26 [INFO]: [User: Guest | ID: NA] POST /create-cart - ::1
2025-07-28 17:03:39 [INFO]: [User: Guest | ID: NA] GET /show-cart - ::1
2025-07-28 17:03:39 [INFO]: [User: Guest | ID: NA] GET /favicon.ico - ::1
2025-07-28 17:06:04 [INFO]: [User: Guest | ID: NA] POST /update-user - ::1
2025-07-28 17:06:06 [INFO]: [User: Guest | ID: NA] GET /show-cart - ::1
2025-07-28 17:06:20 [INFO]: [User: Guest | ID: NA] GET /show-cart - ::1
2025-07-28 17:06:20 [INFO]: [User: Guest | ID: NA] GET /favicon.ico - ::1
2025-07-28 17:06:24 [INFO]: [User: Guest | ID: NA] POST /update-user - ::1
2025-07-28 17:06:27 [INFO]: [User: Guest | ID: NA] GET /show-cart - ::1
2025-07-28 17:06:27 [INFO]: [User: Guest | ID: NA] GET /favicon.ico - ::1
2025-07-28 17:06:27 [INFO]: [User: Guest | ID: NA] GET /show-cart - ::1
2025-07-28 17:06:28 [INFO]: [User: Guest | ID: NA] GET /show-cart - ::1
2025-07-28 17:06:28 [INFO]: [User: Guest | ID: NA] GET /favicon.ico - ::1
2025-07-28 17:06:29 [INFO]: [User: Guest | ID: NA] GET /show-cart - ::1
2025-07-28 17:06:29 [INFO]: [User: Guest | ID: NA] GET /favicon.ico - ::1
2025-07-28 17:07:46 [INFO]: [User: Guest | ID: NA] POST /update-user - ::1
2025-07-28 17:07:49 [INFO]: [User: Guest | ID: NA] GET /show-cart - ::1
2025-07-28 17:07:50 [INFO]: [User: Guest | ID: NA] GET /favicon.ico - ::1
2025-07-28 17:08:09 [INFO]: [User: Guest | ID: NA] POST /update-user - ::1
2025-07-28 17:08:12 [INFO]: [User: Guest | ID: NA] GET /show-cart - ::1
2025-07-28 17:08:28 [INFO]: [User: Guest | ID: NA] GET /cart-details/190 - ::1
2025-07-28 17:08:43 [INFO]: [User: Guest | ID: NA] POST /update-user - ::1
2025-07-28 17:09:25 [INFO]: [User: Guest | ID: NA] POST /update-cart - ::1
2025-07-28 17:09:28 [INFO]: [User: Guest | ID: NA] POST /update-cart - ::1
2025-07-28 17:10:17 [INFO]: [User: Guest | ID: NA] GET /show-cart - ::1
2025-07-28 17:10:18 [INFO]: [User: Guest | ID: NA] GET /favicon.ico - ::1
2025-07-28 17:10:20 [INFO]: [User: Guest | ID: NA] POST /update-cart - ::1
2025-07-28 17:10:26 [INFO]: [User: Guest | ID: NA] GET /cart-details/190 - ::1
2025-07-28 17:10:46 [INFO]: [User: Guest | ID: NA] POST /update-cart - ::1
2025-07-28 17:10:49 [INFO]: [User: Guest | ID: NA] GET /cart-details/190 - ::1
2025-07-28 17:10:53 [INFO]: [User: Guest | ID: NA] GET /show-cart - ::ffff:127.0.0.1
2025-07-28 17:10:53 [INFO]: [User: Guest | ID: NA] GET /favicon.ico - ::ffff:127.0.0.1
2025-07-28 17:13:36 [INFO]: [User: Guest | ID: NA] GET /show-cart - ::1
2025-07-28 17:13:56 [INFO]: [User: Guest | ID: NA] GET /show-cart - ::1
2025-07-28 17:13:58 [INFO]: [User: Guest | ID: NA] GET /show-cart - ::1
2025-07-28 17:13:58 [INFO]: [User: Guest | ID: NA] GET /favicon.ico - ::1
2025-07-28 17:14:01 [INFO]: [User: Guest | ID: NA] GET /cart-details/190 - ::1
2025-07-28 17:14:05 [INFO]: [User: Guest | ID: NA] POST /update-cart - ::1
2025-07-28 17:14:08 [INFO]: [User: Guest | ID: NA] GET /cart-details/190 - ::1
2025-07-28 17:14:12 [INFO]: [User: Guest | ID: NA] GET /show-cart - ::1
2025-07-28 17:14:12 [INFO]: [User: Guest | ID: NA] GET /favicon.ico - ::1
2025-07-28 17:14:20 [INFO]: [User: Guest | ID: NA] POST /update-cart - ::1
2025-07-28 17:14:59 [INFO]: [User: Guest | ID: NA] GET /show-cart - ::1
2025-07-28 17:14:59 [INFO]: [User: Guest | ID: NA] GET /favicon.ico - ::1
2025-07-28 17:15:16 [INFO]: [User: Guest | ID: NA] POST /update-cart - ::1
2025-07-28 17:15:18 [INFO]: [User: Guest | ID: NA] GET /show-cart - ::1
2025-07-28 17:15:18 [INFO]: [User: Guest | ID: NA] GET /favicon.ico - ::1
2025-07-28 17:15:44 [INFO]: [User: Guest | ID: NA] POST /update-cart - ::1
2025-07-28 17:15:47 [INFO]: [User: Guest | ID: NA] GET /show-cart - ::1
2025-07-28 17:15:47 [INFO]: [User: Guest | ID: NA] GET /favicon.ico - ::1
2025-07-28 17:17:19 [INFO]: [User: Guest | ID: NA] GET /cart-details/190 - ::1
2025-07-28 17:17:39 [INFO]: [User: Guest | ID: NA] POST /update-cart - ::1
2025-07-28 17:17:42 [INFO]: [User: Guest | ID: NA] GET /cart-details/190 - ::1
2025-07-28 17:17:43 [INFO]: [User: Guest | ID: NA] GET /show-cart - ::1
2025-07-28 17:17:49 [INFO]: [User: Guest | ID: NA] POST /update-cart/6 - ::1
2025-07-28 17:17:53 [INFO]: [User: Guest | ID: NA] GET /cart-details/190 - ::1
2025-07-28 17:18:06 [INFO]: [User: Guest | ID: NA] POST /update-cart - ::1
2025-07-28 17:18:09 [INFO]: [User: Guest | ID: NA] GET /cart-details/190 - ::1
2025-07-28 17:18:24 [INFO]: [User: Guest | ID: NA] POST /update-cart - ::1
2025-07-28 17:18:27 [INFO]: [User: Guest | ID: NA] GET /cart-details/190 - ::1
2025-07-28 17:18:34 [INFO]: [User: Guest | ID: NA] GET /show-product - ::1
2025-07-28 17:18:34 [INFO]: [User: Guest | ID: NA] GET /show-product - ::1
2025-07-28 17:18:42 [INFO]: [User: Guest | ID: NA] GET /cart-details/190 - ::1
2025-07-28 17:18:42 [INFO]: [User: Guest | ID: NA] GET /cart-details/190 - ::1
2025-07-28 17:18:44 [INFO]: [User: Guest | ID: NA] GET /cart-details/190 - ::1
2025-07-28 17:18:44 [INFO]: [User: Guest | ID: NA] GET /cart-details/190 - ::1
2025-07-28 17:20:00 [INFO]: [User: Guest | ID: NA] GET /show-product - ::1
2025-07-28 17:20:00 [INFO]: [User: Guest | ID: NA] GET /show-product - ::1
2025-07-28 17:20:29 [INFO]: [User: Guest | ID: NA] GET /show-users - ::1
2025-07-28 17:20:34 [INFO]: [User: Guest | ID: NA] POST /login - ::1
2025-07-28 17:20:39 [INFO]: [User: Guest | ID: NA] GET /cart-details/190 - ::1
2025-07-28 17:20:39 [INFO]: [User: Guest | ID: NA] GET /cart-details/190 - ::1
2025-07-28 17:24:10 [INFO]: [User: Guest | ID: NA] GET /cart-details/190 - ::1
2025-07-28 17:24:11 [INFO]: [User: Guest | ID: NA] GET /show-product - ::1
2025-07-28 17:24:11 [INFO]: [User: Guest | ID: NA] GET /show-product - ::1
2025-07-28 17:24:39 [INFO]: [User: Guest | ID: NA] GET /show-product - ::1
2025-07-28 17:24:40 [INFO]: [User: Guest | ID: NA] GET /cart-details/190 - ::1
2025-07-28 17:24:45 [INFO]: [User: Guest | ID: NA] POST /create-cart - ::1
2025-07-28 17:24:51 [INFO]: [User: Guest | ID: NA] GET /cart-details/190 - ::1
2025-07-28 17:25:28 [INFO]: [User: Guest | ID: NA] GET /show-users - ::1
2025-07-28 17:25:28 [INFO]: [User: Guest | ID: NA] GET /show-product - ::1
2025-07-28 17:25:28 [INFO]: [User: Guest | ID: NA] GET /show-product - ::1
2025-07-28 17:25:31 [INFO]: [User: Guest | ID: NA] GET /show-users - ::1
2025-07-28 17:25:35 [INFO]: [User: Guest | ID: NA] POST /login - ::1
2025-07-28 17:25:41 [INFO]: [User: Guest | ID: NA] POST /login - ::1
2025-07-28 17:25:44 [INFO]: [User: Guest | ID: NA] GET /show-product - ::1
2025-07-28 17:25:44 [INFO]: [User: Guest | ID: NA] GET /show-product - ::1
2025-07-28 17:25:45 [INFO]: [User: Guest | ID: NA] POST /create-cart - ::1
