2025-07-29 11:02:37 [INFO]: Deleted old log file: 22072025-api.log
2025-07-29 11:02:59 [INFO]: [User: Guest | ID: NA] GET /show-product - ::1
2025-07-29 11:02:59 [INFO]: [User: Guest | ID: NA] GET /show-product - ::1
2025-07-29 11:10:45 [INFO]: [User: Guest | ID: NA] GET /show-users - ::1
2025-07-29 11:10:46 [INFO]: [User: Guest | ID: NA] GET /show-product - ::1
2025-07-29 11:10:46 [INFO]: [User: Guest | ID: NA] GET /show-product - ::1
2025-07-29 11:13:46 [INFO]: [User: Guest | ID: NA] GET /show-users - ::1
2025-07-29 11:13:59 [INFO]: [User: Guest | ID: NA] POST /login - ::1
2025-07-29 11:16:12 [INFO]: [User: Guest | ID: NA] POST /create-cart - ::1
2025-07-29 11:16:53 [INFO]: [User: Guest | ID: NA] POST /create-cart - ::1
2025-07-29 11:19:17 [INFO]: [User: Guest | ID: NA] GET /cart-details/190 - ::1
2025-07-29 11:19:17 [INFO]: [User: Guest | ID: NA] GET /cart-details/190 - ::1
2025-07-29 11:19:21 [INFO]: [User: Guest | ID: NA] POST /update-cart/6 - ::1
2025-07-29 11:19:27 [INFO]: [User: Guest | ID: NA] GET /show-product - ::1
2025-07-29 11:19:27 [INFO]: [User: Guest | ID: NA] GET /show-product - ::1
2025-07-29 11:19:32 [INFO]: [User: Guest | ID: NA] GET /cart-details/190 - ::1
2025-07-29 11:20:13 [INFO]: [User: Guest | ID: NA] POST /create-cart - ::1
2025-07-29 11:20:30 [INFO]: [User: Guest | ID: NA] GET /cart-details/190 - ::1
2025-07-29 11:22:03 [INFO]: [User: Guest | ID: NA] POST /create-cart - ::1
2025-07-29 11:23:23 [INFO]: [User: Guest | ID: NA] POST /create-cart - ::1
2025-07-29 11:23:54 [INFO]: [User: Guest | ID: NA] POST /create-cart - ::1
2025-07-29 11:24:29 [INFO]: [User: Guest | ID: NA] POST /create-cart - ::1
2025-07-29 11:24:53 [INFO]: [User: Guest | ID: NA] POST /create-cart - ::1
2025-07-29 11:25:59 [INFO]: [User: Guest | ID: NA] GET /show-product - ::1
2025-07-29 11:26:05 [INFO]: [User: Guest | ID: NA] POST /create-cart - ::1
2025-07-29 11:27:44 [INFO]: [User: Guest | ID: NA] GET /show-product - ::1
2025-07-29 11:27:47 [INFO]: [User: Guest | ID: NA] POST /create-cart - ::1
2025-07-29 11:27:53 [INFO]: [User: Guest | ID: NA] GET /cart-details/190 - ::1
2025-07-29 11:28:51 [INFO]: [User: Guest | ID: NA] GET /cart-details/190 - ::1
2025-07-29 11:28:51 [INFO]: [User: Guest | ID: NA] GET /cart-details/190 - ::1
2025-07-29 11:30:38 [INFO]: [User: Guest | ID: NA] GET /cart-details/190 - ::1
2025-07-29 11:30:42 [INFO]: [User: Guest | ID: NA] POST /create-cart - ::1
2025-07-29 11:30:45 [INFO]: [User: Guest | ID: NA] GET /cart-details/190 - ::1
2025-07-29 11:31:30 [INFO]: [User: Guest | ID: NA] GET /show-product - ::1
2025-07-29 11:31:37 [INFO]: [User: Guest | ID: NA] GET /cart-details/190 - ::1
2025-07-29 11:31:39 [INFO]: [User: Guest | ID: NA] POST /create-cart - ::1
2025-07-29 11:31:42 [INFO]: [User: Guest | ID: NA] GET /cart-details/190 - ::1
2025-07-29 11:32:12 [INFO]: [User: Guest | ID: NA] GET /show-product - ::1
2025-07-29 11:32:22 [INFO]: [User: Guest | ID: NA] POST /create-cart - ::1
2025-07-29 11:32:27 [INFO]: [User: Guest | ID: NA] GET /cart-details/190 - ::1
2025-07-29 11:34:06 [INFO]: [User: Guest | ID: NA] POST /update-cart - ::1
2025-07-29 11:35:39 [INFO]: [User: Guest | ID: NA] GET /cart-details/190 - ::1
2025-07-29 11:35:39 [INFO]: [User: Guest | ID: NA] GET /cart-details/190 - ::1
2025-07-29 11:37:09 [INFO]: [User: Guest | ID: NA] GET /cart-details/190 - ::1
2025-07-29 11:37:42 [INFO]: [User: Guest | ID: NA] GET /cart-details/190 - ::1
2025-07-29 11:37:54 [INFO]: [User: Guest | ID: NA] POST /update-cart/[object%20Object] - ::1
2025-07-29 11:38:06 [INFO]: [User: Guest | ID: NA] GET /update-cart/[object%20Object] - ::1
2025-07-29 11:38:13 [INFO]: [User: Guest | ID: NA] POST /update-cart/[object%20Object] - ::1
2025-07-29 12:11:41 [INFO]: [User: Guest | ID: NA] POST /update-cart/[object%20Object] - ::1
2025-07-29 12:12:58 [INFO]: [User: Guest | ID: NA] GET /cart-details/190 - ::1
2025-07-29 12:13:04 [INFO]: [User: Guest | ID: NA] POST /update-cart/[object%20Object] - ::1
2025-07-29 12:14:05 [INFO]: [User: Guest | ID: NA] GET /cart-details/190 - ::1
2025-07-29 12:14:08 [INFO]: [User: Guest | ID: NA] POST /update-cart/[object%20Object] - ::1
2025-07-29 12:15:30 [INFO]: [User: Guest | ID: NA] GET /cart-details/190 - ::1
2025-07-29 12:15:32 [INFO]: [User: Guest | ID: NA] POST /update-cart/ - ::1
2025-07-29 12:15:37 [INFO]: [User: Guest | ID: NA] GET /cart-details/190 - ::1
2025-07-29 12:15:37 [INFO]: [User: Guest | ID: NA] GET /cart-details/190 - ::1
2025-07-29 12:15:56 [INFO]: [User: Guest | ID: NA] POST /update-cart/ - ::1
2025-07-29 12:16:08 [INFO]: [User: Guest | ID: NA] GET /show-product - ::1
2025-07-29 12:16:08 [INFO]: [User: Guest | ID: NA] GET /show-product - ::1
2025-07-29 12:16:14 [INFO]: [User: Guest | ID: NA] GET /cart-details/190 - ::1
2025-07-29 12:16:14 [INFO]: [User: Guest | ID: NA] GET /cart-details/190 - ::1
2025-07-29 12:23:07 [INFO]: [User: Guest | ID: NA] GET /cart-details/190 - ::1
2025-07-29 12:24:13 [INFO]: [User: Guest | ID: NA] GET /cart-details/190 - ::1
2025-07-29 12:24:17 [INFO]: [User: Guest | ID: NA] POST /update-cart/ - ::1
2025-07-29 12:24:35 [INFO]: [User: Guest | ID: NA] GET /update-cart/ - ::1
2025-07-29 12:24:38 [INFO]: [User: Guest | ID: NA] GET /cart-details/190 - ::1
2025-07-29 12:24:38 [INFO]: [User: Guest | ID: NA] GET /cart-details/190 - ::1
2025-07-29 12:24:46 [INFO]: [User: Guest | ID: NA] GET /show-product - ::1
2025-07-29 12:24:46 [INFO]: [User: Guest | ID: NA] GET /show-product - ::1
2025-07-29 12:24:48 [INFO]: [User: Guest | ID: NA] POST /create-cart - ::1
2025-07-29 12:24:49 [INFO]: [User: Guest | ID: NA] POST /create-cart - ::1
2025-07-29 12:24:51 [INFO]: [User: Guest | ID: NA] GET /cart-details/190 - ::1
2025-07-29 12:24:51 [INFO]: [User: Guest | ID: NA] GET /cart-details/190 - ::1
2025-07-29 12:25:05 [INFO]: [User: Guest | ID: NA] POST /update-cart/ - ::1
2025-07-29 12:25:12 [INFO]: [User: Guest | ID: NA] GET /cart-details/190 - ::1
2025-07-29 12:25:12 [INFO]: [User: Guest | ID: NA] GET /cart-details/190 - ::1
2025-07-29 12:25:22 [INFO]: [User: Guest | ID: NA] POST /update-cart/ - ::1
2025-07-29 12:25:29 [INFO]: [User: Guest | ID: NA] GET /cart-details/190 - ::1
2025-07-29 12:25:29 [INFO]: [User: Guest | ID: NA] GET /cart-details/190 - ::1
2025-07-29 12:25:48 [INFO]: [User: Guest | ID: NA] GET /cart-details/190 - ::1
2025-07-29 12:25:52 [INFO]: [User: Guest | ID: NA] GET /cart-details/190 - ::1
2025-07-29 12:25:56 [INFO]: [User: Guest | ID: NA] GET /cart-details/190 - ::1
2025-07-29 12:26:02 [INFO]: [User: Guest | ID: NA] GET /show-product - ::1
2025-07-29 12:26:02 [INFO]: [User: Guest | ID: NA] GET /show-product - ::1
2025-07-29 12:26:03 [INFO]: [User: Guest | ID: NA] GET /cart-details/190 - ::1
2025-07-29 12:26:03 [INFO]: [User: Guest | ID: NA] GET /cart-details/190 - ::1
2025-07-29 12:26:07 [INFO]: [User: Guest | ID: NA] GET /cart-details/190 - ::1
2025-07-29 12:29:15 [INFO]: [User: Guest | ID: NA] GET /show-product - ::1
2025-07-29 12:29:15 [INFO]: [User: Guest | ID: NA] GET /show-product - ::1
2025-07-29 12:29:16 [INFO]: [User: Guest | ID: NA] GET /cart-details/190 - ::1
2025-07-29 12:29:16 [INFO]: [User: Guest | ID: NA] GET /cart-details/190 - ::1
2025-07-29 12:29:35 [INFO]: [User: Guest | ID: NA] GET /show-users - ::1
2025-07-29 12:29:47 [INFO]: [User: Guest | ID: NA] POST /login - ::1
2025-07-29 12:29:49 [INFO]: [User: Guest | ID: NA] GET /show-product - ::1
2025-07-29 12:29:49 [INFO]: [User: Guest | ID: NA] GET /show-product - ::1
2025-07-29 12:29:50 [INFO]: [User: Guest | ID: NA] GET /cart-details/190 - ::1
2025-07-29 12:29:50 [INFO]: [User: Guest | ID: NA] GET /cart-details/190 - ::1
2025-07-29 12:30:05 [INFO]: [User: Guest | ID: NA] GET /show-product - ::1
2025-07-29 12:30:05 [INFO]: [User: Guest | ID: NA] GET /show-product - ::1
2025-07-29 12:30:06 [INFO]: [User: Guest | ID: NA] POST /create-cart - ::1
2025-07-29 12:30:07 [INFO]: [User: Guest | ID: NA] POST /create-cart - ::1
2025-07-29 12:30:10 [INFO]: [User: Guest | ID: NA] GET /cart-details/190 - ::1
2025-07-29 12:30:10 [INFO]: [User: Guest | ID: NA] GET /cart-details/190 - ::1
2025-07-29 12:30:14 [INFO]: [User: Guest | ID: NA] GET /cart-details/190 - ::1
2025-07-29 12:30:22 [INFO]: [User: Guest | ID: NA] POST /update-cart/ - ::1
2025-07-29 12:30:24 [INFO]: [User: Guest | ID: NA] GET /cart-details/190 - ::1
2025-07-29 12:30:24 [INFO]: [User: Guest | ID: NA] GET /cart-details/190 - ::1
2025-07-29 14:40:47 [INFO]: [User: Guest | ID: NA] GET /show-product - ::1
2025-07-29 14:40:47 [INFO]: [User: Guest | ID: NA] GET /show-product - ::1
2025-07-29 14:40:57 [INFO]: [User: Guest | ID: NA] GET /show-product - ::1
2025-07-29 14:40:57 [INFO]: [User: Guest | ID: NA] GET /show-product - ::1
2025-07-29 14:56:30 [INFO]: [User: Guest | ID: NA] GET /show-product - ::1
2025-07-29 14:56:35 [INFO]: [User: Guest | ID: NA] GET /show-users - ::1
2025-07-29 14:56:48 [INFO]: [User: Guest | ID: NA] POST /login - ::1
2025-07-29 14:56:53 [INFO]: [User: Guest | ID: NA] GET /show-product - ::1
2025-07-29 14:56:53 [INFO]: [User: Guest | ID: NA] GET /show-product - ::1
2025-07-29 14:57:02 [INFO]: [User: Guest | ID: NA] GET /cart-details/197 - ::1
2025-07-29 14:57:02 [INFO]: [User: Guest | ID: NA] GET /cart-details/197 - ::1
2025-07-29 14:57:15 [INFO]: [User: Guest | ID: NA] GET /show-product - ::1
2025-07-29 14:57:15 [INFO]: [User: Guest | ID: NA] GET /show-product - ::1
2025-07-29 14:57:16 [INFO]: [User: Guest | ID: NA] GET /cart-details/197 - ::1
2025-07-29 14:57:16 [INFO]: [User: Guest | ID: NA] GET /cart-details/197 - ::1
2025-07-29 14:57:17 [INFO]: [User: Guest | ID: NA] GET /show-product - ::1
2025-07-29 14:57:17 [INFO]: [User: Guest | ID: NA] GET /show-product - ::1
2025-07-29 14:57:19 [INFO]: [User: Guest | ID: NA] POST /update-cart/ - ::1
2025-07-29 14:57:20 [INFO]: [User: Guest | ID: NA] POST /update-cart/ - ::1
2025-07-29 14:57:23 [INFO]: [User: Guest | ID: NA] POST /update-cart/ - ::1
2025-07-29 14:57:27 [INFO]: [User: Guest | ID: NA] GET /cart-details/197 - ::1
2025-07-29 14:57:27 [INFO]: [User: Guest | ID: NA] GET /cart-details/197 - ::1
2025-07-29 14:57:37 [INFO]: [User: Guest | ID: NA] GET /show-product - ::1
2025-07-29 14:57:37 [INFO]: [User: Guest | ID: NA] GET /show-product - ::1
2025-07-29 14:58:11 [INFO]: [User: Guest | ID: NA] GET /show-product - ::1
2025-07-29 14:58:28 [INFO]: [User: Guest | ID: NA] POST /login - ::1
2025-07-29 14:58:31 [INFO]: [User: Guest | ID: NA] GET /show-product - ::1
2025-07-29 14:58:31 [INFO]: [User: Guest | ID: NA] GET /show-product - ::1
2025-07-29 14:59:15 [INFO]: [User: Guest | ID: NA] POST /create-cart - ::1
2025-07-29 14:59:19 [INFO]: [User: Guest | ID: NA] GET /show-product - ::1
2025-07-29 14:59:21 [INFO]: [User: Guest | ID: NA] GET /cart-details/197 - ::1
2025-07-29 14:59:21 [INFO]: [User: Guest | ID: NA] GET /cart-details/197 - ::1
2025-07-29 14:59:25 [INFO]: [User: Guest | ID: NA] POST /update-cart/ - ::1
2025-07-29 14:59:35 [INFO]: [User: Guest | ID: NA] GET /show-product - ::1
2025-07-29 14:59:35 [INFO]: [User: Guest | ID: NA] GET /show-product - ::1
2025-07-29 14:59:38 [INFO]: [User: Guest | ID: NA] POST /update-cart/ - ::1
2025-07-29 14:59:46 [INFO]: [User: Guest | ID: NA] GET /cart-details/197 - ::1
2025-07-29 14:59:46 [INFO]: [User: Guest | ID: NA] GET /cart-details/197 - ::1
2025-07-29 14:59:50 [INFO]: [User: Guest | ID: NA] POST /update-cart/ - ::1
2025-07-29 15:00:10 [INFO]: [User: Guest | ID: NA] GET /show-product - ::1
2025-07-29 15:00:10 [INFO]: [User: Guest | ID: NA] GET /show-product - ::1
2025-07-29 15:00:11 [INFO]: [User: Guest | ID: NA] GET /show-users - ::1
2025-07-29 15:00:27 [INFO]: [User: Guest | ID: NA] GET /show-users - ::1
2025-07-29 15:00:41 [INFO]: [User: Guest | ID: NA] POST /update-user - ::1
2025-07-29 15:00:43 [INFO]: [User: Guest | ID: NA] GET /show-users - ::1
2025-07-29 15:00:47 [INFO]: [User: Guest | ID: NA] POST /login - ::1
2025-07-29 15:01:01 [INFO]: [User: Guest | ID: NA] GET /cart-details/202 - ::1
2025-07-29 15:01:01 [INFO]: [User: Guest | ID: NA] GET /cart-details/202 - ::1
2025-07-29 15:01:03 [INFO]: [User: Guest | ID: NA] GET /show-product - ::1
2025-07-29 15:01:03 [INFO]: [User: Guest | ID: NA] GET /show-product - ::1
2025-07-29 15:01:06 [INFO]: [User: Guest | ID: NA] POST /update-cart/ - ::1
2025-07-29 15:01:10 [INFO]: [User: Guest | ID: NA] POST /update-cart/ - ::1
2025-07-29 15:01:16 [INFO]: [User: Guest | ID: NA] GET /show-product - ::1
2025-07-29 15:01:20 [INFO]: [User: Guest | ID: NA] POST /update-cart/ - ::1
2025-07-29 15:01:23 [INFO]: [User: Guest | ID: NA] GET /cart-details/202 - ::1
2025-07-29 15:01:23 [INFO]: [User: Guest | ID: NA] GET /cart-details/202 - ::1
2025-07-29 15:01:32 [INFO]: [User: Guest | ID: NA] POST /update-cart/ - ::1
2025-07-29 15:02:50 [INFO]: [User: Guest | ID: NA] GET /cart-details/202 - ::1
2025-07-29 15:02:50 [INFO]: [User: Guest | ID: NA] GET /cart-details/202 - ::1
2025-07-29 15:11:26 [INFO]: [User: Guest | ID: NA] GET /cart-details/202 - ::1
2025-07-29 15:11:43 [INFO]: [User: Guest | ID: NA] GET /cart-details/202 - ::1
2025-07-29 15:11:53 [INFO]: [User: Guest | ID: NA] GET /cart-details/202 - ::1
2025-07-29 15:37:01 [INFO]: [User: Guest | ID: NA] GET /cart-details/202 - ::1
2025-07-29 15:40:54 [INFO]: [User: Guest | ID: NA] GET /show-users - ::1
2025-07-29 15:45:20 [INFO]: [User: Guest | ID: NA] GET /show-users - ::1
2025-07-29 15:45:20 [INFO]: [User: Guest | ID: NA] GET /show-ticket - ::1
2025-07-29 15:45:32 [INFO]: [User: Guest | ID: NA] GET /show-users - ::1
2025-07-29 15:45:32 [INFO]: [User: Guest | ID: NA] GET /show-ticket - ::1
2025-07-29 15:45:57 [INFO]: [User: Guest | ID: NA] GET /show-users - ::1
2025-07-29 15:45:57 [INFO]: [User: Guest | ID: NA] GET /show-ticket - ::1
2025-07-29 15:46:20 [INFO]: [User: Guest | ID: NA] GET /show-users - ::1
2025-07-29 15:46:20 [INFO]: [User: Guest | ID: NA] GET /show-ticket - ::1
2025-07-29 15:47:21 [INFO]: [User: Guest | ID: NA] GET /show-users - ::1
2025-07-29 15:47:21 [INFO]: [User: Guest | ID: NA] GET /show-ticket - ::1
2025-07-29 15:48:15 [INFO]: [User: Guest | ID: NA] GET /show-users - ::1
2025-07-29 15:48:15 [INFO]: [User: Guest | ID: NA] GET /show-ticket - ::1
2025-07-29 15:48:37 [INFO]: [User: Guest | ID: NA] GET /show-users - ::1
2025-07-29 15:48:37 [INFO]: [User: Guest | ID: NA] GET /show-ticket - ::1
2025-07-29 15:49:29 [INFO]: [User: Guest | ID: NA] GET /show-users - ::1
2025-07-29 15:49:29 [INFO]: [User: Guest | ID: NA] GET /show-ticket - ::1
2025-07-29 15:49:49 [INFO]: [User: Guest | ID: NA] GET /show-users - ::1
2025-07-29 15:49:49 [INFO]: [User: Guest | ID: NA] GET /show-ticket - ::1
2025-07-29 15:51:06 [INFO]: [User: Guest | ID: NA] GET /show-users - ::1
2025-07-29 15:51:06 [INFO]: [User: Guest | ID: NA] GET /show-ticket - ::1
2025-07-29 15:51:19 [INFO]: [User: Guest | ID: NA] GET /show-users - ::1
2025-07-29 15:51:19 [INFO]: [User: Guest | ID: NA] GET /show-ticket - ::1
2025-07-29 15:51:51 [INFO]: [User: Guest | ID: NA] GET /show-users - ::1
2025-07-29 15:51:51 [INFO]: [User: Guest | ID: NA] GET /show-ticket - ::1
2025-07-29 15:51:59 [INFO]: [User: Guest | ID: NA] GET /show-users - ::1
2025-07-29 15:51:59 [INFO]: [User: Guest | ID: NA] GET /show-ticket - ::1
2025-07-29 15:52:08 [INFO]: [User: Guest | ID: NA] GET /show-users - ::1
2025-07-29 15:52:08 [INFO]: [User: Guest | ID: NA] GET /show-users - ::1
2025-07-29 15:52:08 [INFO]: [User: Guest | ID: NA] GET /show-ticket - ::1
2025-07-29 15:52:32 [INFO]: [User: Guest | ID: NA] GET /show-users - ::1
2025-07-29 15:52:32 [INFO]: [User: Guest | ID: NA] GET /show-users - ::1
2025-07-29 15:52:32 [INFO]: [User: Guest | ID: NA] GET /show-ticket - ::1
2025-07-29 15:54:24 [INFO]: [User: Guest | ID: NA] GET /show-users - ::1
2025-07-29 15:54:24 [INFO]: [User: Guest | ID: NA] GET /show-users - ::1
2025-07-29 15:54:24 [INFO]: [User: Guest | ID: NA] GET /show-ticket - ::1
2025-07-29 15:54:53 [INFO]: [User: Guest | ID: NA] GET /show-users - ::1
2025-07-29 15:54:53 [INFO]: [User: Guest | ID: NA] GET /show-users - ::1
2025-07-29 15:54:53 [INFO]: [User: Guest | ID: NA] GET /show-ticket - ::1
2025-07-29 15:56:13 [INFO]: [User: Guest | ID: NA] GET /show-users - ::1
2025-07-29 15:56:13 [INFO]: [User: Guest | ID: NA] GET /show-users - ::1
2025-07-29 15:56:13 [INFO]: [User: Guest | ID: NA] GET /show-ticket - ::1
2025-07-29 15:56:51 [INFO]: [User: Guest | ID: NA] GET /show-users - ::1
2025-07-29 15:56:51 [INFO]: [User: Guest | ID: NA] GET /show-users - ::1
2025-07-29 15:56:51 [INFO]: [User: Guest | ID: NA] GET /show-ticket - ::1
2025-07-29 15:57:10 [INFO]: [User: Guest | ID: NA] GET /show-users - ::1
2025-07-29 15:57:10 [INFO]: [User: Guest | ID: NA] GET /show-users - ::1
2025-07-29 15:57:10 [INFO]: [User: Guest | ID: NA] GET /show-ticket - ::1
2025-07-29 15:57:28 [INFO]: [User: Guest | ID: NA] GET /show-users - ::1
2025-07-29 15:57:28 [INFO]: [User: Guest | ID: NA] GET /show-users - ::1
2025-07-29 15:57:28 [INFO]: [User: Guest | ID: NA] GET /show-ticket - ::1
2025-07-29 15:57:30 [INFO]: [User: Guest | ID: NA] GET /show-users - ::1
2025-07-29 15:57:30 [INFO]: [User: Guest | ID: NA] GET /show-users - ::1
2025-07-29 15:57:30 [INFO]: [User: Guest | ID: NA] GET /show-ticket - ::1
2025-07-29 15:57:34 [INFO]: [User: Guest | ID: NA] GET /show-users - ::1
2025-07-29 15:57:34 [INFO]: [User: Guest | ID: NA] GET /show-users - ::1
2025-07-29 15:57:34 [INFO]: [User: Guest | ID: NA] GET /show-ticket - ::1
2025-07-29 15:57:51 [INFO]: [User: Guest | ID: NA] GET /show-users - ::1
2025-07-29 15:57:51 [INFO]: [User: Guest | ID: NA] GET /show-users - ::1
2025-07-29 15:57:51 [INFO]: [User: Guest | ID: NA] GET /show-ticket - ::1
2025-07-29 15:59:59 [INFO]: [User: Guest | ID: NA] GET /show-users - ::1
2025-07-29 15:59:59 [INFO]: [User: Guest | ID: NA] GET /show-users - ::1
2025-07-29 15:59:59 [INFO]: [User: Guest | ID: NA] GET /show-ticket - ::1
2025-07-29 16:00:00 [INFO]: [User: Guest | ID: NA] GET /show-ticket - ::1
2025-07-29 16:00:03 [INFO]: [User: Guest | ID: NA] GET /show-users - ::1
2025-07-29 16:00:03 [INFO]: [User: Guest | ID: NA] GET /show-users - ::1
2025-07-29 16:00:03 [INFO]: [User: Guest | ID: NA] GET /show-ticket - ::1
2025-07-29 16:00:04 [INFO]: [User: Guest | ID: NA] GET /show-ticket - ::1
2025-07-29 16:01:14 [INFO]: [User: Guest | ID: NA] GET /show-ticket - ::1
2025-07-29 16:01:14 [INFO]: [User: Guest | ID: NA] GET /show-ticket - ::1
2025-07-29 16:01:19 [INFO]: [User: Guest | ID: NA] GET /show-users - ::1
2025-07-29 16:01:19 [INFO]: [User: Guest | ID: NA] GET /show-users - ::1
2025-07-29 16:01:19 [INFO]: [User: Guest | ID: NA] GET /show-ticket - ::1
2025-07-29 16:01:19 [INFO]: [User: Guest | ID: NA] GET /show-users - ::1
2025-07-29 16:01:19 [INFO]: [User: Guest | ID: NA] GET /show-users - ::1
2025-07-29 16:01:19 [INFO]: [User: Guest | ID: NA] GET /show-ticket - ::1
2025-07-29 16:01:20 [INFO]: [User: Guest | ID: NA] GET /show-ticket - ::1
2025-07-29 16:01:20 [INFO]: [User: Guest | ID: NA] GET /show-ticket - ::1
2025-07-29 16:02:15 [INFO]: [User: Guest | ID: NA] GET /show-users - ::1
2025-07-29 16:02:15 [INFO]: [User: Guest | ID: NA] GET /show-users - ::1
2025-07-29 16:02:15 [INFO]: [User: Guest | ID: NA] GET /show-ticket - ::1
2025-07-29 16:02:16 [INFO]: [User: Guest | ID: NA] GET /show-ticket - ::1
2025-07-29 16:20:50 [INFO]: [User: Guest | ID: NA] GET /show-users - ::1
2025-07-29 16:20:50 [INFO]: [User: Guest | ID: NA] GET /show-users - ::1
2025-07-29 16:20:50 [INFO]: [User: Guest | ID: NA] GET /show-ticket - ::1
2025-07-29 16:20:50 [INFO]: [User: Guest | ID: NA] GET /show-ticket - ::1
2025-07-29 16:21:36 [INFO]: [User: Guest | ID: NA] GET /show-users - ::1
2025-07-29 16:21:36 [INFO]: [User: Guest | ID: NA] GET /show-users - ::1
2025-07-29 16:21:36 [INFO]: [User: Guest | ID: NA] GET /show-ticket - ::1
2025-07-29 16:21:36 [INFO]: [User: Guest | ID: NA] GET /show-ticket - ::1
2025-07-29 16:23:56 [INFO]: [User: Guest | ID: NA] GET /show-users - ::1
2025-07-29 16:23:56 [INFO]: [User: Guest | ID: NA] GET /show-ticket - ::1
2025-07-29 16:24:16 [INFO]: [User: Guest | ID: NA] GET /show-users - ::1
2025-07-29 16:24:16 [INFO]: [User: Guest | ID: NA] GET /show-ticket - ::1
2025-07-29 16:24:20 [INFO]: [User: Guest | ID: NA] GET /show-users - ::1
2025-07-29 16:24:20 [INFO]: [User: Guest | ID: NA] GET /show-ticket - ::1
2025-07-29 16:24:46 [INFO]: [User: Guest | ID: NA] GET /show-users - ::1
2025-07-29 16:24:46 [INFO]: [User: Guest | ID: NA] GET /show-users - ::1
2025-07-29 16:24:46 [INFO]: [User: Guest | ID: NA] GET /show-ticket - ::1
2025-07-29 16:24:46 [INFO]: [User: Guest | ID: NA] GET /show-ticket - ::1
2025-07-29 16:25:19 [INFO]: [User: Guest | ID: NA] GET /show-users - ::1
2025-07-29 16:25:19 [INFO]: [User: Guest | ID: NA] GET /show-users - ::1
2025-07-29 16:25:19 [INFO]: [User: Guest | ID: NA] GET /show-ticket - ::1
2025-07-29 16:25:19 [INFO]: [User: Guest | ID: NA] GET /show-ticket - ::1
2025-07-29 16:25:31 [INFO]: [User: Guest | ID: NA] GET /show-users - ::1
2025-07-29 16:25:31 [INFO]: [User: Guest | ID: NA] GET /show-users - ::1
2025-07-29 16:25:31 [INFO]: [User: Guest | ID: NA] GET /show-ticket - ::1
2025-07-29 16:25:31 [INFO]: [User: Guest | ID: NA] GET /show-ticket - ::1
2025-07-29 16:25:37 [INFO]: [User: Guest | ID: NA] GET /show-users - ::1
2025-07-29 16:25:37 [INFO]: [User: Guest | ID: NA] GET /show-ticket - ::1
2025-07-29 16:27:43 [INFO]: [User: Guest | ID: NA] GET /show-users - ::1
2025-07-29 16:27:43 [INFO]: [User: Guest | ID: NA] GET /show-ticket - ::1
2025-07-29 16:28:07 [INFO]: [User: Guest | ID: NA] GET /show-users - ::1
2025-07-29 16:28:07 [INFO]: [User: Guest | ID: NA] GET /show-users - ::1
2025-07-29 16:28:07 [INFO]: [User: Guest | ID: NA] GET /show-ticket - ::1
2025-07-29 16:28:07 [INFO]: [User: Guest | ID: NA] GET /show-ticket - ::1
2025-07-29 16:28:20 [INFO]: [User: Guest | ID: NA] GET /show-users - ::1
2025-07-29 16:28:20 [INFO]: [User: Guest | ID: NA] GET /show-ticket - ::1
2025-07-29 16:30:53 [INFO]: [User: Guest | ID: NA] GET /show-users - ::1
2025-07-29 16:30:53 [INFO]: [User: Guest | ID: NA] GET /show-ticket - ::1
2025-07-29 16:31:26 [INFO]: [User: Guest | ID: NA] GET /show-users - ::1
2025-07-29 16:31:26 [INFO]: [User: Guest | ID: NA] GET /show-ticket - ::1
2025-07-29 16:32:26 [INFO]: [User: Guest | ID: NA] GET /show-users - ::1
2025-07-29 16:32:26 [INFO]: [User: Guest | ID: NA] GET /show-ticket - ::1
2025-07-29 16:32:53 [INFO]: [User: Guest | ID: NA] GET /show-users - ::1
2025-07-29 16:32:53 [INFO]: [User: Guest | ID: NA] GET /show-ticket - ::1
2025-07-29 16:33:08 [INFO]: [User: Guest | ID: NA] GET /show-users - ::1
2025-07-29 16:33:08 [INFO]: [User: Guest | ID: NA] GET /show-ticket - ::1
2025-07-29 16:35:30 [INFO]: [User: Guest | ID: NA] GET /show-ticket - ::1
2025-07-29 16:35:30 [INFO]: [User: Guest | ID: NA] GET /show-ticket - ::1
2025-07-29 16:35:35 [INFO]: [User: Guest | ID: NA] POST /update-ticket - ::1
2025-07-29 16:35:36 [INFO]: [User: Guest | ID: NA] GET /show-ticket - ::1
2025-07-29 16:35:41 [INFO]: [User: Guest | ID: NA] GET /show-users - ::1
2025-07-29 16:35:41 [INFO]: [User: Guest | ID: NA] GET /show-users - ::1
2025-07-29 16:35:41 [INFO]: [User: Guest | ID: NA] GET /show-ticket - ::1
2025-07-29 16:35:41 [INFO]: [User: Guest | ID: NA] GET /show-ticket - ::1
2025-07-29 16:36:28 [INFO]: [User: Guest | ID: NA] GET /show-users - ::1
2025-07-29 16:36:28 [INFO]: [User: Guest | ID: NA] GET /show-ticket - ::1
2025-07-29 16:36:49 [INFO]: [User: Guest | ID: NA] GET /show-users - ::1
2025-07-29 16:37:48 [INFO]: [User: Guest | ID: NA] GET /show-users - ::1
2025-07-29 16:38:16 [INFO]: [User: Guest | ID: NA] GET /show-product - ::1
2025-07-29 16:38:16 [INFO]: [User: Guest | ID: NA] GET /show-product - ::1
2025-07-29 16:38:47 [INFO]: [User: Guest | ID: NA] GET /show-product - ::1
2025-07-29 16:39:06 [INFO]: [User: Guest | ID: NA] GET /show-product - ::1
2025-07-29 16:40:42 [INFO]: [User: Guest | ID: NA] GET /show-product - ::1
2025-07-29 16:42:17 [INFO]: [User: Guest | ID: NA] GET /show-product - ::1
2025-07-29 16:42:19 [INFO]: [User: Guest | ID: NA] POST /update-cart/ - ::1
2025-07-29 16:42:36 [INFO]: [User: Guest | ID: NA] GET /cart-details/202 - ::1
2025-07-29 16:42:36 [INFO]: [User: Guest | ID: NA] GET /cart-details/202 - ::1
2025-07-29 16:42:50 [INFO]: [User: Guest | ID: NA] GET /show-users - ::1
2025-07-29 16:42:51 [INFO]: [User: Guest | ID: NA] GET /show-product - ::1
2025-07-29 16:42:51 [INFO]: [User: Guest | ID: NA] GET /show-product - ::1
2025-07-29 16:42:52 [INFO]: [User: Guest | ID: NA] GET /cart-details/202 - ::1
2025-07-29 16:42:52 [INFO]: [User: Guest | ID: NA] GET /cart-details/202 - ::1
2025-07-29 16:43:54 [INFO]: [User: Guest | ID: NA] GET /cart-details/202 - ::1
2025-07-29 16:46:15 [INFO]: [User: Guest | ID: NA] GET /cart-details/202 - ::1
2025-07-29 16:46:15 [INFO]: [User: Guest | ID: NA] GET /cart-details/202 - ::1
2025-07-29 16:46:19 [INFO]: [User: Guest | ID: NA] POST /update-cart/ - ::1
2025-07-29 16:47:08 [INFO]: [User: Guest | ID: NA] GET /show-users - ::1
2025-07-29 16:47:19 [INFO]: [User: Guest | ID: NA] GET /show-users - ::1
2025-07-29 16:48:18 [INFO]: [User: Guest | ID: NA] GET /show-users - ::1
2025-07-29 16:48:22 [INFO]: [User: Guest | ID: NA] GET /show-users - ::1
2025-07-29 16:48:36 [INFO]: [User: Guest | ID: NA] DELETE /delete-user/199 - ::1
2025-07-29 16:48:57 [INFO]: [User: Guest | ID: NA] GET /show-users - ::1
2025-07-29 16:48:57 [INFO]: [User: Guest | ID: NA] GET /show-users - ::1
2025-07-29 16:48:57 [INFO]: [User: Guest | ID: NA] GET /show-ticket - ::1
2025-07-29 16:48:57 [INFO]: [User: Guest | ID: NA] GET /show-ticket - ::1
2025-07-29 16:48:58 [INFO]: [User: Guest | ID: NA] GET /show-users - ::1
2025-07-29 16:49:01 [INFO]: [User: Guest | ID: NA] GET /show-users - ::1
2025-07-29 16:49:21 [INFO]: [User: Guest | ID: NA] GET /show-product - ::1
2025-07-29 16:49:21 [INFO]: [User: Guest | ID: NA] GET /show-product - ::1
2025-07-29 16:50:41 [INFO]: [User: Guest | ID: NA] GET /show-product - ::1
2025-07-29 16:50:56 [INFO]: [User: Guest | ID: NA] POST /update-product - ::1
2025-07-29 16:50:56 [INFO]: [User: Guest | ID: NA] GET /show-product - ::1
2025-07-29 16:50:56 [INFO]: [User: Guest | ID: NA] GET /show-product - ::1
2025-07-29 16:51:48 [INFO]: [User: Guest | ID: NA] POST /update-product - ::1
2025-07-29 16:51:48 [INFO]: [User: Guest | ID: NA] GET /show-product - ::1
2025-07-29 16:51:48 [INFO]: [User: Guest | ID: NA] GET /show-product - ::1
2025-07-29 16:51:54 [INFO]: [User: Guest | ID: NA] GET /show-product - ::1
2025-07-29 17:09:23 [INFO]: [User: Guest | ID: NA] GET /show-users - ::1
2025-07-29 17:09:23 [INFO]: [User: Guest | ID: NA] GET /show-users - ::1
2025-07-29 17:09:23 [INFO]: [User: Guest | ID: NA] GET /show-ticket - ::1
2025-07-29 17:09:23 [INFO]: [User: Guest | ID: NA] GET /show-ticket - ::1
2025-07-29 17:16:12 [INFO]: [User: Guest | ID: NA] GET /cart-details/202 - ::1
2025-07-29 17:16:12 [INFO]: [User: Guest | ID: NA] GET /cart-details/202 - ::1
2025-07-29 17:16:55 [INFO]: [User: Guest | ID: NA] GET /cart-details/202 - ::1
2025-07-29 17:18:04 [INFO]: [User: Guest | ID: NA] GET /cart-details/202 - ::1
2025-07-29 17:18:22 [INFO]: [User: Guest | ID: NA] GET /cart-details/202 - ::1
2025-07-29 17:18:37 [INFO]: [User: Guest | ID: NA] GET /cart-details/202 - ::1
2025-07-29 17:19:34 [INFO]: [User: Guest | ID: NA] GET /cart-details/202 - ::1
2025-07-29 17:21:11 [INFO]: [User: Guest | ID: NA] GET /cart-details/202 - ::1
2025-07-29 17:21:16 [INFO]: [User: Guest | ID: NA] GET /cart-details/202 - ::1
2025-07-29 17:23:09 [INFO]: [User: Guest | ID: NA] GET /cart-details/202 - ::1
2025-07-29 17:25:52 [INFO]: [User: Guest | ID: NA] GET /cart-details/202 - ::1
2025-07-29 17:29:01 [INFO]: [User: Guest | ID: NA] GET /cart-details/202 - ::1
2025-07-29 17:29:43 [INFO]: [User: Guest | ID: NA] GET /show-ticket - ::1
2025-07-29 17:29:43 [INFO]: [User: Guest | ID: NA] GET /show-ticket - ::1
2025-07-29 17:30:17 [INFO]: [User: Guest | ID: NA] GET /show-ticket - ::1
2025-07-29 17:30:17 [INFO]: [User: Guest | ID: NA] GET /show-ticket - ::1
2025-07-29 17:30:41 [INFO]: [User: Guest | ID: NA] GET /show-users - ::1
2025-07-29 17:30:41 [INFO]: [User: Guest | ID: NA] GET /show-product - ::1
2025-07-29 17:30:42 [INFO]: [User: Guest | ID: NA] GET /show-role - ::1
2025-07-29 17:30:42 [INFO]: [User: Guest | ID: NA] GET /show-ticket - ::1
