2025-07-30 10:12:46 [INFO]: Deleted old log file: 23072025-api.log
2025-07-30 10:12:46 [INFO]: [User: Guest | ID: NA] GET /show-role - ::ffff:127.0.0.1
2025-07-30 10:12:46 [INFO]: [User: Guest | ID: NA] GET /show-role - ::ffff:127.0.0.1
2025-07-30 10:12:53 [INFO]: [User: Guest | ID: NA] POST /update-role - ::1
2025-07-30 10:12:53 [INFO]: [User: Guest | ID: NA] GET /show-role - ::1
2025-07-30 10:12:57 [INFO]: [User: Guest | ID: NA] POST /update-role - ::1
2025-07-30 10:12:57 [INFO]: [User: Guest | ID: NA] GET /show-role - ::1
2025-07-30 10:13:01 [INFO]: [User: Guest | ID: NA] POST /update-role - ::1
2025-07-30 10:13:01 [INFO]: [User: Guest | ID: NA] GET /show-role - ::1
2025-07-30 10:13:13 [INFO]: [User: Guest | ID: NA] POST /login - ::1
2025-07-30 10:13:15 [INFO]: [User: Guest | ID: NA] POST /login - ::1
2025-07-30 10:13:20 [INFO]: [User: Guest | ID: NA] POST /login - ::1
2025-07-30 10:13:21 [INFO]: [User: Guest | ID: NA] POST /login - ::1
2025-07-30 10:13:31 [INFO]: [User: Guest | ID: NA] POST /login - ::1
2025-07-30 10:13:45 [INFO]: [User: Guest | ID: NA] POST /login - ::1
2025-07-30 10:14:28 [INFO]: [User: Guest | ID: NA] POST /login - ::1
2025-07-30 10:14:42 [INFO]: [User: Guest | ID: NA] POST /login - ::1
2025-07-30 10:15:16 [INFO]: [User: Guest | ID: NA] GET /show-users - ::1
2025-07-30 10:15:16 [INFO]: [User: Guest | ID: NA] GET /show-ticket - ::1
2025-07-30 10:15:21 [INFO]: [User: Guest | ID: NA] GET /show-users - ::1
2025-07-30 10:15:26 [INFO]: [User: Guest | ID: NA] POST /login - ::1
2025-07-30 10:15:26 [INFO]: [User: Guest | ID: NA] GET /show-users - ::1
2025-07-30 10:15:26 [INFO]: [User: Guest | ID: NA] GET /show-users - ::1
2025-07-30 10:15:27 [INFO]: [User: Guest | ID: NA] GET /show-ticket - ::1
2025-07-30 10:15:27 [INFO]: [User: Guest | ID: NA] GET /show-ticket - ::1
2025-07-30 10:16:10 [INFO]: [User: Guest | ID: NA] GET /cart-details/190 - ::1
2025-07-30 10:16:10 [INFO]: [User: Guest | ID: NA] GET /cart-details/190 - ::1
2025-07-30 10:17:08 [INFO]: [User: Guest | ID: NA] GET /show-users - ::1
2025-07-30 10:17:18 [INFO]: [User: Guest | ID: NA] POST /login - ::1
2025-07-30 10:17:19 [INFO]: [User: Guest | ID: NA] GET /show-users - ::1
2025-07-30 10:17:19 [INFO]: [User: Guest | ID: NA] GET /show-users - ::1
2025-07-30 10:17:19 [INFO]: [User: Guest | ID: NA] GET /show-ticket - ::1
2025-07-30 10:17:19 [INFO]: [User: Guest | ID: NA] GET /show-ticket - ::1
2025-07-30 10:18:34 [INFO]: [User:  | ID: ] GET /cart-details/190 - ::1
2025-07-30 10:18:34 [INFO]: [User:  | ID: ] GET /cart-details/190 - ::1
2025-07-30 10:18:41 [INFO]: [User:  | ID: ] GET /show-product - ::1
2025-07-30 10:18:41 [INFO]: [User:  | ID: ] GET /show-product - ::1
2025-07-30 10:18:42 [INFO]: [User:  | ID: ] GET /show-users - ::1
2025-07-30 10:18:43 [INFO]: [User:  | ID: ] GET /show-users - ::1
2025-07-30 10:18:43 [INFO]: [User:  | ID: ] GET /show-users - ::1
2025-07-30 10:18:43 [INFO]: [User:  | ID: ] GET /show-ticket - ::1
2025-07-30 10:18:43 [INFO]: [User:  | ID: ] GET /show-ticket - ::1
2025-07-30 10:30:13 [INFO]: [User:  | ID: ] GET /show-users - ::1
2025-07-30 10:30:14 [INFO]: [User:  | ID: ] GET /show-ticket - ::1
2025-07-30 10:30:42 [INFO]: [User:  | ID: ] GET /show-users - ::1
2025-07-30 10:30:42 [INFO]: [User:  | ID: ] GET /show-ticket - ::1
2025-07-30 10:32:42 [INFO]: [User:  | ID: ] GET /show-users - ::1
2025-07-30 10:32:43 [INFO]: [User:  | ID: ] GET /show-ticket - ::1
2025-07-30 10:33:04 [INFO]: [User:  | ID: ] GET /show-users - ::1
2025-07-30 10:33:04 [INFO]: [User:  | ID: ] GET /show-ticket - ::1
2025-07-30 10:40:28 [INFO]: [User:  | ID: ] GET /show-ticket - ::1
2025-07-30 10:40:28 [INFO]: [User:  | ID: ] GET /show-ticket - ::1
2025-07-30 10:49:19 [INFO]: [User:  | ID: ] GET /show-ticket - ::1
2025-07-30 10:49:44 [INFO]: [User:  | ID: ] POST /create-ticket - ::1
2025-07-30 10:49:44 [INFO]: [User:  | ID: ] GET /show-ticket - ::1
2025-07-30 10:50:05 [INFO]: [User:  | ID: ] GET /show-ticket - ::1
2025-07-30 10:50:05 [INFO]: [User:  | ID: ] GET /show-ticket - ::1
2025-07-30 10:50:08 [INFO]: [User:  | ID: ] DELETE /delete-ticket/95 - ::1
2025-07-30 10:50:08 [INFO]: [User:  | ID: ] GET /show-ticket - ::1
2025-07-30 10:50:39 [INFO]: [User:  | ID: ] POST /create-ticket - ::1
2025-07-30 10:50:39 [INFO]: [User:  | ID: ] GET /show-ticket - ::1
2025-07-30 10:50:45 [INFO]: [User:  | ID: ] POST /update-ticket - ::1
2025-07-30 10:50:45 [INFO]: [User:  | ID: ] GET /show-ticket - ::1
2025-07-30 10:50:50 [INFO]: [User:  | ID: ] POST /update-ticket - ::1
2025-07-30 10:50:50 [INFO]: [User:  | ID: ] GET /show-ticket - ::1
2025-07-30 10:50:57 [INFO]: [User:  | ID: ] POST /update-ticket - ::1
2025-07-30 10:50:57 [INFO]: [User:  | ID: ] GET /show-ticket - ::1
2025-07-30 10:51:02 [INFO]: [User:  | ID: ] POST /update-ticket - ::1
2025-07-30 10:51:02 [INFO]: [User:  | ID: ] GET /show-ticket - ::1
2025-07-30 11:00:19 [INFO]: [User:  | ID: ] GET /show-ticket - ::1
2025-07-30 11:00:36 [INFO]: [User:  | ID: ] POST /update-ticket - ::1
2025-07-30 11:00:36 [INFO]: [User:  | ID: ] GET /show-ticket - ::1
2025-07-30 11:00:45 [INFO]: [User:  | ID: ] GET /show-ticket - ::1
2025-07-30 11:00:45 [INFO]: [User:  | ID: ] GET /show-ticket - ::1
2025-07-30 11:00:49 [INFO]: [User:  | ID: ] GET /show-users - ::1
2025-07-30 11:00:49 [INFO]: [User:  | ID: ] GET /show-users - ::1
2025-07-30 11:00:49 [INFO]: [User:  | ID: ] GET /show-ticket - ::1
2025-07-30 11:00:49 [INFO]: [User:  | ID: ] GET /show-ticket - ::1
2025-07-30 11:01:27 [INFO]: [User:  | ID: ] GET /show-ticket - ::1
2025-07-30 11:01:27 [INFO]: [User:  | ID: ] GET /show-ticket - ::1
2025-07-30 11:09:07 [INFO]: [User:  | ID: ] POST /update-ticket - ::1
2025-07-30 11:09:07 [INFO]: [User:  | ID: ] GET /show-ticket - ::1
2025-07-30 11:09:14 [INFO]: [User:  | ID: ] POST /update-ticket - ::1
2025-07-30 11:09:14 [INFO]: [User:  | ID: ] GET /show-ticket - ::1
2025-07-30 11:10:04 [INFO]: [User:  | ID: ] POST /create-ticket - ::1
2025-07-30 11:10:04 [INFO]: [User:  | ID: ] GET /show-ticket - ::1
2025-07-30 11:15:59 [INFO]: [User:  | ID: ] GET /show-ticket - ::1
2025-07-30 11:18:58 [INFO]: [User:  | ID: ] GET /show-ticket - ::1
2025-07-30 11:19:19 [INFO]: [User:  | ID: ] POST /update-ticket - ::1
2025-07-30 11:19:19 [INFO]: [User:  | ID: ] GET /show-ticket - ::1
2025-07-30 11:20:33 [INFO]: [User:  | ID: ] GET /show-ticket - ::1
2025-07-30 11:20:56 [INFO]: [User:  | ID: ] GET /show-users - ::1
2025-07-30 11:20:56 [INFO]: [User:  | ID: ] GET /show-users - ::1
2025-07-30 11:20:56 [INFO]: [User:  | ID: ] GET /show-ticket - ::1
2025-07-30 11:20:56 [INFO]: [User:  | ID: ] GET /show-ticket - ::1
2025-07-30 11:35:50 [INFO]: [User:  | ID: ] GET /show-ticket - ::1
2025-07-30 11:35:50 [INFO]: [User:  | ID: ] GET /show-ticket - ::1
2025-07-30 11:55:22 [INFO]: [User:  | ID: ] GET /show-ticket - ::1
2025-07-30 11:55:30 [INFO]: [User:  | ID: ] GET /show-ticket - ::1
2025-07-30 11:55:30 [INFO]: [User:  | ID: ] GET /show-ticket - ::1
2025-07-30 11:57:11 [INFO]: [User:  | ID: ] GET /show-ticket - ::1
2025-07-30 11:57:11 [INFO]: [User:  | ID: ] GET /show-ticket - ::1
2025-07-30 11:57:30 [INFO]: [User:  | ID: ] GET /show-role - ::1
2025-07-30 11:57:30 [INFO]: [User:  | ID: ] GET /show-role - ::1
2025-07-30 11:59:34 [INFO]: [User:  | ID: ] GET /show-role - ::1
2025-07-30 12:00:07 [INFO]: [User:  | ID: ] POST /update-role - ::1
2025-07-30 12:00:07 [INFO]: [User:  | ID: ] GET /show-role - ::1
2025-07-30 12:02:04 [INFO]: [User:  | ID: ] GET /show-ticket - ::1
2025-07-30 12:02:04 [INFO]: [User:  | ID: ] GET /show-ticket - ::1
2025-07-30 12:03:55 [INFO]: [User:  | ID: ] GET /show-ticket - ::1
2025-07-30 12:04:17 [INFO]: [User:  | ID: ] GET /show-users - ::1
2025-07-30 12:04:17 [INFO]: [User:  | ID: ] GET /show-users - ::1
2025-07-30 12:04:17 [INFO]: [User:  | ID: ] GET /show-ticket - ::1
2025-07-30 12:04:17 [INFO]: [User:  | ID: ] GET /show-ticket - ::1
2025-07-30 12:04:18 [INFO]: [User:  | ID: ] GET /show-ticket - ::1
2025-07-30 12:04:18 [INFO]: [User:  | ID: ] GET /show-ticket - ::1
2025-07-30 12:04:43 [INFO]: [User:  | ID: ] POST /update-ticket - ::1
2025-07-30 12:04:43 [INFO]: [User:  | ID: ] GET /show-ticket - ::1
2025-07-30 12:04:58 [INFO]: [User:  | ID: ] POST /update-ticket - ::1
2025-07-30 12:04:58 [INFO]: [User:  | ID: ] GET /show-ticket - ::1
2025-07-30 12:05:41 [INFO]: [User:  | ID: ] POST /update-ticket - ::1
2025-07-30 12:05:41 [INFO]: [User:  | ID: ] GET /show-ticket - ::1
2025-07-30 12:06:31 [INFO]: [User:  | ID: ] POST /create-ticket - ::1
2025-07-30 12:06:32 [INFO]: [User:  | ID: ] GET /show-ticket - ::1
2025-07-30 12:10:27 [INFO]: [User:  | ID: ] GET /show-users - ::1
2025-07-30 12:10:55 [INFO]: [User:  | ID: ] POST /create-user - ::1
2025-07-30 12:11:02 [INFO]: [User:  | ID: ] GET /show-users - ::1
2025-07-30 12:11:13 [INFO]: [User:  | ID: ] POST /login - ::1
2025-07-30 12:11:14 [INFO]: [User:  | ID: ] POST /login - ::1
2025-07-30 12:11:14 [INFO]: [User:  | ID: ] POST /login - ::1
2025-07-30 12:11:17 [INFO]: [User:  | ID: ] POST /login - ::1
2025-07-30 12:11:34 [INFO]: [User:  | ID: ] POST /login - ::1
2025-07-30 12:12:04 [INFO]: [User:  | ID: ] GET /show-users - ::1
2025-07-30 12:12:10 [INFO]: [User:  | ID: ] POST /login - ::1
2025-07-30 12:12:16 [INFO]: [User:  | ID: ] POST /login - ::1
2025-07-30 12:12:50 [INFO]: [User:  | ID: ] POST /login - ::1
2025-07-30 12:12:50 [INFO]: [User:  | ID: ] POST /login - ::1
2025-07-30 12:13:20 [INFO]: [User:  | ID: ] POST /login - ::1
2025-07-30 12:13:57 [INFO]: [User:  | ID: ] POST /login - ::1
2025-07-30 12:14:59 [INFO]: [User:  | ID: ] POST /login - ::1
2025-07-30 12:17:57 [INFO]: [User:  | ID: ] POST /login - ::1
2025-07-30 12:22:12 [INFO]: [User:  | ID: ] POST /login - ::1
2025-07-30 12:24:42 [INFO]: [User:  | ID: ] POST /create-user - ::1
2025-07-30 12:24:44 [INFO]: [User:  | ID: ] GET /show-users - ::1
2025-07-30 12:24:52 [INFO]: [User:  | ID: ] POST /login - ::1
2025-07-30 12:25:11 [INFO]: [User:  | ID: ] POST /login - ::1
2025-07-30 12:25:22 [INFO]: [User:  | ID: ] POST /login - ::1
2025-07-30 12:27:19 [INFO]: [User:  | ID: ] POST /login - ::1
2025-07-30 12:28:32 [INFO]: [User:  | ID: ] POST /create-user - ::1
2025-07-30 12:28:52 [INFO]: [User:  | ID: ] POST /login - ::1
2025-07-30 12:29:05 [INFO]: [User:  | ID: ] POST /login - ::1
2025-07-30 12:29:11 [INFO]: [User:  | ID: ] GET /show-users - ::1
2025-07-30 12:29:11 [INFO]: [User:  | ID: ] GET /show-users - ::1
2025-07-30 12:29:11 [INFO]: [User:  | ID: ] GET /show-ticket - ::1
2025-07-30 12:29:11 [INFO]: [User:  | ID: ] GET /show-ticket - ::1
2025-07-30 12:34:43 [INFO]: [User:  | ID: ] POST /create-user - ::1
2025-07-30 12:34:47 [INFO]: [User:  | ID: ] POST /login - ::1
2025-07-30 12:40:44 [INFO]: [User:  | ID: ] POST /login - ::1
2025-07-30 12:40:45 [INFO]: [User:  | ID: ] GET /show-users - ::1
2025-07-30 12:40:45 [INFO]: [User:  | ID: ] GET /show-users - ::1
2025-07-30 12:40:45 [INFO]: [User:  | ID: ] GET /show-ticket - ::1
2025-07-30 12:40:45 [INFO]: [User:  | ID: ] GET /show-ticket - ::1
2025-07-30 12:40:50 [INFO]: [User:  | ID: ] GET /cart-details/213 - ::1
2025-07-30 12:40:50 [INFO]: [User:  | ID: ] GET /cart-details/213 - ::1
2025-07-30 12:41:02 [INFO]: [User:  | ID: ] GET /show-product - ::1
2025-07-30 12:41:02 [INFO]: [User:  | ID: ] GET /show-product - ::1
2025-07-30 12:41:03 [INFO]: [User:  | ID: ] GET /cart-details/213 - ::1
2025-07-30 12:41:03 [INFO]: [User:  | ID: ] POST /create-cart - ::1
2025-07-30 12:41:04 [INFO]: [User:  | ID: ] POST /update-cart/ - ::1
2025-07-30 12:41:06 [INFO]: [User:  | ID: ] POST /update-cart/ - ::1
2025-07-30 12:41:08 [INFO]: [User:  | ID: ] POST /update-cart/ - ::1
2025-07-30 12:41:12 [INFO]: [User:  | ID: ] GET /cart-details/213 - ::1
2025-07-30 12:41:21 [INFO]: [User:  | ID: ] POST /update-cart/ - ::1
2025-07-30 12:41:24 [INFO]: [User:  | ID: ] GET /cart-details/213 - ::1
2025-07-30 12:41:35 [INFO]: [User:  | ID: ] GET /cart-details/213 - ::1
2025-07-30 12:41:35 [INFO]: [User:  | ID: ] GET /cart-details/213 - ::1
2025-07-30 12:41:41 [INFO]: [User:  | ID: ] GET /show-ticket - ::1
2025-07-30 12:41:41 [INFO]: [User:  | ID: ] GET /show-ticket - ::1
2025-07-30 12:41:46 [INFO]: [User:  | ID: ] GET /show-product - ::1
2025-07-30 12:41:46 [INFO]: [User:  | ID: ] GET /show-product - ::1
2025-07-30 12:41:48 [INFO]: [User:  | ID: ] GET /show-users - ::1
2025-07-30 12:41:48 [INFO]: [User:  | ID: ] GET /show-users - ::1
2025-07-30 12:41:48 [INFO]: [User:  | ID: ] GET /show-ticket - ::1
2025-07-30 12:41:48 [INFO]: [User:  | ID: ] GET /show-ticket - ::1
2025-07-30 12:41:49 [INFO]: [User:  | ID: ] GET /show-users - ::1
2025-07-30 12:41:51 [INFO]: [User:  | ID: ] GET /show-users - ::1
2025-07-30 12:41:51 [INFO]: [User:  | ID: ] GET /show-users - ::1
2025-07-30 12:41:51 [INFO]: [User:  | ID: ] GET /show-ticket - ::1
2025-07-30 12:41:51 [INFO]: [User:  | ID: ] GET /show-ticket - ::1
2025-07-30 12:42:12 [INFO]: [User:  | ID: ] GET /show-ticket - ::1
2025-07-30 12:42:12 [INFO]: [User:  | ID: ] GET /show-ticket - ::1
2025-07-30 12:42:19 [INFO]: [User:  | ID: ] POST /update-ticket - ::1
2025-07-30 12:42:19 [INFO]: [User:  | ID: ] GET /show-ticket - ::1
2025-07-30 13:01:21 [INFO]: [User:  | ID: ] POST /update-ticket - ::1
2025-07-30 13:01:21 [INFO]: [User:  | ID: ] GET /show-ticket - ::1
2025-07-30 13:01:30 [INFO]: [User:  | ID: ] POST /update-ticket - ::1
2025-07-30 13:01:30 [INFO]: [User:  | ID: ] GET /show-ticket - ::1
2025-07-30 13:01:33 [INFO]: [User:  | ID: ] POST /update-ticket - ::1
2025-07-30 13:01:33 [INFO]: [User:  | ID: ] GET /show-ticket - ::1
2025-07-30 13:03:23 [INFO]: [User:  | ID: ] GET /show-product - ::1
2025-07-30 13:03:23 [INFO]: [User:  | ID: ] GET /show-product - ::1
2025-07-30 14:25:17 [INFO]: [User:  | ID: ] GET /show-users - ::1
2025-07-30 14:25:17 [INFO]: [User:  | ID: ] GET /show-ticket - ::1
2025-07-30 14:25:26 [INFO]: [User:  | ID: ] GET /show-users - ::1
2025-07-30 14:25:43 [INFO]: [User:  | ID: ] GET /show-users - ::1
2025-07-30 14:25:54 [INFO]: [User:  | ID: ] GET /show-role - ::1
2025-07-30 14:25:54 [INFO]: [User:  | ID: ] GET /show-role - ::1
2025-07-30 14:26:01 [INFO]: [User:  | ID: ] POST /update-role - ::1
2025-07-30 14:26:01 [INFO]: [User:  | ID: ] GET /show-role - ::1
2025-07-30 14:26:05 [INFO]: [User:  | ID: ] GET /show-ticket - ::1
2025-07-30 14:26:06 [INFO]: [User:  | ID: ] GET /show-ticket - ::1
2025-07-30 14:26:27 [INFO]: [User:  | ID: ] POST /login - ::1
2025-07-30 14:26:29 [INFO]: [User:  | ID: ] POST /login - ::1
2025-07-30 14:26:29 [INFO]: [User:  | ID: ] GET /show-users - ::1
2025-07-30 14:26:29 [INFO]: [User:  | ID: ] GET /show-users - ::1
2025-07-30 14:26:29 [INFO]: [User:  | ID: ] GET /show-ticket - ::1
2025-07-30 14:26:29 [INFO]: [User:  | ID: ] GET /show-ticket - ::1
2025-07-30 14:27:15 [INFO]: [User:  | ID: ] GET /show-users - ::1
2025-07-30 14:27:18 [INFO]: [User:  | ID: ] GET /show-ticket - ::1
2025-07-30 14:27:18 [INFO]: [User:  | ID: ] GET /show-ticket - ::1
2025-07-30 14:28:32 [INFO]: [User:  | ID: ] GET /show-ticket - ::1
2025-07-30 14:28:35 [INFO]: [User:  | ID: ] GET /cart-details/213 - ::1
2025-07-30 14:28:35 [INFO]: [User:  | ID: ] GET /cart-details/213 - ::1
2025-07-30 14:28:37 [INFO]: [User:  | ID: ] GET /show-ticket - ::1
2025-07-30 14:28:37 [INFO]: [User:  | ID: ] GET /show-ticket - ::1
2025-07-30 14:28:51 [INFO]: [User:  | ID: ] GET /cart-details/213 - ::1
2025-07-30 14:28:51 [INFO]: [User:  | ID: ] GET /cart-details/213 - ::1
2025-07-30 14:28:55 [INFO]: [User:  | ID: ] GET /show-users - ::1
2025-07-30 14:32:40 [INFO]: [User:  | ID: ] GET /show-users - ::1
2025-07-30 14:37:58 [INFO]: [User:  | ID: ] POST /login - ::1
2025-07-30 14:38:09 [INFO]: [User:  | ID: ] POST /login - ::1
2025-07-30 14:38:45 [INFO]: [User:  | ID: ] POST /login - ::1
2025-07-30 14:39:35 [INFO]: [User:  | ID: ] POST /login - ::1
2025-07-30 14:40:14 [INFO]: [User:  | ID: ] POST /login - ::1
2025-07-30 14:40:16 [INFO]: [User:  | ID: ] POST /login - ::1
2025-07-30 14:40:20 [INFO]: [User:  | ID: ] POST /login - ::1
2025-07-30 14:40:21 [INFO]: [User:  | ID: ] POST /login - ::1
2025-07-30 14:40:37 [INFO]: [User:  | ID: ] POST /login - ::1
2025-07-30 14:43:14 [INFO]: [User:  | ID: ] POST /login - ::1
2025-07-30 14:43:18 [INFO]: [User:  | ID: ] POST /login - ::1
2025-07-30 14:43:21 [INFO]: [User:  | ID: ] GET /show-users - ::1
2025-07-30 14:43:21 [INFO]: [User:  | ID: ] GET /show-users - ::1
2025-07-30 14:43:21 [INFO]: [User:  | ID: ] GET /show-ticket - ::1
2025-07-30 14:43:21 [INFO]: [User:  | ID: ] GET /show-ticket - ::1
2025-07-30 14:43:52 [INFO]: [User:  | ID: ] GET /show-users - ::1
2025-07-30 14:53:04 [INFO]: [User:  | ID: ] POST /login - ::1
2025-07-30 14:53:09 [INFO]: [User:  | ID: ] POST /login - ::1
2025-07-30 14:53:33 [INFO]: [User:  | ID: ] POST /login - ::1
2025-07-30 14:53:55 [INFO]: [User:  | ID: ] POST /login - ::1
2025-07-30 14:53:59 [INFO]: [User:  | ID: ] POST /login - ::1
2025-07-30 14:54:01 [INFO]: [User:  | ID: ] GET /show-users - ::1
2025-07-30 14:54:01 [INFO]: [User:  | ID: ] GET /show-users - ::1
2025-07-30 14:54:01 [INFO]: [User:  | ID: ] GET /show-ticket - ::1
2025-07-30 14:54:01 [INFO]: [User:  | ID: ] GET /show-ticket - ::1
2025-07-30 14:54:23 [INFO]: [User:  | ID: ] POST /login - ::1
2025-07-30 14:54:54 [INFO]: [User:  | ID: ] POST /login - ::1
2025-07-30 14:54:58 [INFO]: [User:  | ID: ] POST /login - ::1
2025-07-30 14:55:25 [INFO]: [User:  | ID: ] POST /login - ::1
2025-07-30 14:55:32 [INFO]: [User:  | ID: ] POST /login - ::1
2025-07-30 15:03:23 [INFO]: [User:  | ID: ] POST /login - ::1
2025-07-30 15:03:58 [INFO]: [User:  | ID: ] POST /login - ::1
2025-07-30 15:05:31 [INFO]: [User:  | ID: ] POST /login - ::1
2025-07-30 15:05:32 [INFO]: [User:  | ID: ] GET /show-users - ::1
2025-07-30 15:05:32 [INFO]: [User:  | ID: ] GET /show-users - ::1
2025-07-30 15:05:32 [INFO]: [User:  | ID: ] GET /show-ticket - ::1
2025-07-30 15:05:32 [INFO]: [User:  | ID: ] GET /show-ticket - ::1
2025-07-30 15:05:41 [INFO]: [User:  | ID: ] GET /show-users - ::1
2025-07-30 15:05:53 [INFO]: [User:  | ID: ] GET /show-ticket - ::1
2025-07-30 15:05:53 [INFO]: [User:  | ID: ] GET /show-ticket - ::1
2025-07-30 15:06:10 [INFO]: [User:  | ID: ] GET /show-users - ::1
2025-07-30 15:06:33 [INFO]: [User:  | ID: ] GET /show-users - ::1
2025-07-30 15:06:33 [INFO]: [User:  | ID: ] GET /show-users - ::1
2025-07-30 15:06:33 [INFO]: [User:  | ID: ] GET /show-ticket - ::1
2025-07-30 15:06:33 [INFO]: [User:  | ID: ] GET /show-ticket - ::1
2025-07-30 15:06:38 [INFO]: [User:  | ID: ] GET /show-users - ::1
2025-07-30 15:08:18 [INFO]: [User:  | ID: ] GET /show-users - ::1
2025-07-30 15:08:44 [INFO]: [User:  | ID: ] GET /show-users - ::1
2025-07-30 15:08:53 [INFO]: [User:  | ID: ] POST /login - ::1
2025-07-30 15:08:54 [INFO]: [User:  | ID: ] GET /show-users - ::1
2025-07-30 15:08:54 [INFO]: [User:  | ID: ] GET /show-users - ::1
2025-07-30 15:08:54 [INFO]: [User:  | ID: ] GET /show-ticket - ::1
2025-07-30 15:08:54 [INFO]: [User:  | ID: ] GET /show-ticket - ::1
2025-07-30 15:08:58 [INFO]: [User:  | ID: ] GET /show-users - ::1
2025-07-30 15:10:11 [INFO]: [User:  | ID: ] POST /login - ::1
2025-07-30 15:10:12 [INFO]: [User:  | ID: ] GET /show-users - ::1
2025-07-30 15:10:12 [INFO]: [User:  | ID: ] GET /show-users - ::1
2025-07-30 15:10:12 [INFO]: [User:  | ID: ] GET /show-ticket - ::1
2025-07-30 15:10:12 [INFO]: [User:  | ID: ] GET /show-ticket - ::1
2025-07-30 15:10:23 [INFO]: [User:  | ID: ] GET /show-users - ::1
2025-07-30 15:10:34 [INFO]: [User:  | ID: ] GET /show-role - ::1
2025-07-30 15:10:34 [INFO]: [User:  | ID: ] GET /show-role - ::1
2025-07-30 15:12:43 [INFO]: [User:  | ID: ] POST /login - ::1
2025-07-30 15:12:44 [INFO]: [User:  | ID: ] GET /show-users - ::1
2025-07-30 15:12:44 [INFO]: [User:  | ID: ] GET /show-users - ::1
2025-07-30 15:12:44 [INFO]: [User:  | ID: ] GET /show-ticket - ::1
2025-07-30 15:12:44 [INFO]: [User:  | ID: ] GET /show-ticket - ::1
2025-07-30 15:12:50 [INFO]: [User:  | ID: ] GET /show-users - ::1
2025-07-30 15:14:09 [INFO]: [User:  | ID: ] GET /show-users - ::1
2025-07-30 15:14:09 [INFO]: [User:  | ID: ] GET /show-ticket - ::1
2025-07-30 15:30:35 [INFO]: [User:  | ID: ] POST /login - ::1
2025-07-30 15:30:38 [INFO]: [User:  | ID: ] GET /show-users - ::1
2025-07-30 15:30:38 [INFO]: [User:  | ID: ] GET /show-users - ::1
2025-07-30 15:30:38 [INFO]: [User:  | ID: ] GET /show-ticket - ::1
2025-07-30 15:30:38 [INFO]: [User:  | ID: ] GET /show-ticket - ::1
2025-07-30 15:31:12 [INFO]: [User:  | ID: ] GET /show-product - ::1
2025-07-30 15:31:12 [INFO]: [User:  | ID: ] GET /show-product - ::1
2025-07-30 15:31:24 [INFO]: [User:  | ID: ] GET /show-ticket - ::1
2025-07-30 15:31:24 [INFO]: [User:  | ID: ] GET /show-ticket - ::1
2025-07-30 16:00:38 [INFO]: [User:  | ID: ] GET /show-users - ::1
2025-07-30 16:00:38 [INFO]: [User:  | ID: ] GET /show-ticket - ::1
2025-07-30 16:00:48 [INFO]: [User:  | ID: ] GET /show-users - ::1
2025-07-30 16:00:58 [INFO]: [User:  | ID: ] POST /login - ::1
2025-07-30 16:00:58 [INFO]: [User:  | ID: ] GET /show-users - ::1
2025-07-30 16:00:58 [INFO]: [User:  | ID: ] GET /show-users - ::1
2025-07-30 16:00:58 [INFO]: [User:  | ID: ] GET /show-ticket - ::1
2025-07-30 16:00:58 [INFO]: [User:  | ID: ] GET /show-ticket - ::1
2025-07-30 16:01:05 [INFO]: [User:  | ID: ] GET /show-users - ::1
2025-07-30 16:02:49 [INFO]: [User:  | ID: ] GET /show-users - ::1
2025-07-30 16:02:56 [INFO]: [User:  | ID: ] GET /show-users - ::1
2025-07-30 16:03:23 [INFO]: [User:  | ID: ] GET /show-users - ::1
2025-07-30 16:09:30 [INFO]: [User:  | ID: ] GET /show-users - ::1
2025-07-30 16:09:30 [INFO]: [User:  | ID: ] GET /show-users - ::1
2025-07-30 16:09:30 [INFO]: [User:  | ID: ] GET /show-ticket - ::1
2025-07-30 16:09:30 [INFO]: [User:  | ID: ] GET /show-ticket - ::1
2025-07-30 16:09:36 [INFO]: [User:  | ID: ] GET /show-ticket - ::1
2025-07-30 16:09:36 [INFO]: [User:  | ID: ] GET /show-ticket - ::1
2025-07-30 16:09:42 [INFO]: [User:  | ID: ] GET /show-ticket - ::1
2025-07-30 16:37:47 [INFO]: [User:  | ID: ] GET /show-users - ::1
2025-07-30 16:37:47 [INFO]: [User:  | ID: ] GET /show-users - ::1
2025-07-30 16:37:47 [INFO]: [User:  | ID: ] GET /show-ticket - ::1
2025-07-30 16:37:47 [INFO]: [User:  | ID: ] GET /show-ticket - ::1
2025-07-30 16:38:42 [INFO]: [User:  | ID: ] GET /cart-details/213 - ::1
2025-07-30 16:38:42 [INFO]: [User:  | ID: ] GET /cart-details/213 - ::1
2025-07-30 16:42:37 [INFO]: [User:  | ID: ] GET /show-users - ::1
2025-07-30 16:42:37 [INFO]: [User:  | ID: ] GET /show-ticket - ::1
2025-07-30 16:42:53 [INFO]: [User:  | ID: ] GET /show-users - ::1
2025-07-30 16:42:59 [INFO]: [User:  | ID: ] GET /show-users - ::1
2025-07-30 16:43:06 [INFO]: [User:  | ID: ] GET /show-product - ::1
2025-07-30 16:43:06 [INFO]: [User:  | ID: ] GET /show-product - ::1
2025-07-30 16:43:11 [INFO]: [User:  | ID: ] GET /show-ticket - ::1
2025-07-30 16:43:11 [INFO]: [User:  | ID: ] GET /show-ticket - ::1
2025-07-30 16:43:15 [INFO]: [User:  | ID: ] GET /show-role - ::1
2025-07-30 16:43:15 [INFO]: [User:  | ID: ] GET /show-role - ::1
2025-07-30 16:43:18 [INFO]: [User:  | ID: ] GET /show-role - ::1
2025-07-30 16:43:18 [INFO]: [User:  | ID: ] GET /show-role - ::1
2025-07-30 16:43:19 [INFO]: [User:  | ID: ] GET /show-role - ::1
2025-07-30 16:43:19 [INFO]: [User:  | ID: ] GET /show-role - ::1
2025-07-30 16:44:04 [INFO]: [User:  | ID: ] GET /show-ticket - ::1
2025-07-30 16:44:04 [INFO]: [User:  | ID: ] GET /show-ticket - ::1
